{"timestamp":"2026-01-26T03:27:26.014776Z","level":"info","event":"DAG bundles loaded: dags-folder","logger":"airflow.dag_processing.bundles.manager.DagBundlesManager","filename":"manager.py","lineno":179}
{"timestamp":"2026-01-26T03:27:26.017721Z","level":"info","event":"Filling up the DagBag from /opt/airflow/dags/weather_data_fetch.py","logger":"airflow.models.dagbag.DagBag","filename":"dagbag.py","lineno":593}
{"timestamp":"2026-01-26T03:27:26.090140Z","level":"warning","event":"The `airflow.operators.python.PythonOperator` attribute is deprecated. Please use `'airflow.providers.standard.operators.python.PythonOperator'`.","category":"DeprecatedImportWarning","filename":"/opt/airflow/dags/weather_data_fetch.py","lineno":8,"logger":"py.warnings"}
{"timestamp":"2026-01-26T03:27:26.090284Z","level":"warning","event":"The `airflow.operators.bash.BashOperator` attribute is deprecated. Please use `'airflow.providers.standard.operators.bash.BashOperator'`.","category":"DeprecatedImportWarning","filename":"/opt/airflow/dags/weather_data_fetch.py","lineno":9,"logger":"py.warnings"}
{"timestamp":"2026-01-26T03:27:26.187149Z","level":"info","event":"","logger":"task.stdout"}
{"timestamp":"2026-01-26T03:27:26.187334Z","level":"info","event":"============================================================","logger":"task.stdout"}
{"timestamp":"2026-01-26T03:27:26.187397Z","level":"info","event":"🌦️ Fetching BMKG Weather Data","logger":"task.stdout"}
{"timestamp":"2026-01-26T03:27:26.187514Z","level":"info","event":"============================================================","logger":"task.stdout"}
{"timestamp":"2026-01-26T03:27:26.397237Z","level":"info","event":"============================================================","logger":"task.stdout"}
{"timestamp":"2026-01-26T03:27:26.397442Z","level":"info","event":"BMKG Weather Data Fetch","logger":"task.stdout"}
{"timestamp":"2026-01-26T03:27:26.397497Z","level":"info","event":"============================================================","logger":"task.stdout"}
{"timestamp":"2026-01-26T03:27:26.444059Z","level":"info","event":"","logger":"task.stdout"}
{"timestamp":"2026-01-26T03:27:26.444243Z","level":"info","event":"📍 Fetching weather for ADM4: 35.78.21.1004","logger":"task.stdout"}
{"timestamp":"2026-01-26T03:27:26.444308Z","level":"info","event":"Fetching from: https://api.bmkg.go.id/publik/prakiraan-cuaca?adm4=35.78.21.1004","logger":"task.stdout"}
{"timestamp":"2026-01-26T03:27:26.859166Z","level":"info","event":"   Parsed 21 weather records","logger":"task.stdout"}
{"timestamp":"2026-01-26T03:27:26.873633Z","level":"info","event":"","logger":"task.stdout"}
{"timestamp":"2026-01-26T03:27:26.873799Z","level":"info","event":"⚠️  Found 3 expired weather records to delete","logger":"task.stdout"}
{"timestamp":"2026-01-26T03:27:26.873905Z","level":"info","event":"   Time range: 2026-01-26 03:00:00 to 2026-01-26 09:00:00","logger":"task.stdout"}
{"timestamp":"2026-01-26T03:27:26.873999Z","level":"info","event":"   (waktu < NOW at 2026-01-26 10:27:26 WIB)","logger":"task.stdout"}
{"timestamp":"2026-01-26T03:27:26.875451Z","level":"info","event":"✅ Deleted 3 expired weather records","logger":"task.stdout"}
{"timestamp":"2026-01-26T03:27:26.887104Z","level":"info","event":"✓ Inserted 21 weather records","logger":"task.stdout"}
{"timestamp":"2026-01-26T03:27:26.887299Z","level":"info","event":"","logger":"task.stdout"}
{"timestamp":"2026-01-26T03:27:26.887365Z","level":"info","event":"📍 Fetching weather for ADM4: 35.25.14.1010","logger":"task.stdout"}
{"timestamp":"2026-01-26T03:27:26.887415Z","level":"info","event":"Fetching from: https://api.bmkg.go.id/publik/prakiraan-cuaca?adm4=35.25.14.1010","logger":"task.stdout"}
{"timestamp":"2026-01-26T03:27:27.027458Z","level":"info","event":"   Parsed 21 weather records","logger":"task.stdout"}
{"timestamp":"2026-01-26T03:27:27.037962Z","level":"info","event":"","logger":"task.stdout"}
{"timestamp":"2026-01-26T03:27:27.038163Z","level":"info","event":"⚠️  Found 3 expired weather records to delete","logger":"task.stdout"}
{"timestamp":"2026-01-26T03:27:27.038276Z","level":"info","event":"   Time range: 2026-01-26 03:00:00 to 2026-01-26 09:00:00","logger":"task.stdout"}
{"timestamp":"2026-01-26T03:27:27.038421Z","level":"info","event":"   (waktu < NOW at 2026-01-26 10:27:27 WIB)","logger":"task.stdout"}
{"timestamp":"2026-01-26T03:27:27.038626Z","level":"info","event":"✅ Deleted 3 expired weather records","logger":"task.stdout"}
{"timestamp":"2026-01-26T03:27:27.046650Z","level":"info","event":"✓ Inserted 21 weather records","logger":"task.stdout"}
{"timestamp":"2026-01-26T03:27:27.046850Z","level":"info","event":"","logger":"task.stdout"}
{"timestamp":"2026-01-26T03:27:27.046906Z","level":"info","event":"============================================================","logger":"task.stdout"}
{"timestamp":"2026-01-26T03:27:27.046946Z","level":"info","event":"✓ Total records inserted: 42","logger":"task.stdout"}
{"timestamp":"2026-01-26T03:27:27.046982Z","level":"info","event":"============================================================","logger":"task.stdout"}
{"timestamp":"2026-01-26T03:27:27.047016Z","level":"info","event":"✓ Weather fetch completed: 42 records inserted","logger":"task.stdout"}
{"timestamp":"2026-01-26T03:27:27.046705Z","level":"info","event":"Done. Returned value was: 42","logger":"airflow.task.operators.airflow.providers.standard.operators.python.PythonOperator","filename":"python.py","lineno":215}
{"timestamp":"2026-01-26T03:27:27.047411Z","level":"info","event":"Pushing xcom","ti":"RuntimeTaskInstance(id=UUID('019bf852-f7a8-76e7-99ea-1b36a6cefbab'), task_id='fetch_bmkg_weather', dag_id='weather_data_fetch', run_id='manual__2026-01-26T03:17:22.004316+00:00', try_number=3, dag_version_id=UUID('019bf84f-06ed-7ba9-981f-880a1e88abfb'), map_index=-1, hostname='OM-RAFIE.localdomain', context_carrier={}, task=<Task(PythonOperator): fetch_bmkg_weather>, bundle_instance=LocalDagBundle(name=dags-folder), max_tries=2, start_date=datetime.datetime(2026, 1, 26, 3, 27, 25, 764733, tzinfo=datetime.timezone.utc), end_date=None, state=<TaskInstanceState.RUNNING: 'running'>, is_mapped=False, rendered_map_index=None)","logger":"task","filename":"task_runner.py","lineno":1360}
