{"timestamp":"2026-01-30T14:00:03.228337Z","level":"info","event":"DAG bundles loaded: dags-folder","logger":"airflow.dag_processing.bundles.manager.DagBundlesManager","filename":"manager.py","lineno":179}
{"timestamp":"2026-01-30T14:00:03.232136Z","level":"info","event":"Filling up the DagBag from /opt/airflow/dags/weather_data_fetch.py","logger":"airflow.models.dagbag.DagBag","filename":"dagbag.py","lineno":593}
{"timestamp":"2026-01-30T14:00:03.395895Z","level":"warning","event":"The `airflow.operators.python.PythonOperator` attribute is deprecated. Please use `'airflow.providers.standard.operators.python.PythonOperator'`.","category":"DeprecatedImportWarning","filename":"/opt/airflow/dags/weather_data_fetch.py","lineno":8,"logger":"py.warnings"}
{"timestamp":"2026-01-30T14:00:03.396651Z","level":"warning","event":"The `airflow.operators.bash.BashOperator` attribute is deprecated. Please use `'airflow.providers.standard.operators.bash.BashOperator'`.","category":"DeprecatedImportWarning","filename":"/opt/airflow/dags/weather_data_fetch.py","lineno":9,"logger":"py.warnings"}
{"timestamp":"2026-01-30T14:00:04.348859Z","level":"info","event":"","logger":"task.stdout"}
{"timestamp":"2026-01-30T14:00:04.349708Z","level":"info","event":"============================================================","logger":"task.stdout"}
{"timestamp":"2026-01-30T14:00:04.349989Z","level":"info","event":"🌦️ Fetching BMKG Weather Data","logger":"task.stdout"}
{"timestamp":"2026-01-30T14:00:04.351318Z","level":"info","event":"============================================================","logger":"task.stdout"}
{"timestamp":"2026-01-30T14:00:04.532617Z","level":"info","event":"","logger":"task.stdout"}
{"timestamp":"2026-01-30T14:00:04.533363Z","level":"info","event":"📍 Fetching weather for ADM4: 35.78.21.1004","logger":"task.stdout"}
{"timestamp":"2026-01-30T14:00:04.910799Z","level":"info","event":"   Parsed 17 weather records","logger":"task.stdout"}
{"timestamp":"2026-01-30T14:00:04.968902Z","level":"info","event":"","logger":"task.stdout"}
{"timestamp":"2026-01-30T14:00:04.969156Z","level":"info","event":"⚠️  Found 2 expired weather records to delete","logger":"task.stdout"}
{"timestamp":"2026-01-30T14:00:04.969307Z","level":"info","event":"   Time range: 2026-01-30 21:00:00 to 2026-01-30 21:00:00","logger":"task.stdout"}
{"timestamp":"2026-01-30T14:00:04.969466Z","level":"info","event":"   (waktu < NOW at 2026-01-30 21:00:04 WIB)","logger":"task.stdout"}
{"timestamp":"2026-01-30T14:00:04.972867Z","level":"info","event":"✅ Deleted 2 expired weather records","logger":"task.stdout"}
{"timestamp":"2026-01-30T14:00:05.010883Z","level":"info","event":"✓ Inserted 17 weather records","logger":"task.stdout"}
{"timestamp":"2026-01-30T14:00:05.011276Z","level":"info","event":"","logger":"task.stdout"}
{"timestamp":"2026-01-30T14:00:05.011374Z","level":"info","event":"📍 Fetching weather for ADM4: 35.25.14.1010","logger":"task.stdout"}
{"timestamp":"2026-01-30T14:00:05.400965Z","level":"info","event":"   Parsed 17 weather records","logger":"task.stdout"}
{"timestamp":"2026-01-30T14:00:05.438000Z","level":"info","event":"","logger":"task.stdout"}
{"timestamp":"2026-01-30T14:00:05.438306Z","level":"info","event":"⚠️  Found 3 expired weather records to delete","logger":"task.stdout"}
{"timestamp":"2026-01-30T14:00:05.438417Z","level":"info","event":"   Time range: 2026-01-30 14:00:00 to 2026-01-30 20:00:00","logger":"task.stdout"}
{"timestamp":"2026-01-30T14:00:05.438715Z","level":"info","event":"   (waktu < NOW at 2026-01-30 21:00:05 WIB)","logger":"task.stdout"}
{"timestamp":"2026-01-30T14:00:05.439019Z","level":"info","event":"✅ Deleted 3 expired weather records","logger":"task.stdout"}
{"timestamp":"2026-01-30T14:00:05.462500Z","level":"info","event":"✓ Inserted 17 weather records","logger":"task.stdout"}
{"timestamp":"2026-01-30T14:00:05.463594Z","level":"info","event":"","logger":"task.stdout"}
{"timestamp":"2026-01-30T14:00:05.463743Z","level":"info","event":"============================================================","logger":"task.stdout"}
{"timestamp":"2026-01-30T14:00:05.463967Z","level":"info","event":"✓ Total records inserted: 34","logger":"task.stdout"}
{"timestamp":"2026-01-30T14:00:05.464074Z","level":"info","event":"============================================================","logger":"task.stdout"}
{"timestamp":"2026-01-30T14:00:05.462995Z","level":"info","event":"Done. Returned value was: 34","logger":"airflow.task.operators.airflow.providers.standard.operators.python.PythonOperator","filename":"python.py","lineno":215}
{"timestamp":"2026-01-30T14:00:05.465444Z","level":"info","event":"Pushing xcom","ti":"RuntimeTaskInstance(id=UUID('019c0f34-2064-769d-bba0-eb4ab2ccb1fb'), task_id='fetch_bmkg_weather', dag_id='weather_data_fetch', run_id='scheduled__2026-01-30T14:00:00+00:00', try_number=1, dag_version_id=UUID('019c0dd4-58cf-774a-9f83-a68201e36c2d'), map_index=-1, hostname='OM-RAFIE.localdomain', context_carrier={}, task=<Task(PythonOperator): fetch_bmkg_weather>, bundle_instance=LocalDagBundle(name=dags-folder), max_tries=2, start_date=datetime.datetime(2026, 1, 30, 14, 0, 2, 352045, tzinfo=datetime.timezone.utc), end_date=None, state=<TaskInstanceState.RUNNING: 'running'>, is_mapped=False, rendered_map_index=None)","logger":"task","filename":"task_runner.py","lineno":1360}
