{"timestamp":"2026-01-21T06:24:52.865294Z","level":"info","event":"DAG bundles loaded: dags-folder","logger":"airflow.dag_processing.bundles.manager.DagBundlesManager","filename":"manager.py","lineno":179}
{"timestamp":"2026-01-21T06:24:52.866934Z","level":"info","event":"Filling up the DagBag from /opt/airflow/dags/daily_warehouse_sync.py","logger":"airflow.models.dagbag.DagBag","filename":"dagbag.py","lineno":593}
{"timestamp":"2026-01-21T06:24:52.908859Z","level":"warning","event":"The `airflow.operators.python.PythonOperator` attribute is deprecated. Please use `'airflow.providers.standard.operators.python.PythonOperator'`.","category":"DeprecatedImportWarning","filename":"/opt/airflow/dags/daily_warehouse_sync.py","lineno":8,"logger":"py.warnings"}
{"timestamp":"2026-01-21T06:24:52.908980Z","level":"warning","event":"The `airflow.operators.bash.BashOperator` attribute is deprecated. Please use `'airflow.providers.standard.operators.bash.BashOperator'`.","category":"DeprecatedImportWarning","filename":"/opt/airflow/dags/daily_warehouse_sync.py","lineno":9,"logger":"py.warnings"}
{"timestamp":"2026-01-21T06:24:53.092907Z","level":"info","event":"============================================================","logger":"task.stdout"}
{"timestamp":"2026-01-21T06:24:53.093066Z","level":"info","event":"Starting daily warehouse sync...","logger":"task.stdout"}
{"timestamp":"2026-01-21T06:24:53.093129Z","level":"info","event":"============================================================","logger":"task.stdout"}
{"timestamp":"2026-01-21T06:24:53.093178Z","level":"info","event":"","logger":"task.stdout"}
{"timestamp":"2026-01-21T06:24:53.093218Z","level":"info","event":"📍 PRIORITY: Syncing WEATHER data first...","logger":"task.stdout"}
{"timestamp":"2026-01-21T06:24:53.216513Z","level":"info","event":"ERROR syncing weather.fact_weather_hourly: relation \"fact_weather_hourly\" does not exist","logger":"task.stdout"}
{"timestamp":"2026-01-21T06:24:53.216730Z","level":"info","event":"LINE 1: SELECT * FROM fact_weather_hourly LIMIT 0","logger":"task.stdout"}
{"timestamp":"2026-01-21T06:24:53.216843Z","level":"info","event":"                      ^","logger":"task.stdout"}
{"timestamp":"2026-01-21T06:24:53.216915Z","level":"info","event":"","logger":"task.stdout"}
{"timestamp":"2026-01-21T06:24:53.217060Z","level":"info","event":"","logger":"task.stdout"}
{"timestamp":"2026-01-21T06:24:53.217155Z","level":"info","event":"📊 Syncing other schemas...","logger":"task.stdout"}
{"timestamp":"2026-01-21T06:24:53.343169Z","level":"info","event":"✓ driver.daftar_user: 23 rows synced","logger":"task.stdout"}
{"timestamp":"2026-01-21T06:24:53.412038Z","level":"info","event":"✓ driver.attachment_driver: 6 rows synced","logger":"task.stdout"}
{"timestamp":"2026-01-21T06:24:53.471547Z","level":"info","event":"✓ driver.laporan_pengemudi: 0 rows (table empty in source)","logger":"task.stdout"}
{"timestamp":"2026-01-21T06:24:53.534080Z","level":"info","event":"ERROR syncing driver.kontak_darurat: relation \"kontak_darurat_pengemudi\" does not exist","logger":"task.stdout"}
{"timestamp":"2026-01-21T06:24:53.534379Z","level":"info","event":"LINE 1: SELECT * FROM kontak_darurat_pengemudi LIMIT 0","logger":"task.stdout"}
{"timestamp":"2026-01-21T06:24:53.534513Z","level":"info","event":"                      ^","logger":"task.stdout"}
{"timestamp":"2026-01-21T06:24:53.534589Z","level":"info","event":"","logger":"task.stdout"}
{"timestamp":"2026-01-21T06:24:53.614154Z","level":"info","event":"✓ armada.armada_tms: 3 rows synced","logger":"task.stdout"}
{"timestamp":"2026-01-21T06:24:53.703102Z","level":"info","event":"✓ armada.jenis_armada: 19 rows synced","logger":"task.stdout"}
{"timestamp":"2026-01-21T06:24:53.765571Z","level":"info","event":"✓ armada.driver_armada: 0 rows (table empty in source)","logger":"task.stdout"}
{"timestamp":"2026-01-21T06:24:53.828009Z","level":"info","event":"✓ armada.armada_perangkat: 0 rows (table empty in source)","logger":"task.stdout"}
{"timestamp":"2026-01-21T06:24:53.892468Z","level":"info","event":"✓ armada.attachment_armada: 0 rows (table empty in source)","logger":"task.stdout"}
{"timestamp":"2026-01-21T06:24:53.964493Z","level":"info","event":"✓ delivery.delivery_order: 15 rows synced","logger":"task.stdout"}
{"timestamp":"2026-01-21T06:24:54.042957Z","level":"info","event":"✓ delivery.detail_do: 3 rows synced","logger":"task.stdout"}
{"timestamp":"2026-01-21T06:24:54.110915Z","level":"info","event":"✓ delivery.jenis_order: 5 rows synced","logger":"task.stdout"}
{"timestamp":"2026-01-21T06:24:54.184807Z","level":"info","event":"✓ delivery.attachment_gudang: 0 rows (table empty in source)","logger":"task.stdout"}
{"timestamp":"2026-01-21T06:24:54.244480Z","level":"info","event":"✓ activity.log_perjalanan_armada: 0 rows (table empty in source)","logger":"task.stdout"}
{"timestamp":"2026-01-21T06:24:54.307897Z","level":"info","event":"✓ activity.log_aktifitas_driver: 0 rows (table empty in source)","logger":"task.stdout"}
{"timestamp":"2026-01-21T06:24:54.363231Z","level":"info","event":"✓ activity.log_perangkat: 0 rows (table empty in source)","logger":"task.stdout"}
{"timestamp":"2026-01-21T06:24:54.435083Z","level":"info","event":"✓ activity.log_chat: 0 rows (table empty in source)","logger":"task.stdout"}
{"timestamp":"2026-01-21T06:24:54.508942Z","level":"info","event":"✓ activity.log_panggilan: 0 rows (table empty in source)","logger":"task.stdout"}
{"timestamp":"2026-01-21T06:24:54.577428Z","level":"info","event":"✓ activity.log_sensor: 0 rows (table empty in source)","logger":"task.stdout"}
{"timestamp":"2026-01-21T06:24:54.884653Z","level":"info","event":"✓ activity.alert_geofence: 0 rows (table empty in source)","logger":"task.stdout"}
{"timestamp":"2026-01-21T06:24:54.957114Z","level":"info","event":"✓ financial.orders: 5 rows synced","logger":"task.stdout"}
{"timestamp":"2026-01-21T06:24:55.031724Z","level":"info","event":"✓ financial.detail_po: 4 rows synced","logger":"task.stdout"}
{"timestamp":"2026-01-21T06:24:55.103853Z","level":"info","event":"✓ financial.jenis_transaksi: 1 rows synced","logger":"task.stdout"}
{"timestamp":"2026-01-21T06:24:55.169655Z","level":"info","event":"✓ financial.detail_qc: 0 rows (table empty in source)","logger":"task.stdout"}
{"timestamp":"2026-01-21T06:24:55.246922Z","level":"info","event":"✓ financial.bank: 0 rows (table empty in source)","logger":"task.stdout"}
{"timestamp":"2026-01-21T06:24:55.315245Z","level":"info","event":"✓ support.attachment: 12 rows synced","logger":"task.stdout"}
{"timestamp":"2026-01-21T06:24:55.382665Z","level":"info","event":"✓ support.jenis_file: 4 rows synced","logger":"task.stdout"}
{"timestamp":"2026-01-21T06:24:55.450597Z","level":"info","event":"✓ support.chat_room: 0 rows (table empty in source)","logger":"task.stdout"}
{"timestamp":"2026-01-21T06:24:55.508299Z","level":"info","event":"✓ support.attachment_chat: 0 rows (table empty in source)","logger":"task.stdout"}
{"timestamp":"2026-01-21T06:24:55.581248Z","level":"info","event":"✓ support.attachment_pengembalian: 0 rows (table empty in source)","logger":"task.stdout"}
{"timestamp":"2026-01-21T06:24:55.651329Z","level":"info","event":"✓ support.attachment_perangkat: 0 rows (table empty in source)","logger":"task.stdout"}
{"timestamp":"2026-01-21T06:24:55.712180Z","level":"info","event":"✓ support.attachment_qc: 0 rows (table empty in source)","logger":"task.stdout"}
{"timestamp":"2026-01-21T06:24:55.788037Z","level":"info","event":"✓ master.gudang: 15 rows synced","logger":"task.stdout"}
{"timestamp":"2026-01-21T06:24:55.860418Z","level":"info","event":"✓ master.locations: 6 rows synced","logger":"task.stdout"}
{"timestamp":"2026-01-21T06:24:55.931282Z","level":"info","event":"✓ master.kategori_produk: 3 rows synced","logger":"task.stdout"}
{"timestamp":"2026-01-21T06:24:56.001327Z","level":"info","event":"✓ master.konversi: 13 rows synced","logger":"task.stdout"}
{"timestamp":"2026-01-21T06:24:56.072155Z","level":"info","event":"✓ master.jenis_satuan: 12 rows synced","logger":"task.stdout"}
{"timestamp":"2026-01-21T06:24:56.136619Z","level":"info","event":"✓ master.atribut: 0 rows (table empty in source)","logger":"task.stdout"}
{"timestamp":"2026-01-21T06:24:56.202421Z","level":"info","event":"✓ master.atribut_produk: 0 rows (table empty in source)","logger":"task.stdout"}
{"timestamp":"2026-01-21T06:24:56.267372Z","level":"info","event":"✓ master.kriteria_produk: 0 rows (table empty in source)","logger":"task.stdout"}
{"timestamp":"2026-01-21T06:24:56.325257Z","level":"info","event":"✓ master.geofence: 0 rows (table empty in source)","logger":"task.stdout"}
{"timestamp":"2026-01-21T06:24:56.384703Z","level":"info","event":"✓ master.jenis_insiden: 0 rows (table empty in source)","logger":"task.stdout"}
{"timestamp":"2026-01-21T06:24:56.447732Z","level":"info","event":"✓ master.jenis_notifikasi: 0 rows (table empty in source)","logger":"task.stdout"}
{"timestamp":"2026-01-21T06:24:57.531395Z","level":"info","event":"✓ master.laporan_darurat: 0 rows (table empty in source)","logger":"task.stdout"}
{"timestamp":"2026-01-21T06:24:57.618780Z","level":"info","event":"✓ master.rating: 0 rows (table empty in source)","logger":"task.stdout"}
{"timestamp":"2026-01-21T06:24:57.619052Z","level":"info","event":"","logger":"task.stdout"}
{"timestamp":"2026-01-21T06:24:57.619119Z","level":"info","event":"============================================================","logger":"task.stdout"}
{"timestamp":"2026-01-21T06:24:57.619168Z","level":"info","event":"SYNC SUMMARY","logger":"task.stdout"}
{"timestamp":"2026-01-21T06:24:57.619212Z","level":"info","event":"============================================================","logger":"task.stdout"}
{"timestamp":"2026-01-21T06:24:57.619256Z","level":"info","event":"✅ Success: 44 tables","logger":"task.stdout"}
{"timestamp":"2026-01-21T06:24:57.619298Z","level":"info","event":"❌ Failed: 2 tables","logger":"task.stdout"}
{"timestamp":"2026-01-21T06:24:57.619341Z","level":"info","event":"","logger":"task.stdout"}
{"timestamp":"2026-01-21T06:24:57.619383Z","level":"info","event":"Failed tables:","logger":"task.stdout"}
{"timestamp":"2026-01-21T06:24:57.619423Z","level":"info","event":"  - ERROR syncing weather.fact_weather_hourly: relation \"fact_weather_hourly\" does not exist","logger":"task.stdout"}
{"timestamp":"2026-01-21T06:24:57.619464Z","level":"info","event":"LINE 1: SELECT * FROM fact_weather_hourly LIMIT 0","logger":"task.stdout"}
{"timestamp":"2026-01-21T06:24:57.619507Z","level":"info","event":"                      ^","logger":"task.stdout"}
{"timestamp":"2026-01-21T06:24:57.619548Z","level":"info","event":"","logger":"task.stdout"}
{"timestamp":"2026-01-21T06:24:57.619590Z","level":"info","event":"  - ERROR syncing driver.kontak_darurat: relation \"kontak_darurat_pengemudi\" does not exist","logger":"task.stdout"}
{"timestamp":"2026-01-21T06:24:57.619632Z","level":"info","event":"LINE 1: SELECT * FROM kontak_darurat_pengemudi LIMIT 0","logger":"task.stdout"}
{"timestamp":"2026-01-21T06:24:57.619675Z","level":"info","event":"                      ^","logger":"task.stdout"}
{"timestamp":"2026-01-21T06:24:57.619716Z","level":"info","event":"","logger":"task.stdout"}
{"timestamp":"2026-01-21T06:24:57.619755Z","level":"info","event":"","logger":"task.stdout"}
{"timestamp":"2026-01-21T06:24:57.619792Z","level":"info","event":"Detailed results:","logger":"task.stdout"}
{"timestamp":"2026-01-21T06:24:57.619824Z","level":"info","event":"  ✓ driver.daftar_user: 23 rows","logger":"task.stdout"}
{"timestamp":"2026-01-21T06:24:57.619857Z","level":"info","event":"  ✓ driver.attachment_driver: 6 rows","logger":"task.stdout"}
{"timestamp":"2026-01-21T06:24:57.619890Z","level":"info","event":"  ✓ driver.laporan_pengemudi: 0 rows","logger":"task.stdout"}
{"timestamp":"2026-01-21T06:24:57.619921Z","level":"info","event":"  ✓ armada.armada_tms: 3 rows","logger":"task.stdout"}
{"timestamp":"2026-01-21T06:24:57.619953Z","level":"info","event":"  ✓ armada.jenis_armada: 19 rows","logger":"task.stdout"}
{"timestamp":"2026-01-21T06:24:57.619986Z","level":"info","event":"  ✓ armada.driver_armada: 0 rows","logger":"task.stdout"}
{"timestamp":"2026-01-21T06:24:57.620028Z","level":"info","event":"  ✓ armada.armada_perangkat: 0 rows","logger":"task.stdout"}
{"timestamp":"2026-01-21T06:24:57.620100Z","level":"info","event":"  ✓ armada.attachment_armada: 0 rows","logger":"task.stdout"}
{"timestamp":"2026-01-21T06:24:57.620151Z","level":"info","event":"  ✓ delivery.delivery_order: 15 rows","logger":"task.stdout"}
{"timestamp":"2026-01-21T06:24:57.620188Z","level":"info","event":"  ✓ delivery.detail_do: 3 rows","logger":"task.stdout"}
{"timestamp":"2026-01-21T06:24:57.620222Z","level":"info","event":"  ... and 34 more","logger":"task.stdout"}
{"timestamp":"2026-01-21T06:24:57.619117Z","level":"info","event":"Done. Returned value was: {'success_count': 44, 'failed_count': 2}","logger":"airflow.task.operators.airflow.providers.standard.operators.python.PythonOperator","filename":"python.py","lineno":215}
{"timestamp":"2026-01-21T06:24:57.619452Z","level":"info","event":"Pushing xcom","ti":"RuntimeTaskInstance(id=UUID('019bdf3a-1836-7324-ba0b-333a45b6260a'), task_id='sync_warehouse_tables', dag_id='daily_warehouse_sync', run_id='scheduled__2026-01-21T00:00:00+00:00', try_number=1, dag_version_id=UUID('019bdf34-4874-7c34-a837-6f57c98a9836'), map_index=-1, hostname='OM-RAFIE.localdomain', context_carrier={}, task=<Task(PythonOperator): sync_warehouse_tables>, bundle_instance=LocalDagBundle(name=dags-folder), max_tries=2, start_date=datetime.datetime(2026, 1, 21, 6, 24, 45, 497700, tzinfo=datetime.timezone.utc), end_date=None, state=<TaskInstanceState.RUNNING: 'running'>, is_mapped=False, rendered_map_index=None)","logger":"task","filename":"task_runner.py","lineno":1360}
{"timestamp":"2026-01-21T09:27:32.762661Z","level":"info","event":"DAG bundles loaded: dags-folder","logger":"airflow.dag_processing.bundles.manager.DagBundlesManager","filename":"manager.py","lineno":179}
{"timestamp":"2026-01-21T09:27:32.763676Z","level":"info","event":"Filling up the DagBag from /opt/airflow/dags/daily_warehouse_sync.py","logger":"airflow.models.dagbag.DagBag","filename":"dagbag.py","lineno":593}
{"timestamp":"2026-01-21T09:27:32.773458Z","level":"warning","event":"The `airflow.operators.python.PythonOperator` attribute is deprecated. Please use `'airflow.providers.standard.operators.python.PythonOperator'`.","category":"DeprecatedImportWarning","filename":"/opt/airflow/dags/daily_warehouse_sync.py","lineno":8,"logger":"py.warnings"}
{"timestamp":"2026-01-21T09:27:32.773595Z","level":"warning","event":"The `airflow.operators.bash.BashOperator` attribute is deprecated. Please use `'airflow.providers.standard.operators.bash.BashOperator'`.","category":"DeprecatedImportWarning","filename":"/opt/airflow/dags/daily_warehouse_sync.py","lineno":9,"logger":"py.warnings"}
{"timestamp":"2026-01-21T09:27:32.792724Z","level":"info","event":"============================================================","logger":"task.stdout"}
{"timestamp":"2026-01-21T09:27:32.792847Z","level":"info","event":"Starting daily warehouse sync...","logger":"task.stdout"}
{"timestamp":"2026-01-21T09:27:32.792901Z","level":"info","event":"============================================================","logger":"task.stdout"}
{"timestamp":"2026-01-21T09:27:32.792948Z","level":"info","event":"","logger":"task.stdout"}
{"timestamp":"2026-01-21T09:27:32.792995Z","level":"info","event":"📍 PRIORITY: Syncing WEATHER data first...","logger":"task.stdout"}
{"timestamp":"2026-01-21T09:27:32.859786Z","level":"info","event":"ERROR syncing weather.fact_weather_hourly: relation \"fact_weather_hourly\" does not exist","logger":"task.stdout"}
{"timestamp":"2026-01-21T09:27:32.859984Z","level":"info","event":"LINE 1: SELECT * FROM fact_weather_hourly LIMIT 0","logger":"task.stdout"}
{"timestamp":"2026-01-21T09:27:32.860094Z","level":"info","event":"                      ^","logger":"task.stdout"}
{"timestamp":"2026-01-21T09:27:32.860194Z","level":"info","event":"","logger":"task.stdout"}
{"timestamp":"2026-01-21T09:27:32.860316Z","level":"info","event":"","logger":"task.stdout"}
{"timestamp":"2026-01-21T09:27:32.860375Z","level":"info","event":"📊 Syncing other schemas...","logger":"task.stdout"}
{"timestamp":"2026-01-21T09:27:32.940002Z","level":"info","event":"✓ driver.daftar_user: 23 rows synced","logger":"task.stdout"}
{"timestamp":"2026-01-21T09:27:32.999056Z","level":"info","event":"✓ driver.attachment_driver: 6 rows synced","logger":"task.stdout"}
{"timestamp":"2026-01-21T09:27:33.061799Z","level":"info","event":"✓ driver.laporan_pengemudi: 0 rows (table empty in source)","logger":"task.stdout"}
{"timestamp":"2026-01-21T09:27:33.122211Z","level":"info","event":"ERROR syncing driver.kontak_darurat: relation \"kontak_darurat_pengemudi\" does not exist","logger":"task.stdout"}
{"timestamp":"2026-01-21T09:27:33.122409Z","level":"info","event":"LINE 1: SELECT * FROM kontak_darurat_pengemudi LIMIT 0","logger":"task.stdout"}
{"timestamp":"2026-01-21T09:27:33.122484Z","level":"info","event":"                      ^","logger":"task.stdout"}
{"timestamp":"2026-01-21T09:27:33.122546Z","level":"info","event":"","logger":"task.stdout"}
{"timestamp":"2026-01-21T09:27:33.218645Z","level":"info","event":"✓ armada.armada_tms: 3 rows synced","logger":"task.stdout"}
{"timestamp":"2026-01-21T09:27:33.291397Z","level":"info","event":"✓ armada.jenis_armada: 19 rows synced","logger":"task.stdout"}
{"timestamp":"2026-01-21T09:27:33.401045Z","level":"info","event":"✓ armada.driver_armada: 0 rows (table empty in source)","logger":"task.stdout"}
{"timestamp":"2026-01-21T09:27:33.469792Z","level":"info","event":"✓ armada.armada_perangkat: 0 rows (table empty in source)","logger":"task.stdout"}
{"timestamp":"2026-01-21T09:27:33.537878Z","level":"info","event":"✓ armada.attachment_armada: 0 rows (table empty in source)","logger":"task.stdout"}
{"timestamp":"2026-01-21T09:27:33.612467Z","level":"info","event":"✓ delivery.delivery_order: 15 rows synced","logger":"task.stdout"}
{"timestamp":"2026-01-21T09:27:33.679810Z","level":"info","event":"✓ delivery.detail_do: 3 rows synced","logger":"task.stdout"}
{"timestamp":"2026-01-21T09:27:33.764336Z","level":"info","event":"✓ delivery.jenis_order: 5 rows synced","logger":"task.stdout"}
{"timestamp":"2026-01-21T09:27:33.831977Z","level":"info","event":"✓ delivery.attachment_gudang: 0 rows (table empty in source)","logger":"task.stdout"}
{"timestamp":"2026-01-21T09:27:33.901596Z","level":"info","event":"✓ activity.log_perjalanan_armada: 0 rows (table empty in source)","logger":"task.stdout"}
{"timestamp":"2026-01-21T09:27:33.963473Z","level":"info","event":"✓ activity.log_aktifitas_driver: 0 rows (table empty in source)","logger":"task.stdout"}
{"timestamp":"2026-01-21T09:27:34.032897Z","level":"info","event":"✓ activity.log_perangkat: 0 rows (table empty in source)","logger":"task.stdout"}
{"timestamp":"2026-01-21T09:27:34.099666Z","level":"info","event":"✓ activity.log_chat: 0 rows (table empty in source)","logger":"task.stdout"}
{"timestamp":"2026-01-21T09:27:34.168194Z","level":"info","event":"✓ activity.log_panggilan: 0 rows (table empty in source)","logger":"task.stdout"}
{"timestamp":"2026-01-21T09:27:34.234398Z","level":"info","event":"✓ activity.log_sensor: 0 rows (table empty in source)","logger":"task.stdout"}
{"timestamp":"2026-01-21T09:27:34.298034Z","level":"info","event":"✓ activity.alert_geofence: 0 rows (table empty in source)","logger":"task.stdout"}
{"timestamp":"2026-01-21T09:27:34.368736Z","level":"info","event":"✓ financial.orders: 5 rows synced","logger":"task.stdout"}
{"timestamp":"2026-01-21T09:27:34.436536Z","level":"info","event":"✓ financial.detail_po: 4 rows synced","logger":"task.stdout"}
{"timestamp":"2026-01-21T09:27:34.504137Z","level":"info","event":"✓ financial.jenis_transaksi: 1 rows synced","logger":"task.stdout"}
{"timestamp":"2026-01-21T09:27:34.572393Z","level":"info","event":"✓ financial.detail_qc: 0 rows (table empty in source)","logger":"task.stdout"}
{"timestamp":"2026-01-21T09:27:34.633419Z","level":"info","event":"✓ financial.bank: 0 rows (table empty in source)","logger":"task.stdout"}
{"timestamp":"2026-01-21T09:27:34.705867Z","level":"info","event":"✓ support.attachment: 12 rows synced","logger":"task.stdout"}
{"timestamp":"2026-01-21T09:27:34.782454Z","level":"info","event":"✓ support.jenis_file: 4 rows synced","logger":"task.stdout"}
{"timestamp":"2026-01-21T09:27:34.852561Z","level":"info","event":"✓ support.chat_room: 0 rows (table empty in source)","logger":"task.stdout"}
{"timestamp":"2026-01-21T09:27:34.925302Z","level":"info","event":"✓ support.attachment_chat: 0 rows (table empty in source)","logger":"task.stdout"}
{"timestamp":"2026-01-21T09:27:34.985490Z","level":"info","event":"✓ support.attachment_pengembalian: 0 rows (table empty in source)","logger":"task.stdout"}
{"timestamp":"2026-01-21T09:27:35.048368Z","level":"info","event":"✓ support.attachment_perangkat: 0 rows (table empty in source)","logger":"task.stdout"}
{"timestamp":"2026-01-21T09:27:35.117734Z","level":"info","event":"✓ support.attachment_qc: 0 rows (table empty in source)","logger":"task.stdout"}
{"timestamp":"2026-01-21T09:27:35.182183Z","level":"info","event":"✓ master.gudang: 15 rows synced","logger":"task.stdout"}
{"timestamp":"2026-01-21T09:27:35.252320Z","level":"info","event":"✓ master.locations: 6 rows synced","logger":"task.stdout"}
{"timestamp":"2026-01-21T09:27:35.333616Z","level":"info","event":"✓ master.kategori_produk: 3 rows synced","logger":"task.stdout"}
{"timestamp":"2026-01-21T09:27:35.410874Z","level":"info","event":"✓ master.konversi: 13 rows synced","logger":"task.stdout"}
{"timestamp":"2026-01-21T09:27:35.483641Z","level":"info","event":"✓ master.jenis_satuan: 12 rows synced","logger":"task.stdout"}
{"timestamp":"2026-01-21T09:27:35.575506Z","level":"info","event":"✓ master.atribut: 0 rows (table empty in source)","logger":"task.stdout"}
{"timestamp":"2026-01-21T09:27:35.640735Z","level":"info","event":"✓ master.atribut_produk: 0 rows (table empty in source)","logger":"task.stdout"}
{"timestamp":"2026-01-21T09:27:35.707224Z","level":"info","event":"✓ master.kriteria_produk: 0 rows (table empty in source)","logger":"task.stdout"}
{"timestamp":"2026-01-21T09:27:35.776367Z","level":"info","event":"✓ master.geofence: 0 rows (table empty in source)","logger":"task.stdout"}
{"timestamp":"2026-01-21T09:27:35.839380Z","level":"info","event":"✓ master.jenis_insiden: 0 rows (table empty in source)","logger":"task.stdout"}
{"timestamp":"2026-01-21T09:27:35.906853Z","level":"info","event":"✓ master.jenis_notifikasi: 0 rows (table empty in source)","logger":"task.stdout"}
{"timestamp":"2026-01-21T09:27:35.972465Z","level":"info","event":"✓ master.laporan_darurat: 0 rows (table empty in source)","logger":"task.stdout"}
{"timestamp":"2026-01-21T09:27:36.036756Z","level":"info","event":"✓ master.rating: 0 rows (table empty in source)","logger":"task.stdout"}
{"timestamp":"2026-01-21T09:27:36.037031Z","level":"info","event":"","logger":"task.stdout"}
{"timestamp":"2026-01-21T09:27:36.037105Z","level":"info","event":"============================================================","logger":"task.stdout"}
{"timestamp":"2026-01-21T09:27:36.037158Z","level":"info","event":"SYNC SUMMARY","logger":"task.stdout"}
{"timestamp":"2026-01-21T09:27:36.037204Z","level":"info","event":"============================================================","logger":"task.stdout"}
{"timestamp":"2026-01-21T09:27:36.037260Z","level":"info","event":"✅ Success: 44 tables","logger":"task.stdout"}
{"timestamp":"2026-01-21T09:27:36.037309Z","level":"info","event":"❌ Failed: 2 tables","logger":"task.stdout"}
{"timestamp":"2026-01-21T09:27:36.037353Z","level":"info","event":"","logger":"task.stdout"}
{"timestamp":"2026-01-21T09:27:36.037403Z","level":"info","event":"Failed tables:","logger":"task.stdout"}
{"timestamp":"2026-01-21T09:27:36.037448Z","level":"info","event":"  - ERROR syncing weather.fact_weather_hourly: relation \"fact_weather_hourly\" does not exist","logger":"task.stdout"}
{"timestamp":"2026-01-21T09:27:36.037488Z","level":"info","event":"LINE 1: SELECT * FROM fact_weather_hourly LIMIT 0","logger":"task.stdout"}
{"timestamp":"2026-01-21T09:27:36.037536Z","level":"info","event":"                      ^","logger":"task.stdout"}
{"timestamp":"2026-01-21T09:27:36.037570Z","level":"info","event":"","logger":"task.stdout"}
{"timestamp":"2026-01-21T09:27:36.037605Z","level":"info","event":"  - ERROR syncing driver.kontak_darurat: relation \"kontak_darurat_pengemudi\" does not exist","logger":"task.stdout"}
{"timestamp":"2026-01-21T09:27:36.037637Z","level":"info","event":"LINE 1: SELECT * FROM kontak_darurat_pengemudi LIMIT 0","logger":"task.stdout"}
{"timestamp":"2026-01-21T09:27:36.037670Z","level":"info","event":"                      ^","logger":"task.stdout"}
{"timestamp":"2026-01-21T09:27:36.037702Z","level":"info","event":"","logger":"task.stdout"}
{"timestamp":"2026-01-21T09:27:36.037732Z","level":"info","event":"","logger":"task.stdout"}
{"timestamp":"2026-01-21T09:27:36.037762Z","level":"info","event":"Detailed results:","logger":"task.stdout"}
{"timestamp":"2026-01-21T09:27:36.037793Z","level":"info","event":"  ✓ driver.daftar_user: 23 rows","logger":"task.stdout"}
{"timestamp":"2026-01-21T09:27:36.037823Z","level":"info","event":"  ✓ driver.attachment_driver: 6 rows","logger":"task.stdout"}
{"timestamp":"2026-01-21T09:27:36.037854Z","level":"info","event":"  ✓ driver.laporan_pengemudi: 0 rows","logger":"task.stdout"}
{"timestamp":"2026-01-21T09:27:36.037884Z","level":"info","event":"  ✓ armada.armada_tms: 3 rows","logger":"task.stdout"}
{"timestamp":"2026-01-21T09:27:36.037915Z","level":"info","event":"  ✓ armada.jenis_armada: 19 rows","logger":"task.stdout"}
{"timestamp":"2026-01-21T09:27:36.037945Z","level":"info","event":"  ✓ armada.driver_armada: 0 rows","logger":"task.stdout"}
{"timestamp":"2026-01-21T09:27:36.037974Z","level":"info","event":"  ✓ armada.armada_perangkat: 0 rows","logger":"task.stdout"}
{"timestamp":"2026-01-21T09:27:36.038005Z","level":"info","event":"  ✓ armada.attachment_armada: 0 rows","logger":"task.stdout"}
{"timestamp":"2026-01-21T09:27:36.038034Z","level":"info","event":"  ✓ delivery.delivery_order: 15 rows","logger":"task.stdout"}
{"timestamp":"2026-01-21T09:27:36.038064Z","level":"info","event":"  ✓ delivery.detail_do: 3 rows","logger":"task.stdout"}
{"timestamp":"2026-01-21T09:27:36.038093Z","level":"info","event":"  ... and 34 more","logger":"task.stdout"}
{"timestamp":"2026-01-21T09:27:36.037093Z","level":"info","event":"Done. Returned value was: {'success_count': 44, 'failed_count': 2}","logger":"airflow.task.operators.airflow.providers.standard.operators.python.PythonOperator","filename":"python.py","lineno":215}
{"timestamp":"2026-01-21T09:27:36.037368Z","level":"info","event":"Pushing xcom","ti":"RuntimeTaskInstance(id=UUID('019bdfe1-7220-7d0a-9928-9daa4827cbe3'), task_id='sync_warehouse_tables', dag_id='daily_warehouse_sync', run_id='scheduled__2026-01-21T00:00:00+00:00', try_number=1, dag_version_id=UUID('019bdfe0-4319-766f-b129-79216ca4e1aa'), map_index=-1, hostname='OM-RAFIE.localdomain', context_carrier={}, task=<Task(PythonOperator): sync_warehouse_tables>, bundle_instance=LocalDagBundle(name=dags-folder), max_tries=2, start_date=datetime.datetime(2026, 1, 21, 9, 27, 32, 738864, tzinfo=datetime.timezone.utc), end_date=None, state=<TaskInstanceState.RUNNING: 'running'>, is_mapped=False, rendered_map_index=None)","logger":"task","filename":"task_runner.py","lineno":1360}
