{"timestamp":"2026-02-05T14:12:06.804426Z","level":"info","event":"DAG bundles loaded: dags-folder","logger":"airflow.dag_processing.bundles.manager.DagBundlesManager","filename":"manager.py","lineno":179}
{"timestamp":"2026-02-05T14:12:06.805805Z","level":"info","event":"Filling up the DagBag from /opt/airflow/dags/daily_warehouse_sync_upd.py","logger":"airflow.models.dagbag.DagBag","filename":"dagbag.py","lineno":593}
{"timestamp":"2026-02-05T14:12:06.826434Z","level":"warning","event":"The `airflow.operators.python.PythonOperator` attribute is deprecated. Please use `'airflow.providers.standard.operators.python.PythonOperator'`.","category":"DeprecatedImportWarning","filename":"/opt/airflow/dags/daily_warehouse_sync_upd.py","lineno":8,"logger":"py.warnings"}
{"timestamp":"2026-02-05T14:12:06.826573Z","level":"warning","event":"The `airflow.operators.bash.BashOperator` attribute is deprecated. Please use `'airflow.providers.standard.operators.bash.BashOperator'`.","category":"DeprecatedImportWarning","filename":"/opt/airflow/dags/daily_warehouse_sync_upd.py","lineno":9,"logger":"py.warnings"}
{"timestamp":"2026-02-05T14:12:06.952748Z","level":"info","event":"============================================================","logger":"task.stdout"}
{"timestamp":"2026-02-05T14:12:06.952968Z","level":"info","event":"Starting daily warehouse sync...","logger":"task.stdout"}
{"timestamp":"2026-02-05T14:12:06.953106Z","level":"info","event":"============================================================","logger":"task.stdout"}
{"timestamp":"2026-02-05T14:12:06.953207Z","level":"info","event":"","logger":"task.stdout"}
{"timestamp":"2026-02-05T14:12:06.953372Z","level":"info","event":"📍 PRIORITY: Syncing WEATHER data first...","logger":"task.stdout"}
{"timestamp":"2026-02-05T14:14:21.756337Z","level":"info","event":"ERROR syncing weather.fact_weather_hourly: connection to server at \"devom.silog.co.id\" (103.165.247.93), port 5432 failed: Connection timed out","logger":"task.stdout"}
{"timestamp":"2026-02-05T14:14:21.756563Z","level":"info","event":"\tIs the server running on that host and accepting TCP/IP connections?","logger":"task.stdout"}
{"timestamp":"2026-02-05T14:14:21.756664Z","level":"info","event":"","logger":"task.stdout"}
{"timestamp":"2026-02-05T14:14:21.756764Z","level":"info","event":"","logger":"task.stdout"}
{"timestamp":"2026-02-05T14:14:21.756857Z","level":"info","event":"📊 Syncing other schemas...","logger":"task.stdout"}
{"timestamp":"2026-02-05T14:16:36.924225Z","level":"info","event":"ERROR syncing driver.daftar_user: connection to server at \"devom.silog.co.id\" (103.165.247.93), port 5432 failed: Connection timed out","logger":"task.stdout"}
{"timestamp":"2026-02-05T14:16:36.924579Z","level":"info","event":"\tIs the server running on that host and accepting TCP/IP connections?","logger":"task.stdout"}
{"timestamp":"2026-02-05T14:16:36.924689Z","level":"info","event":"","logger":"task.stdout"}
{"timestamp":"2026-02-05T14:18:52.092401Z","level":"info","event":"ERROR syncing driver.attachment_driver: connection to server at \"devom.silog.co.id\" (103.165.247.93), port 5432 failed: Connection timed out","logger":"task.stdout"}
{"timestamp":"2026-02-05T14:18:52.092610Z","level":"info","event":"\tIs the server running on that host and accepting TCP/IP connections?","logger":"task.stdout"}
{"timestamp":"2026-02-05T14:18:52.092706Z","level":"info","event":"","logger":"task.stdout"}
{"timestamp":"2026-02-05T14:21:07.260120Z","level":"info","event":"ERROR syncing driver.laporan_pengemudi: connection to server at \"devom.silog.co.id\" (103.165.247.93), port 5432 failed: Connection timed out","logger":"task.stdout"}
{"timestamp":"2026-02-05T14:21:07.260448Z","level":"info","event":"\tIs the server running on that host and accepting TCP/IP connections?","logger":"task.stdout"}
{"timestamp":"2026-02-05T14:21:07.260550Z","level":"info","event":"","logger":"task.stdout"}
{"timestamp":"2026-02-05T14:23:22.428064Z","level":"info","event":"ERROR syncing driver.kontak_darurat: connection to server at \"devom.silog.co.id\" (103.165.247.93), port 5432 failed: Connection timed out","logger":"task.stdout"}
{"timestamp":"2026-02-05T14:23:22.428348Z","level":"info","event":"\tIs the server running on that host and accepting TCP/IP connections?","logger":"task.stdout"}
{"timestamp":"2026-02-05T14:23:22.428431Z","level":"info","event":"","logger":"task.stdout"}
{"timestamp":"2026-02-05T14:24:32.831729Z","level":"error","event":"Server indicated the task shouldn't be running anymore. Terminating process","detail":{"detail":{"reason":"not_running","message":"TI is no longer in the running state and task should terminate","current_state":"removed"}},"logger":"task"}
{"timestamp":"2026-02-05T14:24:37.859435Z","level":"error","event":"Task killed!","logger":"task"}
