{"timestamp":"2026-01-26T12:03:02.761816Z","level":"info","event":"DAG bundles loaded: dags-folder","logger":"airflow.dag_processing.bundles.manager.DagBundlesManager","filename":"manager.py","lineno":179}
{"timestamp":"2026-01-26T12:03:02.767197Z","level":"info","event":"Filling up the DagBag from /opt/airflow/dags/weather_data_fetch.py","logger":"airflow.models.dagbag.DagBag","filename":"dagbag.py","lineno":593}
{"timestamp":"2026-01-26T12:03:02.842136Z","level":"warning","event":"The `airflow.operators.python.PythonOperator` attribute is deprecated. Please use `'airflow.providers.standard.operators.python.PythonOperator'`.","category":"DeprecatedImportWarning","filename":"/opt/airflow/dags/weather_data_fetch.py","lineno":8,"logger":"py.warnings"}
{"timestamp":"2026-01-26T12:03:02.842316Z","level":"warning","event":"The `airflow.operators.bash.BashOperator` attribute is deprecated. Please use `'airflow.providers.standard.operators.bash.BashOperator'`.","category":"DeprecatedImportWarning","filename":"/opt/airflow/dags/weather_data_fetch.py","lineno":9,"logger":"py.warnings"}
{"timestamp":"2026-01-26T12:03:03.237859Z","level":"info","event":"","logger":"task.stdout"}
{"timestamp":"2026-01-26T12:03:03.238038Z","level":"info","event":"============================================================","logger":"task.stdout"}
{"timestamp":"2026-01-26T12:03:03.238115Z","level":"info","event":"🌦️ Fetching BMKG Weather Data","logger":"task.stdout"}
{"timestamp":"2026-01-26T12:03:03.238365Z","level":"info","event":"============================================================","logger":"task.stdout"}
{"timestamp":"2026-01-26T12:03:03.298031Z","level":"info","event":"","logger":"task.stdout"}
{"timestamp":"2026-01-26T12:03:03.298203Z","level":"info","event":"📍 Fetching weather for ADM4: 35.78.21.1004","logger":"task.stdout"}
{"timestamp":"2026-01-26T12:03:13.317143Z","level":"info","event":"❌ Error fetching from BMKG API: HTTPSConnectionPool(host='api.bmkg.go.id', port=443): Max retries exceeded with url: /publik/prakiraan-cuaca?adm4=35.78.21.1004 (Caused by NameResolutionError(\"<urllib3.connection.HTTPSConnection object at 0x7391ccc0aba0>: Failed to resolve 'api.bmkg.go.id' ([Errno -3] Temporary failure in name resolution)\"))","logger":"task.stdout"}
{"timestamp":"2026-01-26T12:03:13.317649Z","level":"info","event":"⚠️ Skipping 35.78.21.1004 - no data","logger":"task.stdout"}
{"timestamp":"2026-01-26T12:03:13.317717Z","level":"info","event":"","logger":"task.stdout"}
{"timestamp":"2026-01-26T12:03:13.317768Z","level":"info","event":"📍 Fetching weather for ADM4: 35.25.14.1010","logger":"task.stdout"}
{"timestamp":"2026-01-26T12:03:23.333384Z","level":"info","event":"❌ Error fetching from BMKG API: HTTPSConnectionPool(host='api.bmkg.go.id', port=443): Max retries exceeded with url: /publik/prakiraan-cuaca?adm4=35.25.14.1010 (Caused by NameResolutionError(\"<urllib3.connection.HTTPSConnection object at 0x7391ccc51e50>: Failed to resolve 'api.bmkg.go.id' ([Errno -3] Temporary failure in name resolution)\"))","logger":"task.stdout"}
{"timestamp":"2026-01-26T12:03:23.333767Z","level":"info","event":"⚠️ Skipping 35.25.14.1010 - no data","logger":"task.stdout"}
{"timestamp":"2026-01-26T12:03:23.333908Z","level":"info","event":"","logger":"task.stdout"}
{"timestamp":"2026-01-26T12:03:23.333983Z","level":"info","event":"============================================================","logger":"task.stdout"}
{"timestamp":"2026-01-26T12:03:23.334102Z","level":"info","event":"✓ Total records inserted: 0","logger":"task.stdout"}
{"timestamp":"2026-01-26T12:03:23.334161Z","level":"info","event":"============================================================","logger":"task.stdout"}
{"timestamp":"2026-01-26T12:03:23.333486Z","level":"info","event":"Done. Returned value was: 0","logger":"airflow.task.operators.airflow.providers.standard.operators.python.PythonOperator","filename":"python.py","lineno":215}
{"timestamp":"2026-01-26T12:03:23.344957Z","level":"info","event":"Pushing xcom","ti":"RuntimeTaskInstance(id=UUID('019bfa2f-949b-7ad7-8f53-a5fed0be041d'), task_id='fetch_bmkg_weather', dag_id='weather_data_fetch', run_id='scheduled__2026-01-26T12:00:00+00:00', try_number=1, dag_version_id=UUID('019bf85e-bdaa-72d4-8530-24267eab6b2a'), map_index=-1, hostname='OM-RAFIE.localdomain', context_carrier={}, task=<Task(PythonOperator): fetch_bmkg_weather>, bundle_instance=LocalDagBundle(name=dags-folder), max_tries=2, start_date=datetime.datetime(2026, 1, 26, 12, 3, 2, 572018, tzinfo=datetime.timezone.utc), end_date=None, state=<TaskInstanceState.RUNNING: 'running'>, is_mapped=False, rendered_map_index=None)","logger":"task","filename":"task_runner.py","lineno":1360}
