{"timestamp":"2026-02-02T08:00:02.200164Z","level":"info","event":"DAG bundles loaded: dags-folder","logger":"airflow.dag_processing.bundles.manager.DagBundlesManager","filename":"manager.py","lineno":179}
{"timestamp":"2026-02-02T08:00:02.203653Z","level":"info","event":"Filling up the DagBag from /opt/airflow/dags/weather_data_fetch.py","logger":"airflow.models.dagbag.DagBag","filename":"dagbag.py","lineno":593}
{"timestamp":"2026-02-02T08:00:02.308200Z","level":"warning","event":"The `airflow.operators.python.PythonOperator` attribute is deprecated. Please use `'airflow.providers.standard.operators.python.PythonOperator'`.","category":"DeprecatedImportWarning","filename":"/opt/airflow/dags/weather_data_fetch.py","lineno":8,"logger":"py.warnings"}
{"timestamp":"2026-02-02T08:00:02.308348Z","level":"warning","event":"The `airflow.operators.bash.BashOperator` attribute is deprecated. Please use `'airflow.providers.standard.operators.bash.BashOperator'`.","category":"DeprecatedImportWarning","filename":"/opt/airflow/dags/weather_data_fetch.py","lineno":9,"logger":"py.warnings"}
{"timestamp":"2026-02-02T08:00:02.702753Z","level":"info","event":"","logger":"task.stdout"}
{"timestamp":"2026-02-02T08:00:02.702901Z","level":"info","event":"============================================================","logger":"task.stdout"}
{"timestamp":"2026-02-02T08:00:02.703006Z","level":"info","event":"🌦️ Fetching BMKG Weather Data","logger":"task.stdout"}
{"timestamp":"2026-02-02T08:00:02.703142Z","level":"info","event":"============================================================","logger":"task.stdout"}
{"timestamp":"2026-02-02T08:00:02.773614Z","level":"info","event":"","logger":"task.stdout"}
{"timestamp":"2026-02-02T08:00:02.773763Z","level":"info","event":"📍 Fetching weather for ADM4: 35.78.21.1004","logger":"task.stdout"}
{"timestamp":"2026-02-02T08:00:03.001498Z","level":"info","event":"   Parsed 19 weather records","logger":"task.stdout"}
{"timestamp":"2026-02-02T08:00:03.021819Z","level":"info","event":"","logger":"task.stdout"}
{"timestamp":"2026-02-02T08:00:03.021992Z","level":"info","event":"⚠️  Found 1 expired weather records to delete","logger":"task.stdout"}
{"timestamp":"2026-02-02T08:00:03.022284Z","level":"info","event":"   Time range: 2026-02-02 15:00:00 to 2026-02-02 15:00:00","logger":"task.stdout"}
{"timestamp":"2026-02-02T08:00:03.022420Z","level":"info","event":"   (waktu < NOW at 2026-02-02 15:00:03 WIB)","logger":"task.stdout"}
{"timestamp":"2026-02-02T08:00:03.025017Z","level":"info","event":"✅ Deleted 1 expired weather records","logger":"task.stdout"}
{"timestamp":"2026-02-02T08:00:03.039936Z","level":"info","event":"✓ Inserted 19 weather records","logger":"task.stdout"}
{"timestamp":"2026-02-02T08:00:03.040114Z","level":"info","event":"","logger":"task.stdout"}
{"timestamp":"2026-02-02T08:00:03.040173Z","level":"info","event":"📍 Fetching weather for ADM4: 35.25.14.1010","logger":"task.stdout"}
{"timestamp":"2026-02-02T08:00:03.738507Z","level":"info","event":"   Parsed 19 weather records","logger":"task.stdout"}
{"timestamp":"2026-02-02T08:00:03.751482Z","level":"info","event":"","logger":"task.stdout"}
{"timestamp":"2026-02-02T08:00:03.751644Z","level":"info","event":"⚠️  Found 3 expired weather records to delete","logger":"task.stdout"}
{"timestamp":"2026-02-02T08:00:03.751708Z","level":"info","event":"   Time range: 2026-02-02 08:00:00 to 2026-02-02 14:00:00","logger":"task.stdout"}
{"timestamp":"2026-02-02T08:00:03.751879Z","level":"info","event":"   (waktu < NOW at 2026-02-02 15:00:03 WIB)","logger":"task.stdout"}
{"timestamp":"2026-02-02T08:00:03.751940Z","level":"info","event":"✅ Deleted 3 expired weather records","logger":"task.stdout"}
{"timestamp":"2026-02-02T08:00:03.761099Z","level":"info","event":"✓ Inserted 19 weather records","logger":"task.stdout"}
{"timestamp":"2026-02-02T08:00:03.761291Z","level":"info","event":"","logger":"task.stdout"}
{"timestamp":"2026-02-02T08:00:03.761362Z","level":"info","event":"============================================================","logger":"task.stdout"}
{"timestamp":"2026-02-02T08:00:03.761435Z","level":"info","event":"✓ Total records inserted: 38","logger":"task.stdout"}
{"timestamp":"2026-02-02T08:00:03.761492Z","level":"info","event":"============================================================","logger":"task.stdout"}
{"timestamp":"2026-02-02T08:00:03.761523Z","level":"info","event":"Done. Returned value was: 38","logger":"airflow.task.operators.airflow.providers.standard.operators.python.PythonOperator","filename":"python.py","lineno":215}
{"timestamp":"2026-02-02T08:00:03.762241Z","level":"info","event":"Pushing xcom","ti":"RuntimeTaskInstance(id=UUID('019c1d5d-9e37-7381-859d-3b2974efa6c0'), task_id='fetch_bmkg_weather', dag_id='weather_data_fetch', run_id='scheduled__2026-02-02T08:00:00+00:00', try_number=1, dag_version_id=UUID('019c0dd4-58cf-774a-9f83-a68201e36c2d'), map_index=-1, hostname='OM-RAFIE.localdomain', context_carrier={}, task=<Task(PythonOperator): fetch_bmkg_weather>, bundle_instance=LocalDagBundle(name=dags-folder), max_tries=2, start_date=datetime.datetime(2026, 2, 2, 8, 0, 1, 705819, tzinfo=datetime.timezone.utc), end_date=None, state=<TaskInstanceState.RUNNING: 'running'>, is_mapped=False, rendered_map_index=None)","logger":"task","filename":"task_runner.py","lineno":1360}
