{"timestamp":"2026-02-05T14:12:08.535269Z","level":"info","event":"DAG bundles loaded: dags-folder","logger":"airflow.dag_processing.bundles.manager.DagBundlesManager","filename":"manager.py","lineno":179}
{"timestamp":"2026-02-05T14:12:08.536152Z","level":"info","event":"Filling up the DagBag from /opt/airflow/dags/daily_warehouse_sync_upd.py","logger":"airflow.models.dagbag.DagBag","filename":"dagbag.py","lineno":593}
{"timestamp":"2026-02-05T14:12:08.548069Z","level":"warning","event":"The `airflow.operators.python.PythonOperator` attribute is deprecated. Please use `'airflow.providers.standard.operators.python.PythonOperator'`.","category":"DeprecatedImportWarning","filename":"/opt/airflow/dags/daily_warehouse_sync_upd.py","lineno":8,"logger":"py.warnings"}
{"timestamp":"2026-02-05T14:12:08.548191Z","level":"warning","event":"The `airflow.operators.bash.BashOperator` attribute is deprecated. Please use `'airflow.providers.standard.operators.bash.BashOperator'`.","category":"DeprecatedImportWarning","filename":"/opt/airflow/dags/daily_warehouse_sync_upd.py","lineno":9,"logger":"py.warnings"}
{"timestamp":"2026-02-05T14:12:08.566046Z","level":"info","event":"============================================================","logger":"task.stdout"}
{"timestamp":"2026-02-05T14:12:08.566199Z","level":"info","event":"Starting daily warehouse sync...","logger":"task.stdout"}
{"timestamp":"2026-02-05T14:12:08.566275Z","level":"info","event":"============================================================","logger":"task.stdout"}
{"timestamp":"2026-02-05T14:12:08.566325Z","level":"info","event":"","logger":"task.stdout"}
{"timestamp":"2026-02-05T14:12:08.566373Z","level":"info","event":"📍 PRIORITY: Syncing WEATHER data first...","logger":"task.stdout"}
{"timestamp":"2026-02-05T14:14:23.804060Z","level":"info","event":"ERROR syncing weather.fact_weather_hourly: connection to server at \"devom.silog.co.id\" (103.165.247.93), port 5432 failed: Connection timed out","logger":"task.stdout"}
{"timestamp":"2026-02-05T14:14:23.804251Z","level":"info","event":"\tIs the server running on that host and accepting TCP/IP connections?","logger":"task.stdout"}
{"timestamp":"2026-02-05T14:14:23.804303Z","level":"info","event":"","logger":"task.stdout"}
{"timestamp":"2026-02-05T14:14:23.804348Z","level":"info","event":"","logger":"task.stdout"}
{"timestamp":"2026-02-05T14:14:23.804391Z","level":"info","event":"📊 Syncing other schemas...","logger":"task.stdout"}
{"timestamp":"2026-02-05T14:16:38.972136Z","level":"info","event":"ERROR syncing driver.daftar_user: connection to server at \"devom.silog.co.id\" (103.165.247.93), port 5432 failed: Connection timed out","logger":"task.stdout"}
{"timestamp":"2026-02-05T14:16:38.972495Z","level":"info","event":"\tIs the server running on that host and accepting TCP/IP connections?","logger":"task.stdout"}
{"timestamp":"2026-02-05T14:16:38.972592Z","level":"info","event":"","logger":"task.stdout"}
{"timestamp":"2026-02-05T14:18:54.139951Z","level":"info","event":"ERROR syncing driver.attachment_driver: connection to server at \"devom.silog.co.id\" (103.165.247.93), port 5432 failed: Connection timed out","logger":"task.stdout"}
{"timestamp":"2026-02-05T14:18:54.140692Z","level":"info","event":"\tIs the server running on that host and accepting TCP/IP connections?","logger":"task.stdout"}
{"timestamp":"2026-02-05T14:18:54.140765Z","level":"info","event":"","logger":"task.stdout"}
{"timestamp":"2026-02-05T14:21:09.308028Z","level":"info","event":"ERROR syncing driver.laporan_pengemudi: connection to server at \"devom.silog.co.id\" (103.165.247.93), port 5432 failed: Connection timed out","logger":"task.stdout"}
{"timestamp":"2026-02-05T14:21:09.308192Z","level":"info","event":"\tIs the server running on that host and accepting TCP/IP connections?","logger":"task.stdout"}
{"timestamp":"2026-02-05T14:21:09.308249Z","level":"info","event":"","logger":"task.stdout"}
{"timestamp":"2026-02-05T14:23:24.476109Z","level":"info","event":"ERROR syncing driver.kontak_darurat: connection to server at \"devom.silog.co.id\" (103.165.247.93), port 5432 failed: Connection timed out","logger":"task.stdout"}
{"timestamp":"2026-02-05T14:23:24.485960Z","level":"info","event":"\tIs the server running on that host and accepting TCP/IP connections?","logger":"task.stdout"}
{"timestamp":"2026-02-05T14:23:24.486442Z","level":"info","event":"","logger":"task.stdout"}
{"timestamp":"2026-02-05T14:24:34.721511Z","level":"error","event":"Server indicated the task shouldn't be running anymore. Terminating process","detail":{"detail":{"reason":"not_running","message":"TI is no longer in the running state and task should terminate","current_state":"removed"}},"logger":"task"}
{"timestamp":"2026-02-05T14:24:39.746996Z","level":"error","event":"Task killed!","logger":"task"}
