{"timestamp":"2026-01-30T04:00:01.757992Z","level":"info","event":"DAG bundles loaded: dags-folder","logger":"airflow.dag_processing.bundles.manager.DagBundlesManager","filename":"manager.py","lineno":179}
{"timestamp":"2026-01-30T04:00:01.761156Z","level":"info","event":"Filling up the DagBag from /opt/airflow/dags/weather_data_fetch.py","logger":"airflow.models.dagbag.DagBag","filename":"dagbag.py","lineno":593}
{"timestamp":"2026-01-30T04:00:01.811005Z","level":"warning","event":"The `airflow.operators.python.PythonOperator` attribute is deprecated. Please use `'airflow.providers.standard.operators.python.PythonOperator'`.","category":"DeprecatedImportWarning","filename":"/opt/airflow/dags/weather_data_fetch.py","lineno":8,"logger":"py.warnings"}
{"timestamp":"2026-01-30T04:00:01.811192Z","level":"warning","event":"The `airflow.operators.bash.BashOperator` attribute is deprecated. Please use `'airflow.providers.standard.operators.bash.BashOperator'`.","category":"DeprecatedImportWarning","filename":"/opt/airflow/dags/weather_data_fetch.py","lineno":9,"logger":"py.warnings"}
{"timestamp":"2026-01-30T04:00:02.059858Z","level":"info","event":"","logger":"task.stdout"}
{"timestamp":"2026-01-30T04:00:02.060194Z","level":"info","event":"============================================================","logger":"task.stdout"}
{"timestamp":"2026-01-30T04:00:02.060261Z","level":"info","event":"🌦️ Fetching BMKG Weather Data","logger":"task.stdout"}
{"timestamp":"2026-01-30T04:00:02.060452Z","level":"info","event":"============================================================","logger":"task.stdout"}
{"timestamp":"2026-01-30T04:00:02.114267Z","level":"info","event":"","logger":"task.stdout"}
{"timestamp":"2026-01-30T04:00:02.114513Z","level":"info","event":"📍 Fetching weather for ADM4: 35.78.21.1004","logger":"task.stdout"}
{"timestamp":"2026-01-30T04:00:02.410518Z","level":"info","event":"   Parsed 21 weather records","logger":"task.stdout"}
{"timestamp":"2026-01-30T04:00:02.431002Z","level":"info","event":"","logger":"task.stdout"}
{"timestamp":"2026-01-30T04:00:02.431433Z","level":"info","event":"⚠️  Found 3 expired weather records to delete","logger":"task.stdout"}
{"timestamp":"2026-01-30T04:00:02.431644Z","level":"info","event":"   Time range: 2026-01-30 11:00:00 to 2026-01-30 11:00:00","logger":"task.stdout"}
{"timestamp":"2026-01-30T04:00:02.431832Z","level":"info","event":"   (waktu < NOW at 2026-01-30 11:00:02 WIB)","logger":"task.stdout"}
{"timestamp":"2026-01-30T04:00:02.434116Z","level":"info","event":"✅ Deleted 3 expired weather records","logger":"task.stdout"}
{"timestamp":"2026-01-30T04:00:02.448429Z","level":"info","event":"✓ Inserted 21 weather records","logger":"task.stdout"}
{"timestamp":"2026-01-30T04:00:02.448645Z","level":"info","event":"","logger":"task.stdout"}
{"timestamp":"2026-01-30T04:00:02.448700Z","level":"info","event":"📍 Fetching weather for ADM4: 35.25.14.1010","logger":"task.stdout"}
{"timestamp":"2026-01-30T04:00:02.941038Z","level":"info","event":"   Parsed 21 weather records","logger":"task.stdout"}
{"timestamp":"2026-01-30T04:00:02.955783Z","level":"info","event":"","logger":"task.stdout"}
{"timestamp":"2026-01-30T04:00:02.955950Z","level":"info","event":"⚠️  Found 3 expired weather records to delete","logger":"task.stdout"}
{"timestamp":"2026-01-30T04:00:02.956015Z","level":"info","event":"   Time range: 2026-01-30 04:00:00 to 2026-01-30 10:00:00","logger":"task.stdout"}
{"timestamp":"2026-01-30T04:00:02.956125Z","level":"info","event":"   (waktu < NOW at 2026-01-30 11:00:02 WIB)","logger":"task.stdout"}
{"timestamp":"2026-01-30T04:00:02.956253Z","level":"info","event":"✅ Deleted 3 expired weather records","logger":"task.stdout"}
{"timestamp":"2026-01-30T04:00:02.966709Z","level":"info","event":"✓ Inserted 21 weather records","logger":"task.stdout"}
{"timestamp":"2026-01-30T04:00:02.966915Z","level":"info","event":"","logger":"task.stdout"}
{"timestamp":"2026-01-30T04:00:02.966976Z","level":"info","event":"============================================================","logger":"task.stdout"}
{"timestamp":"2026-01-30T04:00:02.967111Z","level":"info","event":"✓ Total records inserted: 42","logger":"task.stdout"}
{"timestamp":"2026-01-30T04:00:02.967171Z","level":"info","event":"============================================================","logger":"task.stdout"}
{"timestamp":"2026-01-30T04:00:02.966818Z","level":"info","event":"Done. Returned value was: 42","logger":"airflow.task.operators.airflow.providers.standard.operators.python.PythonOperator","filename":"python.py","lineno":215}
{"timestamp":"2026-01-30T04:00:02.967429Z","level":"info","event":"Pushing xcom","ti":"RuntimeTaskInstance(id=UUID('019c0d0e-d209-7bea-a805-fb772a05b8e6'), task_id='fetch_bmkg_weather', dag_id='weather_data_fetch', run_id='scheduled__2026-01-30T04:00:00+00:00', try_number=1, dag_version_id=UUID('019c0cff-146c-753b-8203-7b5cd109d3d0'), map_index=-1, hostname='OM-RAFIE.localdomain', context_carrier={}, task=<Task(PythonOperator): fetch_bmkg_weather>, bundle_instance=LocalDagBundle(name=dags-folder), max_tries=2, start_date=datetime.datetime(2026, 1, 30, 4, 0, 1, 484416, tzinfo=datetime.timezone.utc), end_date=None, state=<TaskInstanceState.RUNNING: 'running'>, is_mapped=False, rendered_map_index=None)","logger":"task","filename":"task_runner.py","lineno":1360}
