{"timestamp":"2026-01-20T01:13:23.277697Z","level":"info","event":"DAG bundles loaded: dags-folder","logger":"airflow.dag_processing.bundles.manager.DagBundlesManager","filename":"manager.py","lineno":179}
{"timestamp":"2026-01-20T01:13:23.287322Z","level":"info","event":"Filling up the DagBag from /opt/airflow/dags/daily_database_sync.py","logger":"airflow.models.dagbag.DagBag","filename":"dagbag.py","lineno":593}
{"timestamp":"2026-01-20T01:13:23.463982Z","level":"warning","event":"The `airflow.operators.python.PythonOperator` attribute is deprecated. Please use `'airflow.providers.standard.operators.python.PythonOperator'`.","category":"DeprecatedImportWarning","filename":"/opt/airflow/dags/daily_database_sync.py","lineno":6,"logger":"py.warnings"}
{"timestamp":"2026-01-20T01:13:23.540670Z","level":"info","event":"","logger":"task.stdout"}
{"timestamp":"2026-01-20T01:13:23.540962Z","level":"info","event":"================================================================================","logger":"task.stdout"}
{"timestamp":"2026-01-20T01:13:23.541113Z","level":"info","event":"💾 METADATA BACKUP","logger":"task.stdout"}
{"timestamp":"2026-01-20T01:13:23.541241Z","level":"info","event":"================================================================================","logger":"task.stdout"}
{"timestamp":"2026-01-20T01:13:23.545102Z","level":"info","event":"","logger":"task.stdout"}
{"timestamp":"2026-01-20T01:13:23.545301Z","level":"info","event":"Table Type           Records","logger":"task.stdout"}
{"timestamp":"2026-01-20T01:13:23.545429Z","level":"info","event":"----------------------------------------","logger":"task.stdout"}
{"timestamp":"2026-01-20T01:13:23.545524Z","level":"info","event":"dag                  6","logger":"task.stdout"}
{"timestamp":"2026-01-20T01:13:23.545585Z","level":"info","event":"dag_run              9","logger":"task.stdout"}
{"timestamp":"2026-01-20T01:13:23.545639Z","level":"info","event":"task_instance        16","logger":"task.stdout"}
{"timestamp":"2026-01-20T01:13:23.545697Z","level":"info","event":"log                  65","logger":"task.stdout"}
{"timestamp":"2026-01-20T01:13:23.545955Z","level":"info","event":"xcom                 21","logger":"task.stdout"}
{"timestamp":"2026-01-20T01:13:23.546055Z","level":"info","event":"","logger":"task.stdout"}
{"timestamp":"2026-01-20T01:13:23.546130Z","level":"info","event":"================================================================================","logger":"task.stdout"}
{"timestamp":"2026-01-20T01:13:23.546270Z","level":"info","event":"✅ Metadata backup completed!","logger":"task.stdout"}
{"timestamp":"2026-01-20T01:13:23.546400Z","level":"info","event":"================================================================================","logger":"task.stdout"}
{"timestamp":"2026-01-20T01:13:23.546516Z","level":"info","event":"","logger":"task.stdout"}
{"timestamp":"2026-01-20T01:13:23.577458Z","level":"info","event":"Done. Returned value was: True","logger":"airflow.task.operators.airflow.providers.standard.operators.python.PythonOperator","filename":"python.py","lineno":215}
{"timestamp":"2026-01-20T01:13:23.577868Z","level":"info","event":"Pushing xcom","ti":"RuntimeTaskInstance(id=UUID('019bd8d5-8947-70bb-9862-ded16148feda'), task_id='backup_metadata_task', dag_id='daily_database_sync', run_id='scheduled__2026-01-20T00:00:00+00:00', try_number=1, dag_version_id=UUID('019bd4f9-0eda-7e15-84f3-f8387d877ada'), map_index=-1, hostname='OM-RAFIE.localdomain', context_carrier={}, task=<Task(PythonOperator): backup_metadata_task>, bundle_instance=LocalDagBundle(name=dags-folder), max_tries=2, start_date=datetime.datetime(2026, 1, 20, 1, 13, 22, 973331, tzinfo=datetime.timezone.utc), end_date=None, state=<TaskInstanceState.RUNNING: 'running'>, is_mapped=False, rendered_map_index=None)","logger":"task","filename":"task_runner.py","lineno":1360}
