{"timestamp":"2026-02-06T01:00:07.239811Z","level":"info","event":"DAG bundles loaded: dags-folder","logger":"airflow.dag_processing.bundles.manager.DagBundlesManager","filename":"manager.py","lineno":179}
{"timestamp":"2026-02-06T01:00:07.240849Z","level":"info","event":"Filling up the DagBag from /opt/airflow/dags/weather_data_fetch.py","logger":"airflow.models.dagbag.DagBag","filename":"dagbag.py","lineno":593}
{"timestamp":"2026-02-06T01:00:07.264773Z","level":"warning","event":"The `airflow.operators.python.PythonOperator` attribute is deprecated. Please use `'airflow.providers.standard.operators.python.PythonOperator'`.","category":"DeprecatedImportWarning","filename":"/opt/airflow/dags/weather_data_fetch.py","lineno":8,"logger":"py.warnings"}
{"timestamp":"2026-02-06T01:00:07.264960Z","level":"warning","event":"The `airflow.operators.bash.BashOperator` attribute is deprecated. Please use `'airflow.providers.standard.operators.bash.BashOperator'`.","category":"DeprecatedImportWarning","filename":"/opt/airflow/dags/weather_data_fetch.py","lineno":9,"logger":"py.warnings"}
{"timestamp":"2026-02-06T01:00:07.330344Z","level":"info","event":"","logger":"task.stdout"}
{"timestamp":"2026-02-06T01:00:07.330601Z","level":"info","event":"============================================================","logger":"task.stdout"}
{"timestamp":"2026-02-06T01:00:07.330719Z","level":"info","event":"🔄 Updating weather data freshness metrics...","logger":"task.stdout"}
{"timestamp":"2026-02-06T01:00:07.330844Z","level":"info","event":"============================================================","logger":"task.stdout"}
{"timestamp":"2026-02-06T01:00:07.339279Z","level":"info","event":"✓ Updated 105 records with freshness metrics","logger":"task.stdout"}
{"timestamp":"2026-02-06T01:00:07.339563Z","level":"info","event":"","logger":"task.stdout"}
{"timestamp":"2026-02-06T01:00:07.339689Z","level":"info","event":"Freshness Summary:","logger":"task.stdout"}
{"timestamp":"2026-02-06T01:00:07.339797Z","level":"info","event":"  ✅ FRESH: 19 records","logger":"task.stdout"}
{"timestamp":"2026-02-06T01:00:07.339898Z","level":"info","event":"  ⚠️ WARNING: 12 records","logger":"task.stdout"}
{"timestamp":"2026-02-06T01:00:07.340025Z","level":"info","event":"  ❌ STALE: 74 records","logger":"task.stdout"}
{"timestamp":"2026-02-06T01:00:07.340153Z","level":"info","event":"============================================================","logger":"task.stdout"}
{"timestamp":"2026-02-06T01:00:07.339573Z","level":"info","event":"Done. Returned value was: None","logger":"airflow.task.operators.airflow.providers.standard.operators.python.PythonOperator","filename":"python.py","lineno":215}
{"timestamp":"2026-02-06T01:55:54.481434Z","level":"info","event":"DAG bundles loaded: dags-folder","logger":"airflow.dag_processing.bundles.manager.DagBundlesManager","filename":"manager.py","lineno":179}
{"timestamp":"2026-02-06T01:55:54.482118Z","level":"info","event":"Filling up the DagBag from /opt/airflow/dags/weather_data_fetch.py","logger":"airflow.models.dagbag.DagBag","filename":"dagbag.py","lineno":593}
{"timestamp":"2026-02-06T01:55:54.493426Z","level":"warning","event":"The `airflow.operators.python.PythonOperator` attribute is deprecated. Please use `'airflow.providers.standard.operators.python.PythonOperator'`.","category":"DeprecatedImportWarning","filename":"/opt/airflow/dags/weather_data_fetch.py","lineno":8,"logger":"py.warnings"}
{"timestamp":"2026-02-06T01:55:54.493563Z","level":"warning","event":"The `airflow.operators.bash.BashOperator` attribute is deprecated. Please use `'airflow.providers.standard.operators.bash.BashOperator'`.","category":"DeprecatedImportWarning","filename":"/opt/airflow/dags/weather_data_fetch.py","lineno":9,"logger":"py.warnings"}
{"timestamp":"2026-02-06T01:55:54.525331Z","level":"info","event":"","logger":"task.stdout"}
{"timestamp":"2026-02-06T01:55:54.525495Z","level":"info","event":"============================================================","logger":"task.stdout"}
{"timestamp":"2026-02-06T01:55:54.525556Z","level":"info","event":"🔄 Updating weather data freshness metrics...","logger":"task.stdout"}
{"timestamp":"2026-02-06T01:55:54.525621Z","level":"info","event":"============================================================","logger":"task.stdout"}
{"timestamp":"2026-02-06T01:55:54.538220Z","level":"info","event":"✓ Updated 115 records with freshness metrics","logger":"task.stdout"}
{"timestamp":"2026-02-06T01:55:54.538366Z","level":"info","event":"","logger":"task.stdout"}
{"timestamp":"2026-02-06T01:55:54.538420Z","level":"info","event":"Freshness Summary:","logger":"task.stdout"}
{"timestamp":"2026-02-06T01:55:54.538461Z","level":"info","event":"  ✅ FRESH: 13 records","logger":"task.stdout"}
{"timestamp":"2026-02-06T01:55:54.538500Z","level":"info","event":"  ⚠️ WARNING: 28 records","logger":"task.stdout"}
{"timestamp":"2026-02-06T01:55:54.538536Z","level":"info","event":"  ❌ STALE: 74 records","logger":"task.stdout"}
{"timestamp":"2026-02-06T01:55:54.538587Z","level":"info","event":"============================================================","logger":"task.stdout"}
{"timestamp":"2026-02-06T01:55:54.538417Z","level":"info","event":"Done. Returned value was: None","logger":"airflow.task.operators.airflow.providers.standard.operators.python.PythonOperator","filename":"python.py","lineno":215}
