{"timestamp":"2026-01-30T00:50:23.753729Z","level":"info","event":"DAG bundles loaded: dags-folder","logger":"airflow.dag_processing.bundles.manager.DagBundlesManager","filename":"manager.py","lineno":179}
{"timestamp":"2026-01-30T00:50:23.759596Z","level":"info","event":"Filling up the DagBag from /opt/airflow/dags/weather_data_fetch.py","logger":"airflow.models.dagbag.DagBag","filename":"dagbag.py","lineno":593}
{"timestamp":"2026-01-30T00:50:24.234774Z","level":"warning","event":"The `airflow.operators.python.PythonOperator` attribute is deprecated. Please use `'airflow.providers.standard.operators.python.PythonOperator'`.","category":"DeprecatedImportWarning","filename":"/opt/airflow/dags/weather_data_fetch.py","lineno":8,"logger":"py.warnings"}
{"timestamp":"2026-01-30T00:50:24.235120Z","level":"warning","event":"The `airflow.operators.bash.BashOperator` attribute is deprecated. Please use `'airflow.providers.standard.operators.bash.BashOperator'`.","category":"DeprecatedImportWarning","filename":"/opt/airflow/dags/weather_data_fetch.py","lineno":9,"logger":"py.warnings"}
{"timestamp":"2026-01-30T00:50:27.958319Z","level":"info","event":"","logger":"task.stdout"}
{"timestamp":"2026-01-30T00:50:27.958743Z","level":"info","event":"============================================================","logger":"task.stdout"}
{"timestamp":"2026-01-30T00:50:27.958943Z","level":"info","event":"🌦️ Fetching BMKG Weather Data","logger":"task.stdout"}
{"timestamp":"2026-01-30T00:50:27.959031Z","level":"info","event":"============================================================","logger":"task.stdout"}
{"timestamp":"2026-01-30T00:50:28.179879Z","level":"info","event":"","logger":"task.stdout"}
{"timestamp":"2026-01-30T00:50:28.180387Z","level":"info","event":"📍 Fetching weather for ADM4: 35.78.21.1004","logger":"task.stdout"}
{"timestamp":"2026-01-30T00:50:29.362052Z","level":"info","event":"   Parsed 22 weather records","logger":"task.stdout"}
{"timestamp":"2026-01-30T00:50:29.377091Z","level":"info","event":"","logger":"task.stdout"}
{"timestamp":"2026-01-30T00:50:29.377324Z","level":"info","event":"⚠️  Found 6 expired weather records to delete","logger":"task.stdout"}
{"timestamp":"2026-01-30T00:50:29.377441Z","level":"info","event":"   Time range: 2026-01-29 23:00:00 to 2026-01-30 07:00:00","logger":"task.stdout"}
{"timestamp":"2026-01-30T00:50:29.377630Z","level":"info","event":"   (waktu < NOW at 2026-01-30 07:50:29 WIB)","logger":"task.stdout"}
{"timestamp":"2026-01-30T00:50:29.377774Z","level":"info","event":"✅ Deleted 6 expired weather records","logger":"task.stdout"}
{"timestamp":"2026-01-30T00:50:29.390141Z","level":"info","event":"✓ Inserted 22 weather records","logger":"task.stdout"}
{"timestamp":"2026-01-30T00:50:29.390314Z","level":"info","event":"","logger":"task.stdout"}
{"timestamp":"2026-01-30T00:50:29.390425Z","level":"info","event":"📍 Fetching weather for ADM4: 35.25.14.1010","logger":"task.stdout"}
{"timestamp":"2026-01-30T00:50:30.287628Z","level":"info","event":"   Parsed 22 weather records","logger":"task.stdout"}
{"timestamp":"2026-01-30T00:50:30.303355Z","level":"info","event":"","logger":"task.stdout"}
{"timestamp":"2026-01-30T00:50:30.303638Z","level":"info","event":"⚠️  Found 3 expired weather records to delete","logger":"task.stdout"}
{"timestamp":"2026-01-30T00:50:30.303830Z","level":"info","event":"   Time range: 2026-01-30 01:00:00 to 2026-01-30 07:00:00","logger":"task.stdout"}
{"timestamp":"2026-01-30T00:50:30.304068Z","level":"info","event":"   (waktu < NOW at 2026-01-30 07:50:30 WIB)","logger":"task.stdout"}
{"timestamp":"2026-01-30T00:50:30.304177Z","level":"info","event":"✅ Deleted 3 expired weather records","logger":"task.stdout"}
{"timestamp":"2026-01-30T00:50:30.318580Z","level":"info","event":"✓ Inserted 22 weather records","logger":"task.stdout"}
{"timestamp":"2026-01-30T00:50:30.318742Z","level":"info","event":"","logger":"task.stdout"}
{"timestamp":"2026-01-30T00:50:30.318808Z","level":"info","event":"============================================================","logger":"task.stdout"}
{"timestamp":"2026-01-30T00:50:30.318875Z","level":"info","event":"✓ Total records inserted: 44","logger":"task.stdout"}
{"timestamp":"2026-01-30T00:50:30.318924Z","level":"info","event":"============================================================","logger":"task.stdout"}
{"timestamp":"2026-01-30T00:50:30.318715Z","level":"info","event":"Done. Returned value was: 44","logger":"airflow.task.operators.airflow.providers.standard.operators.python.PythonOperator","filename":"python.py","lineno":215}
{"timestamp":"2026-01-30T00:50:30.319051Z","level":"info","event":"Pushing xcom","ti":"RuntimeTaskInstance(id=UUID('019c0be0-e080-7454-9902-1f659d18cdcf'), task_id='fetch_bmkg_weather', dag_id='weather_data_fetch', run_id='scheduled__2026-01-29T18:00:00+00:00', try_number=3, dag_version_id=UUID('019bf85e-bdaa-72d4-8530-24267eab6b2a'), map_index=-1, hostname='OM-RAFIE.localdomain', context_carrier={}, task=<Task(PythonOperator): fetch_bmkg_weather>, bundle_instance=LocalDagBundle(name=dags-folder), max_tries=2, start_date=datetime.datetime(2026, 1, 30, 0, 50, 23, 90776, tzinfo=datetime.timezone.utc), end_date=None, state=<TaskInstanceState.RUNNING: 'running'>, is_mapped=False, rendered_map_index=None)","logger":"task","filename":"task_runner.py","lineno":1360}
