{"timestamp":"2026-01-29T22:30:11.317288Z","level":"info","event":"DAG bundles loaded: dags-folder","logger":"airflow.dag_processing.bundles.manager.DagBundlesManager","filename":"manager.py","lineno":179}
{"timestamp":"2026-01-29T22:30:11.339132Z","level":"info","event":"Filling up the DagBag from /opt/airflow/dags/weather_data_fetch.py","logger":"airflow.models.dagbag.DagBag","filename":"dagbag.py","lineno":593}
{"timestamp":"2026-01-29T22:30:12.084804Z","level":"warning","event":"The `airflow.operators.python.PythonOperator` attribute is deprecated. Please use `'airflow.providers.standard.operators.python.PythonOperator'`.","category":"DeprecatedImportWarning","filename":"/opt/airflow/dags/weather_data_fetch.py","lineno":8,"logger":"py.warnings"}
{"timestamp":"2026-01-29T22:30:12.085261Z","level":"warning","event":"The `airflow.operators.bash.BashOperator` attribute is deprecated. Please use `'airflow.providers.standard.operators.bash.BashOperator'`.","category":"DeprecatedImportWarning","filename":"/opt/airflow/dags/weather_data_fetch.py","lineno":9,"logger":"py.warnings"}
{"timestamp":"2026-01-29T22:30:13.152097Z","level":"info","event":"","logger":"task.stdout"}
{"timestamp":"2026-01-29T22:30:13.152318Z","level":"info","event":"============================================================","logger":"task.stdout"}
{"timestamp":"2026-01-29T22:30:13.152517Z","level":"info","event":"🌦️ Fetching BMKG Weather Data","logger":"task.stdout"}
{"timestamp":"2026-01-29T22:30:13.153334Z","level":"info","event":"============================================================","logger":"task.stdout"}
{"timestamp":"2026-01-29T22:30:13.295877Z","level":"info","event":"","logger":"task.stdout"}
{"timestamp":"2026-01-29T22:30:13.296049Z","level":"info","event":"📍 Fetching weather for ADM4: 35.78.21.1004","logger":"task.stdout"}
{"timestamp":"2026-01-29T22:30:14.212502Z","level":"info","event":"   Parsed 17 weather records","logger":"task.stdout"}
{"timestamp":"2026-01-29T22:30:14.238801Z","level":"info","event":"","logger":"task.stdout"}
{"timestamp":"2026-01-29T22:30:14.238999Z","level":"info","event":"⚠️  Found 12 expired weather records to delete","logger":"task.stdout"}
{"timestamp":"2026-01-29T22:30:14.239456Z","level":"info","event":"   Time range: 2026-01-29 21:00:00 to 2026-01-30 05:00:00","logger":"task.stdout"}
{"timestamp":"2026-01-29T22:30:14.239598Z","level":"info","event":"   (waktu < NOW at 2026-01-30 05:30:14 WIB)","logger":"task.stdout"}
{"timestamp":"2026-01-29T22:30:14.243553Z","level":"info","event":"✅ Deleted 12 expired weather records","logger":"task.stdout"}
{"timestamp":"2026-01-29T22:30:14.265627Z","level":"info","event":"✓ Inserted 17 weather records","logger":"task.stdout"}
{"timestamp":"2026-01-29T22:30:14.265856Z","level":"info","event":"","logger":"task.stdout"}
{"timestamp":"2026-01-29T22:30:14.265930Z","level":"info","event":"📍 Fetching weather for ADM4: 35.25.14.1010","logger":"task.stdout"}
{"timestamp":"2026-01-29T22:30:14.846900Z","level":"info","event":"   Parsed 17 weather records","logger":"task.stdout"}
{"timestamp":"2026-01-29T22:30:14.860426Z","level":"info","event":"","logger":"task.stdout"}
{"timestamp":"2026-01-29T22:30:14.860600Z","level":"info","event":"⚠️  Found 3 expired weather records to delete","logger":"task.stdout"}
{"timestamp":"2026-01-29T22:30:14.860657Z","level":"info","event":"   Time range: 2026-01-29 23:00:00 to 2026-01-30 05:00:00","logger":"task.stdout"}
{"timestamp":"2026-01-29T22:30:14.860781Z","level":"info","event":"   (waktu < NOW at 2026-01-30 05:30:14 WIB)","logger":"task.stdout"}
{"timestamp":"2026-01-29T22:30:14.860915Z","level":"info","event":"✅ Deleted 3 expired weather records","logger":"task.stdout"}
{"timestamp":"2026-01-29T22:30:14.871423Z","level":"info","event":"✓ Inserted 17 weather records","logger":"task.stdout"}
{"timestamp":"2026-01-29T22:30:14.871635Z","level":"info","event":"","logger":"task.stdout"}
{"timestamp":"2026-01-29T22:30:14.871695Z","level":"info","event":"============================================================","logger":"task.stdout"}
{"timestamp":"2026-01-29T22:30:14.871805Z","level":"info","event":"✓ Total records inserted: 34","logger":"task.stdout"}
{"timestamp":"2026-01-29T22:30:14.871863Z","level":"info","event":"============================================================","logger":"task.stdout"}
{"timestamp":"2026-01-29T22:30:14.871514Z","level":"info","event":"Done. Returned value was: 34","logger":"airflow.task.operators.airflow.providers.standard.operators.python.PythonOperator","filename":"python.py","lineno":215}
{"timestamp":"2026-01-29T22:30:14.872241Z","level":"info","event":"Pushing xcom","ti":"RuntimeTaskInstance(id=UUID('019c0bc7-3aa0-7e44-8e9b-a65430867089'), task_id='fetch_bmkg_weather', dag_id='weather_data_fetch', run_id='scheduled__2026-01-29T18:00:00+00:00', try_number=1, dag_version_id=UUID('019bf85e-bdaa-72d4-8530-24267eab6b2a'), map_index=-1, hostname='OM-RAFIE.localdomain', context_carrier={}, task=<Task(PythonOperator): fetch_bmkg_weather>, bundle_instance=LocalDagBundle(name=dags-folder), max_tries=2, start_date=datetime.datetime(2026, 1, 29, 22, 2, 13, 830811, tzinfo=datetime.timezone.utc), end_date=None, state=<TaskInstanceState.RUNNING: 'running'>, is_mapped=False, rendered_map_index=None)","logger":"task","filename":"task_runner.py","lineno":1360}
{"timestamp":"2026-01-29T22:30:14.971382Z","level":"error","event":"Top level error","logger":"task","filename":"task_runner.py","lineno":1465,"error_detail":[{"exc_type":"AirflowRuntimeError","exc_value":"API_SERVER_ERROR: {'status_code': 404, 'message': 'Server returned error', 'detail': {'detail': {'reason': 'not_found', 'message': 'Task Instance not found'}}}","exc_notes":[],"syntax_error":null,"is_cause":false,"frames":[{"filename":"/home/airflow/.local/lib/python3.13/site-packages/airflow/sdk/execution_time/task_runner.py","lineno":1458,"name":"main"},{"filename":"/home/airflow/.local/lib/python3.13/site-packages/airflow/sdk/execution_time/task_runner.py","lineno":1007,"name":"run"},{"filename":"/home/airflow/.local/lib/python3.13/site-packages/airflow/sdk/execution_time/comms.py","lineno":207,"name":"send"},{"filename":"/home/airflow/.local/lib/python3.13/site-packages/airflow/sdk/execution_time/comms.py","lineno":271,"name":"_get_response"},{"filename":"/home/airflow/.local/lib/python3.13/site-packages/airflow/sdk/execution_time/comms.py","lineno":258,"name":"_from_frame"}],"is_group":false,"exceptions":[]}]}
{"timestamp":"2026-01-29T22:30:14.995091Z","level":"warning","event":"Process exited abnormally","exit_code":1,"logger":"task"}
