{"timestamp":"2026-01-30T08:00:02.318647Z","level":"info","event":"DAG bundles loaded: dags-folder","logger":"airflow.dag_processing.bundles.manager.DagBundlesManager","filename":"manager.py","lineno":179}
{"timestamp":"2026-01-30T08:00:02.328860Z","level":"info","event":"Filling up the DagBag from /opt/airflow/dags/weather_data_fetch.py","logger":"airflow.models.dagbag.DagBag","filename":"dagbag.py","lineno":593}
{"timestamp":"2026-01-30T08:00:02.514589Z","level":"warning","event":"The `airflow.operators.python.PythonOperator` attribute is deprecated. Please use `'airflow.providers.standard.operators.python.PythonOperator'`.","category":"DeprecatedImportWarning","filename":"/opt/airflow/dags/weather_data_fetch.py","lineno":8,"logger":"py.warnings"}
{"timestamp":"2026-01-30T08:00:02.514763Z","level":"warning","event":"The `airflow.operators.bash.BashOperator` attribute is deprecated. Please use `'airflow.providers.standard.operators.bash.BashOperator'`.","category":"DeprecatedImportWarning","filename":"/opt/airflow/dags/weather_data_fetch.py","lineno":9,"logger":"py.warnings"}
{"timestamp":"2026-01-30T08:00:03.171918Z","level":"info","event":"","logger":"task.stdout"}
{"timestamp":"2026-01-30T08:00:03.172083Z","level":"info","event":"============================================================","logger":"task.stdout"}
{"timestamp":"2026-01-30T08:00:03.172136Z","level":"info","event":"🌦️ Fetching BMKG Weather Data","logger":"task.stdout"}
{"timestamp":"2026-01-30T08:00:03.172221Z","level":"info","event":"============================================================","logger":"task.stdout"}
{"timestamp":"2026-01-30T08:00:03.244958Z","level":"info","event":"","logger":"task.stdout"}
{"timestamp":"2026-01-30T08:00:03.245154Z","level":"info","event":"📍 Fetching weather for ADM4: 35.78.21.1004","logger":"task.stdout"}
{"timestamp":"2026-01-30T08:00:04.361805Z","level":"info","event":"   Parsed 19 weather records","logger":"task.stdout"}
{"timestamp":"2026-01-30T08:00:04.383275Z","level":"info","event":"","logger":"task.stdout"}
{"timestamp":"2026-01-30T08:00:04.383484Z","level":"info","event":"⚠️  Found 2 expired weather records to delete","logger":"task.stdout"}
{"timestamp":"2026-01-30T08:00:04.383582Z","level":"info","event":"   Time range: 2026-01-30 15:00:00 to 2026-01-30 15:00:00","logger":"task.stdout"}
{"timestamp":"2026-01-30T08:00:04.383700Z","level":"info","event":"   (waktu < NOW at 2026-01-30 15:00:04 WIB)","logger":"task.stdout"}
{"timestamp":"2026-01-30T08:00:04.386185Z","level":"info","event":"✅ Deleted 2 expired weather records","logger":"task.stdout"}
{"timestamp":"2026-01-30T08:00:04.402563Z","level":"info","event":"✓ Inserted 19 weather records","logger":"task.stdout"}
{"timestamp":"2026-01-30T08:00:04.402842Z","level":"info","event":"","logger":"task.stdout"}
{"timestamp":"2026-01-30T08:00:04.402913Z","level":"info","event":"📍 Fetching weather for ADM4: 35.25.14.1010","logger":"task.stdout"}
{"timestamp":"2026-01-30T08:00:05.193810Z","level":"info","event":"   Parsed 19 weather records","logger":"task.stdout"}
{"timestamp":"2026-01-30T08:00:05.211116Z","level":"info","event":"","logger":"task.stdout"}
{"timestamp":"2026-01-30T08:00:05.211308Z","level":"info","event":"⚠️  Found 3 expired weather records to delete","logger":"task.stdout"}
{"timestamp":"2026-01-30T08:00:05.211395Z","level":"info","event":"   Time range: 2026-01-30 09:00:00 to 2026-01-30 15:00:00","logger":"task.stdout"}
{"timestamp":"2026-01-30T08:00:05.211512Z","level":"info","event":"   (waktu < NOW at 2026-01-30 15:00:05 WIB)","logger":"task.stdout"}
{"timestamp":"2026-01-30T08:00:05.211617Z","level":"info","event":"✅ Deleted 3 expired weather records","logger":"task.stdout"}
{"timestamp":"2026-01-30T08:00:05.218459Z","level":"info","event":"✓ Inserted 19 weather records","logger":"task.stdout"}
{"timestamp":"2026-01-30T08:00:05.218621Z","level":"info","event":"","logger":"task.stdout"}
{"timestamp":"2026-01-30T08:00:05.218687Z","level":"info","event":"============================================================","logger":"task.stdout"}
{"timestamp":"2026-01-30T08:00:05.218758Z","level":"info","event":"✓ Total records inserted: 38","logger":"task.stdout"}
{"timestamp":"2026-01-30T08:00:05.218809Z","level":"info","event":"============================================================","logger":"task.stdout"}
{"timestamp":"2026-01-30T08:00:05.218566Z","level":"info","event":"Done. Returned value was: 38","logger":"airflow.task.operators.airflow.providers.standard.operators.python.PythonOperator","filename":"python.py","lineno":215}
{"timestamp":"2026-01-30T08:00:05.219997Z","level":"info","event":"Pushing xcom","ti":"RuntimeTaskInstance(id=UUID('019c0dea-8b95-72e1-9fe1-eb197c3eefce'), task_id='fetch_bmkg_weather', dag_id='weather_data_fetch', run_id='scheduled__2026-01-30T08:00:00+00:00', try_number=1, dag_version_id=UUID('019c0dd4-58cf-774a-9f83-a68201e36c2d'), map_index=-1, hostname='OM-RAFIE.localdomain', context_carrier={}, task=<Task(PythonOperator): fetch_bmkg_weather>, bundle_instance=LocalDagBundle(name=dags-folder), max_tries=2, start_date=datetime.datetime(2026, 1, 30, 8, 0, 1, 873505, tzinfo=datetime.timezone.utc), end_date=None, state=<TaskInstanceState.RUNNING: 'running'>, is_mapped=False, rendered_map_index=None)","logger":"task","filename":"task_runner.py","lineno":1360}
