{"timestamp":"2026-02-02T07:00:02.241510Z","level":"info","event":"DAG bundles loaded: dags-folder","logger":"airflow.dag_processing.bundles.manager.DagBundlesManager","filename":"manager.py","lineno":179}
{"timestamp":"2026-02-02T07:00:02.247072Z","level":"info","event":"Filling up the DagBag from /opt/airflow/dags/weather_data_fetch.py","logger":"airflow.models.dagbag.DagBag","filename":"dagbag.py","lineno":593}
{"timestamp":"2026-02-02T07:00:02.337535Z","level":"warning","event":"The `airflow.operators.python.PythonOperator` attribute is deprecated. Please use `'airflow.providers.standard.operators.python.PythonOperator'`.","category":"DeprecatedImportWarning","filename":"/opt/airflow/dags/weather_data_fetch.py","lineno":8,"logger":"py.warnings"}
{"timestamp":"2026-02-02T07:00:02.337696Z","level":"warning","event":"The `airflow.operators.bash.BashOperator` attribute is deprecated. Please use `'airflow.providers.standard.operators.bash.BashOperator'`.","category":"DeprecatedImportWarning","filename":"/opt/airflow/dags/weather_data_fetch.py","lineno":9,"logger":"py.warnings"}
{"timestamp":"2026-02-02T07:00:02.765803Z","level":"info","event":"","logger":"task.stdout"}
{"timestamp":"2026-02-02T07:00:02.765984Z","level":"info","event":"============================================================","logger":"task.stdout"}
{"timestamp":"2026-02-02T07:00:02.766110Z","level":"info","event":"🌦️ Fetching BMKG Weather Data","logger":"task.stdout"}
{"timestamp":"2026-02-02T07:00:02.766217Z","level":"info","event":"============================================================","logger":"task.stdout"}
{"timestamp":"2026-02-02T07:00:02.850449Z","level":"info","event":"","logger":"task.stdout"}
{"timestamp":"2026-02-02T07:00:02.850638Z","level":"info","event":"📍 Fetching weather for ADM4: 35.78.21.1004","logger":"task.stdout"}
{"timestamp":"2026-02-02T07:00:04.365915Z","level":"info","event":"   Parsed 20 weather records","logger":"task.stdout"}
{"timestamp":"2026-02-02T07:00:04.383688Z","level":"info","event":"","logger":"task.stdout"}
{"timestamp":"2026-02-02T07:00:04.383860Z","level":"info","event":"⚠️  Found 2 expired weather records to delete","logger":"task.stdout"}
{"timestamp":"2026-02-02T07:00:04.384109Z","level":"info","event":"   Time range: 2026-02-02 14:00:00 to 2026-02-02 14:00:00","logger":"task.stdout"}
{"timestamp":"2026-02-02T07:00:04.384215Z","level":"info","event":"   (waktu < NOW at 2026-02-02 14:00:04 WIB)","logger":"task.stdout"}
{"timestamp":"2026-02-02T07:00:04.386653Z","level":"info","event":"✅ Deleted 2 expired weather records","logger":"task.stdout"}
{"timestamp":"2026-02-02T07:00:04.400054Z","level":"info","event":"✓ Inserted 20 weather records","logger":"task.stdout"}
{"timestamp":"2026-02-02T07:00:04.400246Z","level":"info","event":"","logger":"task.stdout"}
{"timestamp":"2026-02-02T07:00:04.400320Z","level":"info","event":"📍 Fetching weather for ADM4: 35.25.14.1010","logger":"task.stdout"}
{"timestamp":"2026-02-02T07:00:05.678273Z","level":"info","event":"   Parsed 20 weather records","logger":"task.stdout"}
{"timestamp":"2026-02-02T07:00:05.689487Z","level":"info","event":"","logger":"task.stdout"}
{"timestamp":"2026-02-02T07:00:05.689658Z","level":"info","event":"⚠️  Found 3 expired weather records to delete","logger":"task.stdout"}
{"timestamp":"2026-02-02T07:00:05.689713Z","level":"info","event":"   Time range: 2026-02-02 07:00:00 to 2026-02-02 13:00:00","logger":"task.stdout"}
{"timestamp":"2026-02-02T07:00:05.689804Z","level":"info","event":"   (waktu < NOW at 2026-02-02 14:00:05 WIB)","logger":"task.stdout"}
{"timestamp":"2026-02-02T07:00:05.689943Z","level":"info","event":"✅ Deleted 3 expired weather records","logger":"task.stdout"}
{"timestamp":"2026-02-02T07:00:05.697846Z","level":"info","event":"✓ Inserted 20 weather records","logger":"task.stdout"}
{"timestamp":"2026-02-02T07:00:05.698004Z","level":"info","event":"","logger":"task.stdout"}
{"timestamp":"2026-02-02T07:00:05.698059Z","level":"info","event":"============================================================","logger":"task.stdout"}
{"timestamp":"2026-02-02T07:00:05.698120Z","level":"info","event":"✓ Total records inserted: 40","logger":"task.stdout"}
{"timestamp":"2026-02-02T07:00:05.698162Z","level":"info","event":"============================================================","logger":"task.stdout"}
{"timestamp":"2026-02-02T07:00:05.697908Z","level":"info","event":"Done. Returned value was: 40","logger":"airflow.task.operators.airflow.providers.standard.operators.python.PythonOperator","filename":"python.py","lineno":215}
{"timestamp":"2026-02-02T07:00:05.698644Z","level":"info","event":"Pushing xcom","ti":"RuntimeTaskInstance(id=UUID('019c1d26-ae46-718f-90ff-d42bfd701b89'), task_id='fetch_bmkg_weather', dag_id='weather_data_fetch', run_id='scheduled__2026-02-02T07:00:00+00:00', try_number=1, dag_version_id=UUID('019c0dd4-58cf-774a-9f83-a68201e36c2d'), map_index=-1, hostname='OM-RAFIE.localdomain', context_carrier={}, task=<Task(PythonOperator): fetch_bmkg_weather>, bundle_instance=LocalDagBundle(name=dags-folder), max_tries=2, start_date=datetime.datetime(2026, 2, 2, 7, 0, 1, 620270, tzinfo=datetime.timezone.utc), end_date=None, state=<TaskInstanceState.RUNNING: 'running'>, is_mapped=False, rendered_map_index=None)","logger":"task","filename":"task_runner.py","lineno":1360}
