{"timestamp":"2026-01-19T05:44:59.020304Z","level":"info","event":"DAG bundles loaded: dags-folder","logger":"airflow.dag_processing.bundles.manager.DagBundlesManager","filename":"manager.py","lineno":179}
{"timestamp":"2026-01-19T05:44:59.021631Z","level":"info","event":"Filling up the DagBag from /opt/airflow/dags/list_database_tables.py","logger":"airflow.models.dagbag.DagBag","filename":"dagbag.py","lineno":593}
{"timestamp":"2026-01-19T05:44:59.034619Z","level":"warning","event":"The `airflow.operators.python.PythonOperator` attribute is deprecated. Please use `'airflow.providers.standard.operators.python.PythonOperator'`.","category":"DeprecatedImportWarning","filename":"/opt/airflow/dags/list_database_tables.py","lineno":5,"logger":"py.warnings"}
{"timestamp":"2026-01-19T05:44:59.099658Z","level":"info","event":"","logger":"task.stdout"}
{"timestamp":"2026-01-19T05:44:59.099849Z","level":"info","event":"======================================================================","logger":"task.stdout"}
{"timestamp":"2026-01-19T05:44:59.099908Z","level":"info","event":"TABLES IN AIRFLOW DATABASE ON PORT 5433","logger":"task.stdout"}
{"timestamp":"2026-01-19T05:44:59.099953Z","level":"info","event":"======================================================================","logger":"task.stdout"}
{"timestamp":"2026-01-19T05:44:59.099994Z","level":"info","event":"  public.alembic_version","logger":"task.stdout"}
{"timestamp":"2026-01-19T05:44:59.100031Z","level":"info","event":"  public.asset","logger":"task.stdout"}
{"timestamp":"2026-01-19T05:44:59.100068Z","level":"info","event":"  public.asset_active","logger":"task.stdout"}
{"timestamp":"2026-01-19T05:44:59.100103Z","level":"info","event":"  public.asset_alias","logger":"task.stdout"}
{"timestamp":"2026-01-19T05:44:59.100139Z","level":"info","event":"  public.asset_alias_asset","logger":"task.stdout"}
{"timestamp":"2026-01-19T05:44:59.100174Z","level":"info","event":"  public.asset_alias_asset_event","logger":"task.stdout"}
{"timestamp":"2026-01-19T05:44:59.100216Z","level":"info","event":"  public.asset_dag_run_queue","logger":"task.stdout"}
{"timestamp":"2026-01-19T05:44:59.100254Z","level":"info","event":"  public.asset_event","logger":"task.stdout"}
{"timestamp":"2026-01-19T05:44:59.100289Z","level":"info","event":"  public.asset_trigger","logger":"task.stdout"}
{"timestamp":"2026-01-19T05:44:59.100324Z","level":"info","event":"  public.backfill","logger":"task.stdout"}
{"timestamp":"2026-01-19T05:44:59.100380Z","level":"info","event":"  public.backfill_dag_run","logger":"task.stdout"}
{"timestamp":"2026-01-19T05:44:59.100424Z","level":"info","event":"  public.callback_request","logger":"task.stdout"}
{"timestamp":"2026-01-19T05:44:59.100568Z","level":"info","event":"  public.connection","logger":"task.stdout"}
{"timestamp":"2026-01-19T05:44:59.100644Z","level":"info","event":"  public.dag","logger":"task.stdout"}
{"timestamp":"2026-01-19T05:44:59.100694Z","level":"info","event":"  public.dag_bundle","logger":"task.stdout"}
{"timestamp":"2026-01-19T05:44:59.100733Z","level":"info","event":"  public.dag_bundle_team","logger":"task.stdout"}
{"timestamp":"2026-01-19T05:44:59.100772Z","level":"info","event":"  public.dag_code","logger":"task.stdout"}
{"timestamp":"2026-01-19T05:44:59.100808Z","level":"info","event":"  public.dag_favorite","logger":"task.stdout"}
{"timestamp":"2026-01-19T05:44:59.100845Z","level":"info","event":"  public.dag_owner_attributes","logger":"task.stdout"}
{"timestamp":"2026-01-19T05:44:59.100880Z","level":"info","event":"  public.dag_priority_parsing_request","logger":"task.stdout"}
{"timestamp":"2026-01-19T05:44:59.100918Z","level":"info","event":"  public.dag_run","logger":"task.stdout"}
{"timestamp":"2026-01-19T05:44:59.100956Z","level":"info","event":"  public.dag_run_note","logger":"task.stdout"}
{"timestamp":"2026-01-19T05:44:59.100991Z","level":"info","event":"  public.dag_schedule_asset_alias_reference","logger":"task.stdout"}
{"timestamp":"2026-01-19T05:44:59.101026Z","level":"info","event":"  public.dag_schedule_asset_name_reference","logger":"task.stdout"}
{"timestamp":"2026-01-19T05:44:59.101081Z","level":"info","event":"  public.dag_schedule_asset_reference","logger":"task.stdout"}
{"timestamp":"2026-01-19T05:44:59.101121Z","level":"info","event":"  public.dag_schedule_asset_uri_reference","logger":"task.stdout"}
{"timestamp":"2026-01-19T05:44:59.101156Z","level":"info","event":"  public.dag_tag","logger":"task.stdout"}
{"timestamp":"2026-01-19T05:44:59.101197Z","level":"info","event":"  public.dag_version","logger":"task.stdout"}
{"timestamp":"2026-01-19T05:44:59.101231Z","level":"info","event":"  public.dag_warning","logger":"task.stdout"}
{"timestamp":"2026-01-19T05:44:59.101264Z","level":"info","event":"  public.dagrun_asset_event","logger":"task.stdout"}
{"timestamp":"2026-01-19T05:44:59.101296Z","level":"info","event":"  public.deadline","logger":"task.stdout"}
{"timestamp":"2026-01-19T05:44:59.101329Z","level":"info","event":"  public.hitl_detail","logger":"task.stdout"}
{"timestamp":"2026-01-19T05:44:59.101362Z","level":"info","event":"  public.import_error","logger":"task.stdout"}
{"timestamp":"2026-01-19T05:44:59.101394Z","level":"info","event":"  public.job","logger":"task.stdout"}
{"timestamp":"2026-01-19T05:44:59.101523Z","level":"info","event":"  public.log","logger":"task.stdout"}
{"timestamp":"2026-01-19T05:44:59.101581Z","level":"info","event":"  public.log_template","logger":"task.stdout"}
{"timestamp":"2026-01-19T05:44:59.101621Z","level":"info","event":"  public.rendered_task_instance_fields","logger":"task.stdout"}
{"timestamp":"2026-01-19T05:44:59.101658Z","level":"info","event":"  public.serialized_dag","logger":"task.stdout"}
{"timestamp":"2026-01-19T05:44:59.101693Z","level":"info","event":"  public.slot_pool","logger":"task.stdout"}
{"timestamp":"2026-01-19T05:44:59.101727Z","level":"info","event":"  public.task_inlet_asset_reference","logger":"task.stdout"}
{"timestamp":"2026-01-19T05:44:59.101762Z","level":"info","event":"  public.task_instance","logger":"task.stdout"}
{"timestamp":"2026-01-19T05:44:59.101796Z","level":"info","event":"  public.task_instance_history","logger":"task.stdout"}
{"timestamp":"2026-01-19T05:44:59.101830Z","level":"info","event":"  public.task_instance_note","logger":"task.stdout"}
{"timestamp":"2026-01-19T05:44:59.101865Z","level":"info","event":"  public.task_map","logger":"task.stdout"}
{"timestamp":"2026-01-19T05:44:59.101898Z","level":"info","event":"  public.task_outlet_asset_reference","logger":"task.stdout"}
{"timestamp":"2026-01-19T05:44:59.101932Z","level":"info","event":"  public.task_reschedule","logger":"task.stdout"}
{"timestamp":"2026-01-19T05:44:59.101965Z","level":"info","event":"  public.team","logger":"task.stdout"}
{"timestamp":"2026-01-19T05:44:59.101999Z","level":"info","event":"  public.trigger","logger":"task.stdout"}
{"timestamp":"2026-01-19T05:44:59.102032Z","level":"info","event":"  public.variable","logger":"task.stdout"}
{"timestamp":"2026-01-19T05:44:59.102064Z","level":"info","event":"  public.xcom","logger":"task.stdout"}
{"timestamp":"2026-01-19T05:44:59.102098Z","level":"info","event":"======================================================================","logger":"task.stdout"}
{"timestamp":"2026-01-19T05:44:59.102133Z","level":"info","event":"","logger":"task.stdout"}
{"timestamp":"2026-01-19T05:44:59.118610Z","level":"info","event":"Done. Returned value was: 50","logger":"airflow.task.operators.airflow.providers.standard.operators.python.PythonOperator","filename":"python.py","lineno":215}
{"timestamp":"2026-01-19T05:44:59.118854Z","level":"info","event":"Pushing xcom","ti":"RuntimeTaskInstance(id=UUID('019bd4c8-efe6-7f22-9c4c-faf759b3632b'), task_id='list_tables_task', dag_id='list_database_tables', run_id='scheduled__2026-01-19T00:00:00+00:00', try_number=1, dag_version_id=UUID('019bd4c8-1b34-7d4a-bc91-4f2305e7ae22'), map_index=-1, hostname='OM-RAFIE.localdomain', context_carrier={}, task=<Task(PythonOperator): list_tables_task>, bundle_instance=LocalDagBundle(name=dags-folder), max_tries=1, start_date=datetime.datetime(2026, 1, 19, 5, 44, 57, 206631, tzinfo=datetime.timezone.utc), end_date=None, state=<TaskInstanceState.RUNNING: 'running'>, is_mapped=False, rendered_map_index=None)","logger":"task","filename":"task_runner.py","lineno":1360}
