{"timestamp":"2026-01-30T03:26:07.821994Z","level":"info","event":"DAG bundles loaded: dags-folder","logger":"airflow.dag_processing.bundles.manager.DagBundlesManager","filename":"manager.py","lineno":179}
{"timestamp":"2026-01-30T03:26:07.823599Z","level":"info","event":"Filling up the DagBag from /opt/airflow/dags/weather_data_fetch.py","logger":"airflow.models.dagbag.DagBag","filename":"dagbag.py","lineno":593}
{"timestamp":"2026-01-30T03:26:07.845060Z","level":"warning","event":"The `airflow.operators.python.PythonOperator` attribute is deprecated. Please use `'airflow.providers.standard.operators.python.PythonOperator'`.","category":"DeprecatedImportWarning","filename":"/opt/airflow/dags/weather_data_fetch.py","lineno":8,"logger":"py.warnings"}
{"timestamp":"2026-01-30T03:26:07.845202Z","level":"warning","event":"The `airflow.operators.bash.BashOperator` attribute is deprecated. Please use `'airflow.providers.standard.operators.bash.BashOperator'`.","category":"DeprecatedImportWarning","filename":"/opt/airflow/dags/weather_data_fetch.py","lineno":9,"logger":"py.warnings"}
{"timestamp":"2026-01-30T03:26:07.983460Z","level":"info","event":"","logger":"task.stdout"}
{"timestamp":"2026-01-30T03:26:07.983640Z","level":"info","event":"============================================================","logger":"task.stdout"}
{"timestamp":"2026-01-30T03:26:07.983706Z","level":"info","event":"🌦️ Fetching BMKG Weather Data","logger":"task.stdout"}
{"timestamp":"2026-01-30T03:26:07.983880Z","level":"info","event":"============================================================","logger":"task.stdout"}
{"timestamp":"2026-01-30T03:26:08.001131Z","level":"info","event":"","logger":"task.stdout"}
{"timestamp":"2026-01-30T03:26:08.001316Z","level":"info","event":"📍 Fetching weather for ADM4: 35.78.21.1004","logger":"task.stdout"}
{"timestamp":"2026-01-30T03:26:08.208324Z","level":"info","event":"   Parsed 21 weather records","logger":"task.stdout"}
{"timestamp":"2026-01-30T03:26:08.220970Z","level":"info","event":"✓ No expired records to delete","logger":"task.stdout"}
{"timestamp":"2026-01-30T03:26:08.227432Z","level":"info","event":"✓ Inserted 21 weather records","logger":"task.stdout"}
{"timestamp":"2026-01-30T03:26:08.227599Z","level":"info","event":"","logger":"task.stdout"}
{"timestamp":"2026-01-30T03:26:08.227664Z","level":"info","event":"📍 Fetching weather for ADM4: 35.25.14.1010","logger":"task.stdout"}
{"timestamp":"2026-01-30T03:26:08.425423Z","level":"info","event":"   Parsed 21 weather records","logger":"task.stdout"}
{"timestamp":"2026-01-30T03:26:08.438314Z","level":"info","event":"","logger":"task.stdout"}
{"timestamp":"2026-01-30T03:26:08.438495Z","level":"info","event":"⚠️  Found 3 expired weather records to delete","logger":"task.stdout"}
{"timestamp":"2026-01-30T03:26:08.438559Z","level":"info","event":"   Time range: 2026-01-30 04:00:00 to 2026-01-30 10:00:00","logger":"task.stdout"}
{"timestamp":"2026-01-30T03:26:08.438662Z","level":"info","event":"   (waktu < NOW at 2026-01-30 10:26:08 WIB)","logger":"task.stdout"}
{"timestamp":"2026-01-30T03:26:08.438771Z","level":"info","event":"✅ Deleted 3 expired weather records","logger":"task.stdout"}
{"timestamp":"2026-01-30T03:26:08.446083Z","level":"info","event":"✓ Inserted 21 weather records","logger":"task.stdout"}
{"timestamp":"2026-01-30T03:26:08.446246Z","level":"info","event":"","logger":"task.stdout"}
{"timestamp":"2026-01-30T03:26:08.446310Z","level":"info","event":"============================================================","logger":"task.stdout"}
{"timestamp":"2026-01-30T03:26:08.446360Z","level":"info","event":"✓ Total records inserted: 42","logger":"task.stdout"}
{"timestamp":"2026-01-30T03:26:08.446405Z","level":"info","event":"============================================================","logger":"task.stdout"}
{"timestamp":"2026-01-30T03:26:08.446159Z","level":"info","event":"Done. Returned value was: 42","logger":"airflow.task.operators.airflow.providers.standard.operators.python.PythonOperator","filename":"python.py","lineno":215}
{"timestamp":"2026-01-30T03:26:08.446596Z","level":"info","event":"Pushing xcom","ti":"RuntimeTaskInstance(id=UUID('019c0cef-ca84-7378-a3d0-78549107ebcb'), task_id='fetch_bmkg_weather', dag_id='weather_data_fetch', run_id='manual__2026-01-30T03:26:05+00:00', try_number=1, dag_version_id=UUID('019c0cee-c944-7c67-9daf-78edc9352a40'), map_index=-1, hostname='OM-RAFIE.localdomain', context_carrier={}, task=<Task(PythonOperator): fetch_bmkg_weather>, bundle_instance=LocalDagBundle(name=dags-folder), max_tries=2, start_date=datetime.datetime(2026, 1, 30, 3, 26, 7, 772148, tzinfo=datetime.timezone.utc), end_date=None, state=<TaskInstanceState.RUNNING: 'running'>, is_mapped=False, rendered_map_index=None)","logger":"task","filename":"task_runner.py","lineno":1360}
