{"timestamp":"2026-02-02T02:29:17.186261Z","level":"info","event":"DAG bundles loaded: dags-folder","logger":"airflow.dag_processing.bundles.manager.DagBundlesManager","filename":"manager.py","lineno":179}
{"timestamp":"2026-02-02T02:29:17.188058Z","level":"info","event":"Filling up the DagBag from /opt/airflow/dags/weather_data_fetch.py","logger":"airflow.models.dagbag.DagBag","filename":"dagbag.py","lineno":593}
{"timestamp":"2026-02-02T02:29:17.224403Z","level":"warning","event":"The `airflow.operators.python.PythonOperator` attribute is deprecated. Please use `'airflow.providers.standard.operators.python.PythonOperator'`.","category":"DeprecatedImportWarning","filename":"/opt/airflow/dags/weather_data_fetch.py","lineno":8,"logger":"py.warnings"}
{"timestamp":"2026-02-02T02:29:17.224569Z","level":"warning","event":"The `airflow.operators.bash.BashOperator` attribute is deprecated. Please use `'airflow.providers.standard.operators.bash.BashOperator'`.","category":"DeprecatedImportWarning","filename":"/opt/airflow/dags/weather_data_fetch.py","lineno":9,"logger":"py.warnings"}
{"timestamp":"2026-02-02T02:29:17.468079Z","level":"info","event":"","logger":"task.stdout"}
{"timestamp":"2026-02-02T02:29:17.468213Z","level":"info","event":"============================================================","logger":"task.stdout"}
{"timestamp":"2026-02-02T02:29:17.468258Z","level":"info","event":"🌦️ Fetching BMKG Weather Data","logger":"task.stdout"}
{"timestamp":"2026-02-02T02:29:17.468407Z","level":"info","event":"============================================================","logger":"task.stdout"}
{"timestamp":"2026-02-02T02:29:17.511841Z","level":"info","event":"","logger":"task.stdout"}
{"timestamp":"2026-02-02T02:29:17.511988Z","level":"info","event":"📍 Fetching weather for ADM4: 35.78.21.1004","logger":"task.stdout"}
{"timestamp":"2026-02-02T02:29:18.251550Z","level":"info","event":"   Parsed 21 weather records","logger":"task.stdout"}
{"timestamp":"2026-02-02T02:29:18.266477Z","level":"info","event":"✓ No expired records to delete","logger":"task.stdout"}
{"timestamp":"2026-02-02T02:29:18.276109Z","level":"info","event":"✓ Inserted 21 weather records","logger":"task.stdout"}
{"timestamp":"2026-02-02T02:29:18.276246Z","level":"info","event":"","logger":"task.stdout"}
{"timestamp":"2026-02-02T02:29:18.276299Z","level":"info","event":"📍 Fetching weather for ADM4: 35.25.14.1010","logger":"task.stdout"}
{"timestamp":"2026-02-02T02:29:18.514899Z","level":"info","event":"   Parsed 21 weather records","logger":"task.stdout"}
{"timestamp":"2026-02-02T02:29:18.526843Z","level":"info","event":"","logger":"task.stdout"}
{"timestamp":"2026-02-02T02:29:18.526989Z","level":"info","event":"⚠️  Found 3 expired weather records to delete","logger":"task.stdout"}
{"timestamp":"2026-02-02T02:29:18.527043Z","level":"info","event":"   Time range: 2026-02-02 03:00:00 to 2026-02-02 09:00:00","logger":"task.stdout"}
{"timestamp":"2026-02-02T02:29:18.527141Z","level":"info","event":"   (waktu < NOW at 2026-02-02 09:29:18 WIB)","logger":"task.stdout"}
{"timestamp":"2026-02-02T02:29:18.527495Z","level":"info","event":"✅ Deleted 3 expired weather records","logger":"task.stdout"}
{"timestamp":"2026-02-02T02:29:18.535017Z","level":"info","event":"✓ Inserted 21 weather records","logger":"task.stdout"}
{"timestamp":"2026-02-02T02:29:18.535154Z","level":"info","event":"","logger":"task.stdout"}
{"timestamp":"2026-02-02T02:29:18.535207Z","level":"info","event":"============================================================","logger":"task.stdout"}
{"timestamp":"2026-02-02T02:29:18.535250Z","level":"info","event":"✓ Total records inserted: 42","logger":"task.stdout"}
{"timestamp":"2026-02-02T02:29:18.535292Z","level":"info","event":"============================================================","logger":"task.stdout"}
{"timestamp":"2026-02-02T02:29:18.535100Z","level":"info","event":"Done. Returned value was: 42","logger":"airflow.task.operators.airflow.providers.standard.operators.python.PythonOperator","filename":"python.py","lineno":215}
{"timestamp":"2026-02-02T02:29:18.535696Z","level":"info","event":"Pushing xcom","ti":"RuntimeTaskInstance(id=UUID('019c1c2e-cf86-7167-98fd-117a8fd26bf6'), task_id='fetch_bmkg_weather', dag_id='weather_data_fetch', run_id='manual__2026-02-02T02:29:13+00:00', try_number=1, dag_version_id=UUID('019c0dd4-58cf-774a-9f83-a68201e36c2d'), map_index=-1, hostname='OM-RAFIE.localdomain', context_carrier={}, task=<Task(PythonOperator): fetch_bmkg_weather>, bundle_instance=LocalDagBundle(name=dags-folder), max_tries=2, start_date=datetime.datetime(2026, 2, 2, 2, 29, 17, 99915, tzinfo=datetime.timezone.utc), end_date=None, state=<TaskInstanceState.RUNNING: 'running'>, is_mapped=False, rendered_map_index=None)","logger":"task","filename":"task_runner.py","lineno":1360}
