{"timestamp":"2026-01-30T09:00:02.074449Z","level":"info","event":"DAG bundles loaded: dags-folder","logger":"airflow.dag_processing.bundles.manager.DagBundlesManager","filename":"manager.py","lineno":179}
{"timestamp":"2026-01-30T09:00:02.077245Z","level":"info","event":"Filling up the DagBag from /opt/airflow/dags/weather_data_fetch.py","logger":"airflow.models.dagbag.DagBag","filename":"dagbag.py","lineno":593}
{"timestamp":"2026-01-30T09:00:02.140319Z","level":"warning","event":"The `airflow.operators.python.PythonOperator` attribute is deprecated. Please use `'airflow.providers.standard.operators.python.PythonOperator'`.","category":"DeprecatedImportWarning","filename":"/opt/airflow/dags/weather_data_fetch.py","lineno":8,"logger":"py.warnings"}
{"timestamp":"2026-01-30T09:00:02.140455Z","level":"warning","event":"The `airflow.operators.bash.BashOperator` attribute is deprecated. Please use `'airflow.providers.standard.operators.bash.BashOperator'`.","category":"DeprecatedImportWarning","filename":"/opt/airflow/dags/weather_data_fetch.py","lineno":9,"logger":"py.warnings"}
{"timestamp":"2026-01-30T09:00:02.420707Z","level":"info","event":"","logger":"task.stdout"}
{"timestamp":"2026-01-30T09:00:02.421179Z","level":"info","event":"============================================================","logger":"task.stdout"}
{"timestamp":"2026-01-30T09:00:02.421248Z","level":"info","event":"🌦️ Fetching BMKG Weather Data","logger":"task.stdout"}
{"timestamp":"2026-01-30T09:00:02.421346Z","level":"info","event":"============================================================","logger":"task.stdout"}
{"timestamp":"2026-01-30T09:00:02.478272Z","level":"info","event":"","logger":"task.stdout"}
{"timestamp":"2026-01-30T09:00:02.478428Z","level":"info","event":"📍 Fetching weather for ADM4: 35.78.21.1004","logger":"task.stdout"}
{"timestamp":"2026-01-30T09:00:02.698760Z","level":"info","event":"   Parsed 19 weather records","logger":"task.stdout"}
{"timestamp":"2026-01-30T09:00:02.714939Z","level":"info","event":"","logger":"task.stdout"}
{"timestamp":"2026-01-30T09:00:02.715067Z","level":"info","event":"⚠️  Found 2 expired weather records to delete","logger":"task.stdout"}
{"timestamp":"2026-01-30T09:00:02.715509Z","level":"info","event":"   Time range: 2026-01-30 16:00:00 to 2026-01-30 16:00:00","logger":"task.stdout"}
{"timestamp":"2026-01-30T09:00:02.715603Z","level":"info","event":"   (waktu < NOW at 2026-01-30 16:00:02 WIB)","logger":"task.stdout"}
{"timestamp":"2026-01-30T09:00:02.717424Z","level":"info","event":"✅ Deleted 2 expired weather records","logger":"task.stdout"}
{"timestamp":"2026-01-30T09:00:02.726238Z","level":"info","event":"✓ Inserted 19 weather records","logger":"task.stdout"}
{"timestamp":"2026-01-30T09:00:02.726332Z","level":"info","event":"","logger":"task.stdout"}
{"timestamp":"2026-01-30T09:00:02.726387Z","level":"info","event":"📍 Fetching weather for ADM4: 35.25.14.1010","logger":"task.stdout"}
{"timestamp":"2026-01-30T09:00:02.921015Z","level":"info","event":"   Parsed 19 weather records","logger":"task.stdout"}
{"timestamp":"2026-01-30T09:00:02.933404Z","level":"info","event":"","logger":"task.stdout"}
{"timestamp":"2026-01-30T09:00:02.933539Z","level":"info","event":"⚠️  Found 3 expired weather records to delete","logger":"task.stdout"}
{"timestamp":"2026-01-30T09:00:02.933593Z","level":"info","event":"   Time range: 2026-01-30 09:00:00 to 2026-01-30 15:00:00","logger":"task.stdout"}
{"timestamp":"2026-01-30T09:00:02.933689Z","level":"info","event":"   (waktu < NOW at 2026-01-30 16:00:02 WIB)","logger":"task.stdout"}
{"timestamp":"2026-01-30T09:00:02.933875Z","level":"info","event":"✅ Deleted 3 expired weather records","logger":"task.stdout"}
{"timestamp":"2026-01-30T09:00:02.946676Z","level":"info","event":"✓ Inserted 19 weather records","logger":"task.stdout"}
{"timestamp":"2026-01-30T09:00:02.946798Z","level":"info","event":"","logger":"task.stdout"}
{"timestamp":"2026-01-30T09:00:02.946852Z","level":"info","event":"============================================================","logger":"task.stdout"}
{"timestamp":"2026-01-30T09:00:02.946911Z","level":"info","event":"✓ Total records inserted: 38","logger":"task.stdout"}
{"timestamp":"2026-01-30T09:00:02.946957Z","level":"info","event":"============================================================","logger":"task.stdout"}
{"timestamp":"2026-01-30T09:00:02.946780Z","level":"info","event":"Done. Returned value was: 38","logger":"airflow.task.operators.airflow.providers.standard.operators.python.PythonOperator","filename":"python.py","lineno":215}
{"timestamp":"2026-01-30T09:00:02.947149Z","level":"info","event":"Pushing xcom","ti":"RuntimeTaskInstance(id=UUID('019c0e21-7a3a-77fb-bbbb-6b711e76edf6'), task_id='fetch_bmkg_weather', dag_id='weather_data_fetch', run_id='scheduled__2026-01-30T09:00:00+00:00', try_number=1, dag_version_id=UUID('019c0dd4-58cf-774a-9f83-a68201e36c2d'), map_index=-1, hostname='OM-RAFIE.localdomain', context_carrier={}, task=<Task(PythonOperator): fetch_bmkg_weather>, bundle_instance=LocalDagBundle(name=dags-folder), max_tries=2, start_date=datetime.datetime(2026, 1, 30, 9, 0, 1, 743142, tzinfo=datetime.timezone.utc), end_date=None, state=<TaskInstanceState.RUNNING: 'running'>, is_mapped=False, rendered_map_index=None)","logger":"task","filename":"task_runner.py","lineno":1360}
