{"timestamp":"2026-01-26T02:27:34.953815Z","level":"info","event":"DAG bundles loaded: dags-folder","logger":"airflow.dag_processing.bundles.manager.DagBundlesManager","filename":"manager.py","lineno":179}
{"timestamp":"2026-01-26T02:27:34.956534Z","level":"info","event":"Filling up the DagBag from /opt/airflow/dags/weather_data_fetch.py","logger":"airflow.models.dagbag.DagBag","filename":"dagbag.py","lineno":593}
{"timestamp":"2026-01-26T02:27:35.008174Z","level":"warning","event":"The `airflow.operators.python.PythonOperator` attribute is deprecated. Please use `'airflow.providers.standard.operators.python.PythonOperator'`.","category":"DeprecatedImportWarning","filename":"/opt/airflow/dags/weather_data_fetch.py","lineno":8,"logger":"py.warnings"}
{"timestamp":"2026-01-26T02:27:35.008354Z","level":"warning","event":"The `airflow.operators.bash.BashOperator` attribute is deprecated. Please use `'airflow.providers.standard.operators.bash.BashOperator'`.","category":"DeprecatedImportWarning","filename":"/opt/airflow/dags/weather_data_fetch.py","lineno":9,"logger":"py.warnings"}
{"timestamp":"2026-01-26T02:27:35.098247Z","level":"info","event":"","logger":"task.stdout"}
{"timestamp":"2026-01-26T02:27:35.098437Z","level":"info","event":"============================================================","logger":"task.stdout"}
{"timestamp":"2026-01-26T02:27:35.098502Z","level":"info","event":"🌦️ Fetching BMKG Weather Data","logger":"task.stdout"}
{"timestamp":"2026-01-26T02:27:35.098654Z","level":"info","event":"============================================================","logger":"task.stdout"}
{"timestamp":"2026-01-26T02:27:35.669474Z","level":"info","event":"============================================================","logger":"task.stdout"}
{"timestamp":"2026-01-26T02:27:35.669637Z","level":"info","event":"BMKG Weather Data Fetch","logger":"task.stdout"}
{"timestamp":"2026-01-26T02:27:35.669691Z","level":"info","event":"============================================================","logger":"task.stdout"}
{"timestamp":"2026-01-26T02:27:35.729453Z","level":"info","event":"","logger":"task.stdout"}
{"timestamp":"2026-01-26T02:27:35.729624Z","level":"info","event":"📍 Fetching weather for ADM4: 35.78.21.1004","logger":"task.stdout"}
{"timestamp":"2026-01-26T02:27:35.729679Z","level":"info","event":"Fetching from: https://api.bmkg.go.id/publik/prakiraan-cuaca?adm4=35.78.21.1004","logger":"task.stdout"}
{"timestamp":"2026-01-26T02:27:36.666248Z","level":"info","event":"   Parsed 21 weather records","logger":"task.stdout"}
{"timestamp":"2026-01-26T02:27:36.690062Z","level":"info","event":"✓ Inserted 21 weather records","logger":"task.stdout"}
{"timestamp":"2026-01-26T02:27:36.690290Z","level":"info","event":"","logger":"task.stdout"}
{"timestamp":"2026-01-26T02:27:36.690356Z","level":"info","event":"📍 Fetching weather for ADM4: 35.25.14.1010","logger":"task.stdout"}
{"timestamp":"2026-01-26T02:27:36.690406Z","level":"info","event":"Fetching from: https://api.bmkg.go.id/publik/prakiraan-cuaca?adm4=35.25.14.1010","logger":"task.stdout"}
{"timestamp":"2026-01-26T02:27:37.501048Z","level":"info","event":"   Parsed 21 weather records","logger":"task.stdout"}
{"timestamp":"2026-01-26T02:27:37.519570Z","level":"info","event":"✓ Inserted 21 weather records","logger":"task.stdout"}
{"timestamp":"2026-01-26T02:27:37.519749Z","level":"info","event":"","logger":"task.stdout"}
{"timestamp":"2026-01-26T02:27:37.519813Z","level":"info","event":"============================================================","logger":"task.stdout"}
{"timestamp":"2026-01-26T02:27:37.519862Z","level":"info","event":"✓ Total records inserted: 42","logger":"task.stdout"}
{"timestamp":"2026-01-26T02:27:37.519907Z","level":"info","event":"============================================================","logger":"task.stdout"}
{"timestamp":"2026-01-26T02:27:37.519950Z","level":"info","event":"✓ Weather fetch completed: 42 records inserted","logger":"task.stdout"}
{"timestamp":"2026-01-26T02:27:37.519606Z","level":"info","event":"Done. Returned value was: 42","logger":"airflow.task.operators.airflow.providers.standard.operators.python.PythonOperator","filename":"python.py","lineno":215}
{"timestamp":"2026-01-26T02:27:37.520079Z","level":"info","event":"Pushing xcom","ti":"RuntimeTaskInstance(id=UUID('019bf81c-2b20-7df1-b135-a4817129200b'), task_id='fetch_bmkg_weather', dag_id='weather_data_fetch', run_id='manual__2026-01-26T02:17:28.664938+00:00', try_number=3, dag_version_id=UUID('019bf817-f997-75ad-b817-c262bef2a09d'), map_index=-1, hostname='OM-RAFIE.localdomain', context_carrier={}, task=<Task(PythonOperator): fetch_bmkg_weather>, bundle_instance=LocalDagBundle(name=dags-folder), max_tries=2, start_date=datetime.datetime(2026, 1, 26, 2, 27, 34, 693444, tzinfo=datetime.timezone.utc), end_date=None, state=<TaskInstanceState.RUNNING: 'running'>, is_mapped=False, rendered_map_index=None)","logger":"task","filename":"task_runner.py","lineno":1360}
