{"timestamp":"2026-02-02T09:09:28.890475Z","level":"info","event":"DAG bundles loaded: dags-folder","logger":"airflow.dag_processing.bundles.manager.DagBundlesManager","filename":"manager.py","lineno":179}
{"timestamp":"2026-02-02T09:09:28.891792Z","level":"info","event":"Filling up the DagBag from /opt/airflow/dags/daily_warehouse_sync_upd.py","logger":"airflow.models.dagbag.DagBag","filename":"dagbag.py","lineno":593}
{"timestamp":"2026-02-02T09:09:28.917644Z","level":"warning","event":"The `airflow.operators.python.PythonOperator` attribute is deprecated. Please use `'airflow.providers.standard.operators.python.PythonOperator'`.","category":"DeprecatedImportWarning","filename":"/opt/airflow/dags/daily_warehouse_sync_upd.py","lineno":8,"logger":"py.warnings"}
{"timestamp":"2026-02-02T09:09:28.917901Z","level":"warning","event":"The `airflow.operators.bash.BashOperator` attribute is deprecated. Please use `'airflow.providers.standard.operators.bash.BashOperator'`.","category":"DeprecatedImportWarning","filename":"/opt/airflow/dags/daily_warehouse_sync_upd.py","lineno":9,"logger":"py.warnings"}
{"timestamp":"2026-02-02T09:09:28.951235Z","level":"info","event":"============================================================","logger":"task.stdout"}
{"timestamp":"2026-02-02T09:09:28.951613Z","level":"info","event":"Starting daily warehouse sync...","logger":"task.stdout"}
{"timestamp":"2026-02-02T09:09:28.951727Z","level":"info","event":"============================================================","logger":"task.stdout"}
{"timestamp":"2026-02-02T09:09:28.951875Z","level":"info","event":"","logger":"task.stdout"}
{"timestamp":"2026-02-02T09:09:28.952021Z","level":"info","event":"📍 PRIORITY: Syncing WEATHER data first...","logger":"task.stdout"}
{"timestamp":"2026-02-02T09:09:29.048101Z","level":"info","event":"ERROR syncing weather.fact_weather_hourly: relation \"fact_weather_hourly\" does not exist","logger":"task.stdout"}
{"timestamp":"2026-02-02T09:09:29.048422Z","level":"info","event":"LINE 1: SELECT * FROM fact_weather_hourly LIMIT 0","logger":"task.stdout"}
{"timestamp":"2026-02-02T09:09:29.048535Z","level":"info","event":"                      ^","logger":"task.stdout"}
{"timestamp":"2026-02-02T09:09:29.048645Z","level":"info","event":"","logger":"task.stdout"}
{"timestamp":"2026-02-02T09:09:29.048842Z","level":"info","event":"","logger":"task.stdout"}
{"timestamp":"2026-02-02T09:09:29.048949Z","level":"info","event":"📊 Syncing other schemas...","logger":"task.stdout"}
{"timestamp":"2026-02-02T09:09:29.194779Z","level":"info","event":"✓ driver.daftar_user: 25 rows synced","logger":"task.stdout"}
{"timestamp":"2026-02-02T09:09:29.300756Z","level":"info","event":"✓ driver.attachment_driver: 6 rows synced","logger":"task.stdout"}
{"timestamp":"2026-02-02T09:09:29.396215Z","level":"info","event":"✓ driver.laporan_pengemudi: 0 rows (table empty in source)","logger":"task.stdout"}
{"timestamp":"2026-02-02T09:09:29.477489Z","level":"info","event":"ERROR syncing driver.kontak_darurat: relation \"kontak_darurat_pengemudi\" does not exist","logger":"task.stdout"}
{"timestamp":"2026-02-02T09:09:29.477734Z","level":"info","event":"LINE 1: SELECT * FROM kontak_darurat_pengemudi LIMIT 0","logger":"task.stdout"}
{"timestamp":"2026-02-02T09:09:29.477832Z","level":"info","event":"                      ^","logger":"task.stdout"}
{"timestamp":"2026-02-02T09:09:29.477893Z","level":"info","event":"","logger":"task.stdout"}
{"timestamp":"2026-02-02T09:09:29.598297Z","level":"info","event":"✓ armada.armada_tms: 3 rows synced","logger":"task.stdout"}
{"timestamp":"2026-02-02T09:09:29.754280Z","level":"info","event":"✓ armada.jenis_armada: 19 rows synced","logger":"task.stdout"}
{"timestamp":"2026-02-02T09:09:29.909536Z","level":"info","event":"✓ armada.driver_armada: 0 rows (table empty in source)","logger":"task.stdout"}
{"timestamp":"2026-02-02T09:09:30.093503Z","level":"info","event":"✓ armada.armada_perangkat: 0 rows (table empty in source)","logger":"task.stdout"}
{"timestamp":"2026-02-02T09:09:30.315203Z","level":"info","event":"✓ armada.attachment_armada: 0 rows (table empty in source)","logger":"task.stdout"}
{"timestamp":"2026-02-02T09:09:30.571481Z","level":"info","event":"✓ delivery.delivery_order: 15 rows synced","logger":"task.stdout"}
{"timestamp":"2026-02-02T09:09:30.688958Z","level":"info","event":"✓ delivery.detail_do: 3 rows synced","logger":"task.stdout"}
{"timestamp":"2026-02-02T09:09:30.862182Z","level":"info","event":"✓ delivery.jenis_order: 5 rows synced","logger":"task.stdout"}
{"timestamp":"2026-02-02T09:09:31.051732Z","level":"info","event":"✓ delivery.attachment_gudang: 0 rows (table empty in source)","logger":"task.stdout"}
{"timestamp":"2026-02-02T09:09:31.221891Z","level":"info","event":"✓ activity.log_perjalanan_armada: 0 rows (table empty in source)","logger":"task.stdout"}
{"timestamp":"2026-02-02T09:09:31.402854Z","level":"info","event":"✓ activity.log_aktifitas_driver: 0 rows (table empty in source)","logger":"task.stdout"}
{"timestamp":"2026-02-02T09:09:31.632424Z","level":"info","event":"✓ activity.log_perangkat: 0 rows (table empty in source)","logger":"task.stdout"}
{"timestamp":"2026-02-02T09:09:31.821730Z","level":"info","event":"✓ activity.log_chat: 0 rows (table empty in source)","logger":"task.stdout"}
{"timestamp":"2026-02-02T09:09:32.077490Z","level":"info","event":"✓ activity.log_panggilan: 0 rows (table empty in source)","logger":"task.stdout"}
{"timestamp":"2026-02-02T09:09:32.213130Z","level":"info","event":"✓ activity.log_sensor: 0 rows (table empty in source)","logger":"task.stdout"}
{"timestamp":"2026-02-02T09:09:32.547071Z","level":"info","event":"✓ activity.alert_geofence: 0 rows (table empty in source)","logger":"task.stdout"}
{"timestamp":"2026-02-02T09:09:32.798248Z","level":"info","event":"✓ financial.orders: 5 rows synced","logger":"task.stdout"}
{"timestamp":"2026-02-02T09:09:33.049939Z","level":"info","event":"✓ financial.detail_po: 4 rows synced","logger":"task.stdout"}
{"timestamp":"2026-02-02T09:09:33.224203Z","level":"info","event":"✓ financial.jenis_transaksi: 1 rows synced","logger":"task.stdout"}
{"timestamp":"2026-02-02T09:09:33.484023Z","level":"info","event":"✓ financial.detail_qc: 0 rows (table empty in source)","logger":"task.stdout"}
{"timestamp":"2026-02-02T09:09:33.694424Z","level":"info","event":"✓ financial.bank: 0 rows (table empty in source)","logger":"task.stdout"}
{"timestamp":"2026-02-02T09:09:33.953058Z","level":"info","event":"✓ support.attachment: 12 rows synced","logger":"task.stdout"}
{"timestamp":"2026-02-02T09:09:34.201969Z","level":"info","event":"✓ support.jenis_file: 4 rows synced","logger":"task.stdout"}
{"timestamp":"2026-02-02T09:09:34.401520Z","level":"info","event":"✓ support.chat_room: 0 rows (table empty in source)","logger":"task.stdout"}
{"timestamp":"2026-02-02T09:09:34.704889Z","level":"info","event":"✓ support.attachment_chat: 0 rows (table empty in source)","logger":"task.stdout"}
{"timestamp":"2026-02-02T09:09:34.932536Z","level":"info","event":"✓ support.attachment_pengembalian: 0 rows (table empty in source)","logger":"task.stdout"}
{"timestamp":"2026-02-02T09:09:35.172678Z","level":"info","event":"✓ support.attachment_perangkat: 0 rows (table empty in source)","logger":"task.stdout"}
{"timestamp":"2026-02-02T09:09:35.366191Z","level":"info","event":"✓ support.attachment_qc: 0 rows (table empty in source)","logger":"task.stdout"}
{"timestamp":"2026-02-02T09:09:35.677808Z","level":"info","event":"ERROR syncing master.gudang: column \"uuid_tenant\" of relation \"gudang\" does not exist","logger":"task.stdout"}
{"timestamp":"2026-02-02T09:09:35.678107Z","level":"info","event":"LINE 1: ...a, diubah_oleh, diubah_pada, id_tenant, lat, lng, uuid_tenan...","logger":"task.stdout"}
{"timestamp":"2026-02-02T09:09:35.678246Z","level":"info","event":"                                                             ^","logger":"task.stdout"}
{"timestamp":"2026-02-02T09:09:35.678358Z","level":"info","event":"","logger":"task.stdout"}
{"timestamp":"2026-02-02T09:09:35.853657Z","level":"info","event":"✓ master.locations: 6 rows synced","logger":"task.stdout"}
{"timestamp":"2026-02-02T09:09:36.156410Z","level":"info","event":"✓ master.kategori_produk: 3 rows synced","logger":"task.stdout"}
{"timestamp":"2026-02-02T09:09:36.318906Z","level":"info","event":"✓ master.konversi: 13 rows synced","logger":"task.stdout"}
{"timestamp":"2026-02-02T09:09:36.581747Z","level":"info","event":"✓ master.jenis_satuan: 12 rows synced","logger":"task.stdout"}
{"timestamp":"2026-02-02T09:09:36.750527Z","level":"info","event":"✓ master.atribut: 0 rows (table empty in source)","logger":"task.stdout"}
{"timestamp":"2026-02-02T09:09:36.943890Z","level":"info","event":"✓ master.atribut_produk: 0 rows (table empty in source)","logger":"task.stdout"}
{"timestamp":"2026-02-02T09:09:37.145985Z","level":"info","event":"✓ master.kriteria_produk: 0 rows (table empty in source)","logger":"task.stdout"}
{"timestamp":"2026-02-02T09:09:37.442722Z","level":"info","event":"✓ master.geofence: 0 rows (table empty in source)","logger":"task.stdout"}
{"timestamp":"2026-02-02T09:09:37.703764Z","level":"info","event":"✓ master.jenis_insiden: 0 rows (table empty in source)","logger":"task.stdout"}
{"timestamp":"2026-02-02T09:09:37.981595Z","level":"info","event":"✓ master.jenis_notifikasi: 0 rows (table empty in source)","logger":"task.stdout"}
{"timestamp":"2026-02-02T09:09:38.159189Z","level":"info","event":"✓ master.laporan_darurat: 0 rows (table empty in source)","logger":"task.stdout"}
{"timestamp":"2026-02-02T09:09:38.345878Z","level":"info","event":"✓ master.rating: 0 rows (table empty in source)","logger":"task.stdout"}
{"timestamp":"2026-02-02T09:09:38.346395Z","level":"info","event":"","logger":"task.stdout"}
{"timestamp":"2026-02-02T09:09:38.346597Z","level":"info","event":"============================================================","logger":"task.stdout"}
{"timestamp":"2026-02-02T09:09:38.346736Z","level":"info","event":"SYNC SUMMARY","logger":"task.stdout"}
{"timestamp":"2026-02-02T09:09:38.346871Z","level":"info","event":"============================================================","logger":"task.stdout"}
{"timestamp":"2026-02-02T09:09:38.346995Z","level":"info","event":"✅ Success: 43 tables","logger":"task.stdout"}
{"timestamp":"2026-02-02T09:09:38.347137Z","level":"info","event":"❌ Failed: 3 tables","logger":"task.stdout"}
{"timestamp":"2026-02-02T09:09:38.347313Z","level":"info","event":"","logger":"task.stdout"}
{"timestamp":"2026-02-02T09:09:38.347459Z","level":"info","event":"Failed tables:","logger":"task.stdout"}
{"timestamp":"2026-02-02T09:09:38.347579Z","level":"info","event":"  - ERROR syncing weather.fact_weather_hourly: relation \"fact_weather_hourly\" does not exist","logger":"task.stdout"}
{"timestamp":"2026-02-02T09:09:38.347704Z","level":"info","event":"LINE 1: SELECT * FROM fact_weather_hourly LIMIT 0","logger":"task.stdout"}
{"timestamp":"2026-02-02T09:09:38.347842Z","level":"info","event":"                      ^","logger":"task.stdout"}
{"timestamp":"2026-02-02T09:09:38.347958Z","level":"info","event":"","logger":"task.stdout"}
{"timestamp":"2026-02-02T09:09:38.348097Z","level":"info","event":"  - ERROR syncing driver.kontak_darurat: relation \"kontak_darurat_pengemudi\" does not exist","logger":"task.stdout"}
{"timestamp":"2026-02-02T09:09:38.348248Z","level":"info","event":"LINE 1: SELECT * FROM kontak_darurat_pengemudi LIMIT 0","logger":"task.stdout"}
{"timestamp":"2026-02-02T09:09:38.348412Z","level":"info","event":"                      ^","logger":"task.stdout"}
{"timestamp":"2026-02-02T09:09:38.348544Z","level":"info","event":"","logger":"task.stdout"}
{"timestamp":"2026-02-02T09:09:38.348669Z","level":"info","event":"  - ERROR syncing master.gudang: column \"uuid_tenant\" of relation \"gudang\" does not exist","logger":"task.stdout"}
{"timestamp":"2026-02-02T09:09:38.348784Z","level":"info","event":"LINE 1: ...a, diubah_oleh, diubah_pada, id_tenant, lat, lng, uuid_tenan...","logger":"task.stdout"}
{"timestamp":"2026-02-02T09:09:38.348908Z","level":"info","event":"                                                             ^","logger":"task.stdout"}
{"timestamp":"2026-02-02T09:09:38.349196Z","level":"info","event":"","logger":"task.stdout"}
{"timestamp":"2026-02-02T09:09:38.349315Z","level":"info","event":"","logger":"task.stdout"}
{"timestamp":"2026-02-02T09:09:38.349450Z","level":"info","event":"Detailed results:","logger":"task.stdout"}
{"timestamp":"2026-02-02T09:09:38.349562Z","level":"info","event":"  ✓ driver.daftar_user: 25 rows","logger":"task.stdout"}
{"timestamp":"2026-02-02T09:09:38.350160Z","level":"info","event":"  ✓ driver.attachment_driver: 6 rows","logger":"task.stdout"}
{"timestamp":"2026-02-02T09:09:38.350305Z","level":"info","event":"  ✓ driver.laporan_pengemudi: 0 rows","logger":"task.stdout"}
{"timestamp":"2026-02-02T09:09:38.350416Z","level":"info","event":"  ✓ armada.armada_tms: 3 rows","logger":"task.stdout"}
{"timestamp":"2026-02-02T09:09:38.350506Z","level":"info","event":"  ✓ armada.jenis_armada: 19 rows","logger":"task.stdout"}
{"timestamp":"2026-02-02T09:09:38.350606Z","level":"info","event":"  ✓ armada.driver_armada: 0 rows","logger":"task.stdout"}
{"timestamp":"2026-02-02T09:09:38.350698Z","level":"info","event":"  ✓ armada.armada_perangkat: 0 rows","logger":"task.stdout"}
{"timestamp":"2026-02-02T09:09:38.350783Z","level":"info","event":"  ✓ armada.attachment_armada: 0 rows","logger":"task.stdout"}
{"timestamp":"2026-02-02T09:09:38.350866Z","level":"info","event":"  ✓ delivery.delivery_order: 15 rows","logger":"task.stdout"}
{"timestamp":"2026-02-02T09:09:38.350947Z","level":"info","event":"  ✓ delivery.detail_do: 3 rows","logger":"task.stdout"}
{"timestamp":"2026-02-02T09:09:38.351029Z","level":"info","event":"  ... and 33 more","logger":"task.stdout"}
{"timestamp":"2026-02-02T09:09:38.346516Z","level":"info","event":"Done. Returned value was: {'success_count': 43, 'failed_count': 3}","logger":"airflow.task.operators.airflow.providers.standard.operators.python.PythonOperator","filename":"python.py","lineno":215}
{"timestamp":"2026-02-02T09:09:38.346979Z","level":"info","event":"Pushing xcom","ti":"RuntimeTaskInstance(id=UUID('019c1d9d-3846-7c4c-a91c-9668e704b21d'), task_id='sync_warehouse_tables', dag_id='daily_warehouse_sync', run_id='scheduled__2026-02-02T09:09:28.288424+00:00', try_number=1, dag_version_id=UUID('019c1d9c-8f8c-70a1-a0bc-069bfbe5bb64'), map_index=-1, hostname='OM-RAFIE.localdomain', context_carrier={}, task=<Task(PythonOperator): sync_warehouse_tables>, bundle_instance=LocalDagBundle(name=dags-folder), max_tries=2, start_date=datetime.datetime(2026, 2, 2, 9, 9, 28, 855508, tzinfo=datetime.timezone.utc), end_date=None, state=<TaskInstanceState.RUNNING: 'running'>, is_mapped=False, rendered_map_index=None)","logger":"task","filename":"task_runner.py","lineno":1360}
