{"timestamp":"2026-02-02T09:06:20.499990Z","level":"info","event":"DAG bundles loaded: dags-folder","logger":"airflow.dag_processing.bundles.manager.DagBundlesManager","filename":"manager.py","lineno":179}
{"timestamp":"2026-02-02T09:06:20.501294Z","level":"info","event":"Filling up the DagBag from /opt/airflow/dags/weather_data_fetch.py","logger":"airflow.models.dagbag.DagBag","filename":"dagbag.py","lineno":593}
{"timestamp":"2026-02-02T09:06:20.522532Z","level":"warning","event":"The `airflow.operators.python.PythonOperator` attribute is deprecated. Please use `'airflow.providers.standard.operators.python.PythonOperator'`.","category":"DeprecatedImportWarning","filename":"/opt/airflow/dags/weather_data_fetch.py","lineno":8,"logger":"py.warnings"}
{"timestamp":"2026-02-02T09:06:20.522728Z","level":"warning","event":"The `airflow.operators.bash.BashOperator` attribute is deprecated. Please use `'airflow.providers.standard.operators.bash.BashOperator'`.","category":"DeprecatedImportWarning","filename":"/opt/airflow/dags/weather_data_fetch.py","lineno":9,"logger":"py.warnings"}
{"timestamp":"2026-02-02T09:06:21.302295Z","level":"info","event":"","logger":"task.stdout"}
{"timestamp":"2026-02-02T09:06:21.302540Z","level":"info","event":"============================================================","logger":"task.stdout"}
{"timestamp":"2026-02-02T09:06:21.302621Z","level":"info","event":"🌦️ Fetching BMKG Weather Data","logger":"task.stdout"}
{"timestamp":"2026-02-02T09:06:21.303198Z","level":"info","event":"============================================================","logger":"task.stdout"}
{"timestamp":"2026-02-02T09:06:21.426704Z","level":"info","event":"","logger":"task.stdout"}
{"timestamp":"2026-02-02T09:06:21.427007Z","level":"info","event":"📍 Fetching weather for ADM4: 35.78.21.1004","logger":"task.stdout"}
{"timestamp":"2026-02-02T09:06:22.192017Z","level":"info","event":"   Parsed 19 weather records","logger":"task.stdout"}
{"timestamp":"2026-02-02T09:06:22.221914Z","level":"info","event":"","logger":"task.stdout"}
{"timestamp":"2026-02-02T09:06:22.222163Z","level":"info","event":"⚠️  Found 2 expired weather records to delete","logger":"task.stdout"}
{"timestamp":"2026-02-02T09:06:22.222578Z","level":"info","event":"   Time range: 2026-02-02 16:00:00 to 2026-02-02 16:00:00","logger":"task.stdout"}
{"timestamp":"2026-02-02T09:06:22.222749Z","level":"info","event":"   (waktu < NOW at 2026-02-02 16:06:22 WIB)","logger":"task.stdout"}
{"timestamp":"2026-02-02T09:06:22.226752Z","level":"info","event":"✅ Deleted 2 expired weather records","logger":"task.stdout"}
{"timestamp":"2026-02-02T09:06:22.250568Z","level":"info","event":"✓ Inserted 19 weather records","logger":"task.stdout"}
{"timestamp":"2026-02-02T09:06:22.250933Z","level":"info","event":"","logger":"task.stdout"}
{"timestamp":"2026-02-02T09:06:22.251086Z","level":"info","event":"📍 Fetching weather for ADM4: 35.25.14.1010","logger":"task.stdout"}
{"timestamp":"2026-02-02T09:06:23.222163Z","level":"info","event":"   Parsed 19 weather records","logger":"task.stdout"}
{"timestamp":"2026-02-02T09:06:23.235217Z","level":"info","event":"","logger":"task.stdout"}
{"timestamp":"2026-02-02T09:06:23.235441Z","level":"info","event":"⚠️  Found 3 expired weather records to delete","logger":"task.stdout"}
{"timestamp":"2026-02-02T09:06:23.235509Z","level":"info","event":"   Time range: 2026-02-02 10:00:00 to 2026-02-02 16:00:00","logger":"task.stdout"}
{"timestamp":"2026-02-02T09:06:23.235635Z","level":"info","event":"   (waktu < NOW at 2026-02-02 16:06:23 WIB)","logger":"task.stdout"}
{"timestamp":"2026-02-02T09:06:23.235776Z","level":"info","event":"✅ Deleted 3 expired weather records","logger":"task.stdout"}
{"timestamp":"2026-02-02T09:06:23.256303Z","level":"info","event":"✓ Inserted 19 weather records","logger":"task.stdout"}
{"timestamp":"2026-02-02T09:06:23.256491Z","level":"info","event":"","logger":"task.stdout"}
{"timestamp":"2026-02-02T09:06:23.256591Z","level":"info","event":"============================================================","logger":"task.stdout"}
{"timestamp":"2026-02-02T09:06:23.256728Z","level":"info","event":"✓ Total records inserted: 38","logger":"task.stdout"}
{"timestamp":"2026-02-02T09:06:23.256821Z","level":"info","event":"============================================================","logger":"task.stdout"}
{"timestamp":"2026-02-02T09:06:23.256365Z","level":"info","event":"Done. Returned value was: 38","logger":"airflow.task.operators.airflow.providers.standard.operators.python.PythonOperator","filename":"python.py","lineno":215}
{"timestamp":"2026-02-02T09:06:23.256700Z","level":"info","event":"Pushing xcom","ti":"RuntimeTaskInstance(id=UUID('019c1d9a-3764-7e2c-b1fc-81f89a23470a'), task_id='fetch_bmkg_weather', dag_id='weather_data_fetch', run_id='scheduled__2026-02-02T09:00:00+00:00', try_number=1, dag_version_id=UUID('019c0dd4-58cf-774a-9f83-a68201e36c2d'), map_index=-1, hostname='OM-RAFIE.localdomain', context_carrier={}, task=<Task(PythonOperator): fetch_bmkg_weather>, bundle_instance=LocalDagBundle(name=dags-folder), max_tries=2, start_date=datetime.datetime(2026, 2, 2, 9, 6, 12, 361868, tzinfo=datetime.timezone.utc), end_date=None, state=<TaskInstanceState.RUNNING: 'running'>, is_mapped=False, rendered_map_index=None)","logger":"task","filename":"task_runner.py","lineno":1360}
