{"timestamp":"2026-02-02T09:35:12.300870Z","level":"info","event":"DAG bundles loaded: dags-folder","logger":"airflow.dag_processing.bundles.manager.DagBundlesManager","filename":"manager.py","lineno":179}
{"timestamp":"2026-02-02T09:35:12.314986Z","level":"info","event":"Filling up the DagBag from /opt/airflow/dags/daily_warehouse_sync.py","logger":"airflow.models.dagbag.DagBag","filename":"dagbag.py","lineno":593}
{"timestamp":"2026-02-02T09:35:12.392695Z","level":"warning","event":"The `airflow.operators.python.PythonOperator` attribute is deprecated. Please use `'airflow.providers.standard.operators.python.PythonOperator'`.","category":"DeprecatedImportWarning","filename":"/opt/airflow/dags/daily_warehouse_sync.py","lineno":8,"logger":"py.warnings"}
{"timestamp":"2026-02-02T09:35:12.392868Z","level":"warning","event":"The `airflow.operators.bash.BashOperator` attribute is deprecated. Please use `'airflow.providers.standard.operators.bash.BashOperator'`.","category":"DeprecatedImportWarning","filename":"/opt/airflow/dags/daily_warehouse_sync.py","lineno":9,"logger":"py.warnings"}
{"timestamp":"2026-02-02T09:35:12.543573Z","level":"info","event":"============================================================","logger":"task.stdout"}
{"timestamp":"2026-02-02T09:35:12.543805Z","level":"info","event":"Starting daily warehouse sync...","logger":"task.stdout"}
{"timestamp":"2026-02-02T09:35:12.543872Z","level":"info","event":"============================================================","logger":"task.stdout"}
{"timestamp":"2026-02-02T09:35:12.543922Z","level":"info","event":"","logger":"task.stdout"}
{"timestamp":"2026-02-02T09:35:12.543969Z","level":"info","event":"📍 PRIORITY: Syncing WEATHER data first...","logger":"task.stdout"}
{"timestamp":"2026-02-02T09:35:14.354470Z","level":"info","event":"ERROR syncing weather.fact_weather_hourly: relation \"fact_weather_hourly\" does not exist","logger":"task.stdout"}
{"timestamp":"2026-02-02T09:35:14.354709Z","level":"info","event":"LINE 1: SELECT * FROM fact_weather_hourly LIMIT 0","logger":"task.stdout"}
{"timestamp":"2026-02-02T09:35:14.354812Z","level":"info","event":"                      ^","logger":"task.stdout"}
{"timestamp":"2026-02-02T09:35:14.354892Z","level":"info","event":"","logger":"task.stdout"}
{"timestamp":"2026-02-02T09:35:14.355045Z","level":"info","event":"","logger":"task.stdout"}
{"timestamp":"2026-02-02T09:35:14.355233Z","level":"info","event":"📊 Syncing other schemas...","logger":"task.stdout"}
{"timestamp":"2026-02-02T09:35:15.331410Z","level":"info","event":"✓ driver.daftar_user: 25 rows synced","logger":"task.stdout"}
{"timestamp":"2026-02-02T09:35:16.042293Z","level":"info","event":"✓ driver.attachment_driver: 6 rows synced","logger":"task.stdout"}
{"timestamp":"2026-02-02T09:35:17.766450Z","level":"info","event":"✓ driver.laporan_pengemudi: 0 rows (table empty in source)","logger":"task.stdout"}
{"timestamp":"2026-02-02T09:35:18.380168Z","level":"info","event":"ERROR syncing driver.kontak_darurat: relation \"kontak_darurat_pengemudi\" does not exist","logger":"task.stdout"}
{"timestamp":"2026-02-02T09:35:18.380540Z","level":"info","event":"LINE 1: SELECT * FROM kontak_darurat_pengemudi LIMIT 0","logger":"task.stdout"}
{"timestamp":"2026-02-02T09:35:18.380826Z","level":"info","event":"                      ^","logger":"task.stdout"}
{"timestamp":"2026-02-02T09:35:18.381053Z","level":"info","event":"","logger":"task.stdout"}
{"timestamp":"2026-02-02T09:35:19.352417Z","level":"info","event":"✓ armada.armada_tms: 3 rows synced","logger":"task.stdout"}
{"timestamp":"2026-02-02T09:35:20.224771Z","level":"info","event":"✓ armada.jenis_armada: 19 rows synced","logger":"task.stdout"}
{"timestamp":"2026-02-02T09:35:21.343417Z","level":"info","event":"✓ armada.driver_armada: 1 rows synced","logger":"task.stdout"}
{"timestamp":"2026-02-02T09:35:21.998774Z","level":"info","event":"✓ armada.armada_perangkat: 0 rows (table empty in source)","logger":"task.stdout"}
{"timestamp":"2026-02-02T09:35:22.652109Z","level":"info","event":"✓ armada.attachment_armada: 0 rows (table empty in source)","logger":"task.stdout"}
{"timestamp":"2026-02-02T09:35:23.531155Z","level":"info","event":"✓ delivery.delivery_order: 15 rows synced","logger":"task.stdout"}
{"timestamp":"2026-02-02T09:35:24.227084Z","level":"info","event":"✓ delivery.detail_do: 3 rows synced","logger":"task.stdout"}
{"timestamp":"2026-02-02T09:35:24.760365Z","level":"info","event":"✓ delivery.jenis_order: 5 rows synced","logger":"task.stdout"}
{"timestamp":"2026-02-02T09:35:24.821408Z","level":"info","event":"✓ delivery.attachment_gudang: 0 rows (table empty in source)","logger":"task.stdout"}
{"timestamp":"2026-02-02T09:35:24.889701Z","level":"info","event":"✓ activity.log_perjalanan_armada: 0 rows (table empty in source)","logger":"task.stdout"}
{"timestamp":"2026-02-02T09:35:24.952287Z","level":"info","event":"✓ activity.log_aktifitas_driver: 0 rows (table empty in source)","logger":"task.stdout"}
{"timestamp":"2026-02-02T09:35:25.025467Z","level":"info","event":"✓ activity.log_perangkat: 0 rows (table empty in source)","logger":"task.stdout"}
{"timestamp":"2026-02-02T09:35:25.088979Z","level":"info","event":"✓ activity.log_chat: 0 rows (table empty in source)","logger":"task.stdout"}
{"timestamp":"2026-02-02T09:35:25.147171Z","level":"info","event":"✓ activity.log_panggilan: 0 rows (table empty in source)","logger":"task.stdout"}
{"timestamp":"2026-02-02T09:35:25.206787Z","level":"info","event":"✓ activity.log_sensor: 0 rows (table empty in source)","logger":"task.stdout"}
{"timestamp":"2026-02-02T09:35:25.275924Z","level":"info","event":"✓ activity.alert_geofence: 0 rows (table empty in source)","logger":"task.stdout"}
{"timestamp":"2026-02-02T09:35:25.342121Z","level":"info","event":"✓ financial.orders: 5 rows synced","logger":"task.stdout"}
{"timestamp":"2026-02-02T09:35:25.419699Z","level":"info","event":"✓ financial.detail_po: 4 rows synced","logger":"task.stdout"}
{"timestamp":"2026-02-02T09:35:25.483491Z","level":"info","event":"✓ financial.jenis_transaksi: 1 rows synced","logger":"task.stdout"}
{"timestamp":"2026-02-02T09:35:25.547879Z","level":"info","event":"✓ financial.detail_qc: 0 rows (table empty in source)","logger":"task.stdout"}
{"timestamp":"2026-02-02T09:35:25.616371Z","level":"info","event":"✓ financial.bank: 0 rows (table empty in source)","logger":"task.stdout"}
{"timestamp":"2026-02-02T09:35:25.686888Z","level":"info","event":"✓ support.attachment: 12 rows synced","logger":"task.stdout"}
{"timestamp":"2026-02-02T09:35:25.752468Z","level":"info","event":"✓ support.jenis_file: 4 rows synced","logger":"task.stdout"}
{"timestamp":"2026-02-02T09:35:25.815570Z","level":"info","event":"✓ support.chat_room: 0 rows (table empty in source)","logger":"task.stdout"}
{"timestamp":"2026-02-02T09:35:25.870717Z","level":"info","event":"✓ support.attachment_chat: 0 rows (table empty in source)","logger":"task.stdout"}
{"timestamp":"2026-02-02T09:35:25.938689Z","level":"info","event":"✓ support.attachment_pengembalian: 0 rows (table empty in source)","logger":"task.stdout"}
{"timestamp":"2026-02-02T09:35:26.022018Z","level":"info","event":"✓ support.attachment_perangkat: 0 rows (table empty in source)","logger":"task.stdout"}
{"timestamp":"2026-02-02T09:35:26.084243Z","level":"info","event":"✓ support.attachment_qc: 0 rows (table empty in source)","logger":"task.stdout"}
{"timestamp":"2026-02-02T09:35:26.148550Z","level":"info","event":"ERROR syncing master.gudang: column \"uuid_tenant\" of relation \"gudang\" does not exist","logger":"task.stdout"}
{"timestamp":"2026-02-02T09:35:26.148755Z","level":"info","event":"LINE 1: ...a, diubah_oleh, diubah_pada, id_tenant, lat, lng, uuid_tenan...","logger":"task.stdout"}
{"timestamp":"2026-02-02T09:35:26.148843Z","level":"info","event":"                                                             ^","logger":"task.stdout"}
{"timestamp":"2026-02-02T09:35:26.148936Z","level":"info","event":"","logger":"task.stdout"}
{"timestamp":"2026-02-02T09:35:26.223340Z","level":"info","event":"✓ master.locations: 6 rows synced","logger":"task.stdout"}
{"timestamp":"2026-02-02T09:35:26.298573Z","level":"info","event":"✓ master.kategori_produk: 3 rows synced","logger":"task.stdout"}
{"timestamp":"2026-02-02T09:35:26.388937Z","level":"info","event":"✓ master.konversi: 13 rows synced","logger":"task.stdout"}
{"timestamp":"2026-02-02T09:35:26.453458Z","level":"info","event":"✓ master.jenis_satuan: 12 rows synced","logger":"task.stdout"}
{"timestamp":"2026-02-02T09:35:26.521620Z","level":"info","event":"✓ master.atribut: 0 rows (table empty in source)","logger":"task.stdout"}
{"timestamp":"2026-02-02T09:35:26.623490Z","level":"info","event":"✓ master.atribut_produk: 0 rows (table empty in source)","logger":"task.stdout"}
{"timestamp":"2026-02-02T09:35:26.690309Z","level":"info","event":"✓ master.kriteria_produk: 0 rows (table empty in source)","logger":"task.stdout"}
{"timestamp":"2026-02-02T09:35:26.760983Z","level":"info","event":"✓ master.geofence: 0 rows (table empty in source)","logger":"task.stdout"}
{"timestamp":"2026-02-02T09:35:26.826671Z","level":"info","event":"✓ master.jenis_insiden: 0 rows (table empty in source)","logger":"task.stdout"}
{"timestamp":"2026-02-02T09:35:26.904282Z","level":"info","event":"✓ master.jenis_notifikasi: 0 rows (table empty in source)","logger":"task.stdout"}
{"timestamp":"2026-02-02T09:35:26.975038Z","level":"info","event":"✓ master.laporan_darurat: 0 rows (table empty in source)","logger":"task.stdout"}
{"timestamp":"2026-02-02T09:35:27.058507Z","level":"info","event":"✓ master.rating: 0 rows (table empty in source)","logger":"task.stdout"}
{"timestamp":"2026-02-02T09:35:27.059938Z","level":"info","event":"","logger":"task.stdout"}
{"timestamp":"2026-02-02T09:35:27.060169Z","level":"info","event":"============================================================","logger":"task.stdout"}
{"timestamp":"2026-02-02T09:35:27.060311Z","level":"info","event":"SYNC SUMMARY","logger":"task.stdout"}
{"timestamp":"2026-02-02T09:35:27.060415Z","level":"info","event":"============================================================","logger":"task.stdout"}
{"timestamp":"2026-02-02T09:35:27.060578Z","level":"info","event":"✅ Success: 43 tables","logger":"task.stdout"}
{"timestamp":"2026-02-02T09:35:27.060734Z","level":"info","event":"❌ Failed: 3 tables","logger":"task.stdout"}
{"timestamp":"2026-02-02T09:35:27.060851Z","level":"info","event":"","logger":"task.stdout"}
{"timestamp":"2026-02-02T09:35:27.061005Z","level":"info","event":"Failed tables:","logger":"task.stdout"}
{"timestamp":"2026-02-02T09:35:27.061439Z","level":"info","event":"  - ERROR syncing weather.fact_weather_hourly: relation \"fact_weather_hourly\" does not exist","logger":"task.stdout"}
{"timestamp":"2026-02-02T09:35:27.061633Z","level":"info","event":"LINE 1: SELECT * FROM fact_weather_hourly LIMIT 0","logger":"task.stdout"}
{"timestamp":"2026-02-02T09:35:27.061751Z","level":"info","event":"                      ^","logger":"task.stdout"}
{"timestamp":"2026-02-02T09:35:27.061895Z","level":"info","event":"","logger":"task.stdout"}
{"timestamp":"2026-02-02T09:35:27.062019Z","level":"info","event":"  - ERROR syncing driver.kontak_darurat: relation \"kontak_darurat_pengemudi\" does not exist","logger":"task.stdout"}
{"timestamp":"2026-02-02T09:35:27.062139Z","level":"info","event":"LINE 1: SELECT * FROM kontak_darurat_pengemudi LIMIT 0","logger":"task.stdout"}
{"timestamp":"2026-02-02T09:35:27.062247Z","level":"info","event":"                      ^","logger":"task.stdout"}
{"timestamp":"2026-02-02T09:35:27.062356Z","level":"info","event":"","logger":"task.stdout"}
{"timestamp":"2026-02-02T09:35:27.062464Z","level":"info","event":"  - ERROR syncing master.gudang: column \"uuid_tenant\" of relation \"gudang\" does not exist","logger":"task.stdout"}
{"timestamp":"2026-02-02T09:35:27.062542Z","level":"info","event":"LINE 1: ...a, diubah_oleh, diubah_pada, id_tenant, lat, lng, uuid_tenan...","logger":"task.stdout"}
{"timestamp":"2026-02-02T09:35:27.062629Z","level":"info","event":"                                                             ^","logger":"task.stdout"}
{"timestamp":"2026-02-02T09:35:27.062758Z","level":"info","event":"","logger":"task.stdout"}
{"timestamp":"2026-02-02T09:35:27.062840Z","level":"info","event":"","logger":"task.stdout"}
{"timestamp":"2026-02-02T09:35:27.062922Z","level":"info","event":"Detailed results:","logger":"task.stdout"}
{"timestamp":"2026-02-02T09:35:27.063002Z","level":"info","event":"  ✓ driver.daftar_user: 25 rows","logger":"task.stdout"}
{"timestamp":"2026-02-02T09:35:27.063092Z","level":"info","event":"  ✓ driver.attachment_driver: 6 rows","logger":"task.stdout"}
{"timestamp":"2026-02-02T09:35:27.063457Z","level":"info","event":"  ✓ driver.laporan_pengemudi: 0 rows","logger":"task.stdout"}
{"timestamp":"2026-02-02T09:35:27.063658Z","level":"info","event":"  ✓ armada.armada_tms: 3 rows","logger":"task.stdout"}
{"timestamp":"2026-02-02T09:35:27.063767Z","level":"info","event":"  ✓ armada.jenis_armada: 19 rows","logger":"task.stdout"}
{"timestamp":"2026-02-02T09:35:27.063921Z","level":"info","event":"  ✓ armada.driver_armada: 1 rows","logger":"task.stdout"}
{"timestamp":"2026-02-02T09:35:27.064016Z","level":"info","event":"  ✓ armada.armada_perangkat: 0 rows","logger":"task.stdout"}
{"timestamp":"2026-02-02T09:35:27.064109Z","level":"info","event":"  ✓ armada.attachment_armada: 0 rows","logger":"task.stdout"}
{"timestamp":"2026-02-02T09:35:27.064191Z","level":"info","event":"  ✓ delivery.delivery_order: 15 rows","logger":"task.stdout"}
{"timestamp":"2026-02-02T09:35:27.064311Z","level":"info","event":"  ✓ delivery.detail_do: 3 rows","logger":"task.stdout"}
{"timestamp":"2026-02-02T09:35:27.064409Z","level":"info","event":"  ... and 33 more","logger":"task.stdout"}
{"timestamp":"2026-02-02T09:35:27.059202Z","level":"info","event":"Done. Returned value was: {'success_count': 43, 'failed_count': 3}","logger":"airflow.task.operators.airflow.providers.standard.operators.python.PythonOperator","filename":"python.py","lineno":215}
{"timestamp":"2026-02-02T09:35:27.059702Z","level":"info","event":"Pushing xcom","ti":"RuntimeTaskInstance(id=UUID('019c1db4-c49f-744a-80dd-3ed963f2c4a1'), task_id='sync_warehouse_tables', dag_id='daily_warehouse_sync', run_id='scheduled__2026-02-02T09:35:10.979831+00:00', try_number=1, dag_version_id=UUID('019c1db4-6144-716e-be55-6f30b822ed69'), map_index=-1, hostname='OM-RAFIE.localdomain', context_carrier={}, task=<Task(PythonOperator): sync_warehouse_tables>, bundle_instance=LocalDagBundle(name=dags-folder), max_tries=2, start_date=datetime.datetime(2026, 2, 2, 9, 35, 12, 192986, tzinfo=datetime.timezone.utc), end_date=None, state=<TaskInstanceState.RUNNING: 'running'>, is_mapped=False, rendered_map_index=None)","logger":"task","filename":"task_runner.py","lineno":1360}
