{"timestamp":"2026-01-21T00:41:02.532146Z","level":"info","event":"DAG bundles loaded: dags-folder","logger":"airflow.dag_processing.bundles.manager.DagBundlesManager","filename":"manager.py","lineno":179}
{"timestamp":"2026-01-21T00:41:02.597292Z","level":"info","event":"Filling up the DagBag from /opt/airflow/dags/explore_database_schema.py","logger":"airflow.models.dagbag.DagBag","filename":"dagbag.py","lineno":593}
{"timestamp":"2026-01-21T00:41:03.198621Z","level":"warning","event":"The `airflow.operators.python.PythonOperator` attribute is deprecated. Please use `'airflow.providers.standard.operators.python.PythonOperator'`.","category":"DeprecatedImportWarning","filename":"/opt/airflow/dags/explore_database_schema.py","lineno":5,"logger":"py.warnings"}
{"timestamp":"2026-01-21T00:41:04.071677Z","level":"info","event":"","logger":"task.stdout"}
{"timestamp":"2026-01-21T00:41:04.071990Z","level":"info","event":"====================================================================================================","logger":"task.stdout"}
{"timestamp":"2026-01-21T00:41:04.072100Z","level":"info","event":"RECORD COUNT BY TABLE","logger":"task.stdout"}
{"timestamp":"2026-01-21T00:41:04.072187Z","level":"info","event":"====================================================================================================","logger":"task.stdout"}
{"timestamp":"2026-01-21T00:41:04.072356Z","level":"info","event":"  Schema               Table                                    Record Count","logger":"task.stdout"}
{"timestamp":"2026-01-21T00:41:04.072449Z","level":"info","event":"----------------------------------------------------------------------------------------------------","logger":"task.stdout"}
{"timestamp":"2026-01-21T00:41:04.075947Z","level":"info","event":"  public               alembic_version                          1","logger":"task.stdout"}
{"timestamp":"2026-01-21T00:41:04.077091Z","level":"info","event":"  public               asset                                    0","logger":"task.stdout"}
{"timestamp":"2026-01-21T00:41:04.078722Z","level":"info","event":"  public               asset_active                             0","logger":"task.stdout"}
{"timestamp":"2026-01-21T00:41:04.084439Z","level":"info","event":"  public               asset_alias                              0","logger":"task.stdout"}
{"timestamp":"2026-01-21T00:41:04.086781Z","level":"info","event":"  public               asset_alias_asset                        0","logger":"task.stdout"}
{"timestamp":"2026-01-21T00:41:04.091718Z","level":"info","event":"  public               asset_alias_asset_event                  0","logger":"task.stdout"}
{"timestamp":"2026-01-21T00:41:04.092435Z","level":"info","event":"  public               asset_dag_run_queue                      0","logger":"task.stdout"}
{"timestamp":"2026-01-21T00:41:04.093028Z","level":"info","event":"  public               asset_event                              0","logger":"task.stdout"}
{"timestamp":"2026-01-21T00:41:04.093592Z","level":"info","event":"  public               asset_trigger                            0","logger":"task.stdout"}
{"timestamp":"2026-01-21T00:41:04.094192Z","level":"info","event":"  public               backfill                                 0","logger":"task.stdout"}
{"timestamp":"2026-01-21T00:41:04.094728Z","level":"info","event":"  public               backfill_dag_run                         0","logger":"task.stdout"}
{"timestamp":"2026-01-21T00:41:04.095201Z","level":"info","event":"  public               callback_request                         0","logger":"task.stdout"}
{"timestamp":"2026-01-21T00:41:04.102935Z","level":"info","event":"  public               connection                               1","logger":"task.stdout"}
{"timestamp":"2026-01-21T00:41:04.104207Z","level":"info","event":"  public               dag                                      6","logger":"task.stdout"}
{"timestamp":"2026-01-21T00:41:04.105784Z","level":"info","event":"  public               dag_bundle                               1","logger":"task.stdout"}
{"timestamp":"2026-01-21T00:41:04.113566Z","level":"info","event":"  public               dag_bundle_team                          0","logger":"task.stdout"}
{"timestamp":"2026-01-21T00:41:04.115773Z","level":"info","event":"  public               dag_code                                 13","logger":"task.stdout"}
{"timestamp":"2026-01-21T00:41:04.116702Z","level":"info","event":"  public               dag_favorite                             0","logger":"task.stdout"}
{"timestamp":"2026-01-21T00:41:04.119093Z","level":"info","event":"  public               dag_owner_attributes                     0","logger":"task.stdout"}
{"timestamp":"2026-01-21T00:41:04.120677Z","level":"info","event":"  public               dag_priority_parsing_request             0","logger":"task.stdout"}
{"timestamp":"2026-01-21T00:41:04.124582Z","level":"info","event":"  public               dag_run                                  12","logger":"task.stdout"}
{"timestamp":"2026-01-21T00:41:04.126552Z","level":"info","event":"  public               dag_run_note                             0","logger":"task.stdout"}
{"timestamp":"2026-01-21T00:41:04.128636Z","level":"info","event":"  public               dag_schedule_asset_alias_reference       0","logger":"task.stdout"}
{"timestamp":"2026-01-21T00:41:04.130338Z","level":"info","event":"  public               dag_schedule_asset_name_reference        0","logger":"task.stdout"}
{"timestamp":"2026-01-21T00:41:04.131246Z","level":"info","event":"  public               dag_schedule_asset_reference             0","logger":"task.stdout"}
{"timestamp":"2026-01-21T00:41:04.132908Z","level":"info","event":"  public               dag_schedule_asset_uri_reference         0","logger":"task.stdout"}
{"timestamp":"2026-01-21T00:41:04.137576Z","level":"info","event":"  public               dag_tag                                  10","logger":"task.stdout"}
{"timestamp":"2026-01-21T00:41:04.138914Z","level":"info","event":"  public               dag_version                              13","logger":"task.stdout"}
{"timestamp":"2026-01-21T00:41:04.140493Z","level":"info","event":"  public               dag_warning                              0","logger":"task.stdout"}
{"timestamp":"2026-01-21T00:41:04.142597Z","level":"info","event":"  public               dagrun_asset_event                       0","logger":"task.stdout"}
{"timestamp":"2026-01-21T00:41:04.143939Z","level":"info","event":"  public               deadline                                 0","logger":"task.stdout"}
{"timestamp":"2026-01-21T00:41:04.147502Z","level":"info","event":"  public               hitl_detail                              0","logger":"task.stdout"}
{"timestamp":"2026-01-21T00:41:04.148495Z","level":"info","event":"  public               import_error                             0","logger":"task.stdout"}
{"timestamp":"2026-01-21T00:41:04.150347Z","level":"info","event":"  public               job                                      21","logger":"task.stdout"}
{"timestamp":"2026-01-21T00:41:04.159227Z","level":"info","event":"  public               log                                      65","logger":"task.stdout"}
{"timestamp":"2026-01-21T00:41:04.160259Z","level":"info","event":"  public               log_template                             2","logger":"task.stdout"}
{"timestamp":"2026-01-21T00:41:04.161929Z","level":"info","event":"  public               rendered_task_instance_fields            21","logger":"task.stdout"}
{"timestamp":"2026-01-21T00:41:04.162754Z","level":"info","event":"  public               serialized_dag                           13","logger":"task.stdout"}
{"timestamp":"2026-01-21T00:41:04.164600Z","level":"info","event":"  public               slot_pool                                1","logger":"task.stdout"}
{"timestamp":"2026-01-21T00:41:04.167194Z","level":"info","event":"  public               task_inlet_asset_reference               0","logger":"task.stdout"}
{"timestamp":"2026-01-21T00:41:04.169202Z","level":"info","event":"  public               task_instance                            22","logger":"task.stdout"}
{"timestamp":"2026-01-21T00:41:04.170918Z","level":"info","event":"  public               task_instance_history                    0","logger":"task.stdout"}
{"timestamp":"2026-01-21T00:41:04.172162Z","level":"info","event":"  public               task_instance_note                       0","logger":"task.stdout"}
{"timestamp":"2026-01-21T00:41:04.173019Z","level":"info","event":"  public               task_map                                 0","logger":"task.stdout"}
{"timestamp":"2026-01-21T00:41:04.173729Z","level":"info","event":"  public               task_outlet_asset_reference              0","logger":"task.stdout"}
{"timestamp":"2026-01-21T00:41:04.175690Z","level":"info","event":"  public               task_reschedule                          0","logger":"task.stdout"}
{"timestamp":"2026-01-21T00:41:04.178683Z","level":"info","event":"  public               team                                     0","logger":"task.stdout"}
{"timestamp":"2026-01-21T00:41:04.179469Z","level":"info","event":"  public               trigger                                  0","logger":"task.stdout"}
{"timestamp":"2026-01-21T00:41:04.182114Z","level":"info","event":"  public               variable                                 0","logger":"task.stdout"}
{"timestamp":"2026-01-21T00:41:04.183143Z","level":"info","event":"  public               xcom                                     30","logger":"task.stdout"}
{"timestamp":"2026-01-21T00:41:04.183333Z","level":"info","event":"----------------------------------------------------------------------------------------------------","logger":"task.stdout"}
{"timestamp":"2026-01-21T00:41:04.183419Z","level":"info","event":"  TOTAL                                                        232","logger":"task.stdout"}
{"timestamp":"2026-01-21T00:41:04.183493Z","level":"info","event":"====================================================================================================","logger":"task.stdout"}
{"timestamp":"2026-01-21T00:41:04.183563Z","level":"info","event":"","logger":"task.stdout"}
{"timestamp":"2026-01-21T00:41:04.183138Z","level":"info","event":"Done. Returned value was: None","logger":"airflow.task.operators.airflow.providers.standard.operators.python.PythonOperator","filename":"python.py","lineno":215}
