{"timestamp":"2026-01-27T18:00:02.096875Z","level":"info","event":"DAG bundles loaded: dags-folder","logger":"airflow.dag_processing.bundles.manager.DagBundlesManager","filename":"manager.py","lineno":179}
{"timestamp":"2026-01-27T18:00:02.101643Z","level":"info","event":"Filling up the DagBag from /opt/airflow/dags/weather_data_fetch.py","logger":"airflow.models.dagbag.DagBag","filename":"dagbag.py","lineno":593}
{"timestamp":"2026-01-27T18:00:02.213715Z","level":"warning","event":"The `airflow.operators.python.PythonOperator` attribute is deprecated. Please use `'airflow.providers.standard.operators.python.PythonOperator'`.","category":"DeprecatedImportWarning","filename":"/opt/airflow/dags/weather_data_fetch.py","lineno":8,"logger":"py.warnings"}
{"timestamp":"2026-01-27T18:00:02.214070Z","level":"warning","event":"The `airflow.operators.bash.BashOperator` attribute is deprecated. Please use `'airflow.providers.standard.operators.bash.BashOperator'`.","category":"DeprecatedImportWarning","filename":"/opt/airflow/dags/weather_data_fetch.py","lineno":9,"logger":"py.warnings"}
{"timestamp":"2026-01-27T18:00:03.008890Z","level":"info","event":"","logger":"task.stdout"}
{"timestamp":"2026-01-27T18:00:03.009142Z","level":"info","event":"============================================================","logger":"task.stdout"}
{"timestamp":"2026-01-27T18:00:03.009300Z","level":"info","event":"🌦️ Fetching BMKG Weather Data","logger":"task.stdout"}
{"timestamp":"2026-01-27T18:00:03.010149Z","level":"info","event":"============================================================","logger":"task.stdout"}
{"timestamp":"2026-01-27T18:00:03.087087Z","level":"info","event":"","logger":"task.stdout"}
{"timestamp":"2026-01-27T18:00:03.087433Z","level":"info","event":"📍 Fetching weather for ADM4: 35.78.21.1004","logger":"task.stdout"}
{"timestamp":"2026-01-27T18:00:03.822649Z","level":"info","event":"   Parsed 18 weather records","logger":"task.stdout"}
{"timestamp":"2026-01-27T18:00:03.858657Z","level":"info","event":"","logger":"task.stdout"}
{"timestamp":"2026-01-27T18:00:03.858913Z","level":"info","event":"⚠️  Found 12 expired weather records to delete","logger":"task.stdout"}
{"timestamp":"2026-01-27T18:00:03.859207Z","level":"info","event":"   Time range: 2026-01-27 20:00:00 to 2026-01-28 01:00:00","logger":"task.stdout"}
{"timestamp":"2026-01-27T18:00:03.859464Z","level":"info","event":"   (waktu < NOW at 2026-01-28 01:00:03 WIB)","logger":"task.stdout"}
{"timestamp":"2026-01-27T18:00:03.862011Z","level":"info","event":"✅ Deleted 12 expired weather records","logger":"task.stdout"}
{"timestamp":"2026-01-27T18:00:03.886895Z","level":"info","event":"✓ Inserted 18 weather records","logger":"task.stdout"}
{"timestamp":"2026-01-27T18:00:03.887121Z","level":"info","event":"","logger":"task.stdout"}
{"timestamp":"2026-01-27T18:00:03.887224Z","level":"info","event":"📍 Fetching weather for ADM4: 35.25.14.1010","logger":"task.stdout"}
{"timestamp":"2026-01-27T18:00:04.674719Z","level":"info","event":"   Parsed 18 weather records","logger":"task.stdout"}
{"timestamp":"2026-01-27T18:00:04.703043Z","level":"info","event":"","logger":"task.stdout"}
{"timestamp":"2026-01-27T18:00:04.703374Z","level":"info","event":"⚠️  Found 3 expired weather records to delete","logger":"task.stdout"}
{"timestamp":"2026-01-27T18:00:04.703566Z","level":"info","event":"   Time range: 2026-01-27 19:00:00 to 2026-01-28 01:00:00","logger":"task.stdout"}
{"timestamp":"2026-01-27T18:00:04.703921Z","level":"info","event":"   (waktu < NOW at 2026-01-28 01:00:04 WIB)","logger":"task.stdout"}
{"timestamp":"2026-01-27T18:00:04.704271Z","level":"info","event":"✅ Deleted 3 expired weather records","logger":"task.stdout"}
{"timestamp":"2026-01-27T18:00:04.730627Z","level":"info","event":"✓ Inserted 18 weather records","logger":"task.stdout"}
{"timestamp":"2026-01-27T18:00:04.731056Z","level":"info","event":"","logger":"task.stdout"}
{"timestamp":"2026-01-27T18:00:04.731234Z","level":"info","event":"============================================================","logger":"task.stdout"}
{"timestamp":"2026-01-27T18:00:04.731451Z","level":"info","event":"✓ Total records inserted: 36","logger":"task.stdout"}
{"timestamp":"2026-01-27T18:00:04.731647Z","level":"info","event":"============================================================","logger":"task.stdout"}
{"timestamp":"2026-01-27T18:00:04.730770Z","level":"info","event":"Done. Returned value was: 36","logger":"airflow.task.operators.airflow.providers.standard.operators.python.PythonOperator","filename":"python.py","lineno":215}
{"timestamp":"2026-01-27T18:00:04.731768Z","level":"info","event":"Pushing xcom","ti":"RuntimeTaskInstance(id=UUID('019c009c-c63a-741b-9bef-750cfbd78dd7'), task_id='fetch_bmkg_weather', dag_id='weather_data_fetch', run_id='scheduled__2026-01-27T18:00:00+00:00', try_number=1, dag_version_id=UUID('019bf85e-bdaa-72d4-8530-24267eab6b2a'), map_index=-1, hostname='OM-RAFIE.localdomain', context_carrier={}, task=<Task(PythonOperator): fetch_bmkg_weather>, bundle_instance=LocalDagBundle(name=dags-folder), max_tries=2, start_date=datetime.datetime(2026, 1, 27, 18, 0, 1, 431382, tzinfo=datetime.timezone.utc), end_date=None, state=<TaskInstanceState.RUNNING: 'running'>, is_mapped=False, rendered_map_index=None)","logger":"task","filename":"task_runner.py","lineno":1360}
