{"timestamp":"2026-01-30T13:12:37.661869Z","level":"info","event":"DAG bundles loaded: dags-folder","logger":"airflow.dag_processing.bundles.manager.DagBundlesManager","filename":"manager.py","lineno":179}
{"timestamp":"2026-01-30T13:12:37.667726Z","level":"info","event":"Filling up the DagBag from /opt/airflow/dags/weather_data_fetch.py","logger":"airflow.models.dagbag.DagBag","filename":"dagbag.py","lineno":593}
{"timestamp":"2026-01-30T13:12:37.773229Z","level":"warning","event":"The `airflow.operators.python.PythonOperator` attribute is deprecated. Please use `'airflow.providers.standard.operators.python.PythonOperator'`.","category":"DeprecatedImportWarning","filename":"/opt/airflow/dags/weather_data_fetch.py","lineno":8,"logger":"py.warnings"}
{"timestamp":"2026-01-30T13:12:37.773466Z","level":"warning","event":"The `airflow.operators.bash.BashOperator` attribute is deprecated. Please use `'airflow.providers.standard.operators.bash.BashOperator'`.","category":"DeprecatedImportWarning","filename":"/opt/airflow/dags/weather_data_fetch.py","lineno":9,"logger":"py.warnings"}
{"timestamp":"2026-01-30T13:12:38.276717Z","level":"info","event":"","logger":"task.stdout"}
{"timestamp":"2026-01-30T13:12:38.276980Z","level":"info","event":"============================================================","logger":"task.stdout"}
{"timestamp":"2026-01-30T13:12:38.277164Z","level":"info","event":"🌦️ Fetching BMKG Weather Data","logger":"task.stdout"}
{"timestamp":"2026-01-30T13:12:38.277443Z","level":"info","event":"============================================================","logger":"task.stdout"}
{"timestamp":"2026-01-30T13:12:38.446604Z","level":"info","event":"","logger":"task.stdout"}
{"timestamp":"2026-01-30T13:12:38.446872Z","level":"info","event":"📍 Fetching weather for ADM4: 35.78.21.1004","logger":"task.stdout"}
{"timestamp":"2026-01-30T13:12:39.377250Z","level":"info","event":"   Parsed 17 weather records","logger":"task.stdout"}
{"timestamp":"2026-01-30T13:12:39.416803Z","level":"info","event":"","logger":"task.stdout"}
{"timestamp":"2026-01-30T13:12:39.417007Z","level":"info","event":"⚠️  Found 10 expired weather records to delete","logger":"task.stdout"}
{"timestamp":"2026-01-30T13:12:39.417251Z","level":"info","event":"   Time range: 2026-01-30 17:00:00 to 2026-01-30 20:00:00","logger":"task.stdout"}
{"timestamp":"2026-01-30T13:12:39.417412Z","level":"info","event":"   (waktu < NOW at 2026-01-30 20:12:39 WIB)","logger":"task.stdout"}
{"timestamp":"2026-01-30T13:12:39.422965Z","level":"info","event":"✅ Deleted 10 expired weather records","logger":"task.stdout"}
{"timestamp":"2026-01-30T13:12:39.450797Z","level":"info","event":"✓ Inserted 17 weather records","logger":"task.stdout"}
{"timestamp":"2026-01-30T13:12:39.450980Z","level":"info","event":"","logger":"task.stdout"}
{"timestamp":"2026-01-30T13:12:39.451101Z","level":"info","event":"📍 Fetching weather for ADM4: 35.25.14.1010","logger":"task.stdout"}
{"timestamp":"2026-01-30T13:12:40.157555Z","level":"info","event":"   Parsed 17 weather records","logger":"task.stdout"}
{"timestamp":"2026-01-30T13:12:40.178125Z","level":"info","event":"","logger":"task.stdout"}
{"timestamp":"2026-01-30T13:12:40.178534Z","level":"info","event":"⚠️  Found 3 expired weather records to delete","logger":"task.stdout"}
{"timestamp":"2026-01-30T13:12:40.178690Z","level":"info","event":"   Time range: 2026-01-30 14:00:00 to 2026-01-30 20:00:00","logger":"task.stdout"}
{"timestamp":"2026-01-30T13:12:40.178907Z","level":"info","event":"   (waktu < NOW at 2026-01-30 20:12:40 WIB)","logger":"task.stdout"}
{"timestamp":"2026-01-30T13:12:40.179585Z","level":"info","event":"✅ Deleted 3 expired weather records","logger":"task.stdout"}
{"timestamp":"2026-01-30T13:12:40.194172Z","level":"info","event":"✓ Inserted 17 weather records","logger":"task.stdout"}
{"timestamp":"2026-01-30T13:12:40.194494Z","level":"info","event":"","logger":"task.stdout"}
{"timestamp":"2026-01-30T13:12:40.194641Z","level":"info","event":"============================================================","logger":"task.stdout"}
{"timestamp":"2026-01-30T13:12:40.195241Z","level":"info","event":"✓ Total records inserted: 34","logger":"task.stdout"}
{"timestamp":"2026-01-30T13:12:40.195386Z","level":"info","event":"============================================================","logger":"task.stdout"}
{"timestamp":"2026-01-30T13:12:40.194671Z","level":"info","event":"Done. Returned value was: 34","logger":"airflow.task.operators.airflow.providers.standard.operators.python.PythonOperator","filename":"python.py","lineno":215}
{"timestamp":"2026-01-30T13:12:40.195768Z","level":"info","event":"Pushing xcom","ti":"RuntimeTaskInstance(id=UUID('019c0f08-bad8-782b-9685-7c080ac6bf10'), task_id='fetch_bmkg_weather', dag_id='weather_data_fetch', run_id='scheduled__2026-01-30T13:00:00+00:00', try_number=1, dag_version_id=UUID('019c0dd4-58cf-774a-9f83-a68201e36c2d'), map_index=-1, hostname='OM-RAFIE.localdomain', context_carrier={}, task=<Task(PythonOperator): fetch_bmkg_weather>, bundle_instance=LocalDagBundle(name=dags-folder), max_tries=2, start_date=datetime.datetime(2026, 1, 30, 13, 12, 37, 131571, tzinfo=datetime.timezone.utc), end_date=None, state=<TaskInstanceState.RUNNING: 'running'>, is_mapped=False, rendered_map_index=None)","logger":"task","filename":"task_runner.py","lineno":1360}
