{"timestamp":"2026-01-30T15:00:02.652667Z","level":"info","event":"DAG bundles loaded: dags-folder","logger":"airflow.dag_processing.bundles.manager.DagBundlesManager","filename":"manager.py","lineno":179}
{"timestamp":"2026-01-30T15:00:02.658791Z","level":"info","event":"Filling up the DagBag from /opt/airflow/dags/weather_data_fetch.py","logger":"airflow.models.dagbag.DagBag","filename":"dagbag.py","lineno":593}
{"timestamp":"2026-01-30T15:00:02.767213Z","level":"warning","event":"The `airflow.operators.python.PythonOperator` attribute is deprecated. Please use `'airflow.providers.standard.operators.python.PythonOperator'`.","category":"DeprecatedImportWarning","filename":"/opt/airflow/dags/weather_data_fetch.py","lineno":8,"logger":"py.warnings"}
{"timestamp":"2026-01-30T15:00:02.767406Z","level":"warning","event":"The `airflow.operators.bash.BashOperator` attribute is deprecated. Please use `'airflow.providers.standard.operators.bash.BashOperator'`.","category":"DeprecatedImportWarning","filename":"/opt/airflow/dags/weather_data_fetch.py","lineno":9,"logger":"py.warnings"}
{"timestamp":"2026-01-30T15:00:03.302045Z","level":"info","event":"","logger":"task.stdout"}
{"timestamp":"2026-01-30T15:00:03.302187Z","level":"info","event":"============================================================","logger":"task.stdout"}
{"timestamp":"2026-01-30T15:00:03.302232Z","level":"info","event":"🌦️ Fetching BMKG Weather Data","logger":"task.stdout"}
{"timestamp":"2026-01-30T15:00:03.302736Z","level":"info","event":"============================================================","logger":"task.stdout"}
{"timestamp":"2026-01-30T15:00:03.445377Z","level":"info","event":"","logger":"task.stdout"}
{"timestamp":"2026-01-30T15:00:03.445517Z","level":"info","event":"📍 Fetching weather for ADM4: 35.78.21.1004","logger":"task.stdout"}
{"timestamp":"2026-01-30T15:00:05.455184Z","level":"info","event":"   Parsed 17 weather records","logger":"task.stdout"}
{"timestamp":"2026-01-30T15:00:05.481766Z","level":"info","event":"","logger":"task.stdout"}
{"timestamp":"2026-01-30T15:00:05.481948Z","level":"info","event":"⚠️  Found 2 expired weather records to delete","logger":"task.stdout"}
{"timestamp":"2026-01-30T15:00:05.482118Z","level":"info","event":"   Time range: 2026-01-30 22:00:00 to 2026-01-30 22:00:00","logger":"task.stdout"}
{"timestamp":"2026-01-30T15:00:05.482168Z","level":"info","event":"   (waktu < NOW at 2026-01-30 22:00:05 WIB)","logger":"task.stdout"}
{"timestamp":"2026-01-30T15:00:05.485241Z","level":"info","event":"✅ Deleted 2 expired weather records","logger":"task.stdout"}
{"timestamp":"2026-01-30T15:00:05.500046Z","level":"info","event":"✓ Inserted 17 weather records","logger":"task.stdout"}
{"timestamp":"2026-01-30T15:00:05.500180Z","level":"info","event":"","logger":"task.stdout"}
{"timestamp":"2026-01-30T15:00:05.500230Z","level":"info","event":"📍 Fetching weather for ADM4: 35.25.14.1010","logger":"task.stdout"}
{"timestamp":"2026-01-30T15:00:20.735655Z","level":"info","event":"❌ Error fetching from BMKG API: HTTPSConnectionPool(host='api.bmkg.go.id', port=443): Read timed out. (read timeout=10)","logger":"task.stdout"}
{"timestamp":"2026-01-30T15:00:20.735858Z","level":"info","event":"⚠️ Skipping 35.25.14.1010 - no data","logger":"task.stdout"}
{"timestamp":"2026-01-30T15:00:20.735934Z","level":"info","event":"","logger":"task.stdout"}
{"timestamp":"2026-01-30T15:00:20.735999Z","level":"info","event":"============================================================","logger":"task.stdout"}
{"timestamp":"2026-01-30T15:00:20.736057Z","level":"info","event":"✓ Total records inserted: 17","logger":"task.stdout"}
{"timestamp":"2026-01-30T15:00:20.736113Z","level":"info","event":"============================================================","logger":"task.stdout"}
{"timestamp":"2026-01-30T15:00:20.735827Z","level":"info","event":"Done. Returned value was: 17","logger":"airflow.task.operators.airflow.providers.standard.operators.python.PythonOperator","filename":"python.py","lineno":215}
{"timestamp":"2026-01-30T15:00:20.736437Z","level":"info","event":"Pushing xcom","ti":"RuntimeTaskInstance(id=UUID('019c0f6b-1189-78ee-a01f-f60ab2a83ea9'), task_id='fetch_bmkg_weather', dag_id='weather_data_fetch', run_id='scheduled__2026-01-30T15:00:00+00:00', try_number=1, dag_version_id=UUID('019c0dd4-58cf-774a-9f83-a68201e36c2d'), map_index=-1, hostname='OM-RAFIE.localdomain', context_carrier={}, task=<Task(PythonOperator): fetch_bmkg_weather>, bundle_instance=LocalDagBundle(name=dags-folder), max_tries=2, start_date=datetime.datetime(2026, 1, 30, 15, 0, 2, 262970, tzinfo=datetime.timezone.utc), end_date=None, state=<TaskInstanceState.RUNNING: 'running'>, is_mapped=False, rendered_map_index=None)","logger":"task","filename":"task_runner.py","lineno":1360}
