{"timestamp":"2026-02-05T19:00:03.881074Z","level":"info","event":"DAG bundles loaded: dags-folder","logger":"airflow.dag_processing.bundles.manager.DagBundlesManager","filename":"manager.py","lineno":179}
{"timestamp":"2026-02-05T19:00:03.891535Z","level":"info","event":"Filling up the DagBag from /opt/airflow/dags/weather_data_fetch.py","logger":"airflow.models.dagbag.DagBag","filename":"dagbag.py","lineno":593}
{"timestamp":"2026-02-05T19:00:04.043060Z","level":"warning","event":"The `airflow.operators.python.PythonOperator` attribute is deprecated. Please use `'airflow.providers.standard.operators.python.PythonOperator'`.","category":"DeprecatedImportWarning","filename":"/opt/airflow/dags/weather_data_fetch.py","lineno":8,"logger":"py.warnings"}
{"timestamp":"2026-02-05T19:00:04.043445Z","level":"warning","event":"The `airflow.operators.bash.BashOperator` attribute is deprecated. Please use `'airflow.providers.standard.operators.bash.BashOperator'`.","category":"DeprecatedImportWarning","filename":"/opt/airflow/dags/weather_data_fetch.py","lineno":9,"logger":"py.warnings"}
{"timestamp":"2026-02-05T19:00:04.830542Z","level":"info","event":"","logger":"task.stdout"}
{"timestamp":"2026-02-05T19:00:04.830818Z","level":"info","event":"============================================================","logger":"task.stdout"}
{"timestamp":"2026-02-05T19:00:04.831172Z","level":"info","event":"🌦️ Fetching BMKG Weather Data","logger":"task.stdout"}
{"timestamp":"2026-02-05T19:00:04.831628Z","level":"info","event":"============================================================","logger":"task.stdout"}
{"timestamp":"2026-02-05T19:00:05.009157Z","level":"info","event":"","logger":"task.stdout"}
{"timestamp":"2026-02-05T19:00:05.009498Z","level":"info","event":"📍 Fetching weather for ADM4: 35.78.21.1004","logger":"task.stdout"}
{"timestamp":"2026-02-05T19:00:05.698597Z","level":"info","event":"   Parsed 18 weather records","logger":"task.stdout"}
{"timestamp":"2026-02-05T19:00:05.736698Z","level":"info","event":"","logger":"task.stdout"}
{"timestamp":"2026-02-05T19:00:05.737048Z","level":"info","event":"⚠️  Found 2 expired weather records to delete","logger":"task.stdout"}
{"timestamp":"2026-02-05T19:00:05.737437Z","level":"info","event":"   Time range: 2026-02-06 02:00:00 to 2026-02-06 02:00:00","logger":"task.stdout"}
{"timestamp":"2026-02-05T19:00:05.737824Z","level":"info","event":"   (waktu < NOW at 2026-02-06 02:00:05 WIB)","logger":"task.stdout"}
{"timestamp":"2026-02-05T19:00:05.739538Z","level":"info","event":"✅ Deleted 2 expired weather records","logger":"task.stdout"}
{"timestamp":"2026-02-05T19:00:05.767355Z","level":"info","event":"✓ Inserted 18 weather records","logger":"task.stdout"}
{"timestamp":"2026-02-05T19:00:05.767645Z","level":"info","event":"","logger":"task.stdout"}
{"timestamp":"2026-02-05T19:00:05.767807Z","level":"info","event":"📍 Fetching weather for ADM4: 35.25.14.1010","logger":"task.stdout"}
{"timestamp":"2026-02-05T19:00:07.050027Z","level":"info","event":"   Parsed 18 weather records","logger":"task.stdout"}
{"timestamp":"2026-02-05T19:00:07.079133Z","level":"info","event":"","logger":"task.stdout"}
{"timestamp":"2026-02-05T19:00:07.079447Z","level":"info","event":"⚠️  Found 3 expired weather records to delete","logger":"task.stdout"}
{"timestamp":"2026-02-05T19:00:07.079624Z","level":"info","event":"   Time range: 2026-02-05 20:00:00 to 2026-02-06 02:00:00","logger":"task.stdout"}
{"timestamp":"2026-02-05T19:00:07.079807Z","level":"info","event":"   (waktu < NOW at 2026-02-06 02:00:07 WIB)","logger":"task.stdout"}
{"timestamp":"2026-02-05T19:00:07.080367Z","level":"info","event":"✅ Deleted 3 expired weather records","logger":"task.stdout"}
{"timestamp":"2026-02-05T19:00:07.100403Z","level":"info","event":"✓ Inserted 18 weather records","logger":"task.stdout"}
{"timestamp":"2026-02-05T19:00:07.100679Z","level":"info","event":"","logger":"task.stdout"}
{"timestamp":"2026-02-05T19:00:07.100886Z","level":"info","event":"============================================================","logger":"task.stdout"}
{"timestamp":"2026-02-05T19:00:07.101150Z","level":"info","event":"✓ Total records inserted: 36","logger":"task.stdout"}
{"timestamp":"2026-02-05T19:00:07.101483Z","level":"info","event":"============================================================","logger":"task.stdout"}
{"timestamp":"2026-02-05T19:00:07.101151Z","level":"info","event":"Done. Returned value was: 36","logger":"airflow.task.operators.airflow.providers.standard.operators.python.PythonOperator","filename":"python.py","lineno":215}
{"timestamp":"2026-02-05T19:00:07.102569Z","level":"info","event":"Pushing xcom","ti":"RuntimeTaskInstance(id=UUID('019c2f2c-f33f-7ad0-9ee9-78a5be2eee5f'), task_id='fetch_bmkg_weather', dag_id='weather_data_fetch', run_id='scheduled__2026-02-05T19:00:00+00:00', try_number=1, dag_version_id=UUID('019c0dd4-58cf-774a-9f83-a68201e36c2d'), map_index=-1, hostname='OM-RAFIE.localdomain', context_carrier={}, task=<Task(PythonOperator): fetch_bmkg_weather>, bundle_instance=LocalDagBundle(name=dags-folder), max_tries=2, start_date=datetime.datetime(2026, 2, 5, 19, 0, 2, 953010, tzinfo=datetime.timezone.utc), end_date=None, state=<TaskInstanceState.RUNNING: 'running'>, is_mapped=False, rendered_map_index=None)","logger":"task","filename":"task_runner.py","lineno":1360}
