{"timestamp":"2026-01-29T06:00:02.739042Z","level":"info","event":"DAG bundles loaded: dags-folder","logger":"airflow.dag_processing.bundles.manager.DagBundlesManager","filename":"manager.py","lineno":179}
{"timestamp":"2026-01-29T06:00:02.746769Z","level":"info","event":"Filling up the DagBag from /opt/airflow/dags/weather_data_fetch.py","logger":"airflow.models.dagbag.DagBag","filename":"dagbag.py","lineno":593}
{"timestamp":"2026-01-29T06:00:02.904984Z","level":"warning","event":"The `airflow.operators.python.PythonOperator` attribute is deprecated. Please use `'airflow.providers.standard.operators.python.PythonOperator'`.","category":"DeprecatedImportWarning","filename":"/opt/airflow/dags/weather_data_fetch.py","lineno":8,"logger":"py.warnings"}
{"timestamp":"2026-01-29T06:00:02.905251Z","level":"warning","event":"The `airflow.operators.bash.BashOperator` attribute is deprecated. Please use `'airflow.providers.standard.operators.bash.BashOperator'`.","category":"DeprecatedImportWarning","filename":"/opt/airflow/dags/weather_data_fetch.py","lineno":9,"logger":"py.warnings"}
{"timestamp":"2026-01-29T06:00:03.769510Z","level":"info","event":"","logger":"task.stdout"}
{"timestamp":"2026-01-29T06:00:03.769887Z","level":"info","event":"============================================================","logger":"task.stdout"}
{"timestamp":"2026-01-29T06:00:03.769972Z","level":"info","event":"🌦️ Fetching BMKG Weather Data","logger":"task.stdout"}
{"timestamp":"2026-01-29T06:00:03.770529Z","level":"info","event":"============================================================","logger":"task.stdout"}
{"timestamp":"2026-01-29T06:00:04.002385Z","level":"info","event":"","logger":"task.stdout"}
{"timestamp":"2026-01-29T06:00:04.002604Z","level":"info","event":"📍 Fetching weather for ADM4: 35.78.21.1004","logger":"task.stdout"}
{"timestamp":"2026-01-29T06:00:04.948515Z","level":"info","event":"   Parsed 20 weather records","logger":"task.stdout"}
{"timestamp":"2026-01-29T06:00:05.013874Z","level":"info","event":"","logger":"task.stdout"}
{"timestamp":"2026-01-29T06:00:05.014063Z","level":"info","event":"⚠️  Found 2 expired weather records to delete","logger":"task.stdout"}
{"timestamp":"2026-01-29T06:00:05.014366Z","level":"info","event":"   Time range: 2026-01-29 13:00:00 to 2026-01-29 13:00:00","logger":"task.stdout"}
{"timestamp":"2026-01-29T06:00:05.014756Z","level":"info","event":"   (waktu < NOW at 2026-01-29 13:00:05 WIB)","logger":"task.stdout"}
{"timestamp":"2026-01-29T06:00:05.020274Z","level":"info","event":"✅ Deleted 2 expired weather records","logger":"task.stdout"}
{"timestamp":"2026-01-29T06:00:05.047386Z","level":"info","event":"✓ Inserted 20 weather records","logger":"task.stdout"}
{"timestamp":"2026-01-29T06:00:05.047532Z","level":"info","event":"","logger":"task.stdout"}
{"timestamp":"2026-01-29T06:00:05.047578Z","level":"info","event":"📍 Fetching weather for ADM4: 35.25.14.1010","logger":"task.stdout"}
{"timestamp":"2026-01-29T06:00:05.376827Z","level":"info","event":"   Parsed 20 weather records","logger":"task.stdout"}
{"timestamp":"2026-01-29T06:00:05.389715Z","level":"info","event":"","logger":"task.stdout"}
{"timestamp":"2026-01-29T06:00:05.389864Z","level":"info","event":"⚠️  Found 3 expired weather records to delete","logger":"task.stdout"}
{"timestamp":"2026-01-29T06:00:05.389922Z","level":"info","event":"   Time range: 2026-01-29 07:00:00 to 2026-01-29 13:00:00","logger":"task.stdout"}
{"timestamp":"2026-01-29T06:00:05.390028Z","level":"info","event":"   (waktu < NOW at 2026-01-29 13:00:05 WIB)","logger":"task.stdout"}
{"timestamp":"2026-01-29T06:00:05.390108Z","level":"info","event":"✅ Deleted 3 expired weather records","logger":"task.stdout"}
{"timestamp":"2026-01-29T06:00:05.401115Z","level":"info","event":"✓ Inserted 20 weather records","logger":"task.stdout"}
{"timestamp":"2026-01-29T06:00:05.401262Z","level":"info","event":"","logger":"task.stdout"}
{"timestamp":"2026-01-29T06:00:05.401311Z","level":"info","event":"============================================================","logger":"task.stdout"}
{"timestamp":"2026-01-29T06:00:05.401525Z","level":"info","event":"✓ Total records inserted: 40","logger":"task.stdout"}
{"timestamp":"2026-01-29T06:00:05.401628Z","level":"info","event":"============================================================","logger":"task.stdout"}
{"timestamp":"2026-01-29T06:00:05.401451Z","level":"info","event":"Done. Returned value was: 40","logger":"airflow.task.operators.airflow.providers.standard.operators.python.PythonOperator","filename":"python.py","lineno":215}
{"timestamp":"2026-01-29T06:00:05.413357Z","level":"info","event":"Pushing xcom","ti":"RuntimeTaskInstance(id=UUID('019c0856-52d4-7c06-9601-fc214b83afaf'), task_id='fetch_bmkg_weather', dag_id='weather_data_fetch', run_id='scheduled__2026-01-29T06:00:00+00:00', try_number=1, dag_version_id=UUID('019bf85e-bdaa-72d4-8530-24267eab6b2a'), map_index=-1, hostname='OM-RAFIE.localdomain', context_carrier={}, task=<Task(PythonOperator): fetch_bmkg_weather>, bundle_instance=LocalDagBundle(name=dags-folder), max_tries=2, start_date=datetime.datetime(2026, 1, 29, 6, 0, 2, 446725, tzinfo=datetime.timezone.utc), end_date=None, state=<TaskInstanceState.RUNNING: 'running'>, is_mapped=False, rendered_map_index=None)","logger":"task","filename":"task_runner.py","lineno":1360}
