{"timestamp":"2026-01-21T00:40:56.449028Z","level":"info","event":"DAG bundles loaded: dags-folder","logger":"airflow.dag_processing.bundles.manager.DagBundlesManager","filename":"manager.py","lineno":179}
{"timestamp":"2026-01-21T00:40:56.502113Z","level":"info","event":"Filling up the DagBag from /opt/airflow/dags/list_database_tables.py","logger":"airflow.models.dagbag.DagBag","filename":"dagbag.py","lineno":593}
{"timestamp":"2026-01-21T00:40:57.356495Z","level":"warning","event":"The `airflow.operators.python.PythonOperator` attribute is deprecated. Please use `'airflow.providers.standard.operators.python.PythonOperator'`.","category":"DeprecatedImportWarning","filename":"/opt/airflow/dags/list_database_tables.py","lineno":5,"logger":"py.warnings"}
{"timestamp":"2026-01-21T00:40:58.864798Z","level":"info","event":"","logger":"task.stdout"}
{"timestamp":"2026-01-21T00:40:58.864998Z","level":"info","event":"======================================================================","logger":"task.stdout"}
{"timestamp":"2026-01-21T00:40:58.865080Z","level":"info","event":"TABLES IN AIRFLOW DATABASE ON PORT 5433","logger":"task.stdout"}
{"timestamp":"2026-01-21T00:40:58.865143Z","level":"info","event":"======================================================================","logger":"task.stdout"}
{"timestamp":"2026-01-21T00:40:58.865203Z","level":"info","event":"  public.alembic_version","logger":"task.stdout"}
{"timestamp":"2026-01-21T00:40:58.865510Z","level":"info","event":"  public.asset","logger":"task.stdout"}
{"timestamp":"2026-01-21T00:40:58.865603Z","level":"info","event":"  public.asset_active","logger":"task.stdout"}
{"timestamp":"2026-01-21T00:40:58.865818Z","level":"info","event":"  public.asset_alias","logger":"task.stdout"}
{"timestamp":"2026-01-21T00:40:58.866358Z","level":"info","event":"  public.asset_alias_asset","logger":"task.stdout"}
{"timestamp":"2026-01-21T00:40:58.866454Z","level":"info","event":"  public.asset_alias_asset_event","logger":"task.stdout"}
{"timestamp":"2026-01-21T00:40:58.866509Z","level":"info","event":"  public.asset_dag_run_queue","logger":"task.stdout"}
{"timestamp":"2026-01-21T00:40:58.866568Z","level":"info","event":"  public.asset_event","logger":"task.stdout"}
{"timestamp":"2026-01-21T00:40:58.866672Z","level":"info","event":"  public.asset_trigger","logger":"task.stdout"}
{"timestamp":"2026-01-21T00:40:58.866731Z","level":"info","event":"  public.backfill","logger":"task.stdout"}
{"timestamp":"2026-01-21T00:40:58.866783Z","level":"info","event":"  public.backfill_dag_run","logger":"task.stdout"}
{"timestamp":"2026-01-21T00:40:58.866830Z","level":"info","event":"  public.callback_request","logger":"task.stdout"}
{"timestamp":"2026-01-21T00:40:58.866875Z","level":"info","event":"  public.connection","logger":"task.stdout"}
{"timestamp":"2026-01-21T00:40:58.866995Z","level":"info","event":"  public.dag","logger":"task.stdout"}
{"timestamp":"2026-01-21T00:40:58.867068Z","level":"info","event":"  public.dag_bundle","logger":"task.stdout"}
{"timestamp":"2026-01-21T00:40:58.867114Z","level":"info","event":"  public.dag_bundle_team","logger":"task.stdout"}
{"timestamp":"2026-01-21T00:40:58.867185Z","level":"info","event":"  public.dag_code","logger":"task.stdout"}
{"timestamp":"2026-01-21T00:40:58.867242Z","level":"info","event":"  public.dag_favorite","logger":"task.stdout"}
{"timestamp":"2026-01-21T00:40:58.867288Z","level":"info","event":"  public.dag_owner_attributes","logger":"task.stdout"}
{"timestamp":"2026-01-21T00:40:58.867332Z","level":"info","event":"  public.dag_priority_parsing_request","logger":"task.stdout"}
{"timestamp":"2026-01-21T00:40:58.867381Z","level":"info","event":"  public.dag_run","logger":"task.stdout"}
{"timestamp":"2026-01-21T00:40:58.867447Z","level":"info","event":"  public.dag_run_note","logger":"task.stdout"}
{"timestamp":"2026-01-21T00:40:58.867489Z","level":"info","event":"  public.dag_schedule_asset_alias_reference","logger":"task.stdout"}
{"timestamp":"2026-01-21T00:40:58.867538Z","level":"info","event":"  public.dag_schedule_asset_name_reference","logger":"task.stdout"}
{"timestamp":"2026-01-21T00:40:58.868485Z","level":"info","event":"  public.dag_schedule_asset_reference","logger":"task.stdout"}
{"timestamp":"2026-01-21T00:40:58.868649Z","level":"info","event":"  public.dag_schedule_asset_uri_reference","logger":"task.stdout"}
{"timestamp":"2026-01-21T00:40:58.868737Z","level":"info","event":"  public.dag_tag","logger":"task.stdout"}
{"timestamp":"2026-01-21T00:40:58.868832Z","level":"info","event":"  public.dag_version","logger":"task.stdout"}
{"timestamp":"2026-01-21T00:40:58.868924Z","level":"info","event":"  public.dag_warning","logger":"task.stdout"}
{"timestamp":"2026-01-21T00:40:58.868993Z","level":"info","event":"  public.dagrun_asset_event","logger":"task.stdout"}
{"timestamp":"2026-01-21T00:40:58.869068Z","level":"info","event":"  public.deadline","logger":"task.stdout"}
{"timestamp":"2026-01-21T00:40:58.869285Z","level":"info","event":"  public.hitl_detail","logger":"task.stdout"}
{"timestamp":"2026-01-21T00:40:58.869423Z","level":"info","event":"  public.import_error","logger":"task.stdout"}
{"timestamp":"2026-01-21T00:40:58.869549Z","level":"info","event":"  public.job","logger":"task.stdout"}
{"timestamp":"2026-01-21T00:40:58.870184Z","level":"info","event":"  public.log","logger":"task.stdout"}
{"timestamp":"2026-01-21T00:40:58.870302Z","level":"info","event":"  public.log_template","logger":"task.stdout"}
{"timestamp":"2026-01-21T00:40:58.870366Z","level":"info","event":"  public.rendered_task_instance_fields","logger":"task.stdout"}
{"timestamp":"2026-01-21T00:40:58.870424Z","level":"info","event":"  public.serialized_dag","logger":"task.stdout"}
{"timestamp":"2026-01-21T00:40:58.870492Z","level":"info","event":"  public.slot_pool","logger":"task.stdout"}
{"timestamp":"2026-01-21T00:40:58.870549Z","level":"info","event":"  public.task_inlet_asset_reference","logger":"task.stdout"}
{"timestamp":"2026-01-21T00:40:58.870600Z","level":"info","event":"  public.task_instance","logger":"task.stdout"}
{"timestamp":"2026-01-21T00:40:58.871091Z","level":"info","event":"  public.task_instance_history","logger":"task.stdout"}
{"timestamp":"2026-01-21T00:40:58.871166Z","level":"info","event":"  public.task_instance_note","logger":"task.stdout"}
{"timestamp":"2026-01-21T00:40:58.871236Z","level":"info","event":"  public.task_map","logger":"task.stdout"}
{"timestamp":"2026-01-21T00:40:58.871355Z","level":"info","event":"  public.task_outlet_asset_reference","logger":"task.stdout"}
{"timestamp":"2026-01-21T00:40:58.871414Z","level":"info","event":"  public.task_reschedule","logger":"task.stdout"}
{"timestamp":"2026-01-21T00:40:58.871457Z","level":"info","event":"  public.team","logger":"task.stdout"}
{"timestamp":"2026-01-21T00:40:58.871507Z","level":"info","event":"  public.trigger","logger":"task.stdout"}
{"timestamp":"2026-01-21T00:40:58.871553Z","level":"info","event":"  public.variable","logger":"task.stdout"}
{"timestamp":"2026-01-21T00:40:58.871605Z","level":"info","event":"  public.xcom","logger":"task.stdout"}
{"timestamp":"2026-01-21T00:40:58.871706Z","level":"info","event":"======================================================================","logger":"task.stdout"}
{"timestamp":"2026-01-21T00:40:58.871769Z","level":"info","event":"","logger":"task.stdout"}
{"timestamp":"2026-01-21T00:40:59.065820Z","level":"info","event":"Done. Returned value was: 50","logger":"airflow.task.operators.airflow.providers.standard.operators.python.PythonOperator","filename":"python.py","lineno":215}
{"timestamp":"2026-01-21T00:40:59.074193Z","level":"info","event":"Pushing xcom","ti":"RuntimeTaskInstance(id=UUID('019bddff-301d-741a-8b4f-0d0c41980a8e'), task_id='list_tables_task', dag_id='list_database_tables', run_id='scheduled__2026-01-21T00:00:00+00:00', try_number=1, dag_version_id=UUID('019bd4cb-e050-7135-bf41-edb2a9a64785'), map_index=-1, hostname='OM-RAFIE.localdomain', context_carrier={}, task=<Task(PythonOperator): list_tables_task>, bundle_instance=LocalDagBundle(name=dags-folder), max_tries=1, start_date=datetime.datetime(2026, 1, 21, 0, 40, 51, 813773, tzinfo=datetime.timezone.utc), end_date=None, state=<TaskInstanceState.RUNNING: 'running'>, is_mapped=False, rendered_map_index=None)","logger":"task","filename":"task_runner.py","lineno":1360}
