{"timestamp":"2026-01-21T06:44:09.066498Z","level":"info","event":"DAG bundles loaded: dags-folder","logger":"airflow.dag_processing.bundles.manager.DagBundlesManager","filename":"manager.py","lineno":179}
{"timestamp":"2026-01-21T06:44:09.068161Z","level":"info","event":"Filling up the DagBag from /opt/airflow/dags/weather_data_fetch.py","logger":"airflow.models.dagbag.DagBag","filename":"dagbag.py","lineno":593}
{"timestamp":"2026-01-21T06:44:09.083834Z","level":"info","event":"Warning: Could not import fetch_weather_bmkg: No module named 'fetch_weather_bmkg'","logger":"task.stdout"}
{"timestamp":"2026-01-21T06:44:09.095135Z","level":"warning","event":"The `airflow.operators.python.PythonOperator` attribute is deprecated. Please use `'airflow.providers.standard.operators.python.PythonOperator'`.","category":"DeprecatedImportWarning","filename":"/opt/airflow/dags/weather_data_fetch.py","lineno":8,"logger":"py.warnings"}
{"timestamp":"2026-01-21T06:44:09.095300Z","level":"warning","event":"The `airflow.operators.bash.BashOperator` attribute is deprecated. Please use `'airflow.providers.standard.operators.bash.BashOperator'`.","category":"DeprecatedImportWarning","filename":"/opt/airflow/dags/weather_data_fetch.py","lineno":9,"logger":"py.warnings"}
{"timestamp":"2026-01-21T06:44:09.127629Z","level":"info","event":"","logger":"task.stdout"}
{"timestamp":"2026-01-21T06:44:09.127836Z","level":"info","event":"============================================================","logger":"task.stdout"}
{"timestamp":"2026-01-21T06:44:09.127963Z","level":"info","event":"🌦️ Fetching BMKG Weather Data","logger":"task.stdout"}
{"timestamp":"2026-01-21T06:44:09.128028Z","level":"info","event":"============================================================","logger":"task.stdout"}
{"timestamp":"2026-01-21T06:44:09.128242Z","level":"info","event":"❌ Error fetching weather: No module named 'fetch_weather_bmkg'","logger":"task.stdout"}
{"timestamp":"2026-01-21T06:44:09.127929Z","level":"error","event":"Task failed with exception","logger":"task","filename":"task_runner.py","lineno":1002,"error_detail":[{"exc_type":"ModuleNotFoundError","exc_value":"No module named 'fetch_weather_bmkg'","exc_notes":[],"syntax_error":null,"is_cause":false,"frames":[{"filename":"/home/airflow/.local/lib/python3.13/site-packages/airflow/sdk/execution_time/task_runner.py","lineno":928,"name":"run"},{"filename":"/home/airflow/.local/lib/python3.13/site-packages/airflow/sdk/execution_time/task_runner.py","lineno":1315,"name":"_execute_task"},{"filename":"/home/airflow/.local/lib/python3.13/site-packages/airflow/sdk/bases/operator.py","lineno":416,"name":"wrapper"},{"filename":"/home/airflow/.local/lib/python3.13/site-packages/airflow/providers/standard/operators/python.py","lineno":213,"name":"execute"},{"filename":"/home/airflow/.local/lib/python3.13/site-packages/airflow/providers/standard/operators/python.py","lineno":236,"name":"execute_callable"},{"filename":"/home/airflow/.local/lib/python3.13/site-packages/airflow/sdk/execution_time/callback_runner.py","lineno":82,"name":"run"},{"filename":"/opt/airflow/dags/weather_data_fetch.py","lineno":52,"name":"fetch_weather_data"}],"is_group":false,"exceptions":[]}]}
{"timestamp":"2026-01-21T11:47:32.105684Z","level":"info","event":"DAG bundles loaded: dags-folder","logger":"airflow.dag_processing.bundles.manager.DagBundlesManager","filename":"manager.py","lineno":179}
{"timestamp":"2026-01-21T11:47:32.108566Z","level":"info","event":"Filling up the DagBag from /opt/airflow/dags/weather_data_fetch.py","logger":"airflow.models.dagbag.DagBag","filename":"dagbag.py","lineno":593}
{"timestamp":"2026-01-21T11:47:32.253040Z","level":"warning","event":"The `airflow.operators.python.PythonOperator` attribute is deprecated. Please use `'airflow.providers.standard.operators.python.PythonOperator'`.","category":"DeprecatedImportWarning","filename":"/opt/airflow/dags/weather_data_fetch.py","lineno":8,"logger":"py.warnings"}
{"timestamp":"2026-01-21T11:47:32.253341Z","level":"warning","event":"The `airflow.operators.bash.BashOperator` attribute is deprecated. Please use `'airflow.providers.standard.operators.bash.BashOperator'`.","category":"DeprecatedImportWarning","filename":"/opt/airflow/dags/weather_data_fetch.py","lineno":9,"logger":"py.warnings"}
{"timestamp":"2026-01-21T11:47:32.606457Z","level":"info","event":"","logger":"task.stdout"}
{"timestamp":"2026-01-21T11:47:32.606837Z","level":"info","event":"============================================================","logger":"task.stdout"}
{"timestamp":"2026-01-21T11:47:32.606957Z","level":"info","event":"🌦️ Fetching BMKG Weather Data","logger":"task.stdout"}
{"timestamp":"2026-01-21T11:47:32.607079Z","level":"info","event":"============================================================","logger":"task.stdout"}
{"timestamp":"2026-01-21T11:47:32.608192Z","level":"info","event":"❌ Error fetching weather: No module named 'fetch_weather_bmkg'","logger":"task.stdout"}
{"timestamp":"2026-01-21T11:47:32.608473Z","level":"error","event":"Task failed with exception","logger":"task","filename":"task_runner.py","lineno":1002,"error_detail":[{"exc_type":"ModuleNotFoundError","exc_value":"No module named 'fetch_weather_bmkg'","exc_notes":[],"syntax_error":null,"is_cause":false,"frames":[{"filename":"/home/airflow/.local/lib/python3.13/site-packages/airflow/sdk/execution_time/task_runner.py","lineno":928,"name":"run"},{"filename":"/home/airflow/.local/lib/python3.13/site-packages/airflow/sdk/execution_time/task_runner.py","lineno":1315,"name":"_execute_task"},{"filename":"/home/airflow/.local/lib/python3.13/site-packages/airflow/sdk/bases/operator.py","lineno":416,"name":"wrapper"},{"filename":"/home/airflow/.local/lib/python3.13/site-packages/airflow/providers/standard/operators/python.py","lineno":213,"name":"execute"},{"filename":"/home/airflow/.local/lib/python3.13/site-packages/airflow/providers/standard/operators/python.py","lineno":236,"name":"execute_callable"},{"filename":"/home/airflow/.local/lib/python3.13/site-packages/airflow/sdk/execution_time/callback_runner.py","lineno":82,"name":"run"},{"filename":"/opt/airflow/dags/weather_data_fetch.py","lineno":52,"name":"fetch_weather_data"}],"is_group":false,"exceptions":[]}]}
