{"timestamp":"2026-02-06T01:55:51.205137Z","level":"info","event":"DAG bundles loaded: dags-folder","logger":"airflow.dag_processing.bundles.manager.DagBundlesManager","filename":"manager.py","lineno":179}
{"timestamp":"2026-02-06T01:55:51.205945Z","level":"info","event":"Filling up the DagBag from /opt/airflow/dags/weather_data_fetch.py","logger":"airflow.models.dagbag.DagBag","filename":"dagbag.py","lineno":593}
{"timestamp":"2026-02-06T01:55:51.218836Z","level":"warning","event":"The `airflow.operators.python.PythonOperator` attribute is deprecated. Please use `'airflow.providers.standard.operators.python.PythonOperator'`.","category":"DeprecatedImportWarning","filename":"/opt/airflow/dags/weather_data_fetch.py","lineno":8,"logger":"py.warnings"}
{"timestamp":"2026-02-06T01:55:51.218968Z","level":"warning","event":"The `airflow.operators.bash.BashOperator` attribute is deprecated. Please use `'airflow.providers.standard.operators.bash.BashOperator'`.","category":"DeprecatedImportWarning","filename":"/opt/airflow/dags/weather_data_fetch.py","lineno":9,"logger":"py.warnings"}
{"timestamp":"2026-02-06T01:55:51.317792Z","level":"info","event":"","logger":"task.stdout"}
{"timestamp":"2026-02-06T01:55:51.317937Z","level":"info","event":"============================================================","logger":"task.stdout"}
{"timestamp":"2026-02-06T01:55:51.317984Z","level":"info","event":"🌦️ Fetching BMKG Weather Data","logger":"task.stdout"}
{"timestamp":"2026-02-06T01:55:51.318022Z","level":"info","event":"============================================================","logger":"task.stdout"}
{"timestamp":"2026-02-06T01:55:51.334224Z","level":"info","event":"","logger":"task.stdout"}
{"timestamp":"2026-02-06T01:55:51.334381Z","level":"info","event":"📍 Fetching weather for ADM4: 35.78.21.1004","logger":"task.stdout"}
{"timestamp":"2026-02-06T01:55:51.609214Z","level":"info","event":"   Parsed 21 weather records","logger":"task.stdout"}
{"timestamp":"2026-02-06T01:55:51.629509Z","level":"info","event":"✓ No expired records to delete","logger":"task.stdout"}
{"timestamp":"2026-02-06T01:55:51.645490Z","level":"info","event":"✓ Inserted 21 weather records","logger":"task.stdout"}
{"timestamp":"2026-02-06T01:55:51.645646Z","level":"info","event":"","logger":"task.stdout"}
{"timestamp":"2026-02-06T01:55:51.645702Z","level":"info","event":"📍 Fetching weather for ADM4: 35.25.14.1010","logger":"task.stdout"}
{"timestamp":"2026-02-06T01:55:52.293053Z","level":"info","event":"   Parsed 21 weather records","logger":"task.stdout"}
{"timestamp":"2026-02-06T01:55:52.303366Z","level":"info","event":"","logger":"task.stdout"}
{"timestamp":"2026-02-06T01:55:52.303492Z","level":"info","event":"⚠️  Found 3 expired weather records to delete","logger":"task.stdout"}
{"timestamp":"2026-02-06T01:55:52.303575Z","level":"info","event":"   Time range: 2026-02-06 02:00:00 to 2026-02-06 08:00:00","logger":"task.stdout"}
{"timestamp":"2026-02-06T01:55:52.303665Z","level":"info","event":"   (waktu < NOW at 2026-02-06 08:55:52 WIB)","logger":"task.stdout"}
{"timestamp":"2026-02-06T01:55:52.303813Z","level":"info","event":"✅ Deleted 3 expired weather records","logger":"task.stdout"}
{"timestamp":"2026-02-06T01:55:52.314903Z","level":"info","event":"✓ Inserted 21 weather records","logger":"task.stdout"}
{"timestamp":"2026-02-06T01:55:52.315036Z","level":"info","event":"","logger":"task.stdout"}
{"timestamp":"2026-02-06T01:55:52.315112Z","level":"info","event":"============================================================","logger":"task.stdout"}
{"timestamp":"2026-02-06T01:55:52.315157Z","level":"info","event":"✓ Total records inserted: 42","logger":"task.stdout"}
{"timestamp":"2026-02-06T01:55:52.315194Z","level":"info","event":"============================================================","logger":"task.stdout"}
{"timestamp":"2026-02-06T01:55:52.314927Z","level":"info","event":"Done. Returned value was: 42","logger":"airflow.task.operators.airflow.providers.standard.operators.python.PythonOperator","filename":"python.py","lineno":215}
{"timestamp":"2026-02-06T01:55:52.315142Z","level":"info","event":"Pushing xcom","ti":"RuntimeTaskInstance(id=UUID('019c30a9-a621-7561-ab96-008ea2e78101'), task_id='fetch_bmkg_weather', dag_id='weather_data_fetch', run_id='manual__2026-02-06T01:55:49+00:00', try_number=1, dag_version_id=UUID('019c30a7-9bdc-792f-9a7e-cc8270c2efbb'), map_index=-1, hostname='OM-RAFIE.localdomain', context_carrier={}, task=<Task(PythonOperator): fetch_bmkg_weather>, bundle_instance=LocalDagBundle(name=dags-folder), max_tries=2, start_date=datetime.datetime(2026, 2, 6, 1, 55, 51, 177722, tzinfo=datetime.timezone.utc), end_date=None, state=<TaskInstanceState.RUNNING: 'running'>, is_mapped=False, rendered_map_index=None)","logger":"task","filename":"task_runner.py","lineno":1360}
