{"timestamp":"2026-02-03T13:00:01.833941Z","level":"info","event":"DAG bundles loaded: dags-folder","logger":"airflow.dag_processing.bundles.manager.DagBundlesManager","filename":"manager.py","lineno":179}
{"timestamp":"2026-02-03T13:00:01.836652Z","level":"info","event":"Filling up the DagBag from /opt/airflow/dags/weather_data_fetch.py","logger":"airflow.models.dagbag.DagBag","filename":"dagbag.py","lineno":593}
{"timestamp":"2026-02-03T13:00:01.929181Z","level":"warning","event":"The `airflow.operators.python.PythonOperator` attribute is deprecated. Please use `'airflow.providers.standard.operators.python.PythonOperator'`.","category":"DeprecatedImportWarning","filename":"/opt/airflow/dags/weather_data_fetch.py","lineno":8,"logger":"py.warnings"}
{"timestamp":"2026-02-03T13:00:01.929433Z","level":"warning","event":"The `airflow.operators.bash.BashOperator` attribute is deprecated. Please use `'airflow.providers.standard.operators.bash.BashOperator'`.","category":"DeprecatedImportWarning","filename":"/opt/airflow/dags/weather_data_fetch.py","lineno":9,"logger":"py.warnings"}
{"timestamp":"2026-02-03T13:00:02.336554Z","level":"info","event":"","logger":"task.stdout"}
{"timestamp":"2026-02-03T13:00:02.336825Z","level":"info","event":"============================================================","logger":"task.stdout"}
{"timestamp":"2026-02-03T13:00:02.336912Z","level":"info","event":"🌦️ Fetching BMKG Weather Data","logger":"task.stdout"}
{"timestamp":"2026-02-03T13:00:02.337217Z","level":"info","event":"============================================================","logger":"task.stdout"}
{"timestamp":"2026-02-03T13:00:02.470150Z","level":"info","event":"","logger":"task.stdout"}
{"timestamp":"2026-02-03T13:00:02.470387Z","level":"info","event":"📍 Fetching weather for ADM4: 35.78.21.1004","logger":"task.stdout"}
{"timestamp":"2026-02-03T13:00:02.751402Z","level":"info","event":"   Parsed 18 weather records","logger":"task.stdout"}
{"timestamp":"2026-02-03T13:00:02.782674Z","level":"info","event":"","logger":"task.stdout"}
{"timestamp":"2026-02-03T13:00:02.782945Z","level":"info","event":"⚠️  Found 2 expired weather records to delete","logger":"task.stdout"}
{"timestamp":"2026-02-03T13:00:02.783155Z","level":"info","event":"   Time range: 2026-02-03 20:00:00 to 2026-02-03 20:00:00","logger":"task.stdout"}
{"timestamp":"2026-02-03T13:00:02.783379Z","level":"info","event":"   (waktu < NOW at 2026-02-03 20:00:02 WIB)","logger":"task.stdout"}
{"timestamp":"2026-02-03T13:00:02.786041Z","level":"info","event":"✅ Deleted 2 expired weather records","logger":"task.stdout"}
{"timestamp":"2026-02-03T13:00:02.821694Z","level":"info","event":"✓ Inserted 18 weather records","logger":"task.stdout"}
{"timestamp":"2026-02-03T13:00:02.821911Z","level":"info","event":"","logger":"task.stdout"}
{"timestamp":"2026-02-03T13:00:02.822035Z","level":"info","event":"📍 Fetching weather for ADM4: 35.25.14.1010","logger":"task.stdout"}
{"timestamp":"2026-02-03T13:00:03.006656Z","level":"info","event":"   Parsed 18 weather records","logger":"task.stdout"}
{"timestamp":"2026-02-03T13:00:03.032451Z","level":"info","event":"","logger":"task.stdout"}
{"timestamp":"2026-02-03T13:00:03.032660Z","level":"info","event":"⚠️  Found 3 expired weather records to delete","logger":"task.stdout"}
{"timestamp":"2026-02-03T13:00:03.032769Z","level":"info","event":"   Time range: 2026-02-03 13:00:00 to 2026-02-03 19:00:00","logger":"task.stdout"}
{"timestamp":"2026-02-03T13:00:03.032862Z","level":"info","event":"   (waktu < NOW at 2026-02-03 20:00:03 WIB)","logger":"task.stdout"}
{"timestamp":"2026-02-03T13:00:03.033576Z","level":"info","event":"✅ Deleted 3 expired weather records","logger":"task.stdout"}
{"timestamp":"2026-02-03T13:00:03.047906Z","level":"info","event":"✓ Inserted 18 weather records","logger":"task.stdout"}
{"timestamp":"2026-02-03T13:00:03.048103Z","level":"info","event":"","logger":"task.stdout"}
{"timestamp":"2026-02-03T13:00:03.048210Z","level":"info","event":"============================================================","logger":"task.stdout"}
{"timestamp":"2026-02-03T13:00:03.048340Z","level":"info","event":"✓ Total records inserted: 36","logger":"task.stdout"}
{"timestamp":"2026-02-03T13:00:03.048463Z","level":"info","event":"============================================================","logger":"task.stdout"}
{"timestamp":"2026-02-03T13:00:03.047998Z","level":"info","event":"Done. Returned value was: 36","logger":"airflow.task.operators.airflow.providers.standard.operators.python.PythonOperator","filename":"python.py","lineno":215}
{"timestamp":"2026-02-03T13:00:03.048509Z","level":"info","event":"Pushing xcom","ti":"RuntimeTaskInstance(id=UUID('019c2396-a4c7-7df2-a0ef-a7681bc5a338'), task_id='fetch_bmkg_weather', dag_id='weather_data_fetch', run_id='scheduled__2026-02-03T13:00:00+00:00', try_number=1, dag_version_id=UUID('019c0dd4-58cf-774a-9f83-a68201e36c2d'), map_index=-1, hostname='OM-RAFIE.localdomain', context_carrier={}, task=<Task(PythonOperator): fetch_bmkg_weather>, bundle_instance=LocalDagBundle(name=dags-folder), max_tries=2, start_date=datetime.datetime(2026, 2, 3, 13, 0, 1, 641735, tzinfo=datetime.timezone.utc), end_date=None, state=<TaskInstanceState.RUNNING: 'running'>, is_mapped=False, rendered_map_index=None)","logger":"task","filename":"task_runner.py","lineno":1360}
