{"timestamp":"2026-02-06T02:00:00.855299Z","level":"info","event":"DAG bundles loaded: dags-folder","logger":"airflow.dag_processing.bundles.manager.DagBundlesManager","filename":"manager.py","lineno":179}
{"timestamp":"2026-02-06T02:00:00.856107Z","level":"info","event":"Filling up the DagBag from /opt/airflow/dags/weather_data_fetch.py","logger":"airflow.models.dagbag.DagBag","filename":"dagbag.py","lineno":593}
{"timestamp":"2026-02-06T02:00:00.868997Z","level":"warning","event":"The `airflow.operators.python.PythonOperator` attribute is deprecated. Please use `'airflow.providers.standard.operators.python.PythonOperator'`.","category":"DeprecatedImportWarning","filename":"/opt/airflow/dags/weather_data_fetch.py","lineno":8,"logger":"py.warnings"}
{"timestamp":"2026-02-06T02:00:00.869125Z","level":"warning","event":"The `airflow.operators.bash.BashOperator` attribute is deprecated. Please use `'airflow.providers.standard.operators.bash.BashOperator'`.","category":"DeprecatedImportWarning","filename":"/opt/airflow/dags/weather_data_fetch.py","lineno":9,"logger":"py.warnings"}
{"timestamp":"2026-02-06T02:00:00.962294Z","level":"info","event":"","logger":"task.stdout"}
{"timestamp":"2026-02-06T02:00:00.962449Z","level":"info","event":"============================================================","logger":"task.stdout"}
{"timestamp":"2026-02-06T02:00:00.962508Z","level":"info","event":"🌦️ Fetching BMKG Weather Data","logger":"task.stdout"}
{"timestamp":"2026-02-06T02:00:00.962558Z","level":"info","event":"============================================================","logger":"task.stdout"}
{"timestamp":"2026-02-06T02:00:00.980799Z","level":"info","event":"","logger":"task.stdout"}
{"timestamp":"2026-02-06T02:00:00.980966Z","level":"info","event":"📍 Fetching weather for ADM4: 35.78.21.1004","logger":"task.stdout"}
{"timestamp":"2026-02-06T02:00:02.084816Z","level":"info","event":"   Parsed 21 weather records","logger":"task.stdout"}
{"timestamp":"2026-02-06T02:00:02.104825Z","level":"info","event":"","logger":"task.stdout"}
{"timestamp":"2026-02-06T02:00:02.104972Z","level":"info","event":"⚠️  Found 2 expired weather records to delete","logger":"task.stdout"}
{"timestamp":"2026-02-06T02:00:02.105024Z","level":"info","event":"   Time range: 2026-02-06 09:00:00 to 2026-02-06 09:00:00","logger":"task.stdout"}
{"timestamp":"2026-02-06T02:00:02.105170Z","level":"info","event":"   (waktu < NOW at 2026-02-06 09:00:02 WIB)","logger":"task.stdout"}
{"timestamp":"2026-02-06T02:00:02.105799Z","level":"info","event":"✅ Deleted 2 expired weather records","logger":"task.stdout"}
{"timestamp":"2026-02-06T02:00:02.113104Z","level":"info","event":"✓ Inserted 21 weather records","logger":"task.stdout"}
{"timestamp":"2026-02-06T02:00:02.113251Z","level":"info","event":"","logger":"task.stdout"}
{"timestamp":"2026-02-06T02:00:02.113305Z","level":"info","event":"📍 Fetching weather for ADM4: 35.25.14.1010","logger":"task.stdout"}
{"timestamp":"2026-02-06T02:00:02.387259Z","level":"info","event":"   Parsed 21 weather records","logger":"task.stdout"}
{"timestamp":"2026-02-06T02:00:02.398954Z","level":"info","event":"","logger":"task.stdout"}
{"timestamp":"2026-02-06T02:00:02.399098Z","level":"info","event":"⚠️  Found 3 expired weather records to delete","logger":"task.stdout"}
{"timestamp":"2026-02-06T02:00:02.399144Z","level":"info","event":"   Time range: 2026-02-06 02:00:00 to 2026-02-06 08:00:00","logger":"task.stdout"}
{"timestamp":"2026-02-06T02:00:02.399237Z","level":"info","event":"   (waktu < NOW at 2026-02-06 09:00:02 WIB)","logger":"task.stdout"}
{"timestamp":"2026-02-06T02:00:02.399302Z","level":"info","event":"✅ Deleted 3 expired weather records","logger":"task.stdout"}
{"timestamp":"2026-02-06T02:00:02.407143Z","level":"info","event":"✓ Inserted 21 weather records","logger":"task.stdout"}
{"timestamp":"2026-02-06T02:00:02.407291Z","level":"info","event":"","logger":"task.stdout"}
{"timestamp":"2026-02-06T02:00:02.407349Z","level":"info","event":"============================================================","logger":"task.stdout"}
{"timestamp":"2026-02-06T02:00:02.407421Z","level":"info","event":"✓ Total records inserted: 42","logger":"task.stdout"}
{"timestamp":"2026-02-06T02:00:02.407505Z","level":"info","event":"============================================================","logger":"task.stdout"}
{"timestamp":"2026-02-06T02:00:02.407217Z","level":"info","event":"Done. Returned value was: 42","logger":"airflow.task.operators.airflow.providers.standard.operators.python.PythonOperator","filename":"python.py","lineno":215}
{"timestamp":"2026-02-06T02:00:02.407571Z","level":"info","event":"Pushing xcom","ti":"RuntimeTaskInstance(id=UUID('019c30ad-7816-7165-84d3-d75dfc823816'), task_id='fetch_bmkg_weather', dag_id='weather_data_fetch', run_id='scheduled__2026-02-06T02:00:00+00:00', try_number=1, dag_version_id=UUID('019c30a7-9bdc-792f-9a7e-cc8270c2efbb'), map_index=-1, hostname='OM-RAFIE.localdomain', context_carrier={}, task=<Task(PythonOperator): fetch_bmkg_weather>, bundle_instance=LocalDagBundle(name=dags-folder), max_tries=2, start_date=datetime.datetime(2026, 2, 6, 2, 0, 0, 832611, tzinfo=datetime.timezone.utc), end_date=None, state=<TaskInstanceState.RUNNING: 'running'>, is_mapped=False, rendered_map_index=None)","logger":"task","filename":"task_runner.py","lineno":1360}
