{"timestamp":"2026-02-06T05:34:09.285379Z","level":"info","event":"DAG bundles loaded: dags-folder","logger":"airflow.dag_processing.bundles.manager.DagBundlesManager","filename":"manager.py","lineno":179}
{"timestamp":"2026-02-06T05:34:09.294996Z","level":"info","event":"Filling up the DagBag from /opt/airflow/dags/weather_data_fetch.py","logger":"airflow.models.dagbag.DagBag","filename":"dagbag.py","lineno":593}
{"timestamp":"2026-02-06T05:34:09.375974Z","level":"warning","event":"The `airflow.operators.python.PythonOperator` attribute is deprecated. Please use `'airflow.providers.standard.operators.python.PythonOperator'`.","category":"DeprecatedImportWarning","filename":"/opt/airflow/dags/weather_data_fetch.py","lineno":8,"logger":"py.warnings"}
{"timestamp":"2026-02-06T05:34:09.376233Z","level":"warning","event":"The `airflow.operators.bash.BashOperator` attribute is deprecated. Please use `'airflow.providers.standard.operators.bash.BashOperator'`.","category":"DeprecatedImportWarning","filename":"/opt/airflow/dags/weather_data_fetch.py","lineno":9,"logger":"py.warnings"}
{"timestamp":"2026-02-06T05:34:09.991810Z","level":"info","event":"","logger":"task.stdout"}
{"timestamp":"2026-02-06T05:34:09.992044Z","level":"info","event":"============================================================","logger":"task.stdout"}
{"timestamp":"2026-02-06T05:34:09.992132Z","level":"info","event":"🌦️ Fetching BMKG Weather Data","logger":"task.stdout"}
{"timestamp":"2026-02-06T05:34:09.992216Z","level":"info","event":"============================================================","logger":"task.stdout"}
{"timestamp":"2026-02-06T05:34:10.040234Z","level":"info","event":"","logger":"task.stdout"}
{"timestamp":"2026-02-06T05:34:10.040451Z","level":"info","event":"📍 Fetching weather for ADM4: 35.78.21.1004","logger":"task.stdout"}
{"timestamp":"2026-02-06T05:34:10.986438Z","level":"info","event":"   Parsed 20 weather records","logger":"task.stdout"}
{"timestamp":"2026-02-06T05:34:11.014232Z","level":"info","event":"","logger":"task.stdout"}
{"timestamp":"2026-02-06T05:34:11.014446Z","level":"info","event":"⚠️  Found 5 expired weather records to delete","logger":"task.stdout"}
{"timestamp":"2026-02-06T05:34:11.014530Z","level":"info","event":"   Time range: 2026-02-06 04:00:00 to 2026-02-06 12:00:00","logger":"task.stdout"}
{"timestamp":"2026-02-06T05:34:11.014665Z","level":"info","event":"   (waktu < NOW at 2026-02-06 12:34:11 WIB)","logger":"task.stdout"}
{"timestamp":"2026-02-06T05:34:11.015708Z","level":"info","event":"✅ Deleted 5 expired weather records","logger":"task.stdout"}
{"timestamp":"2026-02-06T05:34:11.026942Z","level":"info","event":"✓ Inserted 20 new weather records","logger":"task.stdout"}
{"timestamp":"2026-02-06T05:34:11.027194Z","level":"info","event":"✓ Updated 0 existing weather records","logger":"task.stdout"}
{"timestamp":"2026-02-06T05:34:11.027313Z","level":"info","event":"","logger":"task.stdout"}
{"timestamp":"2026-02-06T05:34:11.027371Z","level":"info","event":"📍 Fetching weather for ADM4: 35.25.14.1010","logger":"task.stdout"}
{"timestamp":"2026-02-06T05:34:11.658967Z","level":"info","event":"   Parsed 20 weather records","logger":"task.stdout"}
{"timestamp":"2026-02-06T05:34:11.674664Z","level":"info","event":"","logger":"task.stdout"}
{"timestamp":"2026-02-06T05:34:11.674841Z","level":"info","event":"⚠️  Found 3 expired weather records to delete","logger":"task.stdout"}
{"timestamp":"2026-02-06T05:34:11.674895Z","level":"info","event":"   Time range: 2026-02-06 06:00:00 to 2026-02-06 12:00:00","logger":"task.stdout"}
{"timestamp":"2026-02-06T05:34:11.675011Z","level":"info","event":"   (waktu < NOW at 2026-02-06 12:34:11 WIB)","logger":"task.stdout"}
{"timestamp":"2026-02-06T05:34:11.675063Z","level":"info","event":"✅ Deleted 3 expired weather records","logger":"task.stdout"}
{"timestamp":"2026-02-06T05:34:11.684179Z","level":"info","event":"✓ Inserted 20 new weather records","logger":"task.stdout"}
{"timestamp":"2026-02-06T05:34:11.684365Z","level":"info","event":"✓ Updated 0 existing weather records","logger":"task.stdout"}
{"timestamp":"2026-02-06T05:34:11.684461Z","level":"info","event":"","logger":"task.stdout"}
{"timestamp":"2026-02-06T05:34:11.684512Z","level":"info","event":"============================================================","logger":"task.stdout"}
{"timestamp":"2026-02-06T05:34:11.684553Z","level":"info","event":"✓ Total records inserted: 40","logger":"task.stdout"}
{"timestamp":"2026-02-06T05:34:11.684590Z","level":"info","event":"============================================================","logger":"task.stdout"}
{"timestamp":"2026-02-06T05:34:11.684357Z","level":"info","event":"Done. Returned value was: 40","logger":"airflow.task.operators.airflow.providers.standard.operators.python.PythonOperator","filename":"python.py","lineno":215}
{"timestamp":"2026-02-06T05:34:11.684803Z","level":"info","event":"Pushing xcom","ti":"RuntimeTaskInstance(id=UUID('019c3171-7acc-75b3-8ad3-fa75a0d86c74'), task_id='fetch_bmkg_weather', dag_id='weather_data_fetch', run_id='scheduled__2026-02-06T05:00:00+00:00', try_number=1, dag_version_id=UUID('019c30a7-9bdc-792f-9a7e-cc8270c2efbb'), map_index=-1, hostname='OM-RAFIE.localdomain', context_carrier={}, task=<Task(PythonOperator): fetch_bmkg_weather>, bundle_instance=LocalDagBundle(name=dags-folder), max_tries=2, start_date=datetime.datetime(2026, 2, 6, 5, 34, 9, 60129, tzinfo=datetime.timezone.utc), end_date=None, state=<TaskInstanceState.RUNNING: 'running'>, is_mapped=False, rendered_map_index=None)","logger":"task","filename":"task_runner.py","lineno":1360}
