{"timestamp":"2026-01-30T00:50:24.593871Z","level":"info","event":"DAG bundles loaded: dags-folder","logger":"airflow.dag_processing.bundles.manager.DagBundlesManager","filename":"manager.py","lineno":179}
{"timestamp":"2026-01-30T00:50:24.646747Z","level":"info","event":"Filling up the DagBag from /opt/airflow/dags/weather_data_fetch.py","logger":"airflow.models.dagbag.DagBag","filename":"dagbag.py","lineno":593}
{"timestamp":"2026-01-30T00:50:25.139286Z","level":"warning","event":"The `airflow.operators.python.PythonOperator` attribute is deprecated. Please use `'airflow.providers.standard.operators.python.PythonOperator'`.","category":"DeprecatedImportWarning","filename":"/opt/airflow/dags/weather_data_fetch.py","lineno":8,"logger":"py.warnings"}
{"timestamp":"2026-01-30T00:50:25.139709Z","level":"warning","event":"The `airflow.operators.bash.BashOperator` attribute is deprecated. Please use `'airflow.providers.standard.operators.bash.BashOperator'`.","category":"DeprecatedImportWarning","filename":"/opt/airflow/dags/weather_data_fetch.py","lineno":9,"logger":"py.warnings"}
{"timestamp":"2026-01-30T00:50:32.525002Z","level":"info","event":"","logger":"task.stdout"}
{"timestamp":"2026-01-30T00:50:32.525237Z","level":"info","event":"============================================================","logger":"task.stdout"}
{"timestamp":"2026-01-30T00:50:32.525307Z","level":"info","event":"🌦️ Fetching BMKG Weather Data","logger":"task.stdout"}
{"timestamp":"2026-01-30T00:50:32.525503Z","level":"info","event":"============================================================","logger":"task.stdout"}
{"timestamp":"2026-01-30T00:50:32.550453Z","level":"info","event":"","logger":"task.stdout"}
{"timestamp":"2026-01-30T00:50:32.550685Z","level":"info","event":"📍 Fetching weather for ADM4: 35.78.21.1004","logger":"task.stdout"}
{"timestamp":"2026-01-30T00:50:32.797256Z","level":"info","event":"   Parsed 22 weather records","logger":"task.stdout"}
{"timestamp":"2026-01-30T00:50:32.813084Z","level":"info","event":"","logger":"task.stdout"}
{"timestamp":"2026-01-30T00:50:32.813339Z","level":"info","event":"⚠️  Found 3 expired weather records to delete","logger":"task.stdout"}
{"timestamp":"2026-01-30T00:50:32.813410Z","level":"info","event":"   Time range: 2026-01-30 01:00:00 to 2026-01-30 07:00:00","logger":"task.stdout"}
{"timestamp":"2026-01-30T00:50:32.813515Z","level":"info","event":"   (waktu < NOW at 2026-01-30 07:50:32 WIB)","logger":"task.stdout"}
{"timestamp":"2026-01-30T00:50:32.813660Z","level":"info","event":"✅ Deleted 3 expired weather records","logger":"task.stdout"}
{"timestamp":"2026-01-30T00:50:32.826948Z","level":"info","event":"✓ Inserted 22 weather records","logger":"task.stdout"}
{"timestamp":"2026-01-30T00:50:32.827158Z","level":"info","event":"","logger":"task.stdout"}
{"timestamp":"2026-01-30T00:50:32.827226Z","level":"info","event":"📍 Fetching weather for ADM4: 35.25.14.1010","logger":"task.stdout"}
{"timestamp":"2026-01-30T00:50:33.071131Z","level":"info","event":"   Parsed 22 weather records","logger":"task.stdout"}
{"timestamp":"2026-01-30T00:50:33.084971Z","level":"info","event":"✓ No expired records to delete","logger":"task.stdout"}
{"timestamp":"2026-01-30T00:50:33.096618Z","level":"info","event":"✓ Inserted 22 weather records","logger":"task.stdout"}
{"timestamp":"2026-01-30T00:50:33.096830Z","level":"info","event":"","logger":"task.stdout"}
{"timestamp":"2026-01-30T00:50:33.096899Z","level":"info","event":"============================================================","logger":"task.stdout"}
{"timestamp":"2026-01-30T00:50:33.096951Z","level":"info","event":"✓ Total records inserted: 44","logger":"task.stdout"}
{"timestamp":"2026-01-30T00:50:33.097037Z","level":"info","event":"============================================================","logger":"task.stdout"}
{"timestamp":"2026-01-30T00:50:33.096700Z","level":"info","event":"Done. Returned value was: 44","logger":"airflow.task.operators.airflow.providers.standard.operators.python.PythonOperator","filename":"python.py","lineno":215}
{"timestamp":"2026-01-30T00:50:33.096985Z","level":"info","event":"Pushing xcom","ti":"RuntimeTaskInstance(id=UUID('019c0c61-28fb-73eb-a1b7-776b4b78dfe8'), task_id='fetch_bmkg_weather', dag_id='weather_data_fetch', run_id='scheduled__2026-01-30T00:00:00+00:00', try_number=1, dag_version_id=UUID('019bf85e-bdaa-72d4-8530-24267eab6b2a'), map_index=-1, hostname='OM-RAFIE.localdomain', context_carrier={}, task=<Task(PythonOperator): fetch_bmkg_weather>, bundle_instance=LocalDagBundle(name=dags-folder), max_tries=2, start_date=datetime.datetime(2026, 1, 30, 0, 50, 23, 419957, tzinfo=datetime.timezone.utc), end_date=None, state=<TaskInstanceState.RUNNING: 'running'>, is_mapped=False, rendered_map_index=None)","logger":"task","filename":"task_runner.py","lineno":1360}
