{"timestamp":"2026-02-04T04:07:10.433731Z","level":"info","event":"DAG bundles loaded: dags-folder","logger":"airflow.dag_processing.bundles.manager.DagBundlesManager","filename":"manager.py","lineno":179}
{"timestamp":"2026-02-04T04:07:10.439261Z","level":"info","event":"Filling up the DagBag from /opt/airflow/dags/weather_data_fetch.py","logger":"airflow.models.dagbag.DagBag","filename":"dagbag.py","lineno":593}
{"timestamp":"2026-02-04T04:07:10.622117Z","level":"warning","event":"The `airflow.operators.python.PythonOperator` attribute is deprecated. Please use `'airflow.providers.standard.operators.python.PythonOperator'`.","category":"DeprecatedImportWarning","filename":"/opt/airflow/dags/weather_data_fetch.py","lineno":8,"logger":"py.warnings"}
{"timestamp":"2026-02-04T04:07:10.622383Z","level":"warning","event":"The `airflow.operators.bash.BashOperator` attribute is deprecated. Please use `'airflow.providers.standard.operators.bash.BashOperator'`.","category":"DeprecatedImportWarning","filename":"/opt/airflow/dags/weather_data_fetch.py","lineno":9,"logger":"py.warnings"}
{"timestamp":"2026-02-04T04:07:11.444417Z","level":"info","event":"","logger":"task.stdout"}
{"timestamp":"2026-02-04T04:07:11.444619Z","level":"info","event":"============================================================","logger":"task.stdout"}
{"timestamp":"2026-02-04T04:07:11.444727Z","level":"info","event":"🌦️ Fetching BMKG Weather Data","logger":"task.stdout"}
{"timestamp":"2026-02-04T04:07:11.444970Z","level":"info","event":"============================================================","logger":"task.stdout"}
{"timestamp":"2026-02-04T04:07:11.504916Z","level":"info","event":"","logger":"task.stdout"}
{"timestamp":"2026-02-04T04:07:11.505192Z","level":"info","event":"📍 Fetching weather for ADM4: 35.78.21.1004","logger":"task.stdout"}
{"timestamp":"2026-02-04T04:07:11.803624Z","level":"info","event":"   Parsed 20 weather records","logger":"task.stdout"}
{"timestamp":"2026-02-04T04:07:11.824998Z","level":"info","event":"","logger":"task.stdout"}
{"timestamp":"2026-02-04T04:07:11.825238Z","level":"info","event":"⚠️  Found 3 expired weather records to delete","logger":"task.stdout"}
{"timestamp":"2026-02-04T04:07:11.825402Z","level":"info","event":"   Time range: 2026-02-04 05:00:00 to 2026-02-04 11:00:00","logger":"task.stdout"}
{"timestamp":"2026-02-04T04:07:11.825773Z","level":"info","event":"   (waktu < NOW at 2026-02-04 11:07:11 WIB)","logger":"task.stdout"}
{"timestamp":"2026-02-04T04:07:11.825996Z","level":"info","event":"✅ Deleted 3 expired weather records","logger":"task.stdout"}
{"timestamp":"2026-02-04T04:07:11.842341Z","level":"info","event":"✓ Inserted 20 weather records","logger":"task.stdout"}
{"timestamp":"2026-02-04T04:07:11.842558Z","level":"info","event":"","logger":"task.stdout"}
{"timestamp":"2026-02-04T04:07:11.842776Z","level":"info","event":"📍 Fetching weather for ADM4: 35.25.14.1010","logger":"task.stdout"}
{"timestamp":"2026-02-04T04:07:12.052443Z","level":"info","event":"   Parsed 20 weather records","logger":"task.stdout"}
{"timestamp":"2026-02-04T04:07:12.069939Z","level":"info","event":"","logger":"task.stdout"}
{"timestamp":"2026-02-04T04:07:12.070127Z","level":"info","event":"⚠️  Found 3 expired weather records to delete","logger":"task.stdout"}
{"timestamp":"2026-02-04T04:07:12.070197Z","level":"info","event":"   Time range: 2026-02-04 05:00:00 to 2026-02-04 11:00:00","logger":"task.stdout"}
{"timestamp":"2026-02-04T04:07:12.070346Z","level":"info","event":"   (waktu < NOW at 2026-02-04 11:07:12 WIB)","logger":"task.stdout"}
{"timestamp":"2026-02-04T04:07:12.070790Z","level":"info","event":"✅ Deleted 3 expired weather records","logger":"task.stdout"}
{"timestamp":"2026-02-04T04:07:12.086644Z","level":"info","event":"✓ Inserted 20 weather records","logger":"task.stdout"}
{"timestamp":"2026-02-04T04:07:12.086863Z","level":"info","event":"","logger":"task.stdout"}
{"timestamp":"2026-02-04T04:07:12.086993Z","level":"info","event":"============================================================","logger":"task.stdout"}
{"timestamp":"2026-02-04T04:07:12.087104Z","level":"info","event":"✓ Total records inserted: 40","logger":"task.stdout"}
{"timestamp":"2026-02-04T04:07:12.087170Z","level":"info","event":"============================================================","logger":"task.stdout"}
{"timestamp":"2026-02-04T04:07:12.086699Z","level":"info","event":"Done. Returned value was: 40","logger":"airflow.task.operators.airflow.providers.standard.operators.python.PythonOperator","filename":"python.py","lineno":215}
{"timestamp":"2026-02-04T04:07:12.087628Z","level":"info","event":"Pushing xcom","ti":"RuntimeTaskInstance(id=UUID('019c26d0-9449-7333-be5f-b5f081191553'), task_id='fetch_bmkg_weather', dag_id='weather_data_fetch', run_id='scheduled__2026-02-03T22:00:00+00:00', try_number=2, dag_version_id=UUID('019c0dd4-58cf-774a-9f83-a68201e36c2d'), map_index=-1, hostname='OM-RAFIE.localdomain', context_carrier={}, task=<Task(PythonOperator): fetch_bmkg_weather>, bundle_instance=LocalDagBundle(name=dags-folder), max_tries=2, start_date=datetime.datetime(2026, 2, 4, 4, 7, 10, 256026, tzinfo=datetime.timezone.utc), end_date=None, state=<TaskInstanceState.RUNNING: 'running'>, is_mapped=False, rendered_map_index=None)","logger":"task","filename":"task_runner.py","lineno":1360}
