{"timestamp":"2026-01-29T13:22:31.052897Z","level":"info","event":"DAG bundles loaded: dags-folder","logger":"airflow.dag_processing.bundles.manager.DagBundlesManager","filename":"manager.py","lineno":179}
{"timestamp":"2026-01-29T13:22:31.081337Z","level":"info","event":"Filling up the DagBag from /opt/airflow/dags/weather_data_fetch.py","logger":"airflow.models.dagbag.DagBag","filename":"dagbag.py","lineno":593}
{"timestamp":"2026-01-29T13:22:31.645221Z","level":"warning","event":"The `airflow.operators.python.PythonOperator` attribute is deprecated. Please use `'airflow.providers.standard.operators.python.PythonOperator'`.","category":"DeprecatedImportWarning","filename":"/opt/airflow/dags/weather_data_fetch.py","lineno":8,"logger":"py.warnings"}
{"timestamp":"2026-01-29T13:22:31.645502Z","level":"warning","event":"The `airflow.operators.bash.BashOperator` attribute is deprecated. Please use `'airflow.providers.standard.operators.bash.BashOperator'`.","category":"DeprecatedImportWarning","filename":"/opt/airflow/dags/weather_data_fetch.py","lineno":9,"logger":"py.warnings"}
{"timestamp":"2026-01-29T13:22:33.107096Z","level":"info","event":"","logger":"task.stdout"}
{"timestamp":"2026-01-29T13:22:33.107430Z","level":"info","event":"============================================================","logger":"task.stdout"}
{"timestamp":"2026-01-29T13:22:33.107547Z","level":"info","event":"🌦️ Fetching BMKG Weather Data","logger":"task.stdout"}
{"timestamp":"2026-01-29T13:22:33.108468Z","level":"info","event":"============================================================","logger":"task.stdout"}
{"timestamp":"2026-01-29T13:22:33.406611Z","level":"info","event":"","logger":"task.stdout"}
{"timestamp":"2026-01-29T13:22:33.406889Z","level":"info","event":"📍 Fetching weather for ADM4: 35.78.21.1004","logger":"task.stdout"}
{"timestamp":"2026-01-29T13:22:43.509714Z","level":"info","event":"❌ Error fetching from BMKG API: HTTPSConnectionPool(host='api.bmkg.go.id', port=443): Max retries exceeded with url: /publik/prakiraan-cuaca?adm4=35.78.21.1004 (Caused by NameResolutionError(\"<urllib3.connection.HTTPSConnection object at 0x7391ccc56a50>: Failed to resolve 'api.bmkg.go.id' ([Errno -3] Temporary failure in name resolution)\"))","logger":"task.stdout"}
{"timestamp":"2026-01-29T13:22:43.510447Z","level":"info","event":"⚠️ Skipping 35.78.21.1004 - no data","logger":"task.stdout"}
{"timestamp":"2026-01-29T13:22:43.510573Z","level":"info","event":"","logger":"task.stdout"}
{"timestamp":"2026-01-29T13:22:43.510663Z","level":"info","event":"📍 Fetching weather for ADM4: 35.25.14.1010","logger":"task.stdout"}
{"timestamp":"2026-01-29T13:22:53.520707Z","level":"info","event":"❌ Error fetching from BMKG API: HTTPSConnectionPool(host='api.bmkg.go.id', port=443): Max retries exceeded with url: /publik/prakiraan-cuaca?adm4=35.25.14.1010 (Caused by NameResolutionError(\"<urllib3.connection.HTTPSConnection object at 0x7391ccc42990>: Failed to resolve 'api.bmkg.go.id' ([Errno -3] Temporary failure in name resolution)\"))","logger":"task.stdout"}
{"timestamp":"2026-01-29T13:22:53.521141Z","level":"info","event":"⚠️ Skipping 35.25.14.1010 - no data","logger":"task.stdout"}
{"timestamp":"2026-01-29T13:22:53.521243Z","level":"info","event":"","logger":"task.stdout"}
{"timestamp":"2026-01-29T13:22:53.521318Z","level":"info","event":"============================================================","logger":"task.stdout"}
{"timestamp":"2026-01-29T13:22:53.521395Z","level":"info","event":"✓ Total records inserted: 0","logger":"task.stdout"}
{"timestamp":"2026-01-29T13:22:53.521520Z","level":"info","event":"============================================================","logger":"task.stdout"}
{"timestamp":"2026-01-29T13:22:53.520860Z","level":"info","event":"Done. Returned value was: 0","logger":"airflow.task.operators.airflow.providers.standard.operators.python.PythonOperator","filename":"python.py","lineno":215}
{"timestamp":"2026-01-29T13:22:53.524507Z","level":"info","event":"Pushing xcom","ti":"RuntimeTaskInstance(id=UUID('019c09eb-6717-7083-9b52-67c5d5fb159e'), task_id='fetch_bmkg_weather', dag_id='weather_data_fetch', run_id='scheduled__2026-01-29T12:00:00+00:00', try_number=1, dag_version_id=UUID('019bf85e-bdaa-72d4-8530-24267eab6b2a'), map_index=-1, hostname='OM-RAFIE.localdomain', context_carrier={}, task=<Task(PythonOperator): fetch_bmkg_weather>, bundle_instance=LocalDagBundle(name=dags-folder), max_tries=2, start_date=datetime.datetime(2026, 1, 29, 13, 22, 30, 54161, tzinfo=datetime.timezone.utc), end_date=None, state=<TaskInstanceState.RUNNING: 'running'>, is_mapped=False, rendered_map_index=None)","logger":"task","filename":"task_runner.py","lineno":1360}
