{"timestamp":"2026-02-03T15:00:01.932366Z","level":"info","event":"DAG bundles loaded: dags-folder","logger":"airflow.dag_processing.bundles.manager.DagBundlesManager","filename":"manager.py","lineno":179}
{"timestamp":"2026-02-03T15:00:01.944443Z","level":"info","event":"Filling up the DagBag from /opt/airflow/dags/weather_data_fetch.py","logger":"airflow.models.dagbag.DagBag","filename":"dagbag.py","lineno":593}
{"timestamp":"2026-02-03T15:00:02.194069Z","level":"warning","event":"The `airflow.operators.python.PythonOperator` attribute is deprecated. Please use `'airflow.providers.standard.operators.python.PythonOperator'`.","category":"DeprecatedImportWarning","filename":"/opt/airflow/dags/weather_data_fetch.py","lineno":8,"logger":"py.warnings"}
{"timestamp":"2026-02-03T15:00:02.194355Z","level":"warning","event":"The `airflow.operators.bash.BashOperator` attribute is deprecated. Please use `'airflow.providers.standard.operators.bash.BashOperator'`.","category":"DeprecatedImportWarning","filename":"/opt/airflow/dags/weather_data_fetch.py","lineno":9,"logger":"py.warnings"}
{"timestamp":"2026-02-03T15:00:03.019456Z","level":"info","event":"","logger":"task.stdout"}
{"timestamp":"2026-02-03T15:00:03.019763Z","level":"info","event":"============================================================","logger":"task.stdout"}
{"timestamp":"2026-02-03T15:00:03.019851Z","level":"info","event":"🌦️ Fetching BMKG Weather Data","logger":"task.stdout"}
{"timestamp":"2026-02-03T15:00:03.020031Z","level":"info","event":"============================================================","logger":"task.stdout"}
{"timestamp":"2026-02-03T15:00:03.177025Z","level":"info","event":"","logger":"task.stdout"}
{"timestamp":"2026-02-03T15:00:03.177294Z","level":"info","event":"📍 Fetching weather for ADM4: 35.78.21.1004","logger":"task.stdout"}
{"timestamp":"2026-02-03T15:00:03.786449Z","level":"info","event":"   Parsed 17 weather records","logger":"task.stdout"}
{"timestamp":"2026-02-03T15:00:03.820503Z","level":"info","event":"","logger":"task.stdout"}
{"timestamp":"2026-02-03T15:00:03.820678Z","level":"info","event":"⚠️  Found 2 expired weather records to delete","logger":"task.stdout"}
{"timestamp":"2026-02-03T15:00:03.820867Z","level":"info","event":"   Time range: 2026-02-03 22:00:00 to 2026-02-03 22:00:00","logger":"task.stdout"}
{"timestamp":"2026-02-03T15:00:03.821162Z","level":"info","event":"   (waktu < NOW at 2026-02-03 22:00:03 WIB)","logger":"task.stdout"}
{"timestamp":"2026-02-03T15:00:03.823537Z","level":"info","event":"✅ Deleted 2 expired weather records","logger":"task.stdout"}
{"timestamp":"2026-02-03T15:00:03.844909Z","level":"info","event":"✓ Inserted 17 weather records","logger":"task.stdout"}
{"timestamp":"2026-02-03T15:00:03.845176Z","level":"info","event":"","logger":"task.stdout"}
{"timestamp":"2026-02-03T15:00:03.845289Z","level":"info","event":"📍 Fetching weather for ADM4: 35.25.14.1010","logger":"task.stdout"}
{"timestamp":"2026-02-03T15:00:04.259671Z","level":"info","event":"   Parsed 17 weather records","logger":"task.stdout"}
{"timestamp":"2026-02-03T15:00:04.277483Z","level":"info","event":"","logger":"task.stdout"}
{"timestamp":"2026-02-03T15:00:04.277701Z","level":"info","event":"⚠️  Found 3 expired weather records to delete","logger":"task.stdout"}
{"timestamp":"2026-02-03T15:00:04.277855Z","level":"info","event":"   Time range: 2026-02-03 15:00:00 to 2026-02-03 21:00:00","logger":"task.stdout"}
{"timestamp":"2026-02-03T15:00:04.277987Z","level":"info","event":"   (waktu < NOW at 2026-02-03 22:00:04 WIB)","logger":"task.stdout"}
{"timestamp":"2026-02-03T15:00:04.278137Z","level":"info","event":"✅ Deleted 3 expired weather records","logger":"task.stdout"}
{"timestamp":"2026-02-03T15:00:04.300445Z","level":"info","event":"✓ Inserted 17 weather records","logger":"task.stdout"}
{"timestamp":"2026-02-03T15:00:04.300608Z","level":"info","event":"","logger":"task.stdout"}
{"timestamp":"2026-02-03T15:00:04.300786Z","level":"info","event":"============================================================","logger":"task.stdout"}
{"timestamp":"2026-02-03T15:00:04.301044Z","level":"info","event":"✓ Total records inserted: 34","logger":"task.stdout"}
{"timestamp":"2026-02-03T15:00:04.301154Z","level":"info","event":"============================================================","logger":"task.stdout"}
{"timestamp":"2026-02-03T15:00:04.300548Z","level":"info","event":"Done. Returned value was: 34","logger":"airflow.task.operators.airflow.providers.standard.operators.python.PythonOperator","filename":"python.py","lineno":215}
{"timestamp":"2026-02-03T15:00:04.301262Z","level":"info","event":"Pushing xcom","ti":"RuntimeTaskInstance(id=UUID('019c2404-7ee0-70c4-9cf9-ebbf3e28f702'), task_id='fetch_bmkg_weather', dag_id='weather_data_fetch', run_id='scheduled__2026-02-03T15:00:00+00:00', try_number=1, dag_version_id=UUID('019c0dd4-58cf-774a-9f83-a68201e36c2d'), map_index=-1, hostname='OM-RAFIE.localdomain', context_carrier={}, task=<Task(PythonOperator): fetch_bmkg_weather>, bundle_instance=LocalDagBundle(name=dags-folder), max_tries=2, start_date=datetime.datetime(2026, 2, 3, 15, 0, 1, 511908, tzinfo=datetime.timezone.utc), end_date=None, state=<TaskInstanceState.RUNNING: 'running'>, is_mapped=False, rendered_map_index=None)","logger":"task","filename":"task_runner.py","lineno":1360}
