{"timestamp":"2026-02-03T14:00:01.809974Z","level":"info","event":"DAG bundles loaded: dags-folder","logger":"airflow.dag_processing.bundles.manager.DagBundlesManager","filename":"manager.py","lineno":179}
{"timestamp":"2026-02-03T14:00:01.822187Z","level":"info","event":"Filling up the DagBag from /opt/airflow/dags/weather_data_fetch.py","logger":"airflow.models.dagbag.DagBag","filename":"dagbag.py","lineno":593}
{"timestamp":"2026-02-03T14:00:02.134926Z","level":"warning","event":"The `airflow.operators.python.PythonOperator` attribute is deprecated. Please use `'airflow.providers.standard.operators.python.PythonOperator'`.","category":"DeprecatedImportWarning","filename":"/opt/airflow/dags/weather_data_fetch.py","lineno":8,"logger":"py.warnings"}
{"timestamp":"2026-02-03T14:00:02.135146Z","level":"warning","event":"The `airflow.operators.bash.BashOperator` attribute is deprecated. Please use `'airflow.providers.standard.operators.bash.BashOperator'`.","category":"DeprecatedImportWarning","filename":"/opt/airflow/dags/weather_data_fetch.py","lineno":9,"logger":"py.warnings"}
{"timestamp":"2026-02-03T14:00:03.501949Z","level":"info","event":"","logger":"task.stdout"}
{"timestamp":"2026-02-03T14:00:03.502296Z","level":"info","event":"============================================================","logger":"task.stdout"}
{"timestamp":"2026-02-03T14:00:03.502599Z","level":"info","event":"🌦️ Fetching BMKG Weather Data","logger":"task.stdout"}
{"timestamp":"2026-02-03T14:00:03.503376Z","level":"info","event":"============================================================","logger":"task.stdout"}
{"timestamp":"2026-02-03T14:00:03.741386Z","level":"info","event":"","logger":"task.stdout"}
{"timestamp":"2026-02-03T14:00:03.741685Z","level":"info","event":"📍 Fetching weather for ADM4: 35.78.21.1004","logger":"task.stdout"}
{"timestamp":"2026-02-03T14:00:04.830896Z","level":"info","event":"   Parsed 17 weather records","logger":"task.stdout"}
{"timestamp":"2026-02-03T14:00:04.875229Z","level":"info","event":"","logger":"task.stdout"}
{"timestamp":"2026-02-03T14:00:04.875512Z","level":"info","event":"⚠️  Found 2 expired weather records to delete","logger":"task.stdout"}
{"timestamp":"2026-02-03T14:00:04.876307Z","level":"info","event":"   Time range: 2026-02-03 21:00:00 to 2026-02-03 21:00:00","logger":"task.stdout"}
{"timestamp":"2026-02-03T14:00:04.876509Z","level":"info","event":"   (waktu < NOW at 2026-02-03 21:00:04 WIB)","logger":"task.stdout"}
{"timestamp":"2026-02-03T14:00:04.883009Z","level":"info","event":"✅ Deleted 2 expired weather records","logger":"task.stdout"}
{"timestamp":"2026-02-03T14:00:04.910478Z","level":"info","event":"✓ Inserted 17 weather records","logger":"task.stdout"}
{"timestamp":"2026-02-03T14:00:04.910733Z","level":"info","event":"","logger":"task.stdout"}
{"timestamp":"2026-02-03T14:00:04.910912Z","level":"info","event":"📍 Fetching weather for ADM4: 35.25.14.1010","logger":"task.stdout"}
{"timestamp":"2026-02-03T14:00:06.088778Z","level":"info","event":"   Parsed 17 weather records","logger":"task.stdout"}
{"timestamp":"2026-02-03T14:00:06.106888Z","level":"info","event":"","logger":"task.stdout"}
{"timestamp":"2026-02-03T14:00:06.107205Z","level":"info","event":"⚠️  Found 3 expired weather records to delete","logger":"task.stdout"}
{"timestamp":"2026-02-03T14:00:06.107322Z","level":"info","event":"   Time range: 2026-02-03 15:00:00 to 2026-02-03 21:00:00","logger":"task.stdout"}
{"timestamp":"2026-02-03T14:00:06.107463Z","level":"info","event":"   (waktu < NOW at 2026-02-03 21:00:06 WIB)","logger":"task.stdout"}
{"timestamp":"2026-02-03T14:00:06.107651Z","level":"info","event":"✅ Deleted 3 expired weather records","logger":"task.stdout"}
{"timestamp":"2026-02-03T14:00:06.122082Z","level":"info","event":"✓ Inserted 17 weather records","logger":"task.stdout"}
{"timestamp":"2026-02-03T14:00:06.122313Z","level":"info","event":"","logger":"task.stdout"}
{"timestamp":"2026-02-03T14:00:06.122388Z","level":"info","event":"============================================================","logger":"task.stdout"}
{"timestamp":"2026-02-03T14:00:06.122515Z","level":"info","event":"✓ Total records inserted: 34","logger":"task.stdout"}
{"timestamp":"2026-02-03T14:00:06.122613Z","level":"info","event":"============================================================","logger":"task.stdout"}
{"timestamp":"2026-02-03T14:00:06.122167Z","level":"info","event":"Done. Returned value was: 34","logger":"airflow.task.operators.airflow.providers.standard.operators.python.PythonOperator","filename":"python.py","lineno":215}
{"timestamp":"2026-02-03T14:00:06.124294Z","level":"info","event":"Pushing xcom","ti":"RuntimeTaskInstance(id=UUID('019c23cd-8f65-7439-8a79-7a6e12bc13fe'), task_id='fetch_bmkg_weather', dag_id='weather_data_fetch', run_id='scheduled__2026-02-03T14:00:00+00:00', try_number=1, dag_version_id=UUID('019c0dd4-58cf-774a-9f83-a68201e36c2d'), map_index=-1, hostname='OM-RAFIE.localdomain', context_carrier={}, task=<Task(PythonOperator): fetch_bmkg_weather>, bundle_instance=LocalDagBundle(name=dags-folder), max_tries=2, start_date=datetime.datetime(2026, 2, 3, 14, 0, 1, 308621, tzinfo=datetime.timezone.utc), end_date=None, state=<TaskInstanceState.RUNNING: 'running'>, is_mapped=False, rendered_map_index=None)","logger":"task","filename":"task_runner.py","lineno":1360}
