{"timestamp":"2026-02-06T03:11:12.400905Z","level":"info","event":"DAG bundles loaded: dags-folder","logger":"airflow.dag_processing.bundles.manager.DagBundlesManager","filename":"manager.py","lineno":179}
{"timestamp":"2026-02-06T03:11:12.401853Z","level":"info","event":"Filling up the DagBag from /opt/airflow/dags/daily_warehouse_sync_upd.py","logger":"airflow.models.dagbag.DagBag","filename":"dagbag.py","lineno":593}
{"timestamp":"2026-02-06T03:11:12.428058Z","level":"warning","event":"The `airflow.operators.python.PythonOperator` attribute is deprecated. Please use `'airflow.providers.standard.operators.python.PythonOperator'`.","category":"DeprecatedImportWarning","filename":"/opt/airflow/dags/daily_warehouse_sync_upd.py","lineno":8,"logger":"py.warnings"}
{"timestamp":"2026-02-06T03:11:12.428514Z","level":"warning","event":"The `airflow.operators.bash.BashOperator` attribute is deprecated. Please use `'airflow.providers.standard.operators.bash.BashOperator'`.","category":"DeprecatedImportWarning","filename":"/opt/airflow/dags/daily_warehouse_sync_upd.py","lineno":9,"logger":"py.warnings"}
{"timestamp":"2026-02-06T03:11:12.457846Z","level":"info","event":"============================================================","logger":"task.stdout"}
{"timestamp":"2026-02-06T03:11:12.458019Z","level":"info","event":"Starting daily warehouse sync...","logger":"task.stdout"}
{"timestamp":"2026-02-06T03:11:12.458066Z","level":"info","event":"============================================================","logger":"task.stdout"}
{"timestamp":"2026-02-06T03:11:12.458106Z","level":"info","event":"","logger":"task.stdout"}
{"timestamp":"2026-02-06T03:11:12.458144Z","level":"info","event":"📍 PRIORITY: Syncing WEATHER data first...","logger":"task.stdout"}
{"timestamp":"2026-02-06T03:11:12.673677Z","level":"info","event":"ERROR syncing weather.fact_weather_hourly: relation \"fact_weather_hourly\" does not exist","logger":"task.stdout"}
{"timestamp":"2026-02-06T03:11:12.673830Z","level":"info","event":"LINE 1: SELECT * FROM fact_weather_hourly LIMIT 0","logger":"task.stdout"}
{"timestamp":"2026-02-06T03:11:12.673880Z","level":"info","event":"                      ^","logger":"task.stdout"}
{"timestamp":"2026-02-06T03:11:12.673923Z","level":"info","event":"","logger":"task.stdout"}
{"timestamp":"2026-02-06T03:11:12.674029Z","level":"info","event":"","logger":"task.stdout"}
{"timestamp":"2026-02-06T03:11:12.674080Z","level":"info","event":"📊 Syncing other schemas...","logger":"task.stdout"}
{"timestamp":"2026-02-06T03:11:12.878139Z","level":"info","event":"✓ driver.daftar_user: 25 rows synced","logger":"task.stdout"}
{"timestamp":"2026-02-06T03:11:13.083403Z","level":"info","event":"✓ driver.attachment_driver: 6 rows synced","logger":"task.stdout"}
{"timestamp":"2026-02-06T03:11:13.312238Z","level":"info","event":"✓ driver.laporan_pengemudi: 0 rows (table empty in source)","logger":"task.stdout"}
{"timestamp":"2026-02-06T03:11:13.429298Z","level":"info","event":"ERROR syncing driver.kontak_darurat: relation \"kontak_darurat_pengemudi\" does not exist","logger":"task.stdout"}
{"timestamp":"2026-02-06T03:11:13.429466Z","level":"info","event":"LINE 1: SELECT * FROM kontak_darurat_pengemudi LIMIT 0","logger":"task.stdout"}
{"timestamp":"2026-02-06T03:11:13.429517Z","level":"info","event":"                      ^","logger":"task.stdout"}
{"timestamp":"2026-02-06T03:11:13.429561Z","level":"info","event":"","logger":"task.stdout"}
{"timestamp":"2026-02-06T03:11:13.567988Z","level":"info","event":"✓ armada.armada_tms: 3 rows synced","logger":"task.stdout"}
{"timestamp":"2026-02-06T03:11:13.716403Z","level":"info","event":"✓ armada.jenis_armada: 19 rows synced","logger":"task.stdout"}
{"timestamp":"2026-02-06T03:11:13.838008Z","level":"info","event":"✓ armada.driver_armada: 2 rows synced","logger":"task.stdout"}
{"timestamp":"2026-02-06T03:11:13.947463Z","level":"info","event":"✓ armada.armada_perangkat: 0 rows (table empty in source)","logger":"task.stdout"}
{"timestamp":"2026-02-06T03:11:14.077202Z","level":"info","event":"✓ armada.attachment_armada: 0 rows (table empty in source)","logger":"task.stdout"}
{"timestamp":"2026-02-06T03:11:14.229352Z","level":"info","event":"✓ delivery.delivery_order: 15 rows synced","logger":"task.stdout"}
{"timestamp":"2026-02-06T03:11:14.364446Z","level":"info","event":"✓ delivery.detail_do: 3 rows synced","logger":"task.stdout"}
{"timestamp":"2026-02-06T03:11:14.562060Z","level":"info","event":"✓ delivery.jenis_order: 5 rows synced","logger":"task.stdout"}
{"timestamp":"2026-02-06T03:11:14.677948Z","level":"info","event":"✓ delivery.attachment_gudang: 0 rows (table empty in source)","logger":"task.stdout"}
{"timestamp":"2026-02-06T03:11:14.808183Z","level":"info","event":"✓ activity.log_perjalanan_armada: 0 rows (table empty in source)","logger":"task.stdout"}
{"timestamp":"2026-02-06T03:11:14.906094Z","level":"info","event":"✓ activity.log_aktifitas_driver: 0 rows (table empty in source)","logger":"task.stdout"}
{"timestamp":"2026-02-06T03:11:15.031857Z","level":"info","event":"✓ activity.log_perangkat: 0 rows (table empty in source)","logger":"task.stdout"}
{"timestamp":"2026-02-06T03:11:18.481051Z","level":"info","event":"✓ activity.log_chat: 0 rows (table empty in source)","logger":"task.stdout"}
{"timestamp":"2026-02-06T03:11:18.620608Z","level":"info","event":"✓ activity.log_panggilan: 0 rows (table empty in source)","logger":"task.stdout"}
{"timestamp":"2026-02-06T03:11:18.712951Z","level":"info","event":"✓ activity.log_sensor: 0 rows (table empty in source)","logger":"task.stdout"}
{"timestamp":"2026-02-06T03:11:18.825375Z","level":"info","event":"✓ activity.alert_geofence: 0 rows (table empty in source)","logger":"task.stdout"}
{"timestamp":"2026-02-06T03:11:19.006352Z","level":"info","event":"✓ financial.orders: 5 rows synced","logger":"task.stdout"}
{"timestamp":"2026-02-06T03:11:19.165085Z","level":"info","event":"✓ financial.detail_po: 4 rows synced","logger":"task.stdout"}
{"timestamp":"2026-02-06T03:11:19.253160Z","level":"info","event":"✓ financial.jenis_transaksi: 1 rows synced","logger":"task.stdout"}
{"timestamp":"2026-02-06T03:11:19.419661Z","level":"info","event":"✓ financial.detail_qc: 0 rows (table empty in source)","logger":"task.stdout"}
{"timestamp":"2026-02-06T03:11:19.561612Z","level":"info","event":"✓ financial.bank: 0 rows (table empty in source)","logger":"task.stdout"}
{"timestamp":"2026-02-06T03:11:19.724778Z","level":"info","event":"✓ support.attachment: 12 rows synced","logger":"task.stdout"}
{"timestamp":"2026-02-06T03:11:19.865510Z","level":"info","event":"✓ support.jenis_file: 4 rows synced","logger":"task.stdout"}
{"timestamp":"2026-02-06T03:11:19.997825Z","level":"info","event":"✓ support.chat_room: 0 rows (table empty in source)","logger":"task.stdout"}
{"timestamp":"2026-02-06T03:11:20.110449Z","level":"info","event":"✓ support.attachment_chat: 0 rows (table empty in source)","logger":"task.stdout"}
{"timestamp":"2026-02-06T03:11:20.299251Z","level":"info","event":"✓ support.attachment_pengembalian: 0 rows (table empty in source)","logger":"task.stdout"}
{"timestamp":"2026-02-06T03:11:20.430837Z","level":"info","event":"✓ support.attachment_perangkat: 0 rows (table empty in source)","logger":"task.stdout"}
{"timestamp":"2026-02-06T03:11:20.537327Z","level":"info","event":"✓ support.attachment_qc: 0 rows (table empty in source)","logger":"task.stdout"}
{"timestamp":"2026-02-06T03:11:20.668729Z","level":"info","event":"ERROR syncing master.gudang: column \"uuid_tenant\" of relation \"gudang\" does not exist","logger":"task.stdout"}
{"timestamp":"2026-02-06T03:11:20.668992Z","level":"info","event":"LINE 1: ...a, diubah_oleh, diubah_pada, id_tenant, lat, lng, uuid_tenan...","logger":"task.stdout"}
{"timestamp":"2026-02-06T03:11:20.669058Z","level":"info","event":"                                                             ^","logger":"task.stdout"}
{"timestamp":"2026-02-06T03:11:20.669102Z","level":"info","event":"","logger":"task.stdout"}
{"timestamp":"2026-02-06T03:11:20.798191Z","level":"info","event":"✓ master.locations: 6 rows synced","logger":"task.stdout"}
{"timestamp":"2026-02-06T03:11:20.932166Z","level":"info","event":"✓ master.kategori_produk: 3 rows synced","logger":"task.stdout"}
{"timestamp":"2026-02-06T03:11:21.097176Z","level":"info","event":"✓ master.konversi: 13 rows synced","logger":"task.stdout"}
{"timestamp":"2026-02-06T03:11:21.242699Z","level":"info","event":"✓ master.jenis_satuan: 12 rows synced","logger":"task.stdout"}
{"timestamp":"2026-02-06T03:11:21.365138Z","level":"info","event":"✓ master.atribut: 0 rows (table empty in source)","logger":"task.stdout"}
{"timestamp":"2026-02-06T03:11:21.473615Z","level":"info","event":"✓ master.atribut_produk: 0 rows (table empty in source)","logger":"task.stdout"}
{"timestamp":"2026-02-06T03:11:21.567496Z","level":"info","event":"✓ master.kriteria_produk: 0 rows (table empty in source)","logger":"task.stdout"}
{"timestamp":"2026-02-06T03:11:21.670140Z","level":"info","event":"✓ master.geofence: 0 rows (table empty in source)","logger":"task.stdout"}
{"timestamp":"2026-02-06T03:11:21.791976Z","level":"info","event":"✓ master.jenis_insiden: 0 rows (table empty in source)","logger":"task.stdout"}
{"timestamp":"2026-02-06T03:11:21.903220Z","level":"info","event":"✓ master.jenis_notifikasi: 0 rows (table empty in source)","logger":"task.stdout"}
{"timestamp":"2026-02-06T03:11:21.992348Z","level":"info","event":"✓ master.laporan_darurat: 0 rows (table empty in source)","logger":"task.stdout"}
{"timestamp":"2026-02-06T03:11:22.090710Z","level":"info","event":"✓ master.rating: 0 rows (table empty in source)","logger":"task.stdout"}
{"timestamp":"2026-02-06T03:11:22.091009Z","level":"info","event":"","logger":"task.stdout"}
{"timestamp":"2026-02-06T03:11:22.091091Z","level":"info","event":"============================================================","logger":"task.stdout"}
{"timestamp":"2026-02-06T03:11:22.091131Z","level":"info","event":"SYNC SUMMARY","logger":"task.stdout"}
{"timestamp":"2026-02-06T03:11:22.091166Z","level":"info","event":"============================================================","logger":"task.stdout"}
{"timestamp":"2026-02-06T03:11:22.091201Z","level":"info","event":"✅ Success: 43 tables","logger":"task.stdout"}
{"timestamp":"2026-02-06T03:11:22.091246Z","level":"info","event":"❌ Failed: 3 tables","logger":"task.stdout"}
{"timestamp":"2026-02-06T03:11:22.091282Z","level":"info","event":"","logger":"task.stdout"}
{"timestamp":"2026-02-06T03:11:22.091324Z","level":"info","event":"Failed tables:","logger":"task.stdout"}
{"timestamp":"2026-02-06T03:11:22.091357Z","level":"info","event":"  - ERROR syncing weather.fact_weather_hourly: relation \"fact_weather_hourly\" does not exist","logger":"task.stdout"}
{"timestamp":"2026-02-06T03:11:22.091390Z","level":"info","event":"LINE 1: SELECT * FROM fact_weather_hourly LIMIT 0","logger":"task.stdout"}
{"timestamp":"2026-02-06T03:11:22.091421Z","level":"info","event":"                      ^","logger":"task.stdout"}
{"timestamp":"2026-02-06T03:11:22.091457Z","level":"info","event":"","logger":"task.stdout"}
{"timestamp":"2026-02-06T03:11:22.091489Z","level":"info","event":"  - ERROR syncing driver.kontak_darurat: relation \"kontak_darurat_pengemudi\" does not exist","logger":"task.stdout"}
{"timestamp":"2026-02-06T03:11:22.091613Z","level":"info","event":"LINE 1: SELECT * FROM kontak_darurat_pengemudi LIMIT 0","logger":"task.stdout"}
{"timestamp":"2026-02-06T03:11:22.091667Z","level":"info","event":"                      ^","logger":"task.stdout"}
{"timestamp":"2026-02-06T03:11:22.091704Z","level":"info","event":"","logger":"task.stdout"}
{"timestamp":"2026-02-06T03:11:22.091743Z","level":"info","event":"  - ERROR syncing master.gudang: column \"uuid_tenant\" of relation \"gudang\" does not exist","logger":"task.stdout"}
{"timestamp":"2026-02-06T03:11:22.091777Z","level":"info","event":"LINE 1: ...a, diubah_oleh, diubah_pada, id_tenant, lat, lng, uuid_tenan...","logger":"task.stdout"}
{"timestamp":"2026-02-06T03:11:22.091813Z","level":"info","event":"                                                             ^","logger":"task.stdout"}
{"timestamp":"2026-02-06T03:11:22.091986Z","level":"info","event":"","logger":"task.stdout"}
{"timestamp":"2026-02-06T03:11:22.092023Z","level":"info","event":"","logger":"task.stdout"}
{"timestamp":"2026-02-06T03:11:22.092055Z","level":"info","event":"Detailed results:","logger":"task.stdout"}
{"timestamp":"2026-02-06T03:11:22.092086Z","level":"info","event":"  ✓ driver.daftar_user: 25 rows","logger":"task.stdout"}
{"timestamp":"2026-02-06T03:11:22.092117Z","level":"info","event":"  ✓ driver.attachment_driver: 6 rows","logger":"task.stdout"}
{"timestamp":"2026-02-06T03:11:22.092146Z","level":"info","event":"  ✓ driver.laporan_pengemudi: 0 rows","logger":"task.stdout"}
{"timestamp":"2026-02-06T03:11:22.092175Z","level":"info","event":"  ✓ armada.armada_tms: 3 rows","logger":"task.stdout"}
{"timestamp":"2026-02-06T03:11:22.092203Z","level":"info","event":"  ✓ armada.jenis_armada: 19 rows","logger":"task.stdout"}
{"timestamp":"2026-02-06T03:11:22.092233Z","level":"info","event":"  ✓ armada.driver_armada: 2 rows","logger":"task.stdout"}
{"timestamp":"2026-02-06T03:11:22.092263Z","level":"info","event":"  ✓ armada.armada_perangkat: 0 rows","logger":"task.stdout"}
{"timestamp":"2026-02-06T03:11:22.092292Z","level":"info","event":"  ✓ armada.attachment_armada: 0 rows","logger":"task.stdout"}
{"timestamp":"2026-02-06T03:11:22.092321Z","level":"info","event":"  ✓ delivery.delivery_order: 15 rows","logger":"task.stdout"}
{"timestamp":"2026-02-06T03:11:22.092349Z","level":"info","event":"  ✓ delivery.detail_do: 3 rows","logger":"task.stdout"}
{"timestamp":"2026-02-06T03:11:22.092377Z","level":"info","event":"  ... and 33 more","logger":"task.stdout"}
{"timestamp":"2026-02-06T03:11:22.091125Z","level":"info","event":"Done. Returned value was: {'success_count': 43, 'failed_count': 3}","logger":"airflow.task.operators.airflow.providers.standard.operators.python.PythonOperator","filename":"python.py","lineno":215}
{"timestamp":"2026-02-06T03:11:22.091453Z","level":"info","event":"Pushing xcom","ti":"RuntimeTaskInstance(id=UUID('019c30ee-a47e-7d5f-a4c7-bdfd999e190f'), task_id='sync_warehouse_tables', dag_id='daily_warehouse_sync', run_id='manual__2026-02-06T03:11:10+00:00', try_number=1, dag_version_id=UUID('019c30a9-ecf3-7013-8806-8e3118c72736'), map_index=-1, hostname='OM-RAFIE.localdomain', context_carrier={}, task=<Task(PythonOperator): sync_warehouse_tables>, bundle_instance=LocalDagBundle(name=dags-folder), max_tries=2, start_date=datetime.datetime(2026, 2, 6, 3, 11, 12, 371266, tzinfo=datetime.timezone.utc), end_date=None, state=<TaskInstanceState.RUNNING: 'running'>, is_mapped=False, rendered_map_index=None)","logger":"task","filename":"task_runner.py","lineno":1360}
