{"timestamp":"2026-01-21T00:41:06.288943Z","level":"info","event":"DAG bundles loaded: dags-folder","logger":"airflow.dag_processing.bundles.manager.DagBundlesManager","filename":"manager.py","lineno":179}
{"timestamp":"2026-01-21T00:41:06.319554Z","level":"info","event":"Filling up the DagBag from /opt/airflow/dags/daily_database_sync.py","logger":"airflow.models.dagbag.DagBag","filename":"dagbag.py","lineno":593}
{"timestamp":"2026-01-21T00:41:06.651425Z","level":"warning","event":"The `airflow.operators.python.PythonOperator` attribute is deprecated. Please use `'airflow.providers.standard.operators.python.PythonOperator'`.","category":"DeprecatedImportWarning","filename":"/opt/airflow/dags/daily_database_sync.py","lineno":6,"logger":"py.warnings"}
{"timestamp":"2026-01-21T00:41:06.996419Z","level":"info","event":"","logger":"task.stdout"}
{"timestamp":"2026-01-21T00:41:06.996669Z","level":"info","event":"================================================================================","logger":"task.stdout"}
{"timestamp":"2026-01-21T00:41:06.996780Z","level":"info","event":"💾 METADATA BACKUP","logger":"task.stdout"}
{"timestamp":"2026-01-21T00:41:06.996868Z","level":"info","event":"================================================================================","logger":"task.stdout"}
{"timestamp":"2026-01-21T00:41:07.002557Z","level":"info","event":"","logger":"task.stdout"}
{"timestamp":"2026-01-21T00:41:07.002840Z","level":"info","event":"Table Type           Records","logger":"task.stdout"}
{"timestamp":"2026-01-21T00:41:07.002945Z","level":"info","event":"----------------------------------------","logger":"task.stdout"}
{"timestamp":"2026-01-21T00:41:07.003030Z","level":"info","event":"dag                  6","logger":"task.stdout"}
{"timestamp":"2026-01-21T00:41:07.003117Z","level":"info","event":"dag_run              12","logger":"task.stdout"}
{"timestamp":"2026-01-21T00:41:07.003210Z","level":"info","event":"task_instance        22","logger":"task.stdout"}
{"timestamp":"2026-01-21T00:41:07.003286Z","level":"info","event":"log                  65","logger":"task.stdout"}
{"timestamp":"2026-01-21T00:41:07.003378Z","level":"info","event":"xcom                 30","logger":"task.stdout"}
{"timestamp":"2026-01-21T00:41:07.003467Z","level":"info","event":"","logger":"task.stdout"}
{"timestamp":"2026-01-21T00:41:07.003547Z","level":"info","event":"================================================================================","logger":"task.stdout"}
{"timestamp":"2026-01-21T00:41:07.003647Z","level":"info","event":"✅ Metadata backup completed!","logger":"task.stdout"}
{"timestamp":"2026-01-21T00:41:07.003757Z","level":"info","event":"================================================================================","logger":"task.stdout"}
{"timestamp":"2026-01-21T00:41:07.003848Z","level":"info","event":"","logger":"task.stdout"}
{"timestamp":"2026-01-21T00:41:07.010241Z","level":"info","event":"Done. Returned value was: True","logger":"airflow.task.operators.airflow.providers.standard.operators.python.PythonOperator","filename":"python.py","lineno":215}
{"timestamp":"2026-01-21T00:41:07.012788Z","level":"info","event":"Pushing xcom","ti":"RuntimeTaskInstance(id=UUID('019bddff-3af4-78d6-9237-572764358fb9'), task_id='backup_metadata_task', dag_id='daily_database_sync', run_id='scheduled__2026-01-21T00:00:00+00:00', try_number=1, dag_version_id=UUID('019bd4f9-0eda-7e15-84f3-f8387d877ada'), map_index=-1, hostname='OM-RAFIE.localdomain', context_carrier={}, task=<Task(PythonOperator): backup_metadata_task>, bundle_instance=LocalDagBundle(name=dags-folder), max_tries=2, start_date=datetime.datetime(2026, 1, 21, 0, 41, 5, 613039, tzinfo=datetime.timezone.utc), end_date=None, state=<TaskInstanceState.RUNNING: 'running'>, is_mapped=False, rendered_map_index=None)","logger":"task","filename":"task_runner.py","lineno":1360}
