{"timestamp":"2026-02-02T09:16:46.990315Z","level":"info","event":"DAG bundles loaded: dags-folder","logger":"airflow.dag_processing.bundles.manager.DagBundlesManager","filename":"manager.py","lineno":179}
{"timestamp":"2026-02-02T09:16:46.992786Z","level":"info","event":"Filling up the DagBag from /opt/airflow/dags/daily_warehouse_sync.py","logger":"airflow.models.dagbag.DagBag","filename":"dagbag.py","lineno":593}
{"timestamp":"2026-02-02T09:16:47.044536Z","level":"warning","event":"The `airflow.operators.python.PythonOperator` attribute is deprecated. Please use `'airflow.providers.standard.operators.python.PythonOperator'`.","category":"DeprecatedImportWarning","filename":"/opt/airflow/dags/daily_warehouse_sync.py","lineno":8,"logger":"py.warnings"}
{"timestamp":"2026-02-02T09:16:47.044807Z","level":"warning","event":"The `airflow.operators.bash.BashOperator` attribute is deprecated. Please use `'airflow.providers.standard.operators.bash.BashOperator'`.","category":"DeprecatedImportWarning","filename":"/opt/airflow/dags/daily_warehouse_sync.py","lineno":9,"logger":"py.warnings"}
{"timestamp":"2026-02-02T09:16:47.094385Z","level":"info","event":"============================================================","logger":"task.stdout"}
{"timestamp":"2026-02-02T09:16:47.094642Z","level":"info","event":"Starting daily warehouse sync...","logger":"task.stdout"}
{"timestamp":"2026-02-02T09:16:47.094791Z","level":"info","event":"============================================================","logger":"task.stdout"}
{"timestamp":"2026-02-02T09:16:47.094896Z","level":"info","event":"","logger":"task.stdout"}
{"timestamp":"2026-02-02T09:16:47.095004Z","level":"info","event":"📍 PRIORITY: Syncing WEATHER data first...","logger":"task.stdout"}
{"timestamp":"2026-02-02T09:16:47.206102Z","level":"info","event":"ERROR syncing weather.fact_weather_hourly: relation \"fact_weather_hourly\" does not exist","logger":"task.stdout"}
{"timestamp":"2026-02-02T09:16:47.206406Z","level":"info","event":"LINE 1: SELECT * FROM fact_weather_hourly LIMIT 0","logger":"task.stdout"}
{"timestamp":"2026-02-02T09:16:47.206537Z","level":"info","event":"                      ^","logger":"task.stdout"}
{"timestamp":"2026-02-02T09:16:47.206722Z","level":"info","event":"","logger":"task.stdout"}
{"timestamp":"2026-02-02T09:16:47.206989Z","level":"info","event":"","logger":"task.stdout"}
{"timestamp":"2026-02-02T09:16:47.207202Z","level":"info","event":"📊 Syncing other schemas...","logger":"task.stdout"}
{"timestamp":"2026-02-02T09:16:47.333280Z","level":"info","event":"✓ driver.daftar_user: 25 rows synced","logger":"task.stdout"}
{"timestamp":"2026-02-02T09:16:47.496863Z","level":"info","event":"✓ driver.attachment_driver: 6 rows synced","logger":"task.stdout"}
{"timestamp":"2026-02-02T09:16:47.665134Z","level":"info","event":"✓ driver.laporan_pengemudi: 0 rows (table empty in source)","logger":"task.stdout"}
{"timestamp":"2026-02-02T09:16:47.776999Z","level":"info","event":"ERROR syncing driver.kontak_darurat: relation \"kontak_darurat_pengemudi\" does not exist","logger":"task.stdout"}
{"timestamp":"2026-02-02T09:16:47.777297Z","level":"info","event":"LINE 1: SELECT * FROM kontak_darurat_pengemudi LIMIT 0","logger":"task.stdout"}
{"timestamp":"2026-02-02T09:16:47.777403Z","level":"info","event":"                      ^","logger":"task.stdout"}
{"timestamp":"2026-02-02T09:16:47.777495Z","level":"info","event":"","logger":"task.stdout"}
{"timestamp":"2026-02-02T09:16:47.940465Z","level":"info","event":"✓ armada.armada_tms: 3 rows synced","logger":"task.stdout"}
{"timestamp":"2026-02-02T09:16:48.178391Z","level":"info","event":"✓ armada.jenis_armada: 19 rows synced","logger":"task.stdout"}
{"timestamp":"2026-02-02T09:16:48.337312Z","level":"info","event":"✓ armada.driver_armada: 0 rows (table empty in source)","logger":"task.stdout"}
{"timestamp":"2026-02-02T09:16:48.491960Z","level":"info","event":"✓ armada.armada_perangkat: 0 rows (table empty in source)","logger":"task.stdout"}
{"timestamp":"2026-02-02T09:16:48.661224Z","level":"info","event":"✓ armada.attachment_armada: 0 rows (table empty in source)","logger":"task.stdout"}
{"timestamp":"2026-02-02T09:16:48.822584Z","level":"info","event":"✓ delivery.delivery_order: 15 rows synced","logger":"task.stdout"}
{"timestamp":"2026-02-02T09:16:48.967075Z","level":"info","event":"✓ delivery.detail_do: 3 rows synced","logger":"task.stdout"}
{"timestamp":"2026-02-02T09:16:49.166936Z","level":"info","event":"✓ delivery.jenis_order: 5 rows synced","logger":"task.stdout"}
{"timestamp":"2026-02-02T09:16:49.330673Z","level":"info","event":"✓ delivery.attachment_gudang: 0 rows (table empty in source)","logger":"task.stdout"}
{"timestamp":"2026-02-02T09:16:49.506471Z","level":"info","event":"✓ activity.log_perjalanan_armada: 0 rows (table empty in source)","logger":"task.stdout"}
{"timestamp":"2026-02-02T09:16:49.619969Z","level":"info","event":"✓ activity.log_aktifitas_driver: 0 rows (table empty in source)","logger":"task.stdout"}
{"timestamp":"2026-02-02T09:16:49.759245Z","level":"info","event":"✓ activity.log_perangkat: 0 rows (table empty in source)","logger":"task.stdout"}
{"timestamp":"2026-02-02T09:16:49.887160Z","level":"info","event":"✓ activity.log_chat: 0 rows (table empty in source)","logger":"task.stdout"}
{"timestamp":"2026-02-02T09:16:50.103634Z","level":"info","event":"✓ activity.log_panggilan: 0 rows (table empty in source)","logger":"task.stdout"}
{"timestamp":"2026-02-02T09:16:50.462115Z","level":"info","event":"✓ activity.log_sensor: 0 rows (table empty in source)","logger":"task.stdout"}
{"timestamp":"2026-02-02T09:16:50.561040Z","level":"info","event":"✓ activity.alert_geofence: 0 rows (table empty in source)","logger":"task.stdout"}
{"timestamp":"2026-02-02T09:16:50.658425Z","level":"info","event":"✓ financial.orders: 5 rows synced","logger":"task.stdout"}
{"timestamp":"2026-02-02T09:16:50.801509Z","level":"info","event":"✓ financial.detail_po: 4 rows synced","logger":"task.stdout"}
{"timestamp":"2026-02-02T09:16:50.908432Z","level":"info","event":"✓ financial.jenis_transaksi: 1 rows synced","logger":"task.stdout"}
{"timestamp":"2026-02-02T09:16:51.342185Z","level":"info","event":"✓ financial.detail_qc: 0 rows (table empty in source)","logger":"task.stdout"}
{"timestamp":"2026-02-02T09:16:51.450326Z","level":"info","event":"✓ financial.bank: 0 rows (table empty in source)","logger":"task.stdout"}
{"timestamp":"2026-02-02T09:16:51.581880Z","level":"info","event":"✓ support.attachment: 12 rows synced","logger":"task.stdout"}
{"timestamp":"2026-02-02T09:16:51.739611Z","level":"info","event":"✓ support.jenis_file: 4 rows synced","logger":"task.stdout"}
{"timestamp":"2026-02-02T09:16:51.870095Z","level":"info","event":"✓ support.chat_room: 0 rows (table empty in source)","logger":"task.stdout"}
{"timestamp":"2026-02-02T09:16:52.011120Z","level":"info","event":"✓ support.attachment_chat: 0 rows (table empty in source)","logger":"task.stdout"}
{"timestamp":"2026-02-02T09:16:52.154184Z","level":"info","event":"✓ support.attachment_pengembalian: 0 rows (table empty in source)","logger":"task.stdout"}
{"timestamp":"2026-02-02T09:16:52.278642Z","level":"info","event":"✓ support.attachment_perangkat: 0 rows (table empty in source)","logger":"task.stdout"}
{"timestamp":"2026-02-02T09:16:52.398425Z","level":"info","event":"✓ support.attachment_qc: 0 rows (table empty in source)","logger":"task.stdout"}
{"timestamp":"2026-02-02T09:16:52.489100Z","level":"info","event":"ERROR syncing master.gudang: column \"uuid_tenant\" of relation \"gudang\" does not exist","logger":"task.stdout"}
{"timestamp":"2026-02-02T09:16:52.489322Z","level":"info","event":"LINE 1: ...a, diubah_oleh, diubah_pada, id_tenant, lat, lng, uuid_tenan...","logger":"task.stdout"}
{"timestamp":"2026-02-02T09:16:52.489489Z","level":"info","event":"                                                             ^","logger":"task.stdout"}
{"timestamp":"2026-02-02T09:16:52.489606Z","level":"info","event":"","logger":"task.stdout"}
{"timestamp":"2026-02-02T09:16:52.611086Z","level":"info","event":"✓ master.locations: 6 rows synced","logger":"task.stdout"}
{"timestamp":"2026-02-02T09:16:52.713967Z","level":"info","event":"✓ master.kategori_produk: 3 rows synced","logger":"task.stdout"}
{"timestamp":"2026-02-02T09:16:52.867244Z","level":"info","event":"✓ master.konversi: 13 rows synced","logger":"task.stdout"}
{"timestamp":"2026-02-02T09:16:53.016838Z","level":"info","event":"✓ master.jenis_satuan: 12 rows synced","logger":"task.stdout"}
{"timestamp":"2026-02-02T09:16:53.222124Z","level":"info","event":"✓ master.atribut: 0 rows (table empty in source)","logger":"task.stdout"}
{"timestamp":"2026-02-02T09:16:53.407957Z","level":"info","event":"✓ master.atribut_produk: 0 rows (table empty in source)","logger":"task.stdout"}
{"timestamp":"2026-02-02T09:16:53.560112Z","level":"info","event":"✓ master.kriteria_produk: 0 rows (table empty in source)","logger":"task.stdout"}
{"timestamp":"2026-02-02T09:16:53.711753Z","level":"info","event":"✓ master.geofence: 0 rows (table empty in source)","logger":"task.stdout"}
{"timestamp":"2026-02-02T09:16:53.957917Z","level":"info","event":"✓ master.jenis_insiden: 0 rows (table empty in source)","logger":"task.stdout"}
{"timestamp":"2026-02-02T09:16:54.150559Z","level":"info","event":"✓ master.jenis_notifikasi: 0 rows (table empty in source)","logger":"task.stdout"}
{"timestamp":"2026-02-02T09:16:54.353105Z","level":"info","event":"✓ master.laporan_darurat: 0 rows (table empty in source)","logger":"task.stdout"}
{"timestamp":"2026-02-02T09:16:54.666417Z","level":"info","event":"✓ master.rating: 0 rows (table empty in source)","logger":"task.stdout"}
{"timestamp":"2026-02-02T09:16:54.666632Z","level":"info","event":"","logger":"task.stdout"}
{"timestamp":"2026-02-02T09:16:54.666730Z","level":"info","event":"============================================================","logger":"task.stdout"}
{"timestamp":"2026-02-02T09:16:54.666841Z","level":"info","event":"SYNC SUMMARY","logger":"task.stdout"}
{"timestamp":"2026-02-02T09:16:54.666912Z","level":"info","event":"============================================================","logger":"task.stdout"}
{"timestamp":"2026-02-02T09:16:54.666982Z","level":"info","event":"✅ Success: 43 tables","logger":"task.stdout"}
{"timestamp":"2026-02-02T09:16:54.667282Z","level":"info","event":"❌ Failed: 3 tables","logger":"task.stdout"}
{"timestamp":"2026-02-02T09:16:54.667645Z","level":"info","event":"","logger":"task.stdout"}
{"timestamp":"2026-02-02T09:16:54.668027Z","level":"info","event":"Failed tables:","logger":"task.stdout"}
{"timestamp":"2026-02-02T09:16:54.668475Z","level":"info","event":"  - ERROR syncing weather.fact_weather_hourly: relation \"fact_weather_hourly\" does not exist","logger":"task.stdout"}
{"timestamp":"2026-02-02T09:16:54.668615Z","level":"info","event":"LINE 1: SELECT * FROM fact_weather_hourly LIMIT 0","logger":"task.stdout"}
{"timestamp":"2026-02-02T09:16:54.668948Z","level":"info","event":"                      ^","logger":"task.stdout"}
{"timestamp":"2026-02-02T09:16:54.669315Z","level":"info","event":"","logger":"task.stdout"}
{"timestamp":"2026-02-02T09:16:54.669474Z","level":"info","event":"  - ERROR syncing driver.kontak_darurat: relation \"kontak_darurat_pengemudi\" does not exist","logger":"task.stdout"}
{"timestamp":"2026-02-02T09:16:54.669816Z","level":"info","event":"LINE 1: SELECT * FROM kontak_darurat_pengemudi LIMIT 0","logger":"task.stdout"}
{"timestamp":"2026-02-02T09:16:54.670215Z","level":"info","event":"                      ^","logger":"task.stdout"}
{"timestamp":"2026-02-02T09:16:54.670571Z","level":"info","event":"","logger":"task.stdout"}
{"timestamp":"2026-02-02T09:16:54.670708Z","level":"info","event":"  - ERROR syncing master.gudang: column \"uuid_tenant\" of relation \"gudang\" does not exist","logger":"task.stdout"}
{"timestamp":"2026-02-02T09:16:54.670795Z","level":"info","event":"LINE 1: ...a, diubah_oleh, diubah_pada, id_tenant, lat, lng, uuid_tenan...","logger":"task.stdout"}
{"timestamp":"2026-02-02T09:16:54.670927Z","level":"info","event":"                                                             ^","logger":"task.stdout"}
{"timestamp":"2026-02-02T09:16:54.671043Z","level":"info","event":"","logger":"task.stdout"}
{"timestamp":"2026-02-02T09:16:54.671122Z","level":"info","event":"","logger":"task.stdout"}
{"timestamp":"2026-02-02T09:16:54.671188Z","level":"info","event":"Detailed results:","logger":"task.stdout"}
{"timestamp":"2026-02-02T09:16:54.671251Z","level":"info","event":"  ✓ driver.daftar_user: 25 rows","logger":"task.stdout"}
{"timestamp":"2026-02-02T09:16:54.671389Z","level":"info","event":"  ✓ driver.attachment_driver: 6 rows","logger":"task.stdout"}
{"timestamp":"2026-02-02T09:16:54.671470Z","level":"info","event":"  ✓ driver.laporan_pengemudi: 0 rows","logger":"task.stdout"}
{"timestamp":"2026-02-02T09:16:54.671538Z","level":"info","event":"  ✓ armada.armada_tms: 3 rows","logger":"task.stdout"}
{"timestamp":"2026-02-02T09:16:54.671602Z","level":"info","event":"  ✓ armada.jenis_armada: 19 rows","logger":"task.stdout"}
{"timestamp":"2026-02-02T09:16:54.671663Z","level":"info","event":"  ✓ armada.driver_armada: 0 rows","logger":"task.stdout"}
{"timestamp":"2026-02-02T09:16:54.671724Z","level":"info","event":"  ✓ armada.armada_perangkat: 0 rows","logger":"task.stdout"}
{"timestamp":"2026-02-02T09:16:54.671784Z","level":"info","event":"  ✓ armada.attachment_armada: 0 rows","logger":"task.stdout"}
{"timestamp":"2026-02-02T09:16:54.671845Z","level":"info","event":"  ✓ delivery.delivery_order: 15 rows","logger":"task.stdout"}
{"timestamp":"2026-02-02T09:16:54.671904Z","level":"info","event":"  ✓ delivery.detail_do: 3 rows","logger":"task.stdout"}
{"timestamp":"2026-02-02T09:16:54.671966Z","level":"info","event":"  ... and 33 more","logger":"task.stdout"}
{"timestamp":"2026-02-02T09:16:54.666281Z","level":"info","event":"Done. Returned value was: {'success_count': 43, 'failed_count': 3}","logger":"airflow.task.operators.airflow.providers.standard.operators.python.PythonOperator","filename":"python.py","lineno":215}
{"timestamp":"2026-02-02T09:16:54.667913Z","level":"info","event":"Pushing xcom","ti":"RuntimeTaskInstance(id=UUID('019c1da3-e724-716c-bc73-761c3f7bbafa'), task_id='sync_warehouse_tables', dag_id='daily_warehouse_sync', run_id='scheduled__2026-02-02T09:16:45.949862+00:00', try_number=1, dag_version_id=UUID('019c1da3-8fb1-7d51-8565-0e40cadc66a9'), map_index=-1, hostname='OM-RAFIE.localdomain', context_carrier={}, task=<Task(PythonOperator): sync_warehouse_tables>, bundle_instance=LocalDagBundle(name=dags-folder), max_tries=2, start_date=datetime.datetime(2026, 2, 2, 9, 16, 46, 903945, tzinfo=datetime.timezone.utc), end_date=None, state=<TaskInstanceState.RUNNING: 'running'>, is_mapped=False, rendered_map_index=None)","logger":"task","filename":"task_runner.py","lineno":1360}
