{"timestamp":"2026-01-21T06:44:52.046528Z","level":"info","event":"DAG bundles loaded: dags-folder","logger":"airflow.dag_processing.bundles.manager.DagBundlesManager","filename":"manager.py","lineno":179}
{"timestamp":"2026-01-21T06:44:52.048191Z","level":"info","event":"Filling up the DagBag from /opt/airflow/dags/weather_data_fetch.py","logger":"airflow.models.dagbag.DagBag","filename":"dagbag.py","lineno":593}
{"timestamp":"2026-01-21T06:44:52.072992Z","level":"warning","event":"The `airflow.operators.python.PythonOperator` attribute is deprecated. Please use `'airflow.providers.standard.operators.python.PythonOperator'`.","category":"DeprecatedImportWarning","filename":"/opt/airflow/dags/weather_data_fetch.py","lineno":8,"logger":"py.warnings"}
{"timestamp":"2026-01-21T06:44:52.073163Z","level":"warning","event":"The `airflow.operators.bash.BashOperator` attribute is deprecated. Please use `'airflow.providers.standard.operators.bash.BashOperator'`.","category":"DeprecatedImportWarning","filename":"/opt/airflow/dags/weather_data_fetch.py","lineno":9,"logger":"py.warnings"}
{"timestamp":"2026-01-21T06:44:52.107938Z","level":"info","event":"","logger":"task.stdout"}
{"timestamp":"2026-01-21T06:44:52.108193Z","level":"info","event":"============================================================","logger":"task.stdout"}
{"timestamp":"2026-01-21T06:44:52.108277Z","level":"info","event":"🌦️ Fetching BMKG Weather Data","logger":"task.stdout"}
{"timestamp":"2026-01-21T06:44:52.108341Z","level":"info","event":"============================================================","logger":"task.stdout"}
{"timestamp":"2026-01-21T06:44:52.368487Z","level":"info","event":"============================================================","logger":"task.stdout"}
{"timestamp":"2026-01-21T06:44:52.368723Z","level":"info","event":"BMKG Weather Data Fetch","logger":"task.stdout"}
{"timestamp":"2026-01-21T06:44:52.368800Z","level":"info","event":"============================================================","logger":"task.stdout"}
{"timestamp":"2026-01-21T06:44:52.434350Z","level":"info","event":"","logger":"task.stdout"}
{"timestamp":"2026-01-21T06:44:52.435685Z","level":"info","event":"📍 Fetching weather for ADM4: 35.78.21.1004","logger":"task.stdout"}
{"timestamp":"2026-01-21T06:44:52.435865Z","level":"info","event":"Fetching from: https://api.bmkg.go.id/publik/prakiraan-cuaca?adm4=35.78.21.1004","logger":"task.stdout"}
{"timestamp":"2026-01-21T06:44:52.668519Z","level":"info","event":"   Parsed 20 weather records","logger":"task.stdout"}
{"timestamp":"2026-01-21T06:44:52.696850Z","level":"info","event":"✓ Inserted 20 weather records","logger":"task.stdout"}
{"timestamp":"2026-01-21T06:44:52.697199Z","level":"info","event":"","logger":"task.stdout"}
{"timestamp":"2026-01-21T06:44:52.697312Z","level":"info","event":"📍 Fetching weather for ADM4: 35.25.14.1010","logger":"task.stdout"}
{"timestamp":"2026-01-21T06:44:52.697385Z","level":"info","event":"Fetching from: https://api.bmkg.go.id/publik/prakiraan-cuaca?adm4=35.25.14.1010","logger":"task.stdout"}
{"timestamp":"2026-01-21T06:44:52.896402Z","level":"info","event":"   Parsed 20 weather records","logger":"task.stdout"}
{"timestamp":"2026-01-21T06:44:52.913286Z","level":"info","event":"✓ Inserted 20 weather records","logger":"task.stdout"}
{"timestamp":"2026-01-21T06:44:52.913482Z","level":"info","event":"","logger":"task.stdout"}
{"timestamp":"2026-01-21T06:44:52.913555Z","level":"info","event":"============================================================","logger":"task.stdout"}
{"timestamp":"2026-01-21T06:44:52.913662Z","level":"info","event":"✓ Total records inserted: 40","logger":"task.stdout"}
{"timestamp":"2026-01-21T06:44:52.913720Z","level":"info","event":"============================================================","logger":"task.stdout"}
{"timestamp":"2026-01-21T06:44:52.913771Z","level":"info","event":"✓ Weather fetch completed: 40 records inserted","logger":"task.stdout"}
{"timestamp":"2026-01-21T06:44:52.913338Z","level":"info","event":"Done. Returned value was: 40","logger":"airflow.task.operators.airflow.providers.standard.operators.python.PythonOperator","filename":"python.py","lineno":215}
{"timestamp":"2026-01-21T06:44:52.913735Z","level":"info","event":"Pushing xcom","ti":"RuntimeTaskInstance(id=UUID('019bdf4c-8170-7b80-a832-85016e04215c'), task_id='fetch_bmkg_weather', dag_id='weather_data_fetch', run_id='manual__2026-01-21T06:44:51.658331+00:00', try_number=1, dag_version_id=UUID('019bdf41-6f89-7357-a66e-d2fc7cb3e5b3'), map_index=-1, hostname='OM-RAFIE.localdomain', context_carrier={}, task=<Task(PythonOperator): fetch_bmkg_weather>, bundle_instance=LocalDagBundle(name=dags-folder), max_tries=2, start_date=datetime.datetime(2026, 1, 21, 6, 44, 51, 997872, tzinfo=datetime.timezone.utc), end_date=None, state=<TaskInstanceState.RUNNING: 'running'>, is_mapped=False, rendered_map_index=None)","logger":"task","filename":"task_runner.py","lineno":1360}
