{"timestamp":"2026-02-05T23:16:15.542645Z","level":"info","event":"DAG bundles loaded: dags-folder","logger":"airflow.dag_processing.bundles.manager.DagBundlesManager","filename":"manager.py","lineno":179}
{"timestamp":"2026-02-05T23:16:15.549169Z","level":"info","event":"Filling up the DagBag from /opt/airflow/dags/weather_data_fetch.py","logger":"airflow.models.dagbag.DagBag","filename":"dagbag.py","lineno":593}
{"timestamp":"2026-02-05T23:16:15.690860Z","level":"warning","event":"The `airflow.operators.python.PythonOperator` attribute is deprecated. Please use `'airflow.providers.standard.operators.python.PythonOperator'`.","category":"DeprecatedImportWarning","filename":"/opt/airflow/dags/weather_data_fetch.py","lineno":8,"logger":"py.warnings"}
{"timestamp":"2026-02-05T23:16:15.691082Z","level":"warning","event":"The `airflow.operators.bash.BashOperator` attribute is deprecated. Please use `'airflow.providers.standard.operators.bash.BashOperator'`.","category":"DeprecatedImportWarning","filename":"/opt/airflow/dags/weather_data_fetch.py","lineno":9,"logger":"py.warnings"}
{"timestamp":"2026-02-05T23:16:16.956692Z","level":"info","event":"","logger":"task.stdout"}
{"timestamp":"2026-02-05T23:16:16.957098Z","level":"info","event":"============================================================","logger":"task.stdout"}
{"timestamp":"2026-02-05T23:16:16.957339Z","level":"info","event":"🌦️ Fetching BMKG Weather Data","logger":"task.stdout"}
{"timestamp":"2026-02-05T23:16:16.958128Z","level":"info","event":"============================================================","logger":"task.stdout"}
{"timestamp":"2026-02-05T23:16:17.390833Z","level":"info","event":"","logger":"task.stdout"}
{"timestamp":"2026-02-05T23:16:17.391142Z","level":"info","event":"📍 Fetching weather for ADM4: 35.78.21.1004","logger":"task.stdout"}
{"timestamp":"2026-02-05T23:16:18.316976Z","level":"info","event":"   Parsed 22 weather records","logger":"task.stdout"}
{"timestamp":"2026-02-05T23:16:18.365142Z","level":"info","event":"","logger":"task.stdout"}
{"timestamp":"2026-02-05T23:16:18.365372Z","level":"info","event":"⚠️  Found 8 expired weather records to delete","logger":"task.stdout"}
{"timestamp":"2026-02-05T23:16:18.365604Z","level":"info","event":"   Time range: 2026-02-06 03:00:00 to 2026-02-06 06:00:00","logger":"task.stdout"}
{"timestamp":"2026-02-05T23:16:18.365773Z","level":"info","event":"   (waktu < NOW at 2026-02-06 06:16:18 WIB)","logger":"task.stdout"}
{"timestamp":"2026-02-05T23:16:18.370656Z","level":"info","event":"✅ Deleted 8 expired weather records","logger":"task.stdout"}
{"timestamp":"2026-02-05T23:16:18.402636Z","level":"info","event":"✓ Inserted 22 weather records","logger":"task.stdout"}
{"timestamp":"2026-02-05T23:16:18.402870Z","level":"info","event":"","logger":"task.stdout"}
{"timestamp":"2026-02-05T23:16:18.402957Z","level":"info","event":"📍 Fetching weather for ADM4: 35.25.14.1010","logger":"task.stdout"}
{"timestamp":"2026-02-05T23:16:21.811277Z","level":"info","event":"   Parsed 22 weather records","logger":"task.stdout"}
{"timestamp":"2026-02-05T23:16:21.836010Z","level":"info","event":"✓ No expired records to delete","logger":"task.stdout"}
{"timestamp":"2026-02-05T23:16:21.853008Z","level":"info","event":"✓ Inserted 22 weather records","logger":"task.stdout"}
{"timestamp":"2026-02-05T23:16:21.853264Z","level":"info","event":"","logger":"task.stdout"}
{"timestamp":"2026-02-05T23:16:21.853389Z","level":"info","event":"============================================================","logger":"task.stdout"}
{"timestamp":"2026-02-05T23:16:21.853460Z","level":"info","event":"✓ Total records inserted: 44","logger":"task.stdout"}
{"timestamp":"2026-02-05T23:16:21.853516Z","level":"info","event":"============================================================","logger":"task.stdout"}
{"timestamp":"2026-02-05T23:16:21.853251Z","level":"info","event":"Done. Returned value was: 44","logger":"airflow.task.operators.airflow.providers.standard.operators.python.PythonOperator","filename":"python.py","lineno":215}
{"timestamp":"2026-02-05T23:16:21.854025Z","level":"info","event":"Pushing xcom","ti":"RuntimeTaskInstance(id=UUID('019c3017-7cda-7b90-8648-a48494bf5212'), task_id='fetch_bmkg_weather', dag_id='weather_data_fetch', run_id='scheduled__2026-02-05T20:00:00+00:00', try_number=1, dag_version_id=UUID('019c0dd4-58cf-774a-9f83-a68201e36c2d'), map_index=-1, hostname='OM-RAFIE.localdomain', context_carrier={}, task=<Task(PythonOperator): fetch_bmkg_weather>, bundle_instance=LocalDagBundle(name=dags-folder), max_tries=2, start_date=datetime.datetime(2026, 2, 5, 23, 16, 15, 325006, tzinfo=datetime.timezone.utc), end_date=None, state=<TaskInstanceState.RUNNING: 'running'>, is_mapped=False, rendered_map_index=None)","logger":"task","filename":"task_runner.py","lineno":1360}
