{"timestamp":"2026-01-30T02:00:01.639410Z","level":"info","event":"DAG bundles loaded: dags-folder","logger":"airflow.dag_processing.bundles.manager.DagBundlesManager","filename":"manager.py","lineno":179}
{"timestamp":"2026-01-30T02:00:01.647359Z","level":"info","event":"Filling up the DagBag from /opt/airflow/dags/weather_data_fetch.py","logger":"airflow.models.dagbag.DagBag","filename":"dagbag.py","lineno":593}
{"timestamp":"2026-01-30T02:00:01.873111Z","level":"warning","event":"The `airflow.operators.python.PythonOperator` attribute is deprecated. Please use `'airflow.providers.standard.operators.python.PythonOperator'`.","category":"DeprecatedImportWarning","filename":"/opt/airflow/dags/weather_data_fetch.py","lineno":8,"logger":"py.warnings"}
{"timestamp":"2026-01-30T02:00:01.873440Z","level":"warning","event":"The `airflow.operators.bash.BashOperator` attribute is deprecated. Please use `'airflow.providers.standard.operators.bash.BashOperator'`.","category":"DeprecatedImportWarning","filename":"/opt/airflow/dags/weather_data_fetch.py","lineno":9,"logger":"py.warnings"}
{"timestamp":"2026-01-30T02:00:02.484646Z","level":"info","event":"","logger":"task.stdout"}
{"timestamp":"2026-01-30T02:00:02.484942Z","level":"info","event":"============================================================","logger":"task.stdout"}
{"timestamp":"2026-01-30T02:00:02.485068Z","level":"info","event":"🌦️ Fetching BMKG Weather Data","logger":"task.stdout"}
{"timestamp":"2026-01-30T02:00:02.485343Z","level":"info","event":"============================================================","logger":"task.stdout"}
{"timestamp":"2026-01-30T02:00:02.617176Z","level":"info","event":"","logger":"task.stdout"}
{"timestamp":"2026-01-30T02:00:02.617405Z","level":"info","event":"📍 Fetching weather for ADM4: 35.78.21.1004","logger":"task.stdout"}
{"timestamp":"2026-01-30T02:00:03.490025Z","level":"info","event":"   Parsed 21 weather records","logger":"task.stdout"}
{"timestamp":"2026-01-30T02:00:03.516688Z","level":"info","event":"","logger":"task.stdout"}
{"timestamp":"2026-01-30T02:00:03.516952Z","level":"info","event":"⚠️  Found 1 expired weather records to delete","logger":"task.stdout"}
{"timestamp":"2026-01-30T02:00:03.517108Z","level":"info","event":"   Time range: 2026-01-30 09:00:00 to 2026-01-30 09:00:00","logger":"task.stdout"}
{"timestamp":"2026-01-30T02:00:03.517267Z","level":"info","event":"   (waktu < NOW at 2026-01-30 09:00:03 WIB)","logger":"task.stdout"}
{"timestamp":"2026-01-30T02:00:03.521694Z","level":"info","event":"✅ Deleted 1 expired weather records","logger":"task.stdout"}
{"timestamp":"2026-01-30T02:00:03.551315Z","level":"info","event":"✓ Inserted 21 weather records","logger":"task.stdout"}
{"timestamp":"2026-01-30T02:00:03.551676Z","level":"info","event":"","logger":"task.stdout"}
{"timestamp":"2026-01-30T02:00:03.551784Z","level":"info","event":"📍 Fetching weather for ADM4: 35.25.14.1010","logger":"task.stdout"}
{"timestamp":"2026-01-30T02:00:04.443663Z","level":"info","event":"   Parsed 21 weather records","logger":"task.stdout"}
{"timestamp":"2026-01-30T02:00:04.461073Z","level":"info","event":"","logger":"task.stdout"}
{"timestamp":"2026-01-30T02:00:04.461390Z","level":"info","event":"⚠️  Found 3 expired weather records to delete","logger":"task.stdout"}
{"timestamp":"2026-01-30T02:00:04.461526Z","level":"info","event":"   Time range: 2026-01-30 03:00:00 to 2026-01-30 09:00:00","logger":"task.stdout"}
{"timestamp":"2026-01-30T02:00:04.461757Z","level":"info","event":"   (waktu < NOW at 2026-01-30 09:00:04 WIB)","logger":"task.stdout"}
{"timestamp":"2026-01-30T02:00:04.461941Z","level":"info","event":"✅ Deleted 3 expired weather records","logger":"task.stdout"}
{"timestamp":"2026-01-30T02:00:04.478716Z","level":"info","event":"✓ Inserted 21 weather records","logger":"task.stdout"}
{"timestamp":"2026-01-30T02:00:04.478971Z","level":"info","event":"","logger":"task.stdout"}
{"timestamp":"2026-01-30T02:00:04.479149Z","level":"info","event":"============================================================","logger":"task.stdout"}
{"timestamp":"2026-01-30T02:00:04.479340Z","level":"info","event":"✓ Total records inserted: 42","logger":"task.stdout"}
{"timestamp":"2026-01-30T02:00:04.479536Z","level":"info","event":"============================================================","logger":"task.stdout"}
{"timestamp":"2026-01-30T02:00:04.478805Z","level":"info","event":"Done. Returned value was: 42","logger":"airflow.task.operators.airflow.providers.standard.operators.python.PythonOperator","filename":"python.py","lineno":215}
{"timestamp":"2026-01-30T02:00:04.480104Z","level":"info","event":"Pushing xcom","ti":"RuntimeTaskInstance(id=UUID('019c0ca0-f425-7040-9a88-4a4176435c52'), task_id='fetch_bmkg_weather', dag_id='weather_data_fetch', run_id='scheduled__2026-01-30T02:00:00+00:00', try_number=1, dag_version_id=UUID('019c0c75-efc1-7699-8559-c87a02abf876'), map_index=-1, hostname='OM-RAFIE.localdomain', context_carrier={}, task=<Task(PythonOperator): fetch_bmkg_weather>, bundle_instance=LocalDagBundle(name=dags-folder), max_tries=2, start_date=datetime.datetime(2026, 1, 30, 2, 0, 1, 189095, tzinfo=datetime.timezone.utc), end_date=None, state=<TaskInstanceState.RUNNING: 'running'>, is_mapped=False, rendered_map_index=None)","logger":"task","filename":"task_runner.py","lineno":1360}
