{"timestamp":"2026-02-06T01:17:12.056707Z","level":"info","event":"DAG bundles loaded: dags-folder","logger":"airflow.dag_processing.bundles.manager.DagBundlesManager","filename":"manager.py","lineno":179}
{"timestamp":"2026-02-06T01:17:12.061659Z","level":"info","event":"Filling up the DagBag from /opt/airflow/dags/daily_warehouse_sync_upd.py","logger":"airflow.models.dagbag.DagBag","filename":"dagbag.py","lineno":593}
{"timestamp":"2026-02-06T01:17:13.106756Z","level":"warning","event":"The `airflow.operators.python.PythonOperator` attribute is deprecated. Please use `'airflow.providers.standard.operators.python.PythonOperator'`.","category":"DeprecatedImportWarning","filename":"/opt/airflow/dags/daily_warehouse_sync_upd.py","lineno":8,"logger":"py.warnings"}
{"timestamp":"2026-02-06T01:17:13.107030Z","level":"warning","event":"The `airflow.operators.bash.BashOperator` attribute is deprecated. Please use `'airflow.providers.standard.operators.bash.BashOperator'`.","category":"DeprecatedImportWarning","filename":"/opt/airflow/dags/daily_warehouse_sync_upd.py","lineno":9,"logger":"py.warnings"}
{"timestamp":"2026-02-06T01:17:13.279336Z","level":"info","event":"============================================================","logger":"task.stdout"}
{"timestamp":"2026-02-06T01:17:13.279730Z","level":"info","event":"Starting daily warehouse sync...","logger":"task.stdout"}
{"timestamp":"2026-02-06T01:17:13.279833Z","level":"info","event":"============================================================","logger":"task.stdout"}
{"timestamp":"2026-02-06T01:17:13.279960Z","level":"info","event":"","logger":"task.stdout"}
{"timestamp":"2026-02-06T01:17:13.280137Z","level":"info","event":"📍 PRIORITY: Syncing WEATHER data first...","logger":"task.stdout"}
{"timestamp":"2026-02-06T01:17:13.418563Z","level":"info","event":"ERROR syncing weather.fact_weather_hourly: relation \"fact_weather_hourly\" does not exist","logger":"task.stdout"}
{"timestamp":"2026-02-06T01:17:13.418894Z","level":"info","event":"LINE 1: SELECT * FROM fact_weather_hourly LIMIT 0","logger":"task.stdout"}
{"timestamp":"2026-02-06T01:17:13.419102Z","level":"info","event":"                      ^","logger":"task.stdout"}
{"timestamp":"2026-02-06T01:17:13.419213Z","level":"info","event":"","logger":"task.stdout"}
{"timestamp":"2026-02-06T01:17:13.419443Z","level":"info","event":"","logger":"task.stdout"}
{"timestamp":"2026-02-06T01:17:13.419589Z","level":"info","event":"📊 Syncing other schemas...","logger":"task.stdout"}
{"timestamp":"2026-02-06T01:17:13.672817Z","level":"info","event":"✓ driver.daftar_user: 25 rows synced","logger":"task.stdout"}
{"timestamp":"2026-02-06T01:17:13.786396Z","level":"info","event":"✓ driver.attachment_driver: 6 rows synced","logger":"task.stdout"}
{"timestamp":"2026-02-06T01:17:13.874028Z","level":"info","event":"✓ driver.laporan_pengemudi: 0 rows (table empty in source)","logger":"task.stdout"}
{"timestamp":"2026-02-06T01:17:13.938064Z","level":"info","event":"ERROR syncing driver.kontak_darurat: relation \"kontak_darurat_pengemudi\" does not exist","logger":"task.stdout"}
{"timestamp":"2026-02-06T01:17:13.938427Z","level":"info","event":"LINE 1: SELECT * FROM kontak_darurat_pengemudi LIMIT 0","logger":"task.stdout"}
{"timestamp":"2026-02-06T01:17:13.938615Z","level":"info","event":"                      ^","logger":"task.stdout"}
{"timestamp":"2026-02-06T01:17:13.938725Z","level":"info","event":"","logger":"task.stdout"}
{"timestamp":"2026-02-06T01:17:14.103168Z","level":"info","event":"✓ armada.armada_tms: 3 rows synced","logger":"task.stdout"}
{"timestamp":"2026-02-06T01:17:14.238755Z","level":"info","event":"✓ armada.jenis_armada: 19 rows synced","logger":"task.stdout"}
{"timestamp":"2026-02-06T01:17:14.448972Z","level":"info","event":"✓ armada.driver_armada: 2 rows synced","logger":"task.stdout"}
{"timestamp":"2026-02-06T01:17:14.548207Z","level":"info","event":"✓ armada.armada_perangkat: 0 rows (table empty in source)","logger":"task.stdout"}
{"timestamp":"2026-02-06T01:17:14.646689Z","level":"info","event":"✓ armada.attachment_armada: 0 rows (table empty in source)","logger":"task.stdout"}
{"timestamp":"2026-02-06T01:17:14.784112Z","level":"info","event":"✓ delivery.delivery_order: 15 rows synced","logger":"task.stdout"}
{"timestamp":"2026-02-06T01:17:14.871394Z","level":"info","event":"✓ delivery.detail_do: 3 rows synced","logger":"task.stdout"}
{"timestamp":"2026-02-06T01:17:15.075689Z","level":"info","event":"✓ delivery.jenis_order: 5 rows synced","logger":"task.stdout"}
{"timestamp":"2026-02-06T01:17:15.147275Z","level":"info","event":"✓ delivery.attachment_gudang: 0 rows (table empty in source)","logger":"task.stdout"}
{"timestamp":"2026-02-06T01:17:15.488162Z","level":"info","event":"✓ activity.log_perjalanan_armada: 0 rows (table empty in source)","logger":"task.stdout"}
{"timestamp":"2026-02-06T01:17:15.605850Z","level":"info","event":"✓ activity.log_aktifitas_driver: 0 rows (table empty in source)","logger":"task.stdout"}
{"timestamp":"2026-02-06T01:17:15.687383Z","level":"info","event":"✓ activity.log_perangkat: 0 rows (table empty in source)","logger":"task.stdout"}
{"timestamp":"2026-02-06T01:17:15.760531Z","level":"info","event":"✓ activity.log_chat: 0 rows (table empty in source)","logger":"task.stdout"}
{"timestamp":"2026-02-06T01:17:15.836046Z","level":"info","event":"✓ activity.log_panggilan: 0 rows (table empty in source)","logger":"task.stdout"}
{"timestamp":"2026-02-06T01:17:15.904440Z","level":"info","event":"✓ activity.log_sensor: 0 rows (table empty in source)","logger":"task.stdout"}
{"timestamp":"2026-02-06T01:17:15.975267Z","level":"info","event":"✓ activity.alert_geofence: 0 rows (table empty in source)","logger":"task.stdout"}
{"timestamp":"2026-02-06T01:17:16.152827Z","level":"info","event":"✓ financial.orders: 5 rows synced","logger":"task.stdout"}
{"timestamp":"2026-02-06T01:17:16.368541Z","level":"info","event":"✓ financial.detail_po: 4 rows synced","logger":"task.stdout"}
{"timestamp":"2026-02-06T01:17:16.500818Z","level":"info","event":"✓ financial.jenis_transaksi: 1 rows synced","logger":"task.stdout"}
{"timestamp":"2026-02-06T01:17:16.620250Z","level":"info","event":"✓ financial.detail_qc: 0 rows (table empty in source)","logger":"task.stdout"}
{"timestamp":"2026-02-06T01:17:16.742911Z","level":"info","event":"✓ financial.bank: 0 rows (table empty in source)","logger":"task.stdout"}
{"timestamp":"2026-02-06T01:17:16.866553Z","level":"info","event":"✓ support.attachment: 12 rows synced","logger":"task.stdout"}
{"timestamp":"2026-02-06T01:17:16.984444Z","level":"info","event":"✓ support.jenis_file: 4 rows synced","logger":"task.stdout"}
{"timestamp":"2026-02-06T01:17:17.105771Z","level":"info","event":"✓ support.chat_room: 0 rows (table empty in source)","logger":"task.stdout"}
{"timestamp":"2026-02-06T01:17:17.206630Z","level":"info","event":"✓ support.attachment_chat: 0 rows (table empty in source)","logger":"task.stdout"}
{"timestamp":"2026-02-06T01:17:17.279391Z","level":"info","event":"✓ support.attachment_pengembalian: 0 rows (table empty in source)","logger":"task.stdout"}
{"timestamp":"2026-02-06T01:17:17.341635Z","level":"info","event":"✓ support.attachment_perangkat: 0 rows (table empty in source)","logger":"task.stdout"}
{"timestamp":"2026-02-06T01:17:17.437804Z","level":"info","event":"✓ support.attachment_qc: 0 rows (table empty in source)","logger":"task.stdout"}
{"timestamp":"2026-02-06T01:17:17.504715Z","level":"info","event":"ERROR syncing master.gudang: column \"uuid_tenant\" of relation \"gudang\" does not exist","logger":"task.stdout"}
{"timestamp":"2026-02-06T01:17:17.504997Z","level":"info","event":"LINE 1: ...a, diubah_oleh, diubah_pada, id_tenant, lat, lng, uuid_tenan...","logger":"task.stdout"}
{"timestamp":"2026-02-06T01:17:17.505118Z","level":"info","event":"                                                             ^","logger":"task.stdout"}
{"timestamp":"2026-02-06T01:17:17.505232Z","level":"info","event":"","logger":"task.stdout"}
{"timestamp":"2026-02-06T01:17:17.596589Z","level":"info","event":"✓ master.locations: 6 rows synced","logger":"task.stdout"}
{"timestamp":"2026-02-06T01:17:17.863677Z","level":"info","event":"✓ master.kategori_produk: 3 rows synced","logger":"task.stdout"}
{"timestamp":"2026-02-06T01:17:17.991846Z","level":"info","event":"✓ master.konversi: 13 rows synced","logger":"task.stdout"}
{"timestamp":"2026-02-06T01:17:18.101043Z","level":"info","event":"✓ master.jenis_satuan: 12 rows synced","logger":"task.stdout"}
{"timestamp":"2026-02-06T01:17:18.180537Z","level":"info","event":"✓ master.atribut: 0 rows (table empty in source)","logger":"task.stdout"}
{"timestamp":"2026-02-06T01:17:18.267903Z","level":"info","event":"✓ master.atribut_produk: 0 rows (table empty in source)","logger":"task.stdout"}
{"timestamp":"2026-02-06T01:17:18.402210Z","level":"info","event":"✓ master.kriteria_produk: 0 rows (table empty in source)","logger":"task.stdout"}
{"timestamp":"2026-02-06T01:17:18.478702Z","level":"info","event":"✓ master.geofence: 0 rows (table empty in source)","logger":"task.stdout"}
{"timestamp":"2026-02-06T01:17:18.550908Z","level":"info","event":"✓ master.jenis_insiden: 0 rows (table empty in source)","logger":"task.stdout"}
{"timestamp":"2026-02-06T01:17:18.620456Z","level":"info","event":"✓ master.jenis_notifikasi: 0 rows (table empty in source)","logger":"task.stdout"}
{"timestamp":"2026-02-06T01:17:18.730752Z","level":"info","event":"✓ master.laporan_darurat: 0 rows (table empty in source)","logger":"task.stdout"}
{"timestamp":"2026-02-06T01:17:18.814402Z","level":"info","event":"✓ master.rating: 0 rows (table empty in source)","logger":"task.stdout"}
{"timestamp":"2026-02-06T01:17:18.814809Z","level":"info","event":"","logger":"task.stdout"}
{"timestamp":"2026-02-06T01:17:18.815006Z","level":"info","event":"============================================================","logger":"task.stdout"}
{"timestamp":"2026-02-06T01:17:18.815099Z","level":"info","event":"SYNC SUMMARY","logger":"task.stdout"}
{"timestamp":"2026-02-06T01:17:18.815176Z","level":"info","event":"============================================================","logger":"task.stdout"}
{"timestamp":"2026-02-06T01:17:18.815262Z","level":"info","event":"✅ Success: 43 tables","logger":"task.stdout"}
{"timestamp":"2026-02-06T01:17:18.815505Z","level":"info","event":"❌ Failed: 3 tables","logger":"task.stdout"}
{"timestamp":"2026-02-06T01:17:18.815785Z","level":"info","event":"","logger":"task.stdout"}
{"timestamp":"2026-02-06T01:17:18.815908Z","level":"info","event":"Failed tables:","logger":"task.stdout"}
{"timestamp":"2026-02-06T01:17:18.816010Z","level":"info","event":"  - ERROR syncing weather.fact_weather_hourly: relation \"fact_weather_hourly\" does not exist","logger":"task.stdout"}
{"timestamp":"2026-02-06T01:17:18.816105Z","level":"info","event":"LINE 1: SELECT * FROM fact_weather_hourly LIMIT 0","logger":"task.stdout"}
{"timestamp":"2026-02-06T01:17:18.816184Z","level":"info","event":"                      ^","logger":"task.stdout"}
{"timestamp":"2026-02-06T01:17:18.816301Z","level":"info","event":"","logger":"task.stdout"}
{"timestamp":"2026-02-06T01:17:18.816537Z","level":"info","event":"  - ERROR syncing driver.kontak_darurat: relation \"kontak_darurat_pengemudi\" does not exist","logger":"task.stdout"}
{"timestamp":"2026-02-06T01:17:18.816723Z","level":"info","event":"LINE 1: SELECT * FROM kontak_darurat_pengemudi LIMIT 0","logger":"task.stdout"}
{"timestamp":"2026-02-06T01:17:18.816940Z","level":"info","event":"                      ^","logger":"task.stdout"}
{"timestamp":"2026-02-06T01:17:18.817100Z","level":"info","event":"","logger":"task.stdout"}
{"timestamp":"2026-02-06T01:17:18.817254Z","level":"info","event":"  - ERROR syncing master.gudang: column \"uuid_tenant\" of relation \"gudang\" does not exist","logger":"task.stdout"}
{"timestamp":"2026-02-06T01:17:18.817472Z","level":"info","event":"LINE 1: ...a, diubah_oleh, diubah_pada, id_tenant, lat, lng, uuid_tenan...","logger":"task.stdout"}
{"timestamp":"2026-02-06T01:17:18.817702Z","level":"info","event":"                                                             ^","logger":"task.stdout"}
{"timestamp":"2026-02-06T01:17:18.817891Z","level":"info","event":"","logger":"task.stdout"}
{"timestamp":"2026-02-06T01:17:18.818011Z","level":"info","event":"","logger":"task.stdout"}
{"timestamp":"2026-02-06T01:17:18.818116Z","level":"info","event":"Detailed results:","logger":"task.stdout"}
{"timestamp":"2026-02-06T01:17:18.818270Z","level":"info","event":"  ✓ driver.daftar_user: 25 rows","logger":"task.stdout"}
{"timestamp":"2026-02-06T01:17:18.818497Z","level":"info","event":"  ✓ driver.attachment_driver: 6 rows","logger":"task.stdout"}
{"timestamp":"2026-02-06T01:17:18.818621Z","level":"info","event":"  ✓ driver.laporan_pengemudi: 0 rows","logger":"task.stdout"}
{"timestamp":"2026-02-06T01:17:18.818734Z","level":"info","event":"  ✓ armada.armada_tms: 3 rows","logger":"task.stdout"}
{"timestamp":"2026-02-06T01:17:18.818844Z","level":"info","event":"  ✓ armada.jenis_armada: 19 rows","logger":"task.stdout"}
{"timestamp":"2026-02-06T01:17:18.818948Z","level":"info","event":"  ✓ armada.driver_armada: 2 rows","logger":"task.stdout"}
{"timestamp":"2026-02-06T01:17:18.819032Z","level":"info","event":"  ✓ armada.armada_perangkat: 0 rows","logger":"task.stdout"}
{"timestamp":"2026-02-06T01:17:18.819114Z","level":"info","event":"  ✓ armada.attachment_armada: 0 rows","logger":"task.stdout"}
{"timestamp":"2026-02-06T01:17:18.819207Z","level":"info","event":"  ✓ delivery.delivery_order: 15 rows","logger":"task.stdout"}
{"timestamp":"2026-02-06T01:17:18.819321Z","level":"info","event":"  ✓ delivery.detail_do: 3 rows","logger":"task.stdout"}
{"timestamp":"2026-02-06T01:17:18.819419Z","level":"info","event":"  ... and 33 more","logger":"task.stdout"}
{"timestamp":"2026-02-06T01:17:18.815030Z","level":"info","event":"Done. Returned value was: {'success_count': 43, 'failed_count': 3}","logger":"airflow.task.operators.airflow.providers.standard.operators.python.PythonOperator","filename":"python.py","lineno":215}
{"timestamp":"2026-02-06T01:17:18.816071Z","level":"info","event":"Pushing xcom","ti":"RuntimeTaskInstance(id=UUID('019c3086-364d-7a3f-b89a-1198dc6ef98c'), task_id='sync_warehouse_tables', dag_id='daily_warehouse_sync', run_id='scheduled__2026-02-05T14:37:11.751505+00:00', try_number=4, dag_version_id=UUID('019c307c-e715-7350-9ad2-0c20f02f0555'), map_index=-1, hostname='OM-RAFIE.localdomain', context_carrier={}, task=<Task(PythonOperator): sync_warehouse_tables>, bundle_instance=LocalDagBundle(name=dags-folder), max_tries=5, start_date=datetime.datetime(2026, 2, 6, 1, 17, 11, 401740, tzinfo=datetime.timezone.utc), end_date=None, state=<TaskInstanceState.RUNNING: 'running'>, is_mapped=False, rendered_map_index=None)","logger":"task","filename":"task_runner.py","lineno":1360}
