{"timestamp":"2026-01-30T05:34:41.253012Z","level":"info","event":"DAG bundles loaded: dags-folder","logger":"airflow.dag_processing.bundles.manager.DagBundlesManager","filename":"manager.py","lineno":179}
{"timestamp":"2026-01-30T05:34:41.256441Z","level":"info","event":"Filling up the DagBag from /opt/airflow/dags/weather_data_fetch.py","logger":"airflow.models.dagbag.DagBag","filename":"dagbag.py","lineno":593}
{"timestamp":"2026-01-30T05:34:41.301850Z","level":"warning","event":"The `airflow.operators.python.PythonOperator` attribute is deprecated. Please use `'airflow.providers.standard.operators.python.PythonOperator'`.","category":"DeprecatedImportWarning","filename":"/opt/airflow/dags/weather_data_fetch.py","lineno":8,"logger":"py.warnings"}
{"timestamp":"2026-01-30T05:34:41.301988Z","level":"warning","event":"The `airflow.operators.bash.BashOperator` attribute is deprecated. Please use `'airflow.providers.standard.operators.bash.BashOperator'`.","category":"DeprecatedImportWarning","filename":"/opt/airflow/dags/weather_data_fetch.py","lineno":9,"logger":"py.warnings"}
{"timestamp":"2026-01-30T05:34:41.556248Z","level":"info","event":"","logger":"task.stdout"}
{"timestamp":"2026-01-30T05:34:41.556438Z","level":"info","event":"============================================================","logger":"task.stdout"}
{"timestamp":"2026-01-30T05:34:41.556528Z","level":"info","event":"🌦️ Fetching BMKG Weather Data","logger":"task.stdout"}
{"timestamp":"2026-01-30T05:34:41.556749Z","level":"info","event":"============================================================","logger":"task.stdout"}
{"timestamp":"2026-01-30T05:34:41.612965Z","level":"info","event":"","logger":"task.stdout"}
{"timestamp":"2026-01-30T05:34:41.613156Z","level":"info","event":"📍 Fetching weather for ADM4: 35.78.21.1004","logger":"task.stdout"}
{"timestamp":"2026-01-30T05:34:42.395499Z","level":"info","event":"   Parsed 20 weather records","logger":"task.stdout"}
{"timestamp":"2026-01-30T05:34:42.414859Z","level":"info","event":"","logger":"task.stdout"}
{"timestamp":"2026-01-30T05:34:42.415046Z","level":"info","event":"⚠️  Found 2 expired weather records to delete","logger":"task.stdout"}
{"timestamp":"2026-01-30T05:34:42.415186Z","level":"info","event":"   Time range: 2026-01-30 12:00:00 to 2026-01-30 12:00:00","logger":"task.stdout"}
{"timestamp":"2026-01-30T05:34:42.415292Z","level":"info","event":"   (waktu < NOW at 2026-01-30 12:34:42 WIB)","logger":"task.stdout"}
{"timestamp":"2026-01-30T05:34:42.417008Z","level":"info","event":"✅ Deleted 2 expired weather records","logger":"task.stdout"}
{"timestamp":"2026-01-30T05:34:42.427967Z","level":"info","event":"✓ Inserted 20 weather records","logger":"task.stdout"}
{"timestamp":"2026-01-30T05:34:42.428150Z","level":"info","event":"","logger":"task.stdout"}
{"timestamp":"2026-01-30T05:34:42.428205Z","level":"info","event":"📍 Fetching weather for ADM4: 35.25.14.1010","logger":"task.stdout"}
{"timestamp":"2026-01-30T05:34:43.162895Z","level":"info","event":"   Parsed 20 weather records","logger":"task.stdout"}
{"timestamp":"2026-01-30T05:34:43.175085Z","level":"info","event":"","logger":"task.stdout"}
{"timestamp":"2026-01-30T05:34:43.175291Z","level":"info","event":"⚠️  Found 3 expired weather records to delete","logger":"task.stdout"}
{"timestamp":"2026-01-30T05:34:43.175356Z","level":"info","event":"   Time range: 2026-01-30 06:00:00 to 2026-01-30 12:00:00","logger":"task.stdout"}
{"timestamp":"2026-01-30T05:34:43.175476Z","level":"info","event":"   (waktu < NOW at 2026-01-30 12:34:43 WIB)","logger":"task.stdout"}
{"timestamp":"2026-01-30T05:34:43.175573Z","level":"info","event":"✅ Deleted 3 expired weather records","logger":"task.stdout"}
{"timestamp":"2026-01-30T05:34:43.183285Z","level":"info","event":"✓ Inserted 20 weather records","logger":"task.stdout"}
{"timestamp":"2026-01-30T05:34:43.183470Z","level":"info","event":"","logger":"task.stdout"}
{"timestamp":"2026-01-30T05:34:43.183528Z","level":"info","event":"============================================================","logger":"task.stdout"}
{"timestamp":"2026-01-30T05:34:43.183589Z","level":"info","event":"✓ Total records inserted: 40","logger":"task.stdout"}
{"timestamp":"2026-01-30T05:34:43.183632Z","level":"info","event":"============================================================","logger":"task.stdout"}
{"timestamp":"2026-01-30T05:34:43.183357Z","level":"info","event":"Done. Returned value was: 40","logger":"airflow.task.operators.airflow.providers.standard.operators.python.PythonOperator","filename":"python.py","lineno":215}
{"timestamp":"2026-01-30T05:34:43.183814Z","level":"info","event":"Pushing xcom","ti":"RuntimeTaskInstance(id=UUID('019c0d65-7c0c-7484-a105-043624b073ba'), task_id='fetch_bmkg_weather', dag_id='weather_data_fetch', run_id='scheduled__2026-01-30T05:00:00+00:00', try_number=1, dag_version_id=UUID('019c0cff-146c-753b-8203-7b5cd109d3d0'), map_index=-1, hostname='OM-RAFIE.localdomain', context_carrier={}, task=<Task(PythonOperator): fetch_bmkg_weather>, bundle_instance=LocalDagBundle(name=dags-folder), max_tries=2, start_date=datetime.datetime(2026, 1, 30, 5, 34, 41, 22625, tzinfo=datetime.timezone.utc), end_date=None, state=<TaskInstanceState.RUNNING: 'running'>, is_mapped=False, rendered_map_index=None)","logger":"task","filename":"task_runner.py","lineno":1360}
