{"timestamp":"2026-01-26T01:57:46.136520Z","level":"info","event":"DAG bundles loaded: dags-folder","logger":"airflow.dag_processing.bundles.manager.DagBundlesManager","filename":"manager.py","lineno":179}
{"timestamp":"2026-01-26T01:57:46.137784Z","level":"info","event":"Filling up the DagBag from /opt/airflow/dags/daily_warehouse_sync.py","logger":"airflow.models.dagbag.DagBag","filename":"dagbag.py","lineno":593}
{"timestamp":"2026-01-26T01:57:46.154897Z","level":"warning","event":"The `airflow.operators.python.PythonOperator` attribute is deprecated. Please use `'airflow.providers.standard.operators.python.PythonOperator'`.","category":"DeprecatedImportWarning","filename":"/opt/airflow/dags/daily_warehouse_sync.py","lineno":8,"logger":"py.warnings"}
{"timestamp":"2026-01-26T01:57:46.155056Z","level":"warning","event":"The `airflow.operators.bash.BashOperator` attribute is deprecated. Please use `'airflow.providers.standard.operators.bash.BashOperator'`.","category":"DeprecatedImportWarning","filename":"/opt/airflow/dags/daily_warehouse_sync.py","lineno":9,"logger":"py.warnings"}
{"timestamp":"2026-01-26T01:57:47.303665Z","level":"info","event":"============================================================","logger":"task.stdout"}
{"timestamp":"2026-01-26T01:57:47.303819Z","level":"info","event":"Starting daily warehouse sync...","logger":"task.stdout"}
{"timestamp":"2026-01-26T01:57:47.303884Z","level":"info","event":"============================================================","logger":"task.stdout"}
{"timestamp":"2026-01-26T01:57:47.303933Z","level":"info","event":"","logger":"task.stdout"}
{"timestamp":"2026-01-26T01:57:47.303979Z","level":"info","event":"📍 PRIORITY: Syncing WEATHER data first...","logger":"task.stdout"}
{"timestamp":"2026-01-26T01:57:53.984902Z","level":"info","event":"ERROR syncing weather.fact_weather_hourly: relation \"fact_weather_hourly\" does not exist","logger":"task.stdout"}
{"timestamp":"2026-01-26T01:57:53.985287Z","level":"info","event":"LINE 1: SELECT * FROM fact_weather_hourly LIMIT 0","logger":"task.stdout"}
{"timestamp":"2026-01-26T01:57:53.985414Z","level":"info","event":"                      ^","logger":"task.stdout"}
{"timestamp":"2026-01-26T01:57:53.985494Z","level":"info","event":"","logger":"task.stdout"}
{"timestamp":"2026-01-26T01:57:53.985767Z","level":"info","event":"","logger":"task.stdout"}
{"timestamp":"2026-01-26T01:57:53.985868Z","level":"info","event":"📊 Syncing other schemas...","logger":"task.stdout"}
{"timestamp":"2026-01-26T01:57:54.415385Z","level":"info","event":"✓ driver.daftar_user: 24 rows synced","logger":"task.stdout"}
{"timestamp":"2026-01-26T01:57:54.742058Z","level":"info","event":"✓ driver.attachment_driver: 6 rows synced","logger":"task.stdout"}
{"timestamp":"2026-01-26T01:57:55.121454Z","level":"info","event":"✓ driver.laporan_pengemudi: 0 rows (table empty in source)","logger":"task.stdout"}
{"timestamp":"2026-01-26T01:57:56.375106Z","level":"info","event":"ERROR syncing driver.kontak_darurat: relation \"kontak_darurat_pengemudi\" does not exist","logger":"task.stdout"}
{"timestamp":"2026-01-26T01:57:56.375344Z","level":"info","event":"LINE 1: SELECT * FROM kontak_darurat_pengemudi LIMIT 0","logger":"task.stdout"}
{"timestamp":"2026-01-26T01:57:56.375432Z","level":"info","event":"                      ^","logger":"task.stdout"}
{"timestamp":"2026-01-26T01:57:56.375495Z","level":"info","event":"","logger":"task.stdout"}
{"timestamp":"2026-01-26T01:58:00.622760Z","level":"info","event":"✓ armada.armada_tms: 3 rows synced","logger":"task.stdout"}
{"timestamp":"2026-01-26T01:58:02.384774Z","level":"info","event":"✓ armada.jenis_armada: 19 rows synced","logger":"task.stdout"}
{"timestamp":"2026-01-26T01:58:02.916979Z","level":"info","event":"✓ armada.driver_armada: 0 rows (table empty in source)","logger":"task.stdout"}
{"timestamp":"2026-01-26T01:58:03.594349Z","level":"info","event":"✓ armada.armada_perangkat: 0 rows (table empty in source)","logger":"task.stdout"}
{"timestamp":"2026-01-26T01:58:04.635998Z","level":"info","event":"✓ armada.attachment_armada: 0 rows (table empty in source)","logger":"task.stdout"}
{"timestamp":"2026-01-26T01:58:07.280552Z","level":"info","event":"✓ delivery.delivery_order: 15 rows synced","logger":"task.stdout"}
{"timestamp":"2026-01-26T01:58:10.548994Z","level":"info","event":"✓ delivery.detail_do: 3 rows synced","logger":"task.stdout"}
{"timestamp":"2026-01-26T01:58:13.817249Z","level":"info","event":"✓ delivery.jenis_order: 5 rows synced","logger":"task.stdout"}
{"timestamp":"2026-01-26T01:58:15.685048Z","level":"info","event":"✓ delivery.attachment_gudang: 0 rows (table empty in source)","logger":"task.stdout"}
{"timestamp":"2026-01-26T01:58:15.717238Z","level":"info","event":"✓ activity.log_perjalanan_armada: 0 rows (table empty in source)","logger":"task.stdout"}
{"timestamp":"2026-01-26T01:58:16.316987Z","level":"info","event":"✓ activity.log_aktifitas_driver: 0 rows (table empty in source)","logger":"task.stdout"}
{"timestamp":"2026-01-26T01:58:17.365434Z","level":"info","event":"✓ activity.log_perangkat: 0 rows (table empty in source)","logger":"task.stdout"}
{"timestamp":"2026-01-26T01:58:18.052770Z","level":"info","event":"✓ activity.log_chat: 0 rows (table empty in source)","logger":"task.stdout"}
{"timestamp":"2026-01-26T01:58:19.235899Z","level":"info","event":"✓ activity.log_panggilan: 0 rows (table empty in source)","logger":"task.stdout"}
{"timestamp":"2026-01-26T01:58:20.512545Z","level":"info","event":"✓ activity.log_sensor: 0 rows (table empty in source)","logger":"task.stdout"}
{"timestamp":"2026-01-26T01:58:21.456069Z","level":"info","event":"✓ activity.alert_geofence: 0 rows (table empty in source)","logger":"task.stdout"}
{"timestamp":"2026-01-26T01:58:22.415536Z","level":"info","event":"✓ financial.orders: 5 rows synced","logger":"task.stdout"}
{"timestamp":"2026-01-26T01:58:22.937967Z","level":"info","event":"✓ financial.detail_po: 4 rows synced","logger":"task.stdout"}
{"timestamp":"2026-01-26T01:58:23.302120Z","level":"info","event":"✓ financial.jenis_transaksi: 1 rows synced","logger":"task.stdout"}
{"timestamp":"2026-01-26T01:58:23.648308Z","level":"info","event":"✓ financial.detail_qc: 0 rows (table empty in source)","logger":"task.stdout"}
{"timestamp":"2026-01-26T01:58:24.401391Z","level":"info","event":"✓ financial.bank: 0 rows (table empty in source)","logger":"task.stdout"}
{"timestamp":"2026-01-26T01:58:24.807105Z","level":"info","event":"✓ support.attachment: 12 rows synced","logger":"task.stdout"}
{"timestamp":"2026-01-26T01:58:25.497780Z","level":"info","event":"✓ support.jenis_file: 4 rows synced","logger":"task.stdout"}
{"timestamp":"2026-01-26T01:58:25.912409Z","level":"info","event":"✓ support.chat_room: 0 rows (table empty in source)","logger":"task.stdout"}
{"timestamp":"2026-01-26T01:58:26.365975Z","level":"info","event":"✓ support.attachment_chat: 0 rows (table empty in source)","logger":"task.stdout"}
{"timestamp":"2026-01-26T01:58:26.727441Z","level":"info","event":"✓ support.attachment_pengembalian: 0 rows (table empty in source)","logger":"task.stdout"}
{"timestamp":"2026-01-26T01:58:27.113742Z","level":"info","event":"✓ support.attachment_perangkat: 0 rows (table empty in source)","logger":"task.stdout"}
{"timestamp":"2026-01-26T01:58:27.613578Z","level":"info","event":"✓ support.attachment_qc: 0 rows (table empty in source)","logger":"task.stdout"}
{"timestamp":"2026-01-26T01:58:28.039701Z","level":"info","event":"ERROR syncing master.gudang: column \"uuid_tenant\" of relation \"gudang\" does not exist","logger":"task.stdout"}
{"timestamp":"2026-01-26T01:58:28.040009Z","level":"info","event":"LINE 1: ...a, diubah_oleh, diubah_pada, id_tenant, lat, lng, uuid_tenan...","logger":"task.stdout"}
{"timestamp":"2026-01-26T01:58:28.040185Z","level":"info","event":"                                                             ^","logger":"task.stdout"}
{"timestamp":"2026-01-26T01:58:28.040325Z","level":"info","event":"","logger":"task.stdout"}
{"timestamp":"2026-01-26T01:58:28.604492Z","level":"info","event":"✓ master.locations: 6 rows synced","logger":"task.stdout"}
{"timestamp":"2026-01-26T01:58:29.108464Z","level":"info","event":"✓ master.kategori_produk: 3 rows synced","logger":"task.stdout"}
{"timestamp":"2026-01-26T01:58:29.614399Z","level":"info","event":"✓ master.konversi: 13 rows synced","logger":"task.stdout"}
{"timestamp":"2026-01-26T01:58:30.512676Z","level":"info","event":"✓ master.jenis_satuan: 12 rows synced","logger":"task.stdout"}
{"timestamp":"2026-01-26T01:58:31.185354Z","level":"info","event":"✓ master.atribut: 0 rows (table empty in source)","logger":"task.stdout"}
{"timestamp":"2026-01-26T01:58:32.073023Z","level":"info","event":"✓ master.atribut_produk: 0 rows (table empty in source)","logger":"task.stdout"}
{"timestamp":"2026-01-26T01:58:32.595383Z","level":"info","event":"✓ master.kriteria_produk: 0 rows (table empty in source)","logger":"task.stdout"}
{"timestamp":"2026-01-26T01:58:33.324781Z","level":"info","event":"✓ master.geofence: 0 rows (table empty in source)","logger":"task.stdout"}
{"timestamp":"2026-01-26T01:58:34.150729Z","level":"info","event":"✓ master.jenis_insiden: 0 rows (table empty in source)","logger":"task.stdout"}
{"timestamp":"2026-01-26T01:58:34.705452Z","level":"info","event":"✓ master.jenis_notifikasi: 0 rows (table empty in source)","logger":"task.stdout"}
{"timestamp":"2026-01-26T01:58:36.201021Z","level":"info","event":"✓ master.laporan_darurat: 0 rows (table empty in source)","logger":"task.stdout"}
{"timestamp":"2026-01-26T01:58:36.845121Z","level":"info","event":"✓ master.rating: 0 rows (table empty in source)","logger":"task.stdout"}
{"timestamp":"2026-01-26T01:58:36.845449Z","level":"info","event":"","logger":"task.stdout"}
{"timestamp":"2026-01-26T01:58:36.845522Z","level":"info","event":"============================================================","logger":"task.stdout"}
{"timestamp":"2026-01-26T01:58:36.845575Z","level":"info","event":"SYNC SUMMARY","logger":"task.stdout"}
{"timestamp":"2026-01-26T01:58:36.845623Z","level":"info","event":"============================================================","logger":"task.stdout"}
{"timestamp":"2026-01-26T01:58:36.845683Z","level":"info","event":"✅ Success: 43 tables","logger":"task.stdout"}
{"timestamp":"2026-01-26T01:58:36.845737Z","level":"info","event":"❌ Failed: 3 tables","logger":"task.stdout"}
{"timestamp":"2026-01-26T01:58:36.845785Z","level":"info","event":"","logger":"task.stdout"}
{"timestamp":"2026-01-26T01:58:36.845832Z","level":"info","event":"Failed tables:","logger":"task.stdout"}
{"timestamp":"2026-01-26T01:58:36.845914Z","level":"info","event":"  - ERROR syncing weather.fact_weather_hourly: relation \"fact_weather_hourly\" does not exist","logger":"task.stdout"}
{"timestamp":"2026-01-26T01:58:36.845971Z","level":"info","event":"LINE 1: SELECT * FROM fact_weather_hourly LIMIT 0","logger":"task.stdout"}
{"timestamp":"2026-01-26T01:58:36.846017Z","level":"info","event":"                      ^","logger":"task.stdout"}
{"timestamp":"2026-01-26T01:58:36.846061Z","level":"info","event":"","logger":"task.stdout"}
{"timestamp":"2026-01-26T01:58:36.846111Z","level":"info","event":"  - ERROR syncing driver.kontak_darurat: relation \"kontak_darurat_pengemudi\" does not exist","logger":"task.stdout"}
{"timestamp":"2026-01-26T01:58:36.846157Z","level":"info","event":"LINE 1: SELECT * FROM kontak_darurat_pengemudi LIMIT 0","logger":"task.stdout"}
{"timestamp":"2026-01-26T01:58:36.846207Z","level":"info","event":"                      ^","logger":"task.stdout"}
{"timestamp":"2026-01-26T01:58:36.846277Z","level":"info","event":"","logger":"task.stdout"}
{"timestamp":"2026-01-26T01:58:36.846347Z","level":"info","event":"  - ERROR syncing master.gudang: column \"uuid_tenant\" of relation \"gudang\" does not exist","logger":"task.stdout"}
{"timestamp":"2026-01-26T01:58:36.846405Z","level":"info","event":"LINE 1: ...a, diubah_oleh, diubah_pada, id_tenant, lat, lng, uuid_tenan...","logger":"task.stdout"}
{"timestamp":"2026-01-26T01:58:36.846452Z","level":"info","event":"                                                             ^","logger":"task.stdout"}
{"timestamp":"2026-01-26T01:58:36.846512Z","level":"info","event":"","logger":"task.stdout"}
{"timestamp":"2026-01-26T01:58:36.846556Z","level":"info","event":"","logger":"task.stdout"}
{"timestamp":"2026-01-26T01:58:36.846595Z","level":"info","event":"Detailed results:","logger":"task.stdout"}
{"timestamp":"2026-01-26T01:58:36.846634Z","level":"info","event":"  ✓ driver.daftar_user: 24 rows","logger":"task.stdout"}
{"timestamp":"2026-01-26T01:58:36.846674Z","level":"info","event":"  ✓ driver.attachment_driver: 6 rows","logger":"task.stdout"}
{"timestamp":"2026-01-26T01:58:36.846712Z","level":"info","event":"  ✓ driver.laporan_pengemudi: 0 rows","logger":"task.stdout"}
{"timestamp":"2026-01-26T01:58:36.846750Z","level":"info","event":"  ✓ armada.armada_tms: 3 rows","logger":"task.stdout"}
{"timestamp":"2026-01-26T01:58:36.846788Z","level":"info","event":"  ✓ armada.jenis_armada: 19 rows","logger":"task.stdout"}
{"timestamp":"2026-01-26T01:58:36.846825Z","level":"info","event":"  ✓ armada.driver_armada: 0 rows","logger":"task.stdout"}
{"timestamp":"2026-01-26T01:58:36.846864Z","level":"info","event":"  ✓ armada.armada_perangkat: 0 rows","logger":"task.stdout"}
{"timestamp":"2026-01-26T01:58:36.846902Z","level":"info","event":"  ✓ armada.attachment_armada: 0 rows","logger":"task.stdout"}
{"timestamp":"2026-01-26T01:58:36.846940Z","level":"info","event":"  ✓ delivery.delivery_order: 15 rows","logger":"task.stdout"}
{"timestamp":"2026-01-26T01:58:36.846978Z","level":"info","event":"  ✓ delivery.detail_do: 3 rows","logger":"task.stdout"}
{"timestamp":"2026-01-26T01:58:36.847065Z","level":"info","event":"  ... and 33 more","logger":"task.stdout"}
{"timestamp":"2026-01-26T01:58:36.845732Z","level":"info","event":"Done. Returned value was: {'success_count': 43, 'failed_count': 3}","logger":"airflow.task.operators.airflow.providers.standard.operators.python.PythonOperator","filename":"python.py","lineno":215}
{"timestamp":"2026-01-26T01:58:36.846431Z","level":"info","event":"Pushing xcom","ti":"RuntimeTaskInstance(id=UUID('019bf805-5e83-74bb-9b76-c695fbc32955'), task_id='sync_warehouse_tables', dag_id='daily_warehouse_sync', run_id='scheduled__2026-01-24T00:00:00+00:00', try_number=1, dag_version_id=UUID('019be8b8-169b-788c-a9ad-0f1a9404b29b'), map_index=-1, hostname='OM-RAFIE.localdomain', context_carrier={}, task=<Task(PythonOperator): sync_warehouse_tables>, bundle_instance=LocalDagBundle(name=dags-folder), max_tries=2, start_date=datetime.datetime(2026, 1, 26, 1, 57, 40, 511740, tzinfo=datetime.timezone.utc), end_date=None, state=<TaskInstanceState.RUNNING: 'running'>, is_mapped=False, rendered_map_index=None)","logger":"task","filename":"task_runner.py","lineno":1360}
