{"timestamp":"2026-01-28T18:00:01.771807Z","level":"info","event":"DAG bundles loaded: dags-folder","logger":"airflow.dag_processing.bundles.manager.DagBundlesManager","filename":"manager.py","lineno":179}
{"timestamp":"2026-01-28T18:00:01.778880Z","level":"info","event":"Filling up the DagBag from /opt/airflow/dags/weather_data_fetch.py","logger":"airflow.models.dagbag.DagBag","filename":"dagbag.py","lineno":593}
{"timestamp":"2026-01-28T18:00:02.028048Z","level":"warning","event":"The `airflow.operators.python.PythonOperator` attribute is deprecated. Please use `'airflow.providers.standard.operators.python.PythonOperator'`.","category":"DeprecatedImportWarning","filename":"/opt/airflow/dags/weather_data_fetch.py","lineno":8,"logger":"py.warnings"}
{"timestamp":"2026-01-28T18:00:02.028385Z","level":"warning","event":"The `airflow.operators.bash.BashOperator` attribute is deprecated. Please use `'airflow.providers.standard.operators.bash.BashOperator'`.","category":"DeprecatedImportWarning","filename":"/opt/airflow/dags/weather_data_fetch.py","lineno":9,"logger":"py.warnings"}
{"timestamp":"2026-01-28T18:00:02.585779Z","level":"info","event":"","logger":"task.stdout"}
{"timestamp":"2026-01-28T18:00:02.586026Z","level":"info","event":"============================================================","logger":"task.stdout"}
{"timestamp":"2026-01-28T18:00:02.586166Z","level":"info","event":"🌦️ Fetching BMKG Weather Data","logger":"task.stdout"}
{"timestamp":"2026-01-28T18:00:02.587307Z","level":"info","event":"============================================================","logger":"task.stdout"}
{"timestamp":"2026-01-28T18:00:02.651377Z","level":"info","event":"","logger":"task.stdout"}
{"timestamp":"2026-01-28T18:00:02.651647Z","level":"info","event":"📍 Fetching weather for ADM4: 35.78.21.1004","logger":"task.stdout"}
{"timestamp":"2026-01-28T18:00:03.735351Z","level":"info","event":"   Parsed 18 weather records","logger":"task.stdout"}
{"timestamp":"2026-01-28T18:00:03.764429Z","level":"info","event":"","logger":"task.stdout"}
{"timestamp":"2026-01-28T18:00:03.764690Z","level":"info","event":"⚠️  Found 12 expired weather records to delete","logger":"task.stdout"}
{"timestamp":"2026-01-28T18:00:03.764866Z","level":"info","event":"   Time range: 2026-01-28 20:00:00 to 2026-01-29 01:00:00","logger":"task.stdout"}
{"timestamp":"2026-01-28T18:00:03.765093Z","level":"info","event":"   (waktu < NOW at 2026-01-29 01:00:03 WIB)","logger":"task.stdout"}
{"timestamp":"2026-01-28T18:00:03.766867Z","level":"info","event":"✅ Deleted 12 expired weather records","logger":"task.stdout"}
{"timestamp":"2026-01-28T18:00:03.789284Z","level":"info","event":"✓ Inserted 18 weather records","logger":"task.stdout"}
{"timestamp":"2026-01-28T18:00:03.789520Z","level":"info","event":"","logger":"task.stdout"}
{"timestamp":"2026-01-28T18:00:03.789592Z","level":"info","event":"📍 Fetching weather for ADM4: 35.25.14.1010","logger":"task.stdout"}
{"timestamp":"2026-01-28T18:00:03.978335Z","level":"info","event":"   Parsed 18 weather records","logger":"task.stdout"}
{"timestamp":"2026-01-28T18:00:03.997831Z","level":"info","event":"","logger":"task.stdout"}
{"timestamp":"2026-01-28T18:00:03.998127Z","level":"info","event":"⚠️  Found 3 expired weather records to delete","logger":"task.stdout"}
{"timestamp":"2026-01-28T18:00:03.998238Z","level":"info","event":"   Time range: 2026-01-28 19:00:00 to 2026-01-29 01:00:00","logger":"task.stdout"}
{"timestamp":"2026-01-28T18:00:03.998455Z","level":"info","event":"   (waktu < NOW at 2026-01-29 01:00:03 WIB)","logger":"task.stdout"}
{"timestamp":"2026-01-28T18:00:03.999842Z","level":"info","event":"✅ Deleted 3 expired weather records","logger":"task.stdout"}
{"timestamp":"2026-01-28T18:00:04.013534Z","level":"info","event":"✓ Inserted 18 weather records","logger":"task.stdout"}
{"timestamp":"2026-01-28T18:00:04.013747Z","level":"info","event":"","logger":"task.stdout"}
{"timestamp":"2026-01-28T18:00:04.013885Z","level":"info","event":"============================================================","logger":"task.stdout"}
{"timestamp":"2026-01-28T18:00:04.014132Z","level":"info","event":"✓ Total records inserted: 36","logger":"task.stdout"}
{"timestamp":"2026-01-28T18:00:04.014251Z","level":"info","event":"============================================================","logger":"task.stdout"}
{"timestamp":"2026-01-28T18:00:04.013639Z","level":"info","event":"Done. Returned value was: 36","logger":"airflow.task.operators.airflow.providers.standard.operators.python.PythonOperator","filename":"python.py","lineno":215}
{"timestamp":"2026-01-28T18:00:04.015622Z","level":"info","event":"Pushing xcom","ti":"RuntimeTaskInstance(id=UUID('019c05c3-234b-7c1f-94c6-ba5ac1e36e61'), task_id='fetch_bmkg_weather', dag_id='weather_data_fetch', run_id='scheduled__2026-01-28T18:00:00+00:00', try_number=1, dag_version_id=UUID('019bf85e-bdaa-72d4-8530-24267eab6b2a'), map_index=-1, hostname='OM-RAFIE.localdomain', context_carrier={}, task=<Task(PythonOperator): fetch_bmkg_weather>, bundle_instance=LocalDagBundle(name=dags-folder), max_tries=2, start_date=datetime.datetime(2026, 1, 28, 18, 0, 1, 155062, tzinfo=datetime.timezone.utc), end_date=None, state=<TaskInstanceState.RUNNING: 'running'>, is_mapped=False, rendered_map_index=None)","logger":"task","filename":"task_runner.py","lineno":1360}
