{"timestamp":"2026-02-06T03:19:06.558051Z","level":"info","event":"DAG bundles loaded: dags-folder","logger":"airflow.dag_processing.bundles.manager.DagBundlesManager","filename":"manager.py","lineno":179}
{"timestamp":"2026-02-06T03:19:06.559392Z","level":"info","event":"Filling up the DagBag from /opt/airflow/dags/weather_data_fetch.py","logger":"airflow.models.dagbag.DagBag","filename":"dagbag.py","lineno":593}
{"timestamp":"2026-02-06T03:19:06.585820Z","level":"warning","event":"The `airflow.operators.python.PythonOperator` attribute is deprecated. Please use `'airflow.providers.standard.operators.python.PythonOperator'`.","category":"DeprecatedImportWarning","filename":"/opt/airflow/dags/weather_data_fetch.py","lineno":8,"logger":"py.warnings"}
{"timestamp":"2026-02-06T03:19:06.586062Z","level":"warning","event":"The `airflow.operators.bash.BashOperator` attribute is deprecated. Please use `'airflow.providers.standard.operators.bash.BashOperator'`.","category":"DeprecatedImportWarning","filename":"/opt/airflow/dags/weather_data_fetch.py","lineno":9,"logger":"py.warnings"}
{"timestamp":"2026-02-06T03:19:06.758911Z","level":"info","event":"","logger":"task.stdout"}
{"timestamp":"2026-02-06T03:19:06.759058Z","level":"info","event":"============================================================","logger":"task.stdout"}
{"timestamp":"2026-02-06T03:19:06.759101Z","level":"info","event":"🌦️ Fetching BMKG Weather Data","logger":"task.stdout"}
{"timestamp":"2026-02-06T03:19:06.759138Z","level":"info","event":"============================================================","logger":"task.stdout"}
{"timestamp":"2026-02-06T03:19:06.777938Z","level":"info","event":"","logger":"task.stdout"}
{"timestamp":"2026-02-06T03:19:06.778106Z","level":"info","event":"📍 Fetching weather for ADM4: 35.78.21.1004","logger":"task.stdout"}
{"timestamp":"2026-02-06T03:19:07.057670Z","level":"info","event":"   Parsed 21 weather records","logger":"task.stdout"}
{"timestamp":"2026-02-06T03:19:07.071254Z","level":"info","event":"✓ No expired records to delete","logger":"task.stdout"}
{"timestamp":"2026-02-06T03:19:07.082609Z","level":"info","event":"✓ Inserted 21 new weather records","logger":"task.stdout"}
{"timestamp":"2026-02-06T03:19:07.082779Z","level":"info","event":"✓ Updated 0 existing weather records","logger":"task.stdout"}
{"timestamp":"2026-02-06T03:19:07.082922Z","level":"info","event":"","logger":"task.stdout"}
{"timestamp":"2026-02-06T03:19:07.082978Z","level":"info","event":"📍 Fetching weather for ADM4: 35.25.14.1010","logger":"task.stdout"}
{"timestamp":"2026-02-06T03:19:07.251673Z","level":"info","event":"   Parsed 21 weather records","logger":"task.stdout"}
{"timestamp":"2026-02-06T03:19:07.264753Z","level":"info","event":"","logger":"task.stdout"}
{"timestamp":"2026-02-06T03:19:07.264893Z","level":"info","event":"⚠️  Found 3 expired weather records to delete","logger":"task.stdout"}
{"timestamp":"2026-02-06T03:19:07.264942Z","level":"info","event":"   Time range: 2026-02-06 04:00:00 to 2026-02-06 10:00:00","logger":"task.stdout"}
{"timestamp":"2026-02-06T03:19:07.265036Z","level":"info","event":"   (waktu < NOW at 2026-02-06 10:19:07 WIB)","logger":"task.stdout"}
{"timestamp":"2026-02-06T03:19:07.265216Z","level":"info","event":"✅ Deleted 3 expired weather records","logger":"task.stdout"}
{"timestamp":"2026-02-06T03:19:07.275194Z","level":"info","event":"✓ Inserted 21 new weather records","logger":"task.stdout"}
{"timestamp":"2026-02-06T03:19:07.275397Z","level":"info","event":"✓ Updated 0 existing weather records","logger":"task.stdout"}
{"timestamp":"2026-02-06T03:19:07.275446Z","level":"info","event":"","logger":"task.stdout"}
{"timestamp":"2026-02-06T03:19:07.275488Z","level":"info","event":"============================================================","logger":"task.stdout"}
{"timestamp":"2026-02-06T03:19:07.275559Z","level":"info","event":"✓ Total records inserted: 42","logger":"task.stdout"}
{"timestamp":"2026-02-06T03:19:07.275601Z","level":"info","event":"============================================================","logger":"task.stdout"}
{"timestamp":"2026-02-06T03:19:07.275369Z","level":"info","event":"Done. Returned value was: 42","logger":"airflow.task.operators.airflow.providers.standard.operators.python.PythonOperator","filename":"python.py","lineno":215}
{"timestamp":"2026-02-06T03:19:07.275791Z","level":"info","event":"Pushing xcom","ti":"RuntimeTaskInstance(id=UUID('019c30f5-deeb-76d5-94a0-18d1ada89b2b'), task_id='fetch_bmkg_weather', dag_id='weather_data_fetch', run_id='manual__2026-02-06T03:19:04+00:00', try_number=1, dag_version_id=UUID('019c30a7-9bdc-792f-9a7e-cc8270c2efbb'), map_index=-1, hostname='OM-RAFIE.localdomain', context_carrier={}, task=<Task(PythonOperator): fetch_bmkg_weather>, bundle_instance=LocalDagBundle(name=dags-folder), max_tries=2, start_date=datetime.datetime(2026, 2, 6, 3, 19, 6, 510917, tzinfo=datetime.timezone.utc), end_date=None, state=<TaskInstanceState.RUNNING: 'running'>, is_mapped=False, rendered_map_index=None)","logger":"task","filename":"task_runner.py","lineno":1360}
