{"timestamp":"2026-01-27T12:00:00.983187Z","level":"info","event":"DAG bundles loaded: dags-folder","logger":"airflow.dag_processing.bundles.manager.DagBundlesManager","filename":"manager.py","lineno":179}
{"timestamp":"2026-01-27T12:00:00.992567Z","level":"info","event":"Filling up the DagBag from /opt/airflow/dags/weather_data_fetch.py","logger":"airflow.models.dagbag.DagBag","filename":"dagbag.py","lineno":593}
{"timestamp":"2026-01-27T12:00:01.129480Z","level":"warning","event":"The `airflow.operators.python.PythonOperator` attribute is deprecated. Please use `'airflow.providers.standard.operators.python.PythonOperator'`.","category":"DeprecatedImportWarning","filename":"/opt/airflow/dags/weather_data_fetch.py","lineno":8,"logger":"py.warnings"}
{"timestamp":"2026-01-27T12:00:01.129729Z","level":"warning","event":"The `airflow.operators.bash.BashOperator` attribute is deprecated. Please use `'airflow.providers.standard.operators.bash.BashOperator'`.","category":"DeprecatedImportWarning","filename":"/opt/airflow/dags/weather_data_fetch.py","lineno":9,"logger":"py.warnings"}
{"timestamp":"2026-01-27T12:00:01.821295Z","level":"info","event":"","logger":"task.stdout"}
{"timestamp":"2026-01-27T12:00:01.821511Z","level":"info","event":"============================================================","logger":"task.stdout"}
{"timestamp":"2026-01-27T12:00:01.821585Z","level":"info","event":"🌦️ Fetching BMKG Weather Data","logger":"task.stdout"}
{"timestamp":"2026-01-27T12:00:01.821813Z","level":"info","event":"============================================================","logger":"task.stdout"}
{"timestamp":"2026-01-27T12:00:01.885230Z","level":"info","event":"","logger":"task.stdout"}
{"timestamp":"2026-01-27T12:00:01.885590Z","level":"info","event":"📍 Fetching weather for ADM4: 35.78.21.1004","logger":"task.stdout"}
{"timestamp":"2026-01-27T12:00:02.744869Z","level":"info","event":"   Parsed 18 weather records","logger":"task.stdout"}
{"timestamp":"2026-01-27T12:00:02.768097Z","level":"info","event":"","logger":"task.stdout"}
{"timestamp":"2026-01-27T12:00:02.768337Z","level":"info","event":"⚠️  Found 8 expired weather records to delete","logger":"task.stdout"}
{"timestamp":"2026-01-27T12:00:02.768567Z","level":"info","event":"   Time range: 2026-01-27 16:00:00 to 2026-01-27 19:00:00","logger":"task.stdout"}
{"timestamp":"2026-01-27T12:00:02.768757Z","level":"info","event":"   (waktu < NOW at 2026-01-27 19:00:02 WIB)","logger":"task.stdout"}
{"timestamp":"2026-01-27T12:00:02.773136Z","level":"info","event":"✅ Deleted 8 expired weather records","logger":"task.stdout"}
{"timestamp":"2026-01-27T12:00:02.793753Z","level":"info","event":"✓ Inserted 18 weather records","logger":"task.stdout"}
{"timestamp":"2026-01-27T12:00:02.793966Z","level":"info","event":"","logger":"task.stdout"}
{"timestamp":"2026-01-27T12:00:02.794079Z","level":"info","event":"📍 Fetching weather for ADM4: 35.25.14.1010","logger":"task.stdout"}
{"timestamp":"2026-01-27T12:00:03.642871Z","level":"info","event":"   Parsed 18 weather records","logger":"task.stdout"}
{"timestamp":"2026-01-27T12:00:03.664081Z","level":"info","event":"","logger":"task.stdout"}
{"timestamp":"2026-01-27T12:00:03.664302Z","level":"info","event":"⚠️  Found 3 expired weather records to delete","logger":"task.stdout"}
{"timestamp":"2026-01-27T12:00:03.664437Z","level":"info","event":"   Time range: 2026-01-27 13:00:00 to 2026-01-27 19:00:00","logger":"task.stdout"}
{"timestamp":"2026-01-27T12:00:03.664664Z","level":"info","event":"   (waktu < NOW at 2026-01-27 19:00:03 WIB)","logger":"task.stdout"}
{"timestamp":"2026-01-27T12:00:03.664825Z","level":"info","event":"✅ Deleted 3 expired weather records","logger":"task.stdout"}
{"timestamp":"2026-01-27T12:00:03.688551Z","level":"info","event":"✓ Inserted 18 weather records","logger":"task.stdout"}
{"timestamp":"2026-01-27T12:00:03.688778Z","level":"info","event":"","logger":"task.stdout"}
{"timestamp":"2026-01-27T12:00:03.688904Z","level":"info","event":"============================================================","logger":"task.stdout"}
{"timestamp":"2026-01-27T12:00:03.689042Z","level":"info","event":"✓ Total records inserted: 36","logger":"task.stdout"}
{"timestamp":"2026-01-27T12:00:03.689156Z","level":"info","event":"============================================================","logger":"task.stdout"}
{"timestamp":"2026-01-27T12:00:03.688394Z","level":"info","event":"Done. Returned value was: 36","logger":"airflow.task.operators.airflow.providers.standard.operators.python.PythonOperator","filename":"python.py","lineno":215}
{"timestamp":"2026-01-27T12:00:03.691767Z","level":"info","event":"Pushing xcom","ti":"RuntimeTaskInstance(id=UUID('019bff53-2f78-71e5-bed8-47bb0599c7d1'), task_id='fetch_bmkg_weather', dag_id='weather_data_fetch', run_id='scheduled__2026-01-27T12:00:00+00:00', try_number=1, dag_version_id=UUID('019bf85e-bdaa-72d4-8530-24267eab6b2a'), map_index=-1, hostname='OM-RAFIE.localdomain', context_carrier={}, task=<Task(PythonOperator): fetch_bmkg_weather>, bundle_instance=LocalDagBundle(name=dags-folder), max_tries=2, start_date=datetime.datetime(2026, 1, 27, 12, 0, 0, 689875, tzinfo=datetime.timezone.utc), end_date=None, state=<TaskInstanceState.RUNNING: 'running'>, is_mapped=False, rendered_map_index=None)","logger":"task","filename":"task_runner.py","lineno":1360}
