{"timestamp":"2026-02-05T15:23:29.865236Z","level":"info","event":"DAG bundles loaded: dags-folder","logger":"airflow.dag_processing.bundles.manager.DagBundlesManager","filename":"manager.py","lineno":179}
{"timestamp":"2026-02-05T15:23:29.866433Z","level":"info","event":"Filling up the DagBag from /opt/airflow/dags/weather_data_fetch.py","logger":"airflow.models.dagbag.DagBag","filename":"dagbag.py","lineno":593}
{"timestamp":"2026-02-05T15:23:29.885889Z","level":"warning","event":"The `airflow.operators.python.PythonOperator` attribute is deprecated. Please use `'airflow.providers.standard.operators.python.PythonOperator'`.","category":"DeprecatedImportWarning","filename":"/opt/airflow/dags/weather_data_fetch.py","lineno":8,"logger":"py.warnings"}
{"timestamp":"2026-02-05T15:23:29.886038Z","level":"warning","event":"The `airflow.operators.bash.BashOperator` attribute is deprecated. Please use `'airflow.providers.standard.operators.bash.BashOperator'`.","category":"DeprecatedImportWarning","filename":"/opt/airflow/dags/weather_data_fetch.py","lineno":9,"logger":"py.warnings"}
{"timestamp":"2026-02-05T15:23:30.903777Z","level":"info","event":"","logger":"task.stdout"}
{"timestamp":"2026-02-05T15:23:30.903977Z","level":"info","event":"============================================================","logger":"task.stdout"}
{"timestamp":"2026-02-05T15:23:30.904065Z","level":"info","event":"🌦️ Fetching BMKG Weather Data","logger":"task.stdout"}
{"timestamp":"2026-02-05T15:23:30.904136Z","level":"info","event":"============================================================","logger":"task.stdout"}
{"timestamp":"2026-02-05T15:23:31.007428Z","level":"info","event":"","logger":"task.stdout"}
{"timestamp":"2026-02-05T15:23:31.007742Z","level":"info","event":"📍 Fetching weather for ADM4: 35.78.21.1004","logger":"task.stdout"}
{"timestamp":"2026-02-05T15:23:31.305108Z","level":"info","event":"   Parsed 17 weather records","logger":"task.stdout"}
{"timestamp":"2026-02-05T15:23:31.361357Z","level":"info","event":"✓ No expired records to delete","logger":"task.stdout"}
{"timestamp":"2026-02-05T15:23:31.380034Z","level":"info","event":"✓ Inserted 17 weather records","logger":"task.stdout"}
{"timestamp":"2026-02-05T15:23:31.380236Z","level":"info","event":"","logger":"task.stdout"}
{"timestamp":"2026-02-05T15:23:31.380315Z","level":"info","event":"📍 Fetching weather for ADM4: 35.25.14.1010","logger":"task.stdout"}
{"timestamp":"2026-02-05T15:23:32.256788Z","level":"info","event":"   Parsed 17 weather records","logger":"task.stdout"}
{"timestamp":"2026-02-05T15:23:32.271805Z","level":"info","event":"","logger":"task.stdout"}
{"timestamp":"2026-02-05T15:23:32.454253Z","level":"info","event":"⚠️  Found 3 expired weather records to delete","logger":"task.stdout"}
{"timestamp":"2026-02-05T15:23:32.454541Z","level":"info","event":"   Time range: 2026-02-05 16:00:00 to 2026-02-05 22:00:00","logger":"task.stdout"}
{"timestamp":"2026-02-05T15:23:32.454755Z","level":"info","event":"   (waktu < NOW at 2026-02-05 22:23:32 WIB)","logger":"task.stdout"}
{"timestamp":"2026-02-05T15:23:32.454852Z","level":"info","event":"✅ Deleted 3 expired weather records","logger":"task.stdout"}
{"timestamp":"2026-02-05T15:23:33.402789Z","level":"info","event":"✓ Inserted 17 weather records","logger":"task.stdout"}
{"timestamp":"2026-02-05T15:23:33.402972Z","level":"info","event":"","logger":"task.stdout"}
{"timestamp":"2026-02-05T15:23:33.403065Z","level":"info","event":"============================================================","logger":"task.stdout"}
{"timestamp":"2026-02-05T15:23:33.403149Z","level":"info","event":"✓ Total records inserted: 34","logger":"task.stdout"}
{"timestamp":"2026-02-05T15:23:33.403229Z","level":"info","event":"============================================================","logger":"task.stdout"}
{"timestamp":"2026-02-05T15:23:33.402727Z","level":"info","event":"Done. Returned value was: 34","logger":"airflow.task.operators.airflow.providers.standard.operators.python.PythonOperator","filename":"python.py","lineno":215}
{"timestamp":"2026-02-05T15:23:33.403078Z","level":"info","event":"Pushing xcom","ti":"RuntimeTaskInstance(id=UUID('019c2e66-9d60-74b8-8999-f6311308ca49'), task_id='fetch_bmkg_weather', dag_id='weather_data_fetch', run_id='scheduled__2026-02-05T15:00:00+00:00', try_number=1, dag_version_id=UUID('019c0dd4-58cf-774a-9f83-a68201e36c2d'), map_index=-1, hostname='OM-RAFIE.localdomain', context_carrier={}, task=<Task(PythonOperator): fetch_bmkg_weather>, bundle_instance=LocalDagBundle(name=dags-folder), max_tries=2, start_date=datetime.datetime(2026, 2, 5, 15, 23, 23, 166260, tzinfo=datetime.timezone.utc), end_date=None, state=<TaskInstanceState.RUNNING: 'running'>, is_mapped=False, rendered_map_index=None)","logger":"task","filename":"task_runner.py","lineno":1360}
