{"timestamp":"2026-01-30T03:00:05.939939Z","level":"info","event":"DAG bundles loaded: dags-folder","logger":"airflow.dag_processing.bundles.manager.DagBundlesManager","filename":"manager.py","lineno":179}
{"timestamp":"2026-01-30T03:00:05.942368Z","level":"info","event":"Filling up the DagBag from /opt/airflow/dags/weather_data_fetch.py","logger":"airflow.models.dagbag.DagBag","filename":"dagbag.py","lineno":593}
{"timestamp":"2026-01-30T03:00:05.988881Z","level":"warning","event":"The `airflow.operators.python.PythonOperator` attribute is deprecated. Please use `'airflow.providers.standard.operators.python.PythonOperator'`.","category":"DeprecatedImportWarning","filename":"/opt/airflow/dags/weather_data_fetch.py","lineno":8,"logger":"py.warnings"}
{"timestamp":"2026-01-30T03:00:05.989096Z","level":"warning","event":"The `airflow.operators.bash.BashOperator` attribute is deprecated. Please use `'airflow.providers.standard.operators.bash.BashOperator'`.","category":"DeprecatedImportWarning","filename":"/opt/airflow/dags/weather_data_fetch.py","lineno":9,"logger":"py.warnings"}
{"timestamp":"2026-01-30T03:00:06.324922Z","level":"info","event":"","logger":"task.stdout"}
{"timestamp":"2026-01-30T03:00:06.325122Z","level":"info","event":"============================================================","logger":"task.stdout"}
{"timestamp":"2026-01-30T03:00:06.325216Z","level":"info","event":"🌦️ Fetching BMKG Weather Data","logger":"task.stdout"}
{"timestamp":"2026-01-30T03:00:06.325419Z","level":"info","event":"============================================================","logger":"task.stdout"}
{"timestamp":"2026-01-30T03:00:06.532782Z","level":"info","event":"","logger":"task.stdout"}
{"timestamp":"2026-01-30T03:00:06.533004Z","level":"info","event":"📍 Fetching weather for ADM4: 35.78.21.1004","logger":"task.stdout"}
{"timestamp":"2026-01-30T03:00:07.282173Z","level":"info","event":"   Parsed 21 weather records","logger":"task.stdout"}
{"timestamp":"2026-01-30T03:00:07.325547Z","level":"info","event":"","logger":"task.stdout"}
{"timestamp":"2026-01-30T03:00:07.325808Z","level":"info","event":"⚠️  Found 2 expired weather records to delete","logger":"task.stdout"}
{"timestamp":"2026-01-30T03:00:07.326473Z","level":"info","event":"   Time range: 2026-01-30 10:00:00 to 2026-01-30 10:00:00","logger":"task.stdout"}
{"timestamp":"2026-01-30T03:00:07.326763Z","level":"info","event":"   (waktu < NOW at 2026-01-30 10:00:07 WIB)","logger":"task.stdout"}
{"timestamp":"2026-01-30T03:00:07.330554Z","level":"info","event":"✅ Deleted 2 expired weather records","logger":"task.stdout"}
{"timestamp":"2026-01-30T03:00:07.354891Z","level":"info","event":"✓ Inserted 21 weather records","logger":"task.stdout"}
{"timestamp":"2026-01-30T03:00:07.355101Z","level":"info","event":"","logger":"task.stdout"}
{"timestamp":"2026-01-30T03:00:07.355218Z","level":"info","event":"📍 Fetching weather for ADM4: 35.25.14.1010","logger":"task.stdout"}
{"timestamp":"2026-01-30T03:00:08.092060Z","level":"info","event":"   Parsed 21 weather records","logger":"task.stdout"}
{"timestamp":"2026-01-30T03:00:08.117940Z","level":"info","event":"","logger":"task.stdout"}
{"timestamp":"2026-01-30T03:00:08.118157Z","level":"info","event":"⚠️  Found 3 expired weather records to delete","logger":"task.stdout"}
{"timestamp":"2026-01-30T03:00:08.118279Z","level":"info","event":"   Time range: 2026-01-30 04:00:00 to 2026-01-30 10:00:00","logger":"task.stdout"}
{"timestamp":"2026-01-30T03:00:08.118466Z","level":"info","event":"   (waktu < NOW at 2026-01-30 10:00:08 WIB)","logger":"task.stdout"}
{"timestamp":"2026-01-30T03:00:08.118666Z","level":"info","event":"✅ Deleted 3 expired weather records","logger":"task.stdout"}
{"timestamp":"2026-01-30T03:00:08.133652Z","level":"info","event":"✓ Inserted 21 weather records","logger":"task.stdout"}
{"timestamp":"2026-01-30T03:00:08.133876Z","level":"info","event":"","logger":"task.stdout"}
{"timestamp":"2026-01-30T03:00:08.134015Z","level":"info","event":"============================================================","logger":"task.stdout"}
{"timestamp":"2026-01-30T03:00:08.134164Z","level":"info","event":"✓ Total records inserted: 42","logger":"task.stdout"}
{"timestamp":"2026-01-30T03:00:08.134294Z","level":"info","event":"============================================================","logger":"task.stdout"}
{"timestamp":"2026-01-30T03:00:08.133771Z","level":"info","event":"Done. Returned value was: 42","logger":"airflow.task.operators.airflow.providers.standard.operators.python.PythonOperator","filename":"python.py","lineno":215}
{"timestamp":"2026-01-30T03:00:08.134633Z","level":"info","event":"Pushing xcom","ti":"RuntimeTaskInstance(id=UUID('019c0cd7-e2a6-72e4-9f60-226724812ee4'), task_id='fetch_bmkg_weather', dag_id='weather_data_fetch', run_id='scheduled__2026-01-30T03:00:00+00:00', try_number=1, dag_version_id=UUID('019c0cb3-4e3f-71b2-879c-a65f3a276e1e'), map_index=-1, hostname='OM-RAFIE.localdomain', context_carrier={}, task=<Task(PythonOperator): fetch_bmkg_weather>, bundle_instance=LocalDagBundle(name=dags-folder), max_tries=2, start_date=datetime.datetime(2026, 1, 30, 3, 0, 1, 366094, tzinfo=datetime.timezone.utc), end_date=None, state=<TaskInstanceState.RUNNING: 'running'>, is_mapped=False, rendered_map_index=None)","logger":"task","filename":"task_runner.py","lineno":1360}
