{"timestamp":"2026-02-06T01:06:23.714409Z","level":"info","event":"DAG bundles loaded: dags-folder","logger":"airflow.dag_processing.bundles.manager.DagBundlesManager","filename":"manager.py","lineno":179}
{"timestamp":"2026-02-06T01:06:23.716381Z","level":"info","event":"Filling up the DagBag from /opt/airflow/dags/daily_warehouse_sync.py","logger":"airflow.models.dagbag.DagBag","filename":"dagbag.py","lineno":593}
{"timestamp":"2026-02-06T01:06:23.752977Z","level":"warning","event":"The `airflow.operators.python.PythonOperator` attribute is deprecated. Please use `'airflow.providers.standard.operators.python.PythonOperator'`.","category":"DeprecatedImportWarning","filename":"/opt/airflow/dags/daily_warehouse_sync.py","lineno":8,"logger":"py.warnings"}
{"timestamp":"2026-02-06T01:06:23.753156Z","level":"warning","event":"The `airflow.operators.bash.BashOperator` attribute is deprecated. Please use `'airflow.providers.standard.operators.bash.BashOperator'`.","category":"DeprecatedImportWarning","filename":"/opt/airflow/dags/daily_warehouse_sync.py","lineno":9,"logger":"py.warnings"}
{"timestamp":"2026-02-06T01:06:23.790912Z","level":"info","event":"============================================================","logger":"task.stdout"}
{"timestamp":"2026-02-06T01:06:23.791095Z","level":"info","event":"Starting daily warehouse sync...","logger":"task.stdout"}
{"timestamp":"2026-02-06T01:06:23.791170Z","level":"info","event":"============================================================","logger":"task.stdout"}
{"timestamp":"2026-02-06T01:06:23.791224Z","level":"info","event":"","logger":"task.stdout"}
{"timestamp":"2026-02-06T01:06:23.791274Z","level":"info","event":"📍 PRIORITY: Syncing WEATHER data first...","logger":"task.stdout"}
{"timestamp":"2026-02-06T01:06:23.882244Z","level":"info","event":"ERROR syncing weather.fact_weather_hourly: relation \"fact_weather_hourly\" does not exist","logger":"task.stdout"}
{"timestamp":"2026-02-06T01:06:23.882479Z","level":"info","event":"LINE 1: SELECT * FROM fact_weather_hourly LIMIT 0","logger":"task.stdout"}
{"timestamp":"2026-02-06T01:06:23.882541Z","level":"info","event":"                      ^","logger":"task.stdout"}
{"timestamp":"2026-02-06T01:06:23.882604Z","level":"info","event":"","logger":"task.stdout"}
{"timestamp":"2026-02-06T01:06:23.882720Z","level":"info","event":"","logger":"task.stdout"}
{"timestamp":"2026-02-06T01:06:23.882823Z","level":"info","event":"📊 Syncing other schemas...","logger":"task.stdout"}
{"timestamp":"2026-02-06T01:06:23.977110Z","level":"info","event":"✓ driver.daftar_user: 25 rows synced","logger":"task.stdout"}
{"timestamp":"2026-02-06T01:06:24.048639Z","level":"info","event":"✓ driver.attachment_driver: 6 rows synced","logger":"task.stdout"}
{"timestamp":"2026-02-06T01:06:24.117143Z","level":"info","event":"✓ driver.laporan_pengemudi: 0 rows (table empty in source)","logger":"task.stdout"}
{"timestamp":"2026-02-06T01:06:24.175338Z","level":"info","event":"ERROR syncing driver.kontak_darurat: relation \"kontak_darurat_pengemudi\" does not exist","logger":"task.stdout"}
{"timestamp":"2026-02-06T01:06:24.175603Z","level":"info","event":"LINE 1: SELECT * FROM kontak_darurat_pengemudi LIMIT 0","logger":"task.stdout"}
{"timestamp":"2026-02-06T01:06:24.175681Z","level":"info","event":"                      ^","logger":"task.stdout"}
{"timestamp":"2026-02-06T01:06:24.175729Z","level":"info","event":"","logger":"task.stdout"}
{"timestamp":"2026-02-06T01:06:24.256931Z","level":"info","event":"✓ armada.armada_tms: 3 rows synced","logger":"task.stdout"}
{"timestamp":"2026-02-06T01:06:24.328403Z","level":"info","event":"✓ armada.jenis_armada: 19 rows synced","logger":"task.stdout"}
{"timestamp":"2026-02-06T01:06:24.392982Z","level":"info","event":"✓ armada.driver_armada: 2 rows synced","logger":"task.stdout"}
{"timestamp":"2026-02-06T01:06:24.460986Z","level":"info","event":"✓ armada.armada_perangkat: 0 rows (table empty in source)","logger":"task.stdout"}
{"timestamp":"2026-02-06T01:06:24.531885Z","level":"info","event":"✓ armada.attachment_armada: 0 rows (table empty in source)","logger":"task.stdout"}
{"timestamp":"2026-02-06T01:06:24.624759Z","level":"info","event":"✓ delivery.delivery_order: 15 rows synced","logger":"task.stdout"}
{"timestamp":"2026-02-06T01:06:24.694781Z","level":"info","event":"✓ delivery.detail_do: 3 rows synced","logger":"task.stdout"}
{"timestamp":"2026-02-06T01:06:24.767624Z","level":"info","event":"✓ delivery.jenis_order: 5 rows synced","logger":"task.stdout"}
{"timestamp":"2026-02-06T01:06:24.839573Z","level":"info","event":"✓ delivery.attachment_gudang: 0 rows (table empty in source)","logger":"task.stdout"}
{"timestamp":"2026-02-06T01:06:24.923126Z","level":"info","event":"✓ activity.log_perjalanan_armada: 0 rows (table empty in source)","logger":"task.stdout"}
{"timestamp":"2026-02-06T01:06:24.997389Z","level":"info","event":"✓ activity.log_aktifitas_driver: 0 rows (table empty in source)","logger":"task.stdout"}
{"timestamp":"2026-02-06T01:06:25.072285Z","level":"info","event":"✓ activity.log_perangkat: 0 rows (table empty in source)","logger":"task.stdout"}
{"timestamp":"2026-02-06T01:06:25.138565Z","level":"info","event":"✓ activity.log_chat: 0 rows (table empty in source)","logger":"task.stdout"}
{"timestamp":"2026-02-06T01:06:25.211626Z","level":"info","event":"✓ activity.log_panggilan: 0 rows (table empty in source)","logger":"task.stdout"}
{"timestamp":"2026-02-06T01:06:25.287274Z","level":"info","event":"✓ activity.log_sensor: 0 rows (table empty in source)","logger":"task.stdout"}
{"timestamp":"2026-02-06T01:06:25.357252Z","level":"info","event":"✓ activity.alert_geofence: 0 rows (table empty in source)","logger":"task.stdout"}
{"timestamp":"2026-02-06T01:06:25.429888Z","level":"info","event":"✓ financial.orders: 5 rows synced","logger":"task.stdout"}
{"timestamp":"2026-02-06T01:06:25.508346Z","level":"info","event":"✓ financial.detail_po: 4 rows synced","logger":"task.stdout"}
{"timestamp":"2026-02-06T01:06:25.583138Z","level":"info","event":"✓ financial.jenis_transaksi: 1 rows synced","logger":"task.stdout"}
{"timestamp":"2026-02-06T01:06:25.650373Z","level":"info","event":"✓ financial.detail_qc: 0 rows (table empty in source)","logger":"task.stdout"}
{"timestamp":"2026-02-06T01:06:25.721739Z","level":"info","event":"✓ financial.bank: 0 rows (table empty in source)","logger":"task.stdout"}
{"timestamp":"2026-02-06T01:06:25.806570Z","level":"info","event":"✓ support.attachment: 12 rows synced","logger":"task.stdout"}
{"timestamp":"2026-02-06T01:06:25.882279Z","level":"info","event":"✓ support.jenis_file: 4 rows synced","logger":"task.stdout"}
{"timestamp":"2026-02-06T01:06:25.956862Z","level":"info","event":"✓ support.chat_room: 0 rows (table empty in source)","logger":"task.stdout"}
{"timestamp":"2026-02-06T01:06:26.032646Z","level":"info","event":"✓ support.attachment_chat: 0 rows (table empty in source)","logger":"task.stdout"}
{"timestamp":"2026-02-06T01:06:26.098272Z","level":"info","event":"✓ support.attachment_pengembalian: 0 rows (table empty in source)","logger":"task.stdout"}
{"timestamp":"2026-02-06T01:06:26.178040Z","level":"info","event":"✓ support.attachment_perangkat: 0 rows (table empty in source)","logger":"task.stdout"}
{"timestamp":"2026-02-06T01:06:26.242170Z","level":"info","event":"✓ support.attachment_qc: 0 rows (table empty in source)","logger":"task.stdout"}
{"timestamp":"2026-02-06T01:06:26.314646Z","level":"info","event":"ERROR syncing master.gudang: column \"uuid_tenant\" of relation \"gudang\" does not exist","logger":"task.stdout"}
{"timestamp":"2026-02-06T01:06:26.314834Z","level":"info","event":"LINE 1: ...a, diubah_oleh, diubah_pada, id_tenant, lat, lng, uuid_tenan...","logger":"task.stdout"}
{"timestamp":"2026-02-06T01:06:26.314940Z","level":"info","event":"                                                             ^","logger":"task.stdout"}
{"timestamp":"2026-02-06T01:06:26.315033Z","level":"info","event":"","logger":"task.stdout"}
{"timestamp":"2026-02-06T01:06:26.392979Z","level":"info","event":"✓ master.locations: 6 rows synced","logger":"task.stdout"}
{"timestamp":"2026-02-06T01:06:26.464717Z","level":"info","event":"✓ master.kategori_produk: 3 rows synced","logger":"task.stdout"}
{"timestamp":"2026-02-06T01:06:26.559456Z","level":"info","event":"✓ master.konversi: 13 rows synced","logger":"task.stdout"}
{"timestamp":"2026-02-06T01:06:26.644616Z","level":"info","event":"✓ master.jenis_satuan: 12 rows synced","logger":"task.stdout"}
{"timestamp":"2026-02-06T01:06:26.760203Z","level":"info","event":"✓ master.atribut: 0 rows (table empty in source)","logger":"task.stdout"}
{"timestamp":"2026-02-06T01:06:26.844343Z","level":"info","event":"✓ master.atribut_produk: 0 rows (table empty in source)","logger":"task.stdout"}
{"timestamp":"2026-02-06T01:06:26.920211Z","level":"info","event":"✓ master.kriteria_produk: 0 rows (table empty in source)","logger":"task.stdout"}
{"timestamp":"2026-02-06T01:06:26.988822Z","level":"info","event":"✓ master.geofence: 0 rows (table empty in source)","logger":"task.stdout"}
{"timestamp":"2026-02-06T01:06:27.057724Z","level":"info","event":"✓ master.jenis_insiden: 0 rows (table empty in source)","logger":"task.stdout"}
{"timestamp":"2026-02-06T01:06:27.134919Z","level":"info","event":"✓ master.jenis_notifikasi: 0 rows (table empty in source)","logger":"task.stdout"}
{"timestamp":"2026-02-06T01:06:27.219074Z","level":"info","event":"✓ master.laporan_darurat: 0 rows (table empty in source)","logger":"task.stdout"}
{"timestamp":"2026-02-06T01:06:27.295873Z","level":"info","event":"✓ master.rating: 0 rows (table empty in source)","logger":"task.stdout"}
{"timestamp":"2026-02-06T01:06:27.296201Z","level":"info","event":"","logger":"task.stdout"}
{"timestamp":"2026-02-06T01:06:27.296320Z","level":"info","event":"============================================================","logger":"task.stdout"}
{"timestamp":"2026-02-06T01:06:27.296417Z","level":"info","event":"SYNC SUMMARY","logger":"task.stdout"}
{"timestamp":"2026-02-06T01:06:27.296504Z","level":"info","event":"============================================================","logger":"task.stdout"}
{"timestamp":"2026-02-06T01:06:27.296602Z","level":"info","event":"✅ Success: 43 tables","logger":"task.stdout"}
{"timestamp":"2026-02-06T01:06:27.296728Z","level":"info","event":"❌ Failed: 3 tables","logger":"task.stdout"}
{"timestamp":"2026-02-06T01:06:27.296831Z","level":"info","event":"","logger":"task.stdout"}
{"timestamp":"2026-02-06T01:06:27.296928Z","level":"info","event":"Failed tables:","logger":"task.stdout"}
{"timestamp":"2026-02-06T01:06:27.297022Z","level":"info","event":"  - ERROR syncing weather.fact_weather_hourly: relation \"fact_weather_hourly\" does not exist","logger":"task.stdout"}
{"timestamp":"2026-02-06T01:06:27.297098Z","level":"info","event":"LINE 1: SELECT * FROM fact_weather_hourly LIMIT 0","logger":"task.stdout"}
{"timestamp":"2026-02-06T01:06:27.297157Z","level":"info","event":"                      ^","logger":"task.stdout"}
{"timestamp":"2026-02-06T01:06:27.297225Z","level":"info","event":"","logger":"task.stdout"}
{"timestamp":"2026-02-06T01:06:27.297291Z","level":"info","event":"  - ERROR syncing driver.kontak_darurat: relation \"kontak_darurat_pengemudi\" does not exist","logger":"task.stdout"}
{"timestamp":"2026-02-06T01:06:27.297367Z","level":"info","event":"LINE 1: SELECT * FROM kontak_darurat_pengemudi LIMIT 0","logger":"task.stdout"}
{"timestamp":"2026-02-06T01:06:27.297453Z","level":"info","event":"                      ^","logger":"task.stdout"}
{"timestamp":"2026-02-06T01:06:27.297549Z","level":"info","event":"","logger":"task.stdout"}
{"timestamp":"2026-02-06T01:06:27.297650Z","level":"info","event":"  - ERROR syncing master.gudang: column \"uuid_tenant\" of relation \"gudang\" does not exist","logger":"task.stdout"}
{"timestamp":"2026-02-06T01:06:27.297733Z","level":"info","event":"LINE 1: ...a, diubah_oleh, diubah_pada, id_tenant, lat, lng, uuid_tenan...","logger":"task.stdout"}
{"timestamp":"2026-02-06T01:06:27.297821Z","level":"info","event":"                                                             ^","logger":"task.stdout"}
{"timestamp":"2026-02-06T01:06:27.297944Z","level":"info","event":"","logger":"task.stdout"}
{"timestamp":"2026-02-06T01:06:27.298029Z","level":"info","event":"","logger":"task.stdout"}
{"timestamp":"2026-02-06T01:06:27.298125Z","level":"info","event":"Detailed results:","logger":"task.stdout"}
{"timestamp":"2026-02-06T01:06:27.298203Z","level":"info","event":"  ✓ driver.daftar_user: 25 rows","logger":"task.stdout"}
{"timestamp":"2026-02-06T01:06:27.298280Z","level":"info","event":"  ✓ driver.attachment_driver: 6 rows","logger":"task.stdout"}
{"timestamp":"2026-02-06T01:06:27.298480Z","level":"info","event":"  ✓ driver.laporan_pengemudi: 0 rows","logger":"task.stdout"}
{"timestamp":"2026-02-06T01:06:27.298596Z","level":"info","event":"  ✓ armada.armada_tms: 3 rows","logger":"task.stdout"}
{"timestamp":"2026-02-06T01:06:27.298678Z","level":"info","event":"  ✓ armada.jenis_armada: 19 rows","logger":"task.stdout"}
{"timestamp":"2026-02-06T01:06:27.298791Z","level":"info","event":"  ✓ armada.driver_armada: 2 rows","logger":"task.stdout"}
{"timestamp":"2026-02-06T01:06:27.298893Z","level":"info","event":"  ✓ armada.armada_perangkat: 0 rows","logger":"task.stdout"}
{"timestamp":"2026-02-06T01:06:27.298976Z","level":"info","event":"  ✓ armada.attachment_armada: 0 rows","logger":"task.stdout"}
{"timestamp":"2026-02-06T01:06:27.299049Z","level":"info","event":"  ✓ delivery.delivery_order: 15 rows","logger":"task.stdout"}
{"timestamp":"2026-02-06T01:06:27.299094Z","level":"info","event":"  ✓ delivery.detail_do: 3 rows","logger":"task.stdout"}
{"timestamp":"2026-02-06T01:06:27.299151Z","level":"info","event":"  ... and 33 more","logger":"task.stdout"}
{"timestamp":"2026-02-06T01:06:27.296390Z","level":"info","event":"Done. Returned value was: {'success_count': 43, 'failed_count': 3}","logger":"airflow.task.operators.airflow.providers.standard.operators.python.PythonOperator","filename":"python.py","lineno":215}
{"timestamp":"2026-02-06T01:06:27.296797Z","level":"info","event":"Pushing xcom","ti":"RuntimeTaskInstance(id=UUID('019c307c-5f40-755f-bb32-04266e87cb0e'), task_id='sync_warehouse_tables', dag_id='daily_warehouse_sync', run_id='manual__2026-02-06T01:06:21+00:00', try_number=1, dag_version_id=UUID('019c2ef3-01f9-7873-bef8-9dcfc091e296'), map_index=-1, hostname='OM-RAFIE.localdomain', context_carrier={}, task=<Task(PythonOperator): sync_warehouse_tables>, bundle_instance=LocalDagBundle(name=dags-folder), max_tries=2, start_date=datetime.datetime(2026, 2, 6, 1, 6, 23, 658606, tzinfo=datetime.timezone.utc), end_date=None, state=<TaskInstanceState.RUNNING: 'running'>, is_mapped=False, rendered_map_index=None)","logger":"task","filename":"task_runner.py","lineno":1360}
