{"timestamp":"2026-02-02T05:00:03.098914Z","level":"info","event":"DAG bundles loaded: dags-folder","logger":"airflow.dag_processing.bundles.manager.DagBundlesManager","filename":"manager.py","lineno":179}
{"timestamp":"2026-02-02T05:00:03.118585Z","level":"info","event":"Filling up the DagBag from /opt/airflow/dags/weather_data_fetch.py","logger":"airflow.models.dagbag.DagBag","filename":"dagbag.py","lineno":593}
{"timestamp":"2026-02-02T05:00:03.248018Z","level":"warning","event":"The `airflow.operators.python.PythonOperator` attribute is deprecated. Please use `'airflow.providers.standard.operators.python.PythonOperator'`.","category":"DeprecatedImportWarning","filename":"/opt/airflow/dags/weather_data_fetch.py","lineno":8,"logger":"py.warnings"}
{"timestamp":"2026-02-02T05:00:03.248285Z","level":"warning","event":"The `airflow.operators.bash.BashOperator` attribute is deprecated. Please use `'airflow.providers.standard.operators.bash.BashOperator'`.","category":"DeprecatedImportWarning","filename":"/opt/airflow/dags/weather_data_fetch.py","lineno":9,"logger":"py.warnings"}
{"timestamp":"2026-02-02T05:00:03.830742Z","level":"info","event":"","logger":"task.stdout"}
{"timestamp":"2026-02-02T05:00:03.830898Z","level":"info","event":"============================================================","logger":"task.stdout"}
{"timestamp":"2026-02-02T05:00:03.830995Z","level":"info","event":"🌦️ Fetching BMKG Weather Data","logger":"task.stdout"}
{"timestamp":"2026-02-02T05:00:03.831094Z","level":"info","event":"============================================================","logger":"task.stdout"}
{"timestamp":"2026-02-02T05:00:03.964221Z","level":"info","event":"","logger":"task.stdout"}
{"timestamp":"2026-02-02T05:00:03.964433Z","level":"info","event":"📍 Fetching weather for ADM4: 35.78.21.1004","logger":"task.stdout"}
{"timestamp":"2026-02-02T05:00:04.151240Z","level":"info","event":"   Parsed 20 weather records","logger":"task.stdout"}
{"timestamp":"2026-02-02T05:00:04.181716Z","level":"info","event":"","logger":"task.stdout"}
{"timestamp":"2026-02-02T05:00:04.181891Z","level":"info","event":"⚠️  Found 1 expired weather records to delete","logger":"task.stdout"}
{"timestamp":"2026-02-02T05:00:04.182305Z","level":"info","event":"   Time range: 2026-02-02 12:00:00 to 2026-02-02 12:00:00","logger":"task.stdout"}
{"timestamp":"2026-02-02T05:00:04.182483Z","level":"info","event":"   (waktu < NOW at 2026-02-02 12:00:04 WIB)","logger":"task.stdout"}
{"timestamp":"2026-02-02T05:00:04.186419Z","level":"info","event":"✅ Deleted 1 expired weather records","logger":"task.stdout"}
{"timestamp":"2026-02-02T05:00:04.208510Z","level":"info","event":"✓ Inserted 20 weather records","logger":"task.stdout"}
{"timestamp":"2026-02-02T05:00:04.208775Z","level":"info","event":"","logger":"task.stdout"}
{"timestamp":"2026-02-02T05:00:04.208839Z","level":"info","event":"📍 Fetching weather for ADM4: 35.25.14.1010","logger":"task.stdout"}
{"timestamp":"2026-02-02T05:00:04.422429Z","level":"info","event":"   Parsed 20 weather records","logger":"task.stdout"}
{"timestamp":"2026-02-02T05:00:04.432924Z","level":"info","event":"","logger":"task.stdout"}
{"timestamp":"2026-02-02T05:00:04.433060Z","level":"info","event":"⚠️  Found 3 expired weather records to delete","logger":"task.stdout"}
{"timestamp":"2026-02-02T05:00:04.433114Z","level":"info","event":"   Time range: 2026-02-02 05:00:00 to 2026-02-02 11:00:00","logger":"task.stdout"}
{"timestamp":"2026-02-02T05:00:04.433201Z","level":"info","event":"   (waktu < NOW at 2026-02-02 12:00:04 WIB)","logger":"task.stdout"}
{"timestamp":"2026-02-02T05:00:04.433312Z","level":"info","event":"✅ Deleted 3 expired weather records","logger":"task.stdout"}
{"timestamp":"2026-02-02T05:00:04.440868Z","level":"info","event":"✓ Inserted 20 weather records","logger":"task.stdout"}
{"timestamp":"2026-02-02T05:00:04.441006Z","level":"info","event":"","logger":"task.stdout"}
{"timestamp":"2026-02-02T05:00:04.441060Z","level":"info","event":"============================================================","logger":"task.stdout"}
{"timestamp":"2026-02-02T05:00:04.441438Z","level":"info","event":"✓ Total records inserted: 40","logger":"task.stdout"}
{"timestamp":"2026-02-02T05:00:04.441522Z","level":"info","event":"============================================================","logger":"task.stdout"}
{"timestamp":"2026-02-02T05:00:04.441001Z","level":"info","event":"Done. Returned value was: 40","logger":"airflow.task.operators.airflow.providers.standard.operators.python.PythonOperator","filename":"python.py","lineno":215}
{"timestamp":"2026-02-02T05:00:04.441708Z","level":"info","event":"Pushing xcom","ti":"RuntimeTaskInstance(id=UUID('019c1cb8-d2ff-76a6-b46c-4152c812e8ee'), task_id='fetch_bmkg_weather', dag_id='weather_data_fetch', run_id='scheduled__2026-02-02T05:00:00+00:00', try_number=1, dag_version_id=UUID('019c0dd4-58cf-774a-9f83-a68201e36c2d'), map_index=-1, hostname='OM-RAFIE.localdomain', context_carrier={}, task=<Task(PythonOperator): fetch_bmkg_weather>, bundle_instance=LocalDagBundle(name=dags-folder), max_tries=2, start_date=datetime.datetime(2026, 2, 2, 5, 0, 2, 282396, tzinfo=datetime.timezone.utc), end_date=None, state=<TaskInstanceState.RUNNING: 'running'>, is_mapped=False, rendered_map_index=None)","logger":"task","filename":"task_runner.py","lineno":1360}
