{"timestamp":"2026-02-03T10:45:45.833531Z","level":"info","event":"DAG bundles loaded: dags-folder","logger":"airflow.dag_processing.bundles.manager.DagBundlesManager","filename":"manager.py","lineno":179}
{"timestamp":"2026-02-03T10:45:45.836139Z","level":"info","event":"Filling up the DagBag from /opt/airflow/dags/daily_warehouse_sync_upd.py","logger":"airflow.models.dagbag.DagBag","filename":"dagbag.py","lineno":593}
{"timestamp":"2026-02-03T10:45:46.418866Z","level":"warning","event":"The `airflow.operators.python.PythonOperator` attribute is deprecated. Please use `'airflow.providers.standard.operators.python.PythonOperator'`.","category":"DeprecatedImportWarning","filename":"/opt/airflow/dags/daily_warehouse_sync_upd.py","lineno":8,"logger":"py.warnings"}
{"timestamp":"2026-02-03T10:45:46.419076Z","level":"warning","event":"The `airflow.operators.bash.BashOperator` attribute is deprecated. Please use `'airflow.providers.standard.operators.bash.BashOperator'`.","category":"DeprecatedImportWarning","filename":"/opt/airflow/dags/daily_warehouse_sync_upd.py","lineno":9,"logger":"py.warnings"}
{"timestamp":"2026-02-03T10:45:46.728133Z","level":"info","event":"============================================================","logger":"task.stdout"}
{"timestamp":"2026-02-03T10:45:46.728296Z","level":"info","event":"Starting daily warehouse sync...","logger":"task.stdout"}
{"timestamp":"2026-02-03T10:45:46.728373Z","level":"info","event":"============================================================","logger":"task.stdout"}
{"timestamp":"2026-02-03T10:45:46.728440Z","level":"info","event":"","logger":"task.stdout"}
{"timestamp":"2026-02-03T10:45:46.728486Z","level":"info","event":"📍 PRIORITY: Syncing WEATHER data first...","logger":"task.stdout"}
{"timestamp":"2026-02-03T10:48:01.931911Z","level":"info","event":"ERROR syncing weather.fact_weather_hourly: connection to server at \"devom.silog.co.id\" (103.165.247.93), port 5432 failed: Connection timed out","logger":"task.stdout"}
{"timestamp":"2026-02-03T10:48:01.932283Z","level":"info","event":"\tIs the server running on that host and accepting TCP/IP connections?","logger":"task.stdout"}
{"timestamp":"2026-02-03T10:48:01.932420Z","level":"info","event":"","logger":"task.stdout"}
{"timestamp":"2026-02-03T10:48:01.932533Z","level":"info","event":"","logger":"task.stdout"}
{"timestamp":"2026-02-03T10:48:01.932630Z","level":"info","event":"📊 Syncing other schemas...","logger":"task.stdout"}
{"timestamp":"2026-02-03T10:50:17.099143Z","level":"info","event":"ERROR syncing driver.daftar_user: connection to server at \"devom.silog.co.id\" (103.165.247.93), port 5432 failed: Connection timed out","logger":"task.stdout"}
{"timestamp":"2026-02-03T10:50:17.099450Z","level":"info","event":"\tIs the server running on that host and accepting TCP/IP connections?","logger":"task.stdout"}
{"timestamp":"2026-02-03T10:50:17.099553Z","level":"info","event":"","logger":"task.stdout"}
{"timestamp":"2026-02-03T10:52:32.267131Z","level":"info","event":"ERROR syncing driver.attachment_driver: connection to server at \"devom.silog.co.id\" (103.165.247.93), port 5432 failed: Connection timed out","logger":"task.stdout"}
{"timestamp":"2026-02-03T10:52:32.267376Z","level":"info","event":"\tIs the server running on that host and accepting TCP/IP connections?","logger":"task.stdout"}
{"timestamp":"2026-02-03T10:52:32.267476Z","level":"info","event":"","logger":"task.stdout"}
{"timestamp":"2026-02-03T10:54:47.435154Z","level":"info","event":"ERROR syncing driver.laporan_pengemudi: connection to server at \"devom.silog.co.id\" (103.165.247.93), port 5432 failed: Connection timed out","logger":"task.stdout"}
{"timestamp":"2026-02-03T10:54:47.435425Z","level":"info","event":"\tIs the server running on that host and accepting TCP/IP connections?","logger":"task.stdout"}
{"timestamp":"2026-02-03T10:54:47.435530Z","level":"info","event":"","logger":"task.stdout"}
