{"timestamp":"2026-02-06T01:00:06.133387Z","level":"info","event":"DAG bundles loaded: dags-folder","logger":"airflow.dag_processing.bundles.manager.DagBundlesManager","filename":"manager.py","lineno":179}
{"timestamp":"2026-02-06T01:00:06.134731Z","level":"info","event":"Filling up the DagBag from /opt/airflow/dags/weather_data_fetch.py","logger":"airflow.models.dagbag.DagBag","filename":"dagbag.py","lineno":593}
{"timestamp":"2026-02-06T01:00:06.156284Z","level":"warning","event":"The `airflow.operators.python.PythonOperator` attribute is deprecated. Please use `'airflow.providers.standard.operators.python.PythonOperator'`.","category":"DeprecatedImportWarning","filename":"/opt/airflow/dags/weather_data_fetch.py","lineno":8,"logger":"py.warnings"}
{"timestamp":"2026-02-06T01:00:06.156478Z","level":"warning","event":"The `airflow.operators.bash.BashOperator` attribute is deprecated. Please use `'airflow.providers.standard.operators.bash.BashOperator'`.","category":"DeprecatedImportWarning","filename":"/opt/airflow/dags/weather_data_fetch.py","lineno":9,"logger":"py.warnings"}
{"timestamp":"2026-02-06T01:00:06.207684Z","level":"info","event":"","logger":"task.stdout"}
{"timestamp":"2026-02-06T01:00:06.207973Z","level":"info","event":"============================================================","logger":"task.stdout"}
{"timestamp":"2026-02-06T01:00:06.208160Z","level":"info","event":"✓ Weather data verification:","logger":"task.stdout"}
{"timestamp":"2026-02-06T01:00:06.208259Z","level":"info","event":"  Total records in database: 105","logger":"task.stdout"}
{"timestamp":"2026-02-06T01:00:06.208358Z","level":"info","event":"  Latest records:","logger":"task.stdout"}
{"timestamp":"2026-02-06T01:00:06.208464Z","level":"info","event":"    - Gresik | 2026-02-06 07:00:00 | Hujan Petir | 29.0°C","logger":"task.stdout"}
{"timestamp":"2026-02-06T01:00:06.208725Z","level":"info","event":"    - Gresik | 2026-02-06 04:00:00 | Cerah Berawan | 31.0°C","logger":"task.stdout"}
{"timestamp":"2026-02-06T01:00:06.208924Z","level":"info","event":"    - Gresik | 2026-02-06 01:00:00 | Berawan | 28.0°C","logger":"task.stdout"}
{"timestamp":"2026-02-06T01:00:06.209083Z","level":"info","event":"    - Gresik | 2026-02-08 16:00:00 | Berawan | 25.0°C","logger":"task.stdout"}
{"timestamp":"2026-02-06T01:00:06.209181Z","level":"info","event":"    - Gresik | 2026-02-08 13:00:00 | Berawan | 25.0°C","logger":"task.stdout"}
{"timestamp":"2026-02-06T01:00:06.209295Z","level":"info","event":"============================================================","logger":"task.stdout"}
{"timestamp":"2026-02-06T01:00:06.209259Z","level":"info","event":"Done. Returned value was: None","logger":"airflow.task.operators.airflow.providers.standard.operators.python.PythonOperator","filename":"python.py","lineno":215}
{"timestamp":"2026-02-06T01:55:53.362301Z","level":"info","event":"DAG bundles loaded: dags-folder","logger":"airflow.dag_processing.bundles.manager.DagBundlesManager","filename":"manager.py","lineno":179}
{"timestamp":"2026-02-06T01:55:53.363136Z","level":"info","event":"Filling up the DagBag from /opt/airflow/dags/weather_data_fetch.py","logger":"airflow.models.dagbag.DagBag","filename":"dagbag.py","lineno":593}
{"timestamp":"2026-02-06T01:55:53.374391Z","level":"warning","event":"The `airflow.operators.python.PythonOperator` attribute is deprecated. Please use `'airflow.providers.standard.operators.python.PythonOperator'`.","category":"DeprecatedImportWarning","filename":"/opt/airflow/dags/weather_data_fetch.py","lineno":8,"logger":"py.warnings"}
{"timestamp":"2026-02-06T01:55:53.374498Z","level":"warning","event":"The `airflow.operators.bash.BashOperator` attribute is deprecated. Please use `'airflow.providers.standard.operators.bash.BashOperator'`.","category":"DeprecatedImportWarning","filename":"/opt/airflow/dags/weather_data_fetch.py","lineno":9,"logger":"py.warnings"}
{"timestamp":"2026-02-06T01:55:53.406214Z","level":"info","event":"","logger":"task.stdout"}
{"timestamp":"2026-02-06T01:55:53.406590Z","level":"info","event":"============================================================","logger":"task.stdout"}
{"timestamp":"2026-02-06T01:55:53.406832Z","level":"info","event":"✓ Weather data verification:","logger":"task.stdout"}
{"timestamp":"2026-02-06T01:55:53.406912Z","level":"info","event":"  Total records in database: 115","logger":"task.stdout"}
{"timestamp":"2026-02-06T01:55:53.406957Z","level":"info","event":"  Latest records:","logger":"task.stdout"}
{"timestamp":"2026-02-06T01:55:53.406998Z","level":"info","event":"    - Gresik | 2026-02-06 08:00:00 | Hujan Ringan | 28.0°C","logger":"task.stdout"}
{"timestamp":"2026-02-06T01:55:53.407036Z","level":"info","event":"    - Gresik | 2026-02-06 05:00:00 | Cerah Berawan | 30.0°C","logger":"task.stdout"}
{"timestamp":"2026-02-06T01:55:53.407073Z","level":"info","event":"    - Gresik | 2026-02-06 02:00:00 | Cerah | 29.0°C","logger":"task.stdout"}
{"timestamp":"2026-02-06T01:55:53.407109Z","level":"info","event":"    - Gresik | 2026-02-08 14:00:00 | Berawan | 25.0°C","logger":"task.stdout"}
{"timestamp":"2026-02-06T01:55:53.407145Z","level":"info","event":"    - Gresik | 2026-02-08 11:00:00 | Berawan | 26.0°C","logger":"task.stdout"}
{"timestamp":"2026-02-06T01:55:53.407181Z","level":"info","event":"============================================================","logger":"task.stdout"}
{"timestamp":"2026-02-06T01:55:53.407400Z","level":"info","event":"Done. Returned value was: None","logger":"airflow.task.operators.airflow.providers.standard.operators.python.PythonOperator","filename":"python.py","lineno":215}
