{"timestamp":"2026-01-20T01:13:23.064046Z","level":"info","event":"DAG bundles loaded: dags-folder","logger":"airflow.dag_processing.bundles.manager.DagBundlesManager","filename":"manager.py","lineno":179}
{"timestamp":"2026-01-20T01:13:23.069984Z","level":"info","event":"Filling up the DagBag from /opt/airflow/dags/explore_database_schema.py","logger":"airflow.models.dagbag.DagBag","filename":"dagbag.py","lineno":593}
{"timestamp":"2026-01-20T01:13:23.161876Z","level":"warning","event":"The `airflow.operators.python.PythonOperator` attribute is deprecated. Please use `'airflow.providers.standard.operators.python.PythonOperator'`.","category":"DeprecatedImportWarning","filename":"/opt/airflow/dags/explore_database_schema.py","lineno":5,"logger":"py.warnings"}
{"timestamp":"2026-01-20T01:13:23.352472Z","level":"info","event":"","logger":"task.stdout"}
{"timestamp":"2026-01-20T01:13:23.352705Z","level":"info","event":"====================================================================================================","logger":"task.stdout"}
{"timestamp":"2026-01-20T01:13:23.352820Z","level":"info","event":"RECORD COUNT BY TABLE","logger":"task.stdout"}
{"timestamp":"2026-01-20T01:13:23.352969Z","level":"info","event":"====================================================================================================","logger":"task.stdout"}
{"timestamp":"2026-01-20T01:13:23.353211Z","level":"info","event":"  Schema               Table                                    Record Count","logger":"task.stdout"}
{"timestamp":"2026-01-20T01:13:23.353292Z","level":"info","event":"----------------------------------------------------------------------------------------------------","logger":"task.stdout"}
{"timestamp":"2026-01-20T01:13:23.353942Z","level":"info","event":"  public               alembic_version                          1","logger":"task.stdout"}
{"timestamp":"2026-01-20T01:13:23.355778Z","level":"info","event":"  public               asset                                    0","logger":"task.stdout"}
{"timestamp":"2026-01-20T01:13:23.358198Z","level":"info","event":"  public               asset_active                             0","logger":"task.stdout"}
{"timestamp":"2026-01-20T01:13:23.360878Z","level":"info","event":"  public               asset_alias                              0","logger":"task.stdout"}
{"timestamp":"2026-01-20T01:13:23.362326Z","level":"info","event":"  public               asset_alias_asset                        0","logger":"task.stdout"}
{"timestamp":"2026-01-20T01:13:23.364669Z","level":"info","event":"  public               asset_alias_asset_event                  0","logger":"task.stdout"}
{"timestamp":"2026-01-20T01:13:23.365494Z","level":"info","event":"  public               asset_dag_run_queue                      0","logger":"task.stdout"}
{"timestamp":"2026-01-20T01:13:23.366123Z","level":"info","event":"  public               asset_event                              0","logger":"task.stdout"}
{"timestamp":"2026-01-20T01:13:23.368100Z","level":"info","event":"  public               asset_trigger                            0","logger":"task.stdout"}
{"timestamp":"2026-01-20T01:13:23.368978Z","level":"info","event":"  public               backfill                                 0","logger":"task.stdout"}
{"timestamp":"2026-01-20T01:13:23.369741Z","level":"info","event":"  public               backfill_dag_run                         0","logger":"task.stdout"}
{"timestamp":"2026-01-20T01:13:23.370541Z","level":"info","event":"  public               callback_request                         0","logger":"task.stdout"}
{"timestamp":"2026-01-20T01:13:23.375231Z","level":"info","event":"  public               connection                               1","logger":"task.stdout"}
{"timestamp":"2026-01-20T01:13:23.376928Z","level":"info","event":"  public               dag                                      6","logger":"task.stdout"}
{"timestamp":"2026-01-20T01:13:23.377965Z","level":"info","event":"  public               dag_bundle                               1","logger":"task.stdout"}
{"timestamp":"2026-01-20T01:13:23.379520Z","level":"info","event":"  public               dag_bundle_team                          0","logger":"task.stdout"}
{"timestamp":"2026-01-20T01:13:23.381024Z","level":"info","event":"  public               dag_code                                 13","logger":"task.stdout"}
{"timestamp":"2026-01-20T01:13:23.382146Z","level":"info","event":"  public               dag_favorite                             0","logger":"task.stdout"}
{"timestamp":"2026-01-20T01:13:23.383434Z","level":"info","event":"  public               dag_owner_attributes                     0","logger":"task.stdout"}
{"timestamp":"2026-01-20T01:13:23.384585Z","level":"info","event":"  public               dag_priority_parsing_request             0","logger":"task.stdout"}
{"timestamp":"2026-01-20T01:13:23.389160Z","level":"info","event":"  public               dag_run                                  9","logger":"task.stdout"}
{"timestamp":"2026-01-20T01:13:23.390775Z","level":"info","event":"  public               dag_run_note                             0","logger":"task.stdout"}
{"timestamp":"2026-01-20T01:13:23.392079Z","level":"info","event":"  public               dag_schedule_asset_alias_reference       0","logger":"task.stdout"}
{"timestamp":"2026-01-20T01:13:23.392867Z","level":"info","event":"  public               dag_schedule_asset_name_reference        0","logger":"task.stdout"}
{"timestamp":"2026-01-20T01:13:23.395068Z","level":"info","event":"  public               dag_schedule_asset_reference             0","logger":"task.stdout"}
{"timestamp":"2026-01-20T01:13:23.396131Z","level":"info","event":"  public               dag_schedule_asset_uri_reference         0","logger":"task.stdout"}
{"timestamp":"2026-01-20T01:13:23.397624Z","level":"info","event":"  public               dag_tag                                  10","logger":"task.stdout"}
{"timestamp":"2026-01-20T01:13:23.398444Z","level":"info","event":"  public               dag_version                              13","logger":"task.stdout"}
{"timestamp":"2026-01-20T01:13:23.399159Z","level":"info","event":"  public               dag_warning                              0","logger":"task.stdout"}
{"timestamp":"2026-01-20T01:13:23.400432Z","level":"info","event":"  public               dagrun_asset_event                       0","logger":"task.stdout"}
{"timestamp":"2026-01-20T01:13:23.401315Z","level":"info","event":"  public               deadline                                 0","logger":"task.stdout"}
{"timestamp":"2026-01-20T01:13:23.402399Z","level":"info","event":"  public               hitl_detail                              0","logger":"task.stdout"}
{"timestamp":"2026-01-20T01:13:23.403424Z","level":"info","event":"  public               import_error                             0","logger":"task.stdout"}
{"timestamp":"2026-01-20T01:13:23.404983Z","level":"info","event":"  public               job                                      21","logger":"task.stdout"}
{"timestamp":"2026-01-20T01:13:23.408100Z","level":"info","event":"  public               log                                      65","logger":"task.stdout"}
{"timestamp":"2026-01-20T01:13:23.408814Z","level":"info","event":"  public               log_template                             2","logger":"task.stdout"}
{"timestamp":"2026-01-20T01:13:23.409463Z","level":"info","event":"  public               rendered_task_instance_fields            15","logger":"task.stdout"}
{"timestamp":"2026-01-20T01:13:23.410817Z","level":"info","event":"  public               serialized_dag                           13","logger":"task.stdout"}
{"timestamp":"2026-01-20T01:13:23.411825Z","level":"info","event":"  public               slot_pool                                1","logger":"task.stdout"}
{"timestamp":"2026-01-20T01:13:23.412767Z","level":"info","event":"  public               task_inlet_asset_reference               0","logger":"task.stdout"}
{"timestamp":"2026-01-20T01:13:23.414561Z","level":"info","event":"  public               task_instance                            16","logger":"task.stdout"}
{"timestamp":"2026-01-20T01:13:23.416405Z","level":"info","event":"  public               task_instance_history                    0","logger":"task.stdout"}
{"timestamp":"2026-01-20T01:13:23.417641Z","level":"info","event":"  public               task_instance_note                       0","logger":"task.stdout"}
{"timestamp":"2026-01-20T01:13:23.419493Z","level":"info","event":"  public               task_map                                 0","logger":"task.stdout"}
{"timestamp":"2026-01-20T01:13:23.421121Z","level":"info","event":"  public               task_outlet_asset_reference              0","logger":"task.stdout"}
{"timestamp":"2026-01-20T01:13:23.422109Z","level":"info","event":"  public               task_reschedule                          0","logger":"task.stdout"}
{"timestamp":"2026-01-20T01:13:23.423328Z","level":"info","event":"  public               team                                     0","logger":"task.stdout"}
{"timestamp":"2026-01-20T01:13:23.423981Z","level":"info","event":"  public               trigger                                  0","logger":"task.stdout"}
{"timestamp":"2026-01-20T01:13:23.424843Z","level":"info","event":"  public               variable                                 0","logger":"task.stdout"}
{"timestamp":"2026-01-20T01:13:23.425789Z","level":"info","event":"  public               xcom                                     21","logger":"task.stdout"}
{"timestamp":"2026-01-20T01:13:23.425958Z","level":"info","event":"----------------------------------------------------------------------------------------------------","logger":"task.stdout"}
{"timestamp":"2026-01-20T01:13:23.426091Z","level":"info","event":"  TOTAL                                                        208","logger":"task.stdout"}
{"timestamp":"2026-01-20T01:13:23.426222Z","level":"info","event":"====================================================================================================","logger":"task.stdout"}
{"timestamp":"2026-01-20T01:13:23.426351Z","level":"info","event":"","logger":"task.stdout"}
{"timestamp":"2026-01-20T01:13:23.428937Z","level":"info","event":"Done. Returned value was: None","logger":"airflow.task.operators.airflow.providers.standard.operators.python.PythonOperator","filename":"python.py","lineno":215}
