{"timestamp":"2026-02-05T14:00:00.592006Z","level":"info","event":"DAG bundles loaded: dags-folder","logger":"airflow.dag_processing.bundles.manager.DagBundlesManager","filename":"manager.py","lineno":179}
{"timestamp":"2026-02-05T14:00:00.593926Z","level":"info","event":"Filling up the DagBag from /opt/airflow/dags/weather_data_fetch.py","logger":"airflow.models.dagbag.DagBag","filename":"dagbag.py","lineno":593}
{"timestamp":"2026-02-05T14:00:00.658886Z","level":"warning","event":"The `airflow.operators.python.PythonOperator` attribute is deprecated. Please use `'airflow.providers.standard.operators.python.PythonOperator'`.","category":"DeprecatedImportWarning","filename":"/opt/airflow/dags/weather_data_fetch.py","lineno":8,"logger":"py.warnings"}
{"timestamp":"2026-02-05T14:00:00.659037Z","level":"warning","event":"The `airflow.operators.bash.BashOperator` attribute is deprecated. Please use `'airflow.providers.standard.operators.bash.BashOperator'`.","category":"DeprecatedImportWarning","filename":"/opt/airflow/dags/weather_data_fetch.py","lineno":9,"logger":"py.warnings"}
{"timestamp":"2026-02-05T14:00:00.938812Z","level":"info","event":"","logger":"task.stdout"}
{"timestamp":"2026-02-05T14:00:00.938961Z","level":"info","event":"============================================================","logger":"task.stdout"}
{"timestamp":"2026-02-05T14:00:00.939013Z","level":"info","event":"🌦️ Fetching BMKG Weather Data","logger":"task.stdout"}
{"timestamp":"2026-02-05T14:00:00.939141Z","level":"info","event":"============================================================","logger":"task.stdout"}
{"timestamp":"2026-02-05T14:00:00.998019Z","level":"info","event":"","logger":"task.stdout"}
{"timestamp":"2026-02-05T14:00:00.998179Z","level":"info","event":"📍 Fetching weather for ADM4: 35.78.21.1004","logger":"task.stdout"}
{"timestamp":"2026-02-05T14:00:01.294508Z","level":"info","event":"   Parsed 17 weather records","logger":"task.stdout"}
{"timestamp":"2026-02-05T14:00:01.311011Z","level":"info","event":"","logger":"task.stdout"}
{"timestamp":"2026-02-05T14:00:01.311231Z","level":"info","event":"⚠️  Found 2 expired weather records to delete","logger":"task.stdout"}
{"timestamp":"2026-02-05T14:00:01.311363Z","level":"info","event":"   Time range: 2026-02-05 21:00:00 to 2026-02-05 21:00:00","logger":"task.stdout"}
{"timestamp":"2026-02-05T14:00:01.311473Z","level":"info","event":"   (waktu < NOW at 2026-02-05 21:00:01 WIB)","logger":"task.stdout"}
{"timestamp":"2026-02-05T14:00:01.312958Z","level":"info","event":"✅ Deleted 2 expired weather records","logger":"task.stdout"}
{"timestamp":"2026-02-05T14:00:01.322790Z","level":"info","event":"✓ Inserted 17 weather records","logger":"task.stdout"}
{"timestamp":"2026-02-05T14:00:01.322936Z","level":"info","event":"","logger":"task.stdout"}
{"timestamp":"2026-02-05T14:00:01.322978Z","level":"info","event":"📍 Fetching weather for ADM4: 35.25.14.1010","logger":"task.stdout"}
{"timestamp":"2026-02-05T14:00:01.923313Z","level":"info","event":"   Parsed 17 weather records","logger":"task.stdout"}
{"timestamp":"2026-02-05T14:00:01.934238Z","level":"info","event":"","logger":"task.stdout"}
{"timestamp":"2026-02-05T14:00:01.934358Z","level":"info","event":"⚠️  Found 3 expired weather records to delete","logger":"task.stdout"}
{"timestamp":"2026-02-05T14:00:01.934402Z","level":"info","event":"   Time range: 2026-02-05 14:00:00 to 2026-02-05 20:00:00","logger":"task.stdout"}
{"timestamp":"2026-02-05T14:00:01.934486Z","level":"info","event":"   (waktu < NOW at 2026-02-05 21:00:01 WIB)","logger":"task.stdout"}
{"timestamp":"2026-02-05T14:00:01.934546Z","level":"info","event":"✅ Deleted 3 expired weather records","logger":"task.stdout"}
{"timestamp":"2026-02-05T14:00:01.944378Z","level":"info","event":"✓ Inserted 17 weather records","logger":"task.stdout"}
{"timestamp":"2026-02-05T14:00:01.944538Z","level":"info","event":"","logger":"task.stdout"}
{"timestamp":"2026-02-05T14:00:01.944591Z","level":"info","event":"============================================================","logger":"task.stdout"}
{"timestamp":"2026-02-05T14:00:01.944651Z","level":"info","event":"✓ Total records inserted: 34","logger":"task.stdout"}
{"timestamp":"2026-02-05T14:00:01.944696Z","level":"info","event":"============================================================","logger":"task.stdout"}
{"timestamp":"2026-02-05T14:00:01.944539Z","level":"info","event":"Done. Returned value was: 34","logger":"airflow.task.operators.airflow.providers.standard.operators.python.PythonOperator","filename":"python.py","lineno":215}
{"timestamp":"2026-02-05T14:00:01.944952Z","level":"info","event":"Pushing xcom","ti":"RuntimeTaskInstance(id=UUID('019c2e1a-47f6-777d-91e1-4e43b458a5eb'), task_id='fetch_bmkg_weather', dag_id='weather_data_fetch', run_id='scheduled__2026-02-05T14:00:00+00:00', try_number=1, dag_version_id=UUID('019c0dd4-58cf-774a-9f83-a68201e36c2d'), map_index=-1, hostname='OM-RAFIE.localdomain', context_carrier={}, task=<Task(PythonOperator): fetch_bmkg_weather>, bundle_instance=LocalDagBundle(name=dags-folder), max_tries=2, start_date=datetime.datetime(2026, 2, 5, 14, 0, 0, 506139, tzinfo=datetime.timezone.utc), end_date=None, state=<TaskInstanceState.RUNNING: 'running'>, is_mapped=False, rendered_map_index=None)","logger":"task","filename":"task_runner.py","lineno":1360}
