{"timestamp":"2026-02-05T14:12:17.075394Z","level":"info","event":"DAG bundles loaded: dags-folder","logger":"airflow.dag_processing.bundles.manager.DagBundlesManager","filename":"manager.py","lineno":179}
{"timestamp":"2026-02-05T14:12:17.076232Z","level":"info","event":"Filling up the DagBag from /opt/airflow/dags/daily_warehouse_sync_upd.py","logger":"airflow.models.dagbag.DagBag","filename":"dagbag.py","lineno":593}
{"timestamp":"2026-02-05T14:12:17.302932Z","level":"warning","event":"The `airflow.operators.python.PythonOperator` attribute is deprecated. Please use `'airflow.providers.standard.operators.python.PythonOperator'`.","category":"DeprecatedImportWarning","filename":"/opt/airflow/dags/daily_warehouse_sync_upd.py","lineno":8,"logger":"py.warnings"}
{"timestamp":"2026-02-05T14:12:17.303089Z","level":"warning","event":"The `airflow.operators.bash.BashOperator` attribute is deprecated. Please use `'airflow.providers.standard.operators.bash.BashOperator'`.","category":"DeprecatedImportWarning","filename":"/opt/airflow/dags/daily_warehouse_sync_upd.py","lineno":9,"logger":"py.warnings"}
{"timestamp":"2026-02-05T14:12:17.321375Z","level":"info","event":"============================================================","logger":"task.stdout"}
{"timestamp":"2026-02-05T14:12:17.321527Z","level":"info","event":"Starting daily warehouse sync...","logger":"task.stdout"}
{"timestamp":"2026-02-05T14:12:17.321582Z","level":"info","event":"============================================================","logger":"task.stdout"}
{"timestamp":"2026-02-05T14:12:17.321627Z","level":"info","event":"","logger":"task.stdout"}
{"timestamp":"2026-02-05T14:12:17.321668Z","level":"info","event":"📍 PRIORITY: Syncing WEATHER data first...","logger":"task.stdout"}
{"timestamp":"2026-02-05T14:14:31.996474Z","level":"info","event":"ERROR syncing weather.fact_weather_hourly: connection to server at \"devom.silog.co.id\" (103.165.247.93), port 5432 failed: Connection timed out","logger":"task.stdout"}
{"timestamp":"2026-02-05T14:14:31.996876Z","level":"info","event":"\tIs the server running on that host and accepting TCP/IP connections?","logger":"task.stdout"}
{"timestamp":"2026-02-05T14:14:31.997060Z","level":"info","event":"","logger":"task.stdout"}
{"timestamp":"2026-02-05T14:14:31.997237Z","level":"info","event":"","logger":"task.stdout"}
{"timestamp":"2026-02-05T14:14:31.997333Z","level":"info","event":"📊 Syncing other schemas...","logger":"task.stdout"}
{"timestamp":"2026-02-05T14:16:47.164209Z","level":"info","event":"ERROR syncing driver.daftar_user: connection to server at \"devom.silog.co.id\" (103.165.247.93), port 5432 failed: Connection timed out","logger":"task.stdout"}
{"timestamp":"2026-02-05T14:16:47.164457Z","level":"info","event":"\tIs the server running on that host and accepting TCP/IP connections?","logger":"task.stdout"}
{"timestamp":"2026-02-05T14:16:47.164568Z","level":"info","event":"","logger":"task.stdout"}
{"timestamp":"2026-02-05T14:19:02.332017Z","level":"info","event":"ERROR syncing driver.attachment_driver: connection to server at \"devom.silog.co.id\" (103.165.247.93), port 5432 failed: Connection timed out","logger":"task.stdout"}
{"timestamp":"2026-02-05T14:19:02.332217Z","level":"info","event":"\tIs the server running on that host and accepting TCP/IP connections?","logger":"task.stdout"}
{"timestamp":"2026-02-05T14:19:02.332310Z","level":"info","event":"","logger":"task.stdout"}
{"timestamp":"2026-02-05T14:21:17.500149Z","level":"info","event":"ERROR syncing driver.laporan_pengemudi: connection to server at \"devom.silog.co.id\" (103.165.247.93), port 5432 failed: Connection timed out","logger":"task.stdout"}
{"timestamp":"2026-02-05T14:21:17.500371Z","level":"info","event":"\tIs the server running on that host and accepting TCP/IP connections?","logger":"task.stdout"}
{"timestamp":"2026-02-05T14:21:17.500440Z","level":"info","event":"","logger":"task.stdout"}
{"timestamp":"2026-02-05T14:23:32.668215Z","level":"info","event":"ERROR syncing driver.kontak_darurat: connection to server at \"devom.silog.co.id\" (103.165.247.93), port 5432 failed: Connection timed out","logger":"task.stdout"}
{"timestamp":"2026-02-05T14:23:32.668433Z","level":"info","event":"\tIs the server running on that host and accepting TCP/IP connections?","logger":"task.stdout"}
{"timestamp":"2026-02-05T14:23:32.668506Z","level":"info","event":"","logger":"task.stdout"}
{"timestamp":"2026-02-05T14:24:32.883777Z","level":"error","event":"Server indicated the task shouldn't be running anymore. Terminating process","detail":{"detail":{"reason":"not_running","message":"TI is no longer in the running state and task should terminate","current_state":"removed"}},"logger":"task"}
{"timestamp":"2026-02-05T14:24:37.924439Z","level":"error","event":"Task killed!","logger":"task"}
