{"timestamp":"2026-02-02T02:00:02.018141Z","level":"info","event":"DAG bundles loaded: dags-folder","logger":"airflow.dag_processing.bundles.manager.DagBundlesManager","filename":"manager.py","lineno":179}
{"timestamp":"2026-02-02T02:00:02.022788Z","level":"info","event":"Filling up the DagBag from /opt/airflow/dags/weather_data_fetch.py","logger":"airflow.models.dagbag.DagBag","filename":"dagbag.py","lineno":593}
{"timestamp":"2026-02-02T02:00:02.097073Z","level":"warning","event":"The `airflow.operators.python.PythonOperator` attribute is deprecated. Please use `'airflow.providers.standard.operators.python.PythonOperator'`.","category":"DeprecatedImportWarning","filename":"/opt/airflow/dags/weather_data_fetch.py","lineno":8,"logger":"py.warnings"}
{"timestamp":"2026-02-02T02:00:02.097248Z","level":"warning","event":"The `airflow.operators.bash.BashOperator` attribute is deprecated. Please use `'airflow.providers.standard.operators.bash.BashOperator'`.","category":"DeprecatedImportWarning","filename":"/opt/airflow/dags/weather_data_fetch.py","lineno":9,"logger":"py.warnings"}
{"timestamp":"2026-02-02T02:00:02.563566Z","level":"info","event":"","logger":"task.stdout"}
{"timestamp":"2026-02-02T02:00:02.563712Z","level":"info","event":"============================================================","logger":"task.stdout"}
{"timestamp":"2026-02-02T02:00:02.563776Z","level":"info","event":"🌦️ Fetching BMKG Weather Data","logger":"task.stdout"}
{"timestamp":"2026-02-02T02:00:02.564142Z","level":"info","event":"============================================================","logger":"task.stdout"}
{"timestamp":"2026-02-02T02:00:02.646719Z","level":"info","event":"","logger":"task.stdout"}
{"timestamp":"2026-02-02T02:00:02.647004Z","level":"info","event":"📍 Fetching weather for ADM4: 35.78.21.1004","logger":"task.stdout"}
{"timestamp":"2026-02-02T02:00:02.947737Z","level":"info","event":"   Parsed 21 weather records","logger":"task.stdout"}
{"timestamp":"2026-02-02T02:00:02.968676Z","level":"info","event":"✓ No expired records to delete","logger":"task.stdout"}
{"timestamp":"2026-02-02T02:00:02.982427Z","level":"info","event":"✓ Inserted 21 weather records","logger":"task.stdout"}
{"timestamp":"2026-02-02T02:00:02.982687Z","level":"info","event":"","logger":"task.stdout"}
{"timestamp":"2026-02-02T02:00:02.982746Z","level":"info","event":"📍 Fetching weather for ADM4: 35.25.14.1010","logger":"task.stdout"}
{"timestamp":"2026-02-02T02:00:03.181921Z","level":"info","event":"   Parsed 21 weather records","logger":"task.stdout"}
{"timestamp":"2026-02-02T02:00:03.194503Z","level":"info","event":"","logger":"task.stdout"}
{"timestamp":"2026-02-02T02:00:03.194643Z","level":"info","event":"⚠️  Found 3 expired weather records to delete","logger":"task.stdout"}
{"timestamp":"2026-02-02T02:00:03.194688Z","level":"info","event":"   Time range: 2026-02-02 02:00:00 to 2026-02-02 08:00:00","logger":"task.stdout"}
{"timestamp":"2026-02-02T02:00:03.194775Z","level":"info","event":"   (waktu < NOW at 2026-02-02 09:00:03 WIB)","logger":"task.stdout"}
{"timestamp":"2026-02-02T02:00:03.195037Z","level":"info","event":"✅ Deleted 3 expired weather records","logger":"task.stdout"}
{"timestamp":"2026-02-02T02:00:03.201967Z","level":"info","event":"✓ Inserted 21 weather records","logger":"task.stdout"}
{"timestamp":"2026-02-02T02:00:03.202058Z","level":"info","event":"","logger":"task.stdout"}
{"timestamp":"2026-02-02T02:00:03.202111Z","level":"info","event":"============================================================","logger":"task.stdout"}
{"timestamp":"2026-02-02T02:00:03.202155Z","level":"info","event":"✓ Total records inserted: 42","logger":"task.stdout"}
{"timestamp":"2026-02-02T02:00:03.202196Z","level":"info","event":"============================================================","logger":"task.stdout"}
{"timestamp":"2026-02-02T02:00:03.202083Z","level":"info","event":"Done. Returned value was: 42","logger":"airflow.task.operators.airflow.providers.standard.operators.python.PythonOperator","filename":"python.py","lineno":215}
{"timestamp":"2026-02-02T02:00:03.203039Z","level":"info","event":"Pushing xcom","ti":"RuntimeTaskInstance(id=UUID('019c1c14-08ae-7b45-94b8-45ebefaf23e7'), task_id='fetch_bmkg_weather', dag_id='weather_data_fetch', run_id='scheduled__2026-02-02T02:00:00+00:00', try_number=1, dag_version_id=UUID('019c0dd4-58cf-774a-9f83-a68201e36c2d'), map_index=-1, hostname='OM-RAFIE.localdomain', context_carrier={}, task=<Task(PythonOperator): fetch_bmkg_weather>, bundle_instance=LocalDagBundle(name=dags-folder), max_tries=2, start_date=datetime.datetime(2026, 2, 2, 2, 0, 1, 451743, tzinfo=datetime.timezone.utc), end_date=None, state=<TaskInstanceState.RUNNING: 'running'>, is_mapped=False, rendered_map_index=None)","logger":"task","filename":"task_runner.py","lineno":1360}
