{"timestamp":"2026-01-20T01:13:20.835510Z","level":"info","event":"DAG bundles loaded: dags-folder","logger":"airflow.dag_processing.bundles.manager.DagBundlesManager","filename":"manager.py","lineno":179}
{"timestamp":"2026-01-20T01:13:20.870739Z","level":"info","event":"Filling up the DagBag from /opt/airflow/dags/list_database_tables.py","logger":"airflow.models.dagbag.DagBag","filename":"dagbag.py","lineno":593}
{"timestamp":"2026-01-20T01:13:21.093529Z","level":"warning","event":"The `airflow.operators.python.PythonOperator` attribute is deprecated. Please use `'airflow.providers.standard.operators.python.PythonOperator'`.","category":"DeprecatedImportWarning","filename":"/opt/airflow/dags/list_database_tables.py","lineno":5,"logger":"py.warnings"}
{"timestamp":"2026-01-20T01:13:21.821404Z","level":"info","event":"","logger":"task.stdout"}
{"timestamp":"2026-01-20T01:13:21.821645Z","level":"info","event":"======================================================================","logger":"task.stdout"}
{"timestamp":"2026-01-20T01:13:21.821841Z","level":"info","event":"TABLES IN AIRFLOW DATABASE ON PORT 5433","logger":"task.stdout"}
{"timestamp":"2026-01-20T01:13:21.821930Z","level":"info","event":"======================================================================","logger":"task.stdout"}
{"timestamp":"2026-01-20T01:13:21.821993Z","level":"info","event":"  public.alembic_version","logger":"task.stdout"}
{"timestamp":"2026-01-20T01:13:21.822141Z","level":"info","event":"  public.asset","logger":"task.stdout"}
{"timestamp":"2026-01-20T01:13:21.822253Z","level":"info","event":"  public.asset_active","logger":"task.stdout"}
{"timestamp":"2026-01-20T01:13:21.822358Z","level":"info","event":"  public.asset_alias","logger":"task.stdout"}
{"timestamp":"2026-01-20T01:13:21.822451Z","level":"info","event":"  public.asset_alias_asset","logger":"task.stdout"}
{"timestamp":"2026-01-20T01:13:21.822509Z","level":"info","event":"  public.asset_alias_asset_event","logger":"task.stdout"}
{"timestamp":"2026-01-20T01:13:21.822594Z","level":"info","event":"  public.asset_dag_run_queue","logger":"task.stdout"}
{"timestamp":"2026-01-20T01:13:21.822723Z","level":"info","event":"  public.asset_event","logger":"task.stdout"}
{"timestamp":"2026-01-20T01:13:21.822861Z","level":"info","event":"  public.asset_trigger","logger":"task.stdout"}
{"timestamp":"2026-01-20T01:13:21.822949Z","level":"info","event":"  public.backfill","logger":"task.stdout"}
{"timestamp":"2026-01-20T01:13:21.823009Z","level":"info","event":"  public.backfill_dag_run","logger":"task.stdout"}
{"timestamp":"2026-01-20T01:13:21.823062Z","level":"info","event":"  public.callback_request","logger":"task.stdout"}
{"timestamp":"2026-01-20T01:13:21.823114Z","level":"info","event":"  public.connection","logger":"task.stdout"}
{"timestamp":"2026-01-20T01:13:21.823165Z","level":"info","event":"  public.dag","logger":"task.stdout"}
{"timestamp":"2026-01-20T01:13:21.823214Z","level":"info","event":"  public.dag_bundle","logger":"task.stdout"}
{"timestamp":"2026-01-20T01:13:21.823264Z","level":"info","event":"  public.dag_bundle_team","logger":"task.stdout"}
{"timestamp":"2026-01-20T01:13:21.823508Z","level":"info","event":"  public.dag_code","logger":"task.stdout"}
{"timestamp":"2026-01-20T01:13:21.823616Z","level":"info","event":"  public.dag_favorite","logger":"task.stdout"}
{"timestamp":"2026-01-20T01:13:21.823742Z","level":"info","event":"  public.dag_owner_attributes","logger":"task.stdout"}
{"timestamp":"2026-01-20T01:13:21.823851Z","level":"info","event":"  public.dag_priority_parsing_request","logger":"task.stdout"}
{"timestamp":"2026-01-20T01:13:21.823915Z","level":"info","event":"  public.dag_run","logger":"task.stdout"}
{"timestamp":"2026-01-20T01:13:21.824046Z","level":"info","event":"  public.dag_run_note","logger":"task.stdout"}
{"timestamp":"2026-01-20T01:13:21.824146Z","level":"info","event":"  public.dag_schedule_asset_alias_reference","logger":"task.stdout"}
{"timestamp":"2026-01-20T01:13:21.824213Z","level":"info","event":"  public.dag_schedule_asset_name_reference","logger":"task.stdout"}
{"timestamp":"2026-01-20T01:13:21.824284Z","level":"info","event":"  public.dag_schedule_asset_reference","logger":"task.stdout"}
{"timestamp":"2026-01-20T01:13:21.824342Z","level":"info","event":"  public.dag_schedule_asset_uri_reference","logger":"task.stdout"}
{"timestamp":"2026-01-20T01:13:21.824395Z","level":"info","event":"  public.dag_tag","logger":"task.stdout"}
{"timestamp":"2026-01-20T01:13:21.824483Z","level":"info","event":"  public.dag_version","logger":"task.stdout"}
{"timestamp":"2026-01-20T01:13:21.824677Z","level":"info","event":"  public.dag_warning","logger":"task.stdout"}
{"timestamp":"2026-01-20T01:13:21.824812Z","level":"info","event":"  public.dagrun_asset_event","logger":"task.stdout"}
{"timestamp":"2026-01-20T01:13:21.824962Z","level":"info","event":"  public.deadline","logger":"task.stdout"}
{"timestamp":"2026-01-20T01:13:21.825087Z","level":"info","event":"  public.hitl_detail","logger":"task.stdout"}
{"timestamp":"2026-01-20T01:13:21.825249Z","level":"info","event":"  public.import_error","logger":"task.stdout"}
{"timestamp":"2026-01-20T01:13:21.825385Z","level":"info","event":"  public.job","logger":"task.stdout"}
{"timestamp":"2026-01-20T01:13:21.825511Z","level":"info","event":"  public.log","logger":"task.stdout"}
{"timestamp":"2026-01-20T01:13:21.825613Z","level":"info","event":"  public.log_template","logger":"task.stdout"}
{"timestamp":"2026-01-20T01:13:21.825715Z","level":"info","event":"  public.rendered_task_instance_fields","logger":"task.stdout"}
{"timestamp":"2026-01-20T01:13:21.825776Z","level":"info","event":"  public.serialized_dag","logger":"task.stdout"}
{"timestamp":"2026-01-20T01:13:21.825880Z","level":"info","event":"  public.slot_pool","logger":"task.stdout"}
{"timestamp":"2026-01-20T01:13:21.826019Z","level":"info","event":"  public.task_inlet_asset_reference","logger":"task.stdout"}
{"timestamp":"2026-01-20T01:13:21.826151Z","level":"info","event":"  public.task_instance","logger":"task.stdout"}
{"timestamp":"2026-01-20T01:13:21.826271Z","level":"info","event":"  public.task_instance_history","logger":"task.stdout"}
{"timestamp":"2026-01-20T01:13:21.826391Z","level":"info","event":"  public.task_instance_note","logger":"task.stdout"}
{"timestamp":"2026-01-20T01:13:21.826452Z","level":"info","event":"  public.task_map","logger":"task.stdout"}
{"timestamp":"2026-01-20T01:13:21.826506Z","level":"info","event":"  public.task_outlet_asset_reference","logger":"task.stdout"}
{"timestamp":"2026-01-20T01:13:21.826589Z","level":"info","event":"  public.task_reschedule","logger":"task.stdout"}
{"timestamp":"2026-01-20T01:13:21.826668Z","level":"info","event":"  public.team","logger":"task.stdout"}
{"timestamp":"2026-01-20T01:13:21.826792Z","level":"info","event":"  public.trigger","logger":"task.stdout"}
{"timestamp":"2026-01-20T01:13:21.826875Z","level":"info","event":"  public.variable","logger":"task.stdout"}
{"timestamp":"2026-01-20T01:13:21.826959Z","level":"info","event":"  public.xcom","logger":"task.stdout"}
{"timestamp":"2026-01-20T01:13:21.827060Z","level":"info","event":"======================================================================","logger":"task.stdout"}
{"timestamp":"2026-01-20T01:13:21.827152Z","level":"info","event":"","logger":"task.stdout"}
{"timestamp":"2026-01-20T01:13:21.917360Z","level":"info","event":"Done. Returned value was: 50","logger":"airflow.task.operators.airflow.providers.standard.operators.python.PythonOperator","filename":"python.py","lineno":215}
{"timestamp":"2026-01-20T01:13:21.920849Z","level":"info","event":"Pushing xcom","ti":"RuntimeTaskInstance(id=UUID('019bd8d5-77a6-7d68-a554-aae115240abd'), task_id='list_tables_task', dag_id='list_database_tables', run_id='scheduled__2026-01-20T00:00:00+00:00', try_number=2, dag_version_id=UUID('019bd4cb-e050-7135-bf41-edb2a9a64785'), map_index=-1, hostname='OM-RAFIE.localdomain', context_carrier={}, task=<Task(PythonOperator): list_tables_task>, bundle_instance=LocalDagBundle(name=dags-folder), max_tries=1, start_date=datetime.datetime(2026, 1, 20, 1, 13, 19, 496396, tzinfo=datetime.timezone.utc), end_date=None, state=<TaskInstanceState.RUNNING: 'running'>, is_mapped=False, rendered_map_index=None)","logger":"task","filename":"task_runner.py","lineno":1360}
