{"timestamp":"2026-02-02T09:21:25.185477Z","level":"info","event":"DAG bundles loaded: dags-folder","logger":"airflow.dag_processing.bundles.manager.DagBundlesManager","filename":"manager.py","lineno":179}
{"timestamp":"2026-02-02T09:21:25.187356Z","level":"info","event":"Filling up the DagBag from /opt/airflow/dags/daily_warehouse_sync.py","logger":"airflow.models.dagbag.DagBag","filename":"dagbag.py","lineno":593}
{"timestamp":"2026-02-02T09:21:25.234144Z","level":"warning","event":"The `airflow.operators.python.PythonOperator` attribute is deprecated. Please use `'airflow.providers.standard.operators.python.PythonOperator'`.","category":"DeprecatedImportWarning","filename":"/opt/airflow/dags/daily_warehouse_sync.py","lineno":8,"logger":"py.warnings"}
{"timestamp":"2026-02-02T09:21:25.234446Z","level":"warning","event":"The `airflow.operators.bash.BashOperator` attribute is deprecated. Please use `'airflow.providers.standard.operators.bash.BashOperator'`.","category":"DeprecatedImportWarning","filename":"/opt/airflow/dags/daily_warehouse_sync.py","lineno":9,"logger":"py.warnings"}
{"timestamp":"2026-02-02T09:21:25.282881Z","level":"info","event":"Tmp dir root location: /tmp","logger":"airflow.task.hooks.airflow.providers.standard.hooks.subprocess.SubprocessHook","filename":"subprocess.py","lineno":78}
{"timestamp":"2026-02-02T09:21:25.284856Z","level":"info","event":"Running command: ['/usr/bin/bash', '-c', '\\n    PGPASSWORD=\\'postgres123\\' psql -h localhost -U postgres -d warehouse -c \"\\n    SELECT \\n        table_schema,\\n        COUNT(*) as table_count,\\n        SUM((SELECT COUNT(*) FROM information_schema.tables t2 \\n             WHERE t2.table_schema = t1.table_schema)) as total_tables\\n    FROM information_schema.tables t1\\n    WHERE table_schema NOT IN (\\'pg_catalog\\', \\'information_schema\\')\\n    GROUP BY table_schema\\n    ORDER BY table_schema;\\n    \" && echo \"✓ Warehouse verification complete\"\\n    ']","logger":"airflow.task.hooks.airflow.providers.standard.hooks.subprocess.SubprocessHook","filename":"subprocess.py","lineno":88}
{"timestamp":"2026-02-02T09:21:25.301503Z","level":"info","event":"Output:","logger":"airflow.task.hooks.airflow.providers.standard.hooks.subprocess.SubprocessHook","filename":"subprocess.py","lineno":99}
{"timestamp":"2026-02-02T09:21:25.391200Z","level":"info","event":" table_schema | table_count | total_tables","logger":"airflow.task.hooks.airflow.providers.standard.hooks.subprocess.SubprocessHook","filename":"subprocess.py","lineno":106}
{"timestamp":"2026-02-02T09:21:25.391539Z","level":"info","event":"--------------+-------------+--------------","logger":"airflow.task.hooks.airflow.providers.standard.hooks.subprocess.SubprocessHook","filename":"subprocess.py","lineno":106}
{"timestamp":"2026-02-02T09:21:25.391645Z","level":"info","event":" activity     |           7 |           49","logger":"airflow.task.hooks.airflow.providers.standard.hooks.subprocess.SubprocessHook","filename":"subprocess.py","lineno":106}
{"timestamp":"2026-02-02T09:21:25.391723Z","level":"info","event":" armada       |           5 |           25","logger":"airflow.task.hooks.airflow.providers.standard.hooks.subprocess.SubprocessHook","filename":"subprocess.py","lineno":106}
{"timestamp":"2026-02-02T09:21:25.391801Z","level":"info","event":" delivery     |           4 |           16","logger":"airflow.task.hooks.airflow.providers.standard.hooks.subprocess.SubprocessHook","filename":"subprocess.py","lineno":106}
{"timestamp":"2026-02-02T09:21:25.391902Z","level":"info","event":" driver       |           4 |           16","logger":"airflow.task.hooks.airflow.providers.standard.hooks.subprocess.SubprocessHook","filename":"subprocess.py","lineno":106}
{"timestamp":"2026-02-02T09:21:25.391991Z","level":"info","event":" financial    |           5 |           25","logger":"airflow.task.hooks.airflow.providers.standard.hooks.subprocess.SubprocessHook","filename":"subprocess.py","lineno":106}
{"timestamp":"2026-02-02T09:21:25.392079Z","level":"info","event":" master       |          16 |          256","logger":"airflow.task.hooks.airflow.providers.standard.hooks.subprocess.SubprocessHook","filename":"subprocess.py","lineno":106}
{"timestamp":"2026-02-02T09:21:25.392158Z","level":"info","event":" support      |           7 |           49","logger":"airflow.task.hooks.airflow.providers.standard.hooks.subprocess.SubprocessHook","filename":"subprocess.py","lineno":106}
{"timestamp":"2026-02-02T09:21:25.392254Z","level":"info","event":" weather      |           1 |            1","logger":"airflow.task.hooks.airflow.providers.standard.hooks.subprocess.SubprocessHook","filename":"subprocess.py","lineno":106}
{"timestamp":"2026-02-02T09:21:25.392339Z","level":"info","event":"(8 rows)","logger":"airflow.task.hooks.airflow.providers.standard.hooks.subprocess.SubprocessHook","filename":"subprocess.py","lineno":106}
{"timestamp":"2026-02-02T09:21:25.392439Z","level":"info","event":"","logger":"airflow.task.hooks.airflow.providers.standard.hooks.subprocess.SubprocessHook","filename":"subprocess.py","lineno":106}
{"timestamp":"2026-02-02T09:21:25.393875Z","level":"info","event":"✓ Warehouse verification complete","logger":"airflow.task.hooks.airflow.providers.standard.hooks.subprocess.SubprocessHook","filename":"subprocess.py","lineno":106}
{"timestamp":"2026-02-02T09:21:25.394577Z","level":"info","event":"Command exited with return code 0","logger":"airflow.task.hooks.airflow.providers.standard.hooks.subprocess.SubprocessHook","filename":"subprocess.py","lineno":110}
{"timestamp":"2026-02-02T09:21:25.395847Z","level":"info","event":"Pushing xcom","ti":"RuntimeTaskInstance(id=UUID('019c1da8-0fb7-72a0-91a7-40b58413e63e'), task_id='verify_warehouse_data', dag_id='daily_warehouse_sync', run_id='scheduled__2026-02-02T09:21:18.232678+00:00', try_number=1, dag_version_id=UUID('019c1da7-bfa8-740b-9810-69dd8a2d4eb8'), map_index=-1, hostname='OM-RAFIE.localdomain', context_carrier={}, task=<Task(BashOperator): verify_warehouse_data>, bundle_instance=LocalDagBundle(name=dags-folder), max_tries=2, start_date=datetime.datetime(2026, 2, 2, 9, 21, 25, 118281, tzinfo=datetime.timezone.utc), end_date=None, state=<TaskInstanceState.RUNNING: 'running'>, is_mapped=False, rendered_map_index=None)","logger":"task","filename":"task_runner.py","lineno":1360}
