{"timestamp":"2026-01-27T01:42:23.137935Z","level":"info","event":"DAG bundles loaded: dags-folder","logger":"airflow.dag_processing.bundles.manager.DagBundlesManager","filename":"manager.py","lineno":179}
{"timestamp":"2026-01-27T01:42:23.162358Z","level":"info","event":"Filling up the DagBag from /opt/airflow/dags/weather_data_fetch.py","logger":"airflow.models.dagbag.DagBag","filename":"dagbag.py","lineno":593}
{"timestamp":"2026-01-27T01:42:23.702835Z","level":"warning","event":"The `airflow.operators.python.PythonOperator` attribute is deprecated. Please use `'airflow.providers.standard.operators.python.PythonOperator'`.","category":"DeprecatedImportWarning","filename":"/opt/airflow/dags/weather_data_fetch.py","lineno":8,"logger":"py.warnings"}
{"timestamp":"2026-01-27T01:42:23.703281Z","level":"warning","event":"The `airflow.operators.bash.BashOperator` attribute is deprecated. Please use `'airflow.providers.standard.operators.bash.BashOperator'`.","category":"DeprecatedImportWarning","filename":"/opt/airflow/dags/weather_data_fetch.py","lineno":9,"logger":"py.warnings"}
{"timestamp":"2026-01-27T01:42:25.527930Z","level":"info","event":"","logger":"task.stdout"}
{"timestamp":"2026-01-27T01:42:25.528144Z","level":"info","event":"============================================================","logger":"task.stdout"}
{"timestamp":"2026-01-27T01:42:25.528205Z","level":"info","event":"🌦️ Fetching BMKG Weather Data","logger":"task.stdout"}
{"timestamp":"2026-01-27T01:42:25.528262Z","level":"info","event":"============================================================","logger":"task.stdout"}
{"timestamp":"2026-01-27T01:42:25.769857Z","level":"info","event":"","logger":"task.stdout"}
{"timestamp":"2026-01-27T01:42:25.770136Z","level":"info","event":"📍 Fetching weather for ADM4: 35.78.21.1004","logger":"task.stdout"}
{"timestamp":"2026-01-27T01:42:26.677063Z","level":"info","event":"   Parsed 21 weather records","logger":"task.stdout"}
{"timestamp":"2026-01-27T01:42:26.722902Z","level":"info","event":"","logger":"task.stdout"}
{"timestamp":"2026-01-27T01:42:26.723194Z","level":"info","event":"⚠️  Found 8 expired weather records to delete","logger":"task.stdout"}
{"timestamp":"2026-01-27T01:42:26.723609Z","level":"info","event":"   Time range: 2026-01-27 03:00:00 to 2026-01-27 07:00:00","logger":"task.stdout"}
{"timestamp":"2026-01-27T01:42:26.723795Z","level":"info","event":"   (waktu < NOW at 2026-01-27 08:42:26 WIB)","logger":"task.stdout"}
{"timestamp":"2026-01-27T01:42:26.729235Z","level":"info","event":"✅ Deleted 8 expired weather records","logger":"task.stdout"}
{"timestamp":"2026-01-27T01:42:26.770057Z","level":"info","event":"✓ Inserted 21 weather records","logger":"task.stdout"}
{"timestamp":"2026-01-27T01:42:26.770300Z","level":"info","event":"","logger":"task.stdout"}
{"timestamp":"2026-01-27T01:42:26.770405Z","level":"info","event":"📍 Fetching weather for ADM4: 35.25.14.1010","logger":"task.stdout"}
{"timestamp":"2026-01-27T01:42:27.386220Z","level":"info","event":"   Parsed 21 weather records","logger":"task.stdout"}
{"timestamp":"2026-01-27T01:42:27.408181Z","level":"info","event":"","logger":"task.stdout"}
{"timestamp":"2026-01-27T01:42:27.408406Z","level":"info","event":"⚠️  Found 3 expired weather records to delete","logger":"task.stdout"}
{"timestamp":"2026-01-27T01:42:27.408511Z","level":"info","event":"   Time range: 2026-01-27 02:00:00 to 2026-01-27 08:00:00","logger":"task.stdout"}
{"timestamp":"2026-01-27T01:42:27.408751Z","level":"info","event":"   (waktu < NOW at 2026-01-27 08:42:27 WIB)","logger":"task.stdout"}
{"timestamp":"2026-01-27T01:42:27.409420Z","level":"info","event":"✅ Deleted 3 expired weather records","logger":"task.stdout"}
{"timestamp":"2026-01-27T01:42:27.423962Z","level":"info","event":"✓ Inserted 21 weather records","logger":"task.stdout"}
{"timestamp":"2026-01-27T01:42:27.424169Z","level":"info","event":"","logger":"task.stdout"}
{"timestamp":"2026-01-27T01:42:27.424263Z","level":"info","event":"============================================================","logger":"task.stdout"}
{"timestamp":"2026-01-27T01:42:27.424409Z","level":"info","event":"✓ Total records inserted: 42","logger":"task.stdout"}
{"timestamp":"2026-01-27T01:42:27.424475Z","level":"info","event":"============================================================","logger":"task.stdout"}
{"timestamp":"2026-01-27T01:42:27.424162Z","level":"info","event":"Done. Returned value was: 42","logger":"airflow.task.operators.airflow.providers.standard.operators.python.PythonOperator","filename":"python.py","lineno":215}
{"timestamp":"2026-01-27T01:42:27.425983Z","level":"info","event":"Pushing xcom","ti":"RuntimeTaskInstance(id=UUID('019bfd1d-ac22-7305-90ae-39294a74a0b2'), task_id='fetch_bmkg_weather', dag_id='weather_data_fetch', run_id='scheduled__2026-01-27T00:00:00+00:00', try_number=1, dag_version_id=UUID('019bf85e-bdaa-72d4-8530-24267eab6b2a'), map_index=-1, hostname='OM-RAFIE.localdomain', context_carrier={}, task=<Task(PythonOperator): fetch_bmkg_weather>, bundle_instance=LocalDagBundle(name=dags-folder), max_tries=2, start_date=datetime.datetime(2026, 1, 27, 1, 42, 20, 159390, tzinfo=datetime.timezone.utc), end_date=None, state=<TaskInstanceState.RUNNING: 'running'>, is_mapped=False, rendered_map_index=None)","logger":"task","filename":"task_runner.py","lineno":1360}
