{"timestamp":"2026-02-02T01:43:39.129858Z","level":"info","event":"DAG bundles loaded: dags-folder","logger":"airflow.dag_processing.bundles.manager.DagBundlesManager","filename":"manager.py","lineno":179}
{"timestamp":"2026-02-02T01:43:39.130870Z","level":"info","event":"Filling up the DagBag from /opt/airflow/dags/weather_data_fetch.py","logger":"airflow.models.dagbag.DagBag","filename":"dagbag.py","lineno":593}
{"timestamp":"2026-02-02T01:43:39.147430Z","level":"warning","event":"The `airflow.operators.python.PythonOperator` attribute is deprecated. Please use `'airflow.providers.standard.operators.python.PythonOperator'`.","category":"DeprecatedImportWarning","filename":"/opt/airflow/dags/weather_data_fetch.py","lineno":8,"logger":"py.warnings"}
{"timestamp":"2026-02-02T01:43:39.147542Z","level":"warning","event":"The `airflow.operators.bash.BashOperator` attribute is deprecated. Please use `'airflow.providers.standard.operators.bash.BashOperator'`.","category":"DeprecatedImportWarning","filename":"/opt/airflow/dags/weather_data_fetch.py","lineno":9,"logger":"py.warnings"}
{"timestamp":"2026-02-02T01:43:39.623961Z","level":"info","event":"","logger":"task.stdout"}
{"timestamp":"2026-02-02T01:43:39.624099Z","level":"info","event":"============================================================","logger":"task.stdout"}
{"timestamp":"2026-02-02T01:43:39.624161Z","level":"info","event":"🌦️ Fetching BMKG Weather Data","logger":"task.stdout"}
{"timestamp":"2026-02-02T01:43:39.624213Z","level":"info","event":"============================================================","logger":"task.stdout"}
{"timestamp":"2026-02-02T01:43:39.659358Z","level":"info","event":"","logger":"task.stdout"}
{"timestamp":"2026-02-02T01:43:39.659527Z","level":"info","event":"📍 Fetching weather for ADM4: 35.78.21.1004","logger":"task.stdout"}
{"timestamp":"2026-02-02T01:43:39.902436Z","level":"info","event":"   Parsed 21 weather records","logger":"task.stdout"}
{"timestamp":"2026-02-02T01:43:39.923281Z","level":"info","event":"","logger":"task.stdout"}
{"timestamp":"2026-02-02T01:43:39.923433Z","level":"info","event":"⚠️  Found 101 expired weather records to delete","logger":"task.stdout"}
{"timestamp":"2026-02-02T01:43:39.923487Z","level":"info","event":"   Time range: 2026-01-31 00:00:00 to 2026-02-01 23:00:00","logger":"task.stdout"}
{"timestamp":"2026-02-02T01:43:39.923569Z","level":"info","event":"   (waktu < NOW at 2026-02-02 08:43:39 WIB)","logger":"task.stdout"}
{"timestamp":"2026-02-02T01:43:39.925578Z","level":"info","event":"✅ Deleted 101 expired weather records","logger":"task.stdout"}
{"timestamp":"2026-02-02T01:43:39.941054Z","level":"info","event":"✓ Inserted 21 weather records","logger":"task.stdout"}
{"timestamp":"2026-02-02T01:43:39.941201Z","level":"info","event":"","logger":"task.stdout"}
{"timestamp":"2026-02-02T01:43:39.941254Z","level":"info","event":"📍 Fetching weather for ADM4: 35.25.14.1010","logger":"task.stdout"}
{"timestamp":"2026-02-02T01:43:40.724303Z","level":"info","event":"   Parsed 21 weather records","logger":"task.stdout"}
{"timestamp":"2026-02-02T01:43:40.737226Z","level":"info","event":"✓ No expired records to delete","logger":"task.stdout"}
{"timestamp":"2026-02-02T01:43:40.747033Z","level":"info","event":"✓ Inserted 21 weather records","logger":"task.stdout"}
{"timestamp":"2026-02-02T01:43:40.747270Z","level":"info","event":"","logger":"task.stdout"}
{"timestamp":"2026-02-02T01:43:40.747345Z","level":"info","event":"============================================================","logger":"task.stdout"}
{"timestamp":"2026-02-02T01:43:40.747398Z","level":"info","event":"✓ Total records inserted: 42","logger":"task.stdout"}
{"timestamp":"2026-02-02T01:43:40.747454Z","level":"info","event":"============================================================","logger":"task.stdout"}
{"timestamp":"2026-02-02T01:43:40.747122Z","level":"info","event":"Done. Returned value was: 42","logger":"airflow.task.operators.airflow.providers.standard.operators.python.PythonOperator","filename":"python.py","lineno":215}
{"timestamp":"2026-02-02T01:43:40.747561Z","level":"info","event":"Pushing xcom","ti":"RuntimeTaskInstance(id=UUID('019c1c04-fe42-739c-b8dc-9e35ca9d9cc4'), task_id='fetch_bmkg_weather', dag_id='weather_data_fetch', run_id='scheduled__2026-02-02T01:00:00+00:00', try_number=1, dag_version_id=UUID('019c0dd4-58cf-774a-9f83-a68201e36c2d'), map_index=-1, hostname='OM-RAFIE.localdomain', context_carrier={}, task=<Task(PythonOperator): fetch_bmkg_weather>, bundle_instance=LocalDagBundle(name=dags-folder), max_tries=2, start_date=datetime.datetime(2026, 2, 2, 1, 43, 35, 407012, tzinfo=datetime.timezone.utc), end_date=None, state=<TaskInstanceState.RUNNING: 'running'>, is_mapped=False, rendered_map_index=None)","logger":"task","filename":"task_runner.py","lineno":1360}
