{"timestamp":"2026-01-28T00:46:46.272891Z","level":"info","event":"DAG bundles loaded: dags-folder","logger":"airflow.dag_processing.bundles.manager.DagBundlesManager","filename":"manager.py","lineno":179}
{"timestamp":"2026-01-28T00:46:46.275479Z","level":"info","event":"Filling up the DagBag from /opt/airflow/dags/weather_data_fetch.py","logger":"airflow.models.dagbag.DagBag","filename":"dagbag.py","lineno":593}
{"timestamp":"2026-01-28T00:46:46.324647Z","level":"warning","event":"The `airflow.operators.python.PythonOperator` attribute is deprecated. Please use `'airflow.providers.standard.operators.python.PythonOperator'`.","category":"DeprecatedImportWarning","filename":"/opt/airflow/dags/weather_data_fetch.py","lineno":8,"logger":"py.warnings"}
{"timestamp":"2026-01-28T00:46:46.324825Z","level":"warning","event":"The `airflow.operators.bash.BashOperator` attribute is deprecated. Please use `'airflow.providers.standard.operators.bash.BashOperator'`.","category":"DeprecatedImportWarning","filename":"/opt/airflow/dags/weather_data_fetch.py","lineno":9,"logger":"py.warnings"}
{"timestamp":"2026-01-28T00:46:52.125080Z","level":"info","event":"","logger":"task.stdout"}
{"timestamp":"2026-01-28T00:46:52.125306Z","level":"info","event":"============================================================","logger":"task.stdout"}
{"timestamp":"2026-01-28T00:46:52.125359Z","level":"info","event":"🌦️ Fetching BMKG Weather Data","logger":"task.stdout"}
{"timestamp":"2026-01-28T00:46:52.125465Z","level":"info","event":"============================================================","logger":"task.stdout"}
{"timestamp":"2026-01-28T00:46:52.200486Z","level":"info","event":"","logger":"task.stdout"}
{"timestamp":"2026-01-28T00:46:52.200738Z","level":"info","event":"📍 Fetching weather for ADM4: 35.78.21.1004","logger":"task.stdout"}
{"timestamp":"2026-01-28T00:47:09.811972Z","level":"info","event":"   Parsed 22 weather records","logger":"task.stdout"}
{"timestamp":"2026-01-28T00:47:09.812168Z","level":"info","event":"","logger":"task.stdout"}
{"timestamp":"2026-01-28T00:47:09.812230Z","level":"info","event":"⚠️  Found 12 expired weather records to delete","logger":"task.stdout"}
{"timestamp":"2026-01-28T00:47:09.812281Z","level":"info","event":"   Time range: 2026-01-28 02:00:00 to 2026-01-28 07:00:00","logger":"task.stdout"}
{"timestamp":"2026-01-28T00:47:09.812328Z","level":"info","event":"   (waktu < NOW at 2026-01-28 07:47:08 WIB)","logger":"task.stdout"}
{"timestamp":"2026-01-28T00:47:09.812372Z","level":"info","event":"✅ Deleted 12 expired weather records","logger":"task.stdout"}
{"timestamp":"2026-01-28T00:47:09.852770Z","level":"info","event":"✓ Inserted 22 weather records","logger":"task.stdout"}
{"timestamp":"2026-01-28T00:47:09.852903Z","level":"info","event":"","logger":"task.stdout"}
{"timestamp":"2026-01-28T00:47:09.852953Z","level":"info","event":"📍 Fetching weather for ADM4: 35.25.14.1010","logger":"task.stdout"}
{"timestamp":"2026-01-28T00:47:10.591438Z","level":"info","event":"   Parsed 22 weather records","logger":"task.stdout"}
{"timestamp":"2026-01-28T00:47:10.604346Z","level":"info","event":"","logger":"task.stdout"}
{"timestamp":"2026-01-28T00:47:10.604521Z","level":"info","event":"⚠️  Found 3 expired weather records to delete","logger":"task.stdout"}
{"timestamp":"2026-01-28T00:47:10.604579Z","level":"info","event":"   Time range: 2026-01-28 01:00:00 to 2026-01-28 07:00:00","logger":"task.stdout"}
{"timestamp":"2026-01-28T00:47:10.604685Z","level":"info","event":"   (waktu < NOW at 2026-01-28 07:47:10 WIB)","logger":"task.stdout"}
{"timestamp":"2026-01-28T00:47:10.604847Z","level":"info","event":"✅ Deleted 3 expired weather records","logger":"task.stdout"}
{"timestamp":"2026-01-28T00:47:10.706276Z","level":"info","event":"✓ Inserted 22 weather records","logger":"task.stdout"}
{"timestamp":"2026-01-28T00:47:10.706779Z","level":"info","event":"","logger":"task.stdout"}
{"timestamp":"2026-01-28T00:47:10.706909Z","level":"info","event":"============================================================","logger":"task.stdout"}
{"timestamp":"2026-01-28T00:47:10.707020Z","level":"info","event":"✓ Total records inserted: 44","logger":"task.stdout"}
{"timestamp":"2026-01-28T00:47:10.707104Z","level":"info","event":"============================================================","logger":"task.stdout"}
{"timestamp":"2026-01-28T00:47:10.707057Z","level":"info","event":"Done. Returned value was: 44","logger":"airflow.task.operators.airflow.providers.standard.operators.python.PythonOperator","filename":"python.py","lineno":215}
{"timestamp":"2026-01-28T00:47:10.708144Z","level":"info","event":"Pushing xcom","ti":"RuntimeTaskInstance(id=UUID('019c0211-11dc-7c97-a7ae-f15952b5cd7c'), task_id='fetch_bmkg_weather', dag_id='weather_data_fetch', run_id='scheduled__2026-01-28T00:00:00+00:00', try_number=1, dag_version_id=UUID('019bf85e-bdaa-72d4-8530-24267eab6b2a'), map_index=-1, hostname='OM-RAFIE.localdomain', context_carrier={}, task=<Task(PythonOperator): fetch_bmkg_weather>, bundle_instance=LocalDagBundle(name=dags-folder), max_tries=2, start_date=datetime.datetime(2026, 1, 28, 0, 46, 46, 19810, tzinfo=datetime.timezone.utc), end_date=None, state=<TaskInstanceState.RUNNING: 'running'>, is_mapped=False, rendered_map_index=None)","logger":"task","filename":"task_runner.py","lineno":1360}
