{"timestamp":"2026-02-05T23:16:15.374746Z","level":"info","event":"DAG bundles loaded: dags-folder","logger":"airflow.dag_processing.bundles.manager.DagBundlesManager","filename":"manager.py","lineno":179}
{"timestamp":"2026-02-05T23:16:15.382304Z","level":"info","event":"Filling up the DagBag from /opt/airflow/dags/weather_data_fetch.py","logger":"airflow.models.dagbag.DagBag","filename":"dagbag.py","lineno":593}
{"timestamp":"2026-02-05T23:16:15.634452Z","level":"warning","event":"The `airflow.operators.python.PythonOperator` attribute is deprecated. Please use `'airflow.providers.standard.operators.python.PythonOperator'`.","category":"DeprecatedImportWarning","filename":"/opt/airflow/dags/weather_data_fetch.py","lineno":8,"logger":"py.warnings"}
{"timestamp":"2026-02-05T23:16:15.634720Z","level":"warning","event":"The `airflow.operators.bash.BashOperator` attribute is deprecated. Please use `'airflow.providers.standard.operators.bash.BashOperator'`.","category":"DeprecatedImportWarning","filename":"/opt/airflow/dags/weather_data_fetch.py","lineno":9,"logger":"py.warnings"}
{"timestamp":"2026-02-05T23:16:17.268776Z","level":"info","event":"","logger":"task.stdout"}
{"timestamp":"2026-02-05T23:16:17.269142Z","level":"info","event":"============================================================","logger":"task.stdout"}
{"timestamp":"2026-02-05T23:16:17.269289Z","level":"info","event":"🌦️ Fetching BMKG Weather Data","logger":"task.stdout"}
{"timestamp":"2026-02-05T23:16:17.269387Z","level":"info","event":"============================================================","logger":"task.stdout"}
{"timestamp":"2026-02-05T23:16:17.390880Z","level":"info","event":"","logger":"task.stdout"}
{"timestamp":"2026-02-05T23:16:17.391070Z","level":"info","event":"📍 Fetching weather for ADM4: 35.78.21.1004","logger":"task.stdout"}
{"timestamp":"2026-02-05T23:16:18.573183Z","level":"info","event":"   Parsed 22 weather records","logger":"task.stdout"}
{"timestamp":"2026-02-05T23:16:18.593301Z","level":"info","event":"","logger":"task.stdout"}
{"timestamp":"2026-02-05T23:16:18.593552Z","level":"info","event":"⚠️  Found 3 expired weather records to delete","logger":"task.stdout"}
{"timestamp":"2026-02-05T23:16:18.593622Z","level":"info","event":"   Time range: 2026-02-06 00:00:00 to 2026-02-06 06:00:00","logger":"task.stdout"}
{"timestamp":"2026-02-05T23:16:18.593789Z","level":"info","event":"   (waktu < NOW at 2026-02-06 06:16:18 WIB)","logger":"task.stdout"}
{"timestamp":"2026-02-05T23:16:18.593964Z","level":"info","event":"✅ Deleted 3 expired weather records","logger":"task.stdout"}
{"timestamp":"2026-02-05T23:16:18.608109Z","level":"info","event":"✓ Inserted 22 weather records","logger":"task.stdout"}
{"timestamp":"2026-02-05T23:16:18.608432Z","level":"info","event":"","logger":"task.stdout"}
{"timestamp":"2026-02-05T23:16:18.608579Z","level":"info","event":"📍 Fetching weather for ADM4: 35.25.14.1010","logger":"task.stdout"}
{"timestamp":"2026-02-05T23:16:21.800477Z","level":"info","event":"   Parsed 22 weather records","logger":"task.stdout"}
{"timestamp":"2026-02-05T23:16:21.831494Z","level":"info","event":"","logger":"task.stdout"}
{"timestamp":"2026-02-05T23:16:21.831707Z","level":"info","event":"⚠️  Found 3 expired weather records to delete","logger":"task.stdout"}
{"timestamp":"2026-02-05T23:16:21.831772Z","level":"info","event":"   Time range: 2026-02-06 00:00:00 to 2026-02-06 06:00:00","logger":"task.stdout"}
{"timestamp":"2026-02-05T23:16:21.831821Z","level":"info","event":"   (waktu < NOW at 2026-02-06 06:16:21 WIB)","logger":"task.stdout"}
{"timestamp":"2026-02-05T23:16:21.831908Z","level":"info","event":"✅ Deleted 3 expired weather records","logger":"task.stdout"}
{"timestamp":"2026-02-05T23:16:21.842217Z","level":"info","event":"✓ Inserted 22 weather records","logger":"task.stdout"}
{"timestamp":"2026-02-05T23:16:21.842412Z","level":"info","event":"","logger":"task.stdout"}
{"timestamp":"2026-02-05T23:16:21.842479Z","level":"info","event":"============================================================","logger":"task.stdout"}
{"timestamp":"2026-02-05T23:16:21.842555Z","level":"info","event":"✓ Total records inserted: 44","logger":"task.stdout"}
{"timestamp":"2026-02-05T23:16:21.842727Z","level":"info","event":"============================================================","logger":"task.stdout"}
{"timestamp":"2026-02-05T23:16:21.842783Z","level":"info","event":"Done. Returned value was: 44","logger":"airflow.task.operators.airflow.providers.standard.operators.python.PythonOperator","filename":"python.py","lineno":215}
{"timestamp":"2026-02-05T23:16:21.844338Z","level":"info","event":"Pushing xcom","ti":"RuntimeTaskInstance(id=UUID('019c3017-81e8-75bf-a4d9-fd43fdbb1c77'), task_id='fetch_bmkg_weather', dag_id='weather_data_fetch', run_id='scheduled__2026-02-05T23:00:00+00:00', try_number=1, dag_version_id=UUID('019c0dd4-58cf-774a-9f83-a68201e36c2d'), map_index=-1, hostname='OM-RAFIE.localdomain', context_carrier={}, task=<Task(PythonOperator): fetch_bmkg_weather>, bundle_instance=LocalDagBundle(name=dags-folder), max_tries=2, start_date=datetime.datetime(2026, 2, 5, 23, 16, 14, 160825, tzinfo=datetime.timezone.utc), end_date=None, state=<TaskInstanceState.RUNNING: 'running'>, is_mapped=False, rendered_map_index=None)","logger":"task","filename":"task_runner.py","lineno":1360}
