{"timestamp":"2026-01-21T00:40:56.452206Z","level":"info","event":"DAG bundles loaded: dags-folder","logger":"airflow.dag_processing.bundles.manager.DagBundlesManager","filename":"manager.py","lineno":179}
{"timestamp":"2026-01-21T00:40:56.502093Z","level":"info","event":"Filling up the DagBag from /opt/airflow/dags/daily_database_sync.py","logger":"airflow.models.dagbag.DagBag","filename":"dagbag.py","lineno":593}
{"timestamp":"2026-01-21T00:40:57.433281Z","level":"warning","event":"The `airflow.operators.python.PythonOperator` attribute is deprecated. Please use `'airflow.providers.standard.operators.python.PythonOperator'`.","category":"DeprecatedImportWarning","filename":"/opt/airflow/dags/daily_database_sync.py","lineno":6,"logger":"py.warnings"}
{"timestamp":"2026-01-21T00:40:58.759176Z","level":"info","event":"","logger":"task.stdout"}
{"timestamp":"2026-01-21T00:40:58.759469Z","level":"info","event":"================================================================================","logger":"task.stdout"}
{"timestamp":"2026-01-21T00:40:58.759696Z","level":"info","event":"🔄 DAILY DATABASE SYNC - 2026-01-21 00:40:58","logger":"task.stdout"}
{"timestamp":"2026-01-21T00:40:58.761455Z","level":"info","event":"================================================================================","logger":"task.stdout"}
{"timestamp":"2026-01-21T00:40:59.172262Z","level":"info","event":"","logger":"task.stdout"}
{"timestamp":"2026-01-21T00:40:59.172421Z","level":"info","event":"📊 TOP 20 LARGEST TABLES:","logger":"task.stdout"}
{"timestamp":"2026-01-21T00:40:59.172521Z","level":"info","event":"--------------------------------------------------------------------------------","logger":"task.stdout"}
{"timestamp":"2026-01-21T00:40:59.172589Z","level":"info","event":"Schema               Table                          Size            Rows","logger":"task.stdout"}
{"timestamp":"2026-01-21T00:40:59.172638Z","level":"info","event":"--------------------------------------------------------------------------------","logger":"task.stdout"}
{"timestamp":"2026-01-21T00:40:59.172735Z","level":"info","event":"public               task_instance                  200 kB          22","logger":"task.stdout"}
{"timestamp":"2026-01-21T00:40:59.172852Z","level":"info","event":"public               dag_run                        144 kB          12","logger":"task.stdout"}
{"timestamp":"2026-01-21T00:40:59.172926Z","level":"info","event":"public               dag_code                       128 kB          13","logger":"task.stdout"}
{"timestamp":"2026-01-21T00:40:59.172972Z","level":"info","event":"public               job                            112 kB          21","logger":"task.stdout"}
{"timestamp":"2026-01-21T00:40:59.173419Z","level":"info","event":"public               serialized_dag                 112 kB          13","logger":"task.stdout"}
{"timestamp":"2026-01-21T00:40:59.173512Z","level":"info","event":"public               log                            112 kB          65","logger":"task.stdout"}
{"timestamp":"2026-01-21T00:40:59.173583Z","level":"info","event":"public               dag                            80 kB           6","logger":"task.stdout"}
{"timestamp":"2026-01-21T00:40:59.173710Z","level":"info","event":"public               dag_bundle                     64 kB           1","logger":"task.stdout"}
{"timestamp":"2026-01-21T00:40:59.173778Z","level":"info","event":"public               task_instance_history          64 kB           0","logger":"task.stdout"}
{"timestamp":"2026-01-21T00:40:59.173849Z","level":"info","event":"public               xcom                           64 kB           22","logger":"task.stdout"}
{"timestamp":"2026-01-21T00:40:59.173891Z","level":"info","event":"public               connection                     48 kB           1","logger":"task.stdout"}
{"timestamp":"2026-01-21T00:40:59.173932Z","level":"info","event":"public               dag_version                    48 kB           13","logger":"task.stdout"}
{"timestamp":"2026-01-21T00:40:59.173990Z","level":"info","event":"public               slot_pool                      48 kB           1","logger":"task.stdout"}
{"timestamp":"2026-01-21T00:40:59.174205Z","level":"info","event":"public               dag_tag                        40 kB           10","logger":"task.stdout"}
{"timestamp":"2026-01-21T00:40:59.174267Z","level":"info","event":"public               import_error                   32 kB           0","logger":"task.stdout"}
{"timestamp":"2026-01-21T00:40:59.174314Z","level":"info","event":"public               asset_active                   32 kB           0","logger":"task.stdout"}
{"timestamp":"2026-01-21T00:40:59.174373Z","level":"info","event":"public               log_template                   32 kB           2","logger":"task.stdout"}
{"timestamp":"2026-01-21T00:40:59.174424Z","level":"info","event":"public               rendered_task_instance_fields  32 kB           18","logger":"task.stdout"}
{"timestamp":"2026-01-21T00:40:59.174472Z","level":"info","event":"public               dag_schedule_asset_name_reference 24 kB           0","logger":"task.stdout"}
{"timestamp":"2026-01-21T00:40:59.174561Z","level":"info","event":"public               asset_alias_asset_event        24 kB           0","logger":"task.stdout"}
{"timestamp":"2026-01-21T00:40:59.174622Z","level":"info","event":"--------------------------------------------------------------------------------","logger":"task.stdout"}
{"timestamp":"2026-01-21T00:40:59.255457Z","level":"info","event":"","logger":"task.stdout"}
{"timestamp":"2026-01-21T00:40:59.255708Z","level":"info","event":"📈 DATABASE SUMMARY:","logger":"task.stdout"}
{"timestamp":"2026-01-21T00:40:59.255785Z","level":"info","event":"  Total Database Size: 10 MB","logger":"task.stdout"}
{"timestamp":"2026-01-21T00:40:59.255842Z","level":"info","event":"  Sync Timestamp: 2026-01-21T00:40:59.255291","logger":"task.stdout"}
{"timestamp":"2026-01-21T00:40:59.255892Z","level":"info","event":"","logger":"task.stdout"}
{"timestamp":"2026-01-21T00:40:59.255962Z","level":"info","event":"================================================================================","logger":"task.stdout"}
{"timestamp":"2026-01-21T00:40:59.256019Z","level":"info","event":"✅ Sync completed successfully!","logger":"task.stdout"}
{"timestamp":"2026-01-21T00:40:59.256641Z","level":"info","event":"================================================================================","logger":"task.stdout"}
{"timestamp":"2026-01-21T00:40:59.256786Z","level":"info","event":"","logger":"task.stdout"}
{"timestamp":"2026-01-21T00:40:59.434215Z","level":"info","event":"Done. Returned value was: {'status': 'success', 'timestamp': '2026-01-21T00:40:59.434013', 'db_size': '10 MB', 'rows': 220, 'tables': 20}","logger":"airflow.task.operators.airflow.providers.standard.operators.python.PythonOperator","filename":"python.py","lineno":215}
{"timestamp":"2026-01-21T00:40:59.434770Z","level":"info","event":"Pushing xcom","ti":"RuntimeTaskInstance(id=UUID('019bddff-3af3-7694-8860-f42032a2d7aa'), task_id='sync_tables_task', dag_id='daily_database_sync', run_id='scheduled__2026-01-21T00:00:00+00:00', try_number=1, dag_version_id=UUID('019bd4f9-0eda-7e15-84f3-f8387d877ada'), map_index=-1, hostname='OM-RAFIE.localdomain', context_carrier={}, task=<Task(PythonOperator): sync_tables_task>, bundle_instance=LocalDagBundle(name=dags-folder), max_tries=2, start_date=datetime.datetime(2026, 1, 21, 0, 40, 51, 835516, tzinfo=datetime.timezone.utc), end_date=None, state=<TaskInstanceState.RUNNING: 'running'>, is_mapped=False, rendered_map_index=None)","logger":"task","filename":"task_runner.py","lineno":1360}
