{"timestamp":"2026-01-30T07:00:01.490308Z","level":"info","event":"DAG bundles loaded: dags-folder","logger":"airflow.dag_processing.bundles.manager.DagBundlesManager","filename":"manager.py","lineno":179}
{"timestamp":"2026-01-30T07:00:01.492604Z","level":"info","event":"Filling up the DagBag from /opt/airflow/dags/weather_data_fetch.py","logger":"airflow.models.dagbag.DagBag","filename":"dagbag.py","lineno":593}
{"timestamp":"2026-01-30T07:00:01.545561Z","level":"warning","event":"The `airflow.operators.python.PythonOperator` attribute is deprecated. Please use `'airflow.providers.standard.operators.python.PythonOperator'`.","category":"DeprecatedImportWarning","filename":"/opt/airflow/dags/weather_data_fetch.py","lineno":8,"logger":"py.warnings"}
{"timestamp":"2026-01-30T07:00:01.545725Z","level":"warning","event":"The `airflow.operators.bash.BashOperator` attribute is deprecated. Please use `'airflow.providers.standard.operators.bash.BashOperator'`.","category":"DeprecatedImportWarning","filename":"/opt/airflow/dags/weather_data_fetch.py","lineno":9,"logger":"py.warnings"}
{"timestamp":"2026-01-30T07:00:01.862310Z","level":"info","event":"","logger":"task.stdout"}
{"timestamp":"2026-01-30T07:00:01.862589Z","level":"info","event":"============================================================","logger":"task.stdout"}
{"timestamp":"2026-01-30T07:00:01.862683Z","level":"info","event":"🌦️ Fetching BMKG Weather Data","logger":"task.stdout"}
{"timestamp":"2026-01-30T07:00:01.862902Z","level":"info","event":"============================================================","logger":"task.stdout"}
{"timestamp":"2026-01-30T07:00:01.964299Z","level":"info","event":"","logger":"task.stdout"}
{"timestamp":"2026-01-30T07:00:01.964524Z","level":"info","event":"📍 Fetching weather for ADM4: 35.78.21.1004","logger":"task.stdout"}
{"timestamp":"2026-01-30T07:00:02.891034Z","level":"info","event":"   Parsed 19 weather records","logger":"task.stdout"}
{"timestamp":"2026-01-30T07:00:02.924921Z","level":"info","event":"","logger":"task.stdout"}
{"timestamp":"2026-01-30T07:00:02.925129Z","level":"info","event":"⚠️  Found 3 expired weather records to delete","logger":"task.stdout"}
{"timestamp":"2026-01-30T07:00:02.925242Z","level":"info","event":"   Time range: 2026-01-30 14:00:00 to 2026-01-30 14:00:00","logger":"task.stdout"}
{"timestamp":"2026-01-30T07:00:02.925359Z","level":"info","event":"   (waktu < NOW at 2026-01-30 14:00:02 WIB)","logger":"task.stdout"}
{"timestamp":"2026-01-30T07:00:02.929708Z","level":"info","event":"✅ Deleted 3 expired weather records","logger":"task.stdout"}
{"timestamp":"2026-01-30T07:00:02.945412Z","level":"info","event":"✓ Inserted 19 weather records","logger":"task.stdout"}
{"timestamp":"2026-01-30T07:00:02.945640Z","level":"info","event":"","logger":"task.stdout"}
{"timestamp":"2026-01-30T07:00:02.945722Z","level":"info","event":"📍 Fetching weather for ADM4: 35.25.14.1010","logger":"task.stdout"}
{"timestamp":"2026-01-30T07:00:03.747395Z","level":"info","event":"   Parsed 19 weather records","logger":"task.stdout"}
{"timestamp":"2026-01-30T07:00:03.772101Z","level":"info","event":"","logger":"task.stdout"}
{"timestamp":"2026-01-30T07:00:03.772681Z","level":"info","event":"⚠️  Found 3 expired weather records to delete","logger":"task.stdout"}
{"timestamp":"2026-01-30T07:00:03.772911Z","level":"info","event":"   Time range: 2026-01-30 08:00:00 to 2026-01-30 14:00:00","logger":"task.stdout"}
{"timestamp":"2026-01-30T07:00:03.773383Z","level":"info","event":"   (waktu < NOW at 2026-01-30 14:00:03 WIB)","logger":"task.stdout"}
{"timestamp":"2026-01-30T07:00:03.773853Z","level":"info","event":"✅ Deleted 3 expired weather records","logger":"task.stdout"}
{"timestamp":"2026-01-30T07:00:03.788655Z","level":"info","event":"✓ Inserted 19 weather records","logger":"task.stdout"}
{"timestamp":"2026-01-30T07:00:03.789183Z","level":"info","event":"","logger":"task.stdout"}
{"timestamp":"2026-01-30T07:00:03.789351Z","level":"info","event":"============================================================","logger":"task.stdout"}
{"timestamp":"2026-01-30T07:00:03.789496Z","level":"info","event":"✓ Total records inserted: 38","logger":"task.stdout"}
{"timestamp":"2026-01-30T07:00:03.789582Z","level":"info","event":"============================================================","logger":"task.stdout"}
{"timestamp":"2026-01-30T07:00:03.789189Z","level":"info","event":"Done. Returned value was: 38","logger":"airflow.task.operators.airflow.providers.standard.operators.python.PythonOperator","filename":"python.py","lineno":215}
{"timestamp":"2026-01-30T07:00:03.790916Z","level":"info","event":"Pushing xcom","ti":"RuntimeTaskInstance(id=UUID('019c0db3-9d2e-7b00-9c5a-b3adff049d4d'), task_id='fetch_bmkg_weather', dag_id='weather_data_fetch', run_id='scheduled__2026-01-30T07:00:00+00:00', try_number=1, dag_version_id=UUID('019c0cff-146c-753b-8203-7b5cd109d3d0'), map_index=-1, hostname='OM-RAFIE.localdomain', context_carrier={}, task=<Task(PythonOperator): fetch_bmkg_weather>, bundle_instance=LocalDagBundle(name=dags-folder), max_tries=2, start_date=datetime.datetime(2026, 1, 30, 7, 0, 1, 316983, tzinfo=datetime.timezone.utc), end_date=None, state=<TaskInstanceState.RUNNING: 'running'>, is_mapped=False, rendered_map_index=None)","logger":"task","filename":"task_runner.py","lineno":1360}
