{"timestamp":"2026-01-29T05:55:02.649211Z","level":"info","event":"DAG bundles loaded: dags-folder","logger":"airflow.dag_processing.bundles.manager.DagBundlesManager","filename":"manager.py","lineno":179}
{"timestamp":"2026-01-29T05:55:02.773486Z","level":"info","event":"Filling up the DagBag from /opt/airflow/dags/weather_data_fetch.py","logger":"airflow.models.dagbag.DagBag","filename":"dagbag.py","lineno":593}
{"timestamp":"2026-01-29T05:55:03.461542Z","level":"warning","event":"The `airflow.operators.python.PythonOperator` attribute is deprecated. Please use `'airflow.providers.standard.operators.python.PythonOperator'`.","category":"DeprecatedImportWarning","filename":"/opt/airflow/dags/weather_data_fetch.py","lineno":8,"logger":"py.warnings"}
{"timestamp":"2026-01-29T05:55:03.461978Z","level":"warning","event":"The `airflow.operators.bash.BashOperator` attribute is deprecated. Please use `'airflow.providers.standard.operators.bash.BashOperator'`.","category":"DeprecatedImportWarning","filename":"/opt/airflow/dags/weather_data_fetch.py","lineno":9,"logger":"py.warnings"}
{"timestamp":"2026-01-29T05:55:04.515572Z","level":"info","event":"","logger":"task.stdout"}
{"timestamp":"2026-01-29T05:55:04.515768Z","level":"info","event":"============================================================","logger":"task.stdout"}
{"timestamp":"2026-01-29T05:55:04.515834Z","level":"info","event":"🌦️ Fetching BMKG Weather Data","logger":"task.stdout"}
{"timestamp":"2026-01-29T05:55:04.515898Z","level":"info","event":"============================================================","logger":"task.stdout"}
{"timestamp":"2026-01-29T05:55:04.669363Z","level":"info","event":"","logger":"task.stdout"}
{"timestamp":"2026-01-29T05:55:04.669536Z","level":"info","event":"📍 Fetching weather for ADM4: 35.78.21.1004","logger":"task.stdout"}
{"timestamp":"2026-01-29T05:55:06.507089Z","level":"info","event":"   Parsed 20 weather records","logger":"task.stdout"}
{"timestamp":"2026-01-29T05:55:06.570297Z","level":"info","event":"","logger":"task.stdout"}
{"timestamp":"2026-01-29T05:55:06.570444Z","level":"info","event":"⚠️  Found 22 expired weather records to delete","logger":"task.stdout"}
{"timestamp":"2026-01-29T05:55:06.570764Z","level":"info","event":"   Time range: 2026-01-29 02:00:00 to 2026-01-29 12:00:00","logger":"task.stdout"}
{"timestamp":"2026-01-29T05:55:06.570891Z","level":"info","event":"   (waktu < NOW at 2026-01-29 12:55:06 WIB)","logger":"task.stdout"}
{"timestamp":"2026-01-29T05:55:06.575144Z","level":"info","event":"✅ Deleted 22 expired weather records","logger":"task.stdout"}
{"timestamp":"2026-01-29T05:55:06.597874Z","level":"info","event":"✓ Inserted 20 weather records","logger":"task.stdout"}
{"timestamp":"2026-01-29T05:55:06.598101Z","level":"info","event":"","logger":"task.stdout"}
{"timestamp":"2026-01-29T05:55:06.598182Z","level":"info","event":"📍 Fetching weather for ADM4: 35.25.14.1010","logger":"task.stdout"}
{"timestamp":"2026-01-29T05:55:07.886961Z","level":"info","event":"   Parsed 20 weather records","logger":"task.stdout"}
{"timestamp":"2026-01-29T05:55:07.921840Z","level":"info","event":"","logger":"task.stdout"}
{"timestamp":"2026-01-29T05:55:07.921994Z","level":"info","event":"⚠️  Found 3 expired weather records to delete","logger":"task.stdout"}
{"timestamp":"2026-01-29T05:55:07.922045Z","level":"info","event":"   Time range: 2026-01-29 05:00:00 to 2026-01-29 11:00:00","logger":"task.stdout"}
{"timestamp":"2026-01-29T05:55:07.922141Z","level":"info","event":"   (waktu < NOW at 2026-01-29 12:55:07 WIB)","logger":"task.stdout"}
{"timestamp":"2026-01-29T05:55:07.922362Z","level":"info","event":"✅ Deleted 3 expired weather records","logger":"task.stdout"}
{"timestamp":"2026-01-29T05:55:07.930827Z","level":"info","event":"✓ Inserted 20 weather records","logger":"task.stdout"}
{"timestamp":"2026-01-29T05:55:07.930990Z","level":"info","event":"","logger":"task.stdout"}
{"timestamp":"2026-01-29T05:55:07.931051Z","level":"info","event":"============================================================","logger":"task.stdout"}
{"timestamp":"2026-01-29T05:55:07.931208Z","level":"info","event":"✓ Total records inserted: 40","logger":"task.stdout"}
{"timestamp":"2026-01-29T05:55:07.931277Z","level":"info","event":"============================================================","logger":"task.stdout"}
{"timestamp":"2026-01-29T05:55:07.930867Z","level":"info","event":"Done. Returned value was: 40","logger":"airflow.task.operators.airflow.providers.standard.operators.python.PythonOperator","filename":"python.py","lineno":215}
{"timestamp":"2026-01-29T05:55:07.933458Z","level":"info","event":"Pushing xcom","ti":"RuntimeTaskInstance(id=UUID('019c084f-9ed5-7e8c-ab26-53258d219e69'), task_id='fetch_bmkg_weather', dag_id='weather_data_fetch', run_id='scheduled__2026-01-29T00:00:00+00:00', try_number=1, dag_version_id=UUID('019bf85e-bdaa-72d4-8530-24267eab6b2a'), map_index=-1, hostname='OM-RAFIE.localdomain', context_carrier={}, task=<Task(PythonOperator): fetch_bmkg_weather>, bundle_instance=LocalDagBundle(name=dags-folder), max_tries=2, start_date=datetime.datetime(2026, 1, 29, 5, 53, 9, 286983, tzinfo=datetime.timezone.utc), end_date=None, state=<TaskInstanceState.RUNNING: 'running'>, is_mapped=False, rendered_map_index=None)","logger":"task","filename":"task_runner.py","lineno":1360}
