{"timestamp":"2026-02-06T03:00:01.419465Z","level":"info","event":"DAG bundles loaded: dags-folder","logger":"airflow.dag_processing.bundles.manager.DagBundlesManager","filename":"manager.py","lineno":179}
{"timestamp":"2026-02-06T03:00:01.428178Z","level":"info","event":"Filling up the DagBag from /opt/airflow/dags/weather_data_fetch.py","logger":"airflow.models.dagbag.DagBag","filename":"dagbag.py","lineno":593}
{"timestamp":"2026-02-06T03:00:01.581100Z","level":"warning","event":"The `airflow.operators.python.PythonOperator` attribute is deprecated. Please use `'airflow.providers.standard.operators.python.PythonOperator'`.","category":"DeprecatedImportWarning","filename":"/opt/airflow/dags/weather_data_fetch.py","lineno":8,"logger":"py.warnings"}
{"timestamp":"2026-02-06T03:00:01.581256Z","level":"warning","event":"The `airflow.operators.bash.BashOperator` attribute is deprecated. Please use `'airflow.providers.standard.operators.bash.BashOperator'`.","category":"DeprecatedImportWarning","filename":"/opt/airflow/dags/weather_data_fetch.py","lineno":9,"logger":"py.warnings"}
{"timestamp":"2026-02-06T03:00:02.052445Z","level":"info","event":"","logger":"task.stdout"}
{"timestamp":"2026-02-06T03:00:02.052615Z","level":"info","event":"============================================================","logger":"task.stdout"}
{"timestamp":"2026-02-06T03:00:02.052687Z","level":"info","event":"🌦️ Fetching BMKG Weather Data","logger":"task.stdout"}
{"timestamp":"2026-02-06T03:00:02.053103Z","level":"info","event":"============================================================","logger":"task.stdout"}
{"timestamp":"2026-02-06T03:00:02.157517Z","level":"info","event":"","logger":"task.stdout"}
{"timestamp":"2026-02-06T03:00:02.157704Z","level":"info","event":"📍 Fetching weather for ADM4: 35.78.21.1004","logger":"task.stdout"}
{"timestamp":"2026-02-06T03:00:04.629089Z","level":"info","event":"   Parsed 21 weather records","logger":"task.stdout"}
{"timestamp":"2026-02-06T03:00:04.644257Z","level":"info","event":"","logger":"task.stdout"}
{"timestamp":"2026-02-06T03:00:04.644434Z","level":"info","event":"⚠️  Found 2 expired weather records to delete","logger":"task.stdout"}
{"timestamp":"2026-02-06T03:00:04.644757Z","level":"info","event":"   Time range: 2026-02-06 10:00:00 to 2026-02-06 10:00:00","logger":"task.stdout"}
{"timestamp":"2026-02-06T03:00:04.644862Z","level":"info","event":"   (waktu < NOW at 2026-02-06 10:00:04 WIB)","logger":"task.stdout"}
{"timestamp":"2026-02-06T03:00:04.646943Z","level":"info","event":"✅ Deleted 2 expired weather records","logger":"task.stdout"}
{"timestamp":"2026-02-06T03:00:04.659751Z","level":"info","event":"✓ Inserted 21 weather records","logger":"task.stdout"}
{"timestamp":"2026-02-06T03:00:04.659915Z","level":"info","event":"","logger":"task.stdout"}
{"timestamp":"2026-02-06T03:00:04.659976Z","level":"info","event":"📍 Fetching weather for ADM4: 35.25.14.1010","logger":"task.stdout"}
{"timestamp":"2026-02-06T03:00:05.366500Z","level":"info","event":"   Parsed 21 weather records","logger":"task.stdout"}
{"timestamp":"2026-02-06T03:00:05.376423Z","level":"info","event":"","logger":"task.stdout"}
{"timestamp":"2026-02-06T03:00:05.376581Z","level":"info","event":"⚠️  Found 3 expired weather records to delete","logger":"task.stdout"}
{"timestamp":"2026-02-06T03:00:05.376634Z","level":"info","event":"   Time range: 2026-02-06 04:00:00 to 2026-02-06 10:00:00","logger":"task.stdout"}
{"timestamp":"2026-02-06T03:00:05.376720Z","level":"info","event":"   (waktu < NOW at 2026-02-06 10:00:05 WIB)","logger":"task.stdout"}
{"timestamp":"2026-02-06T03:00:05.376784Z","level":"info","event":"✅ Deleted 3 expired weather records","logger":"task.stdout"}
{"timestamp":"2026-02-06T03:00:05.383391Z","level":"info","event":"✓ Inserted 21 weather records","logger":"task.stdout"}
{"timestamp":"2026-02-06T03:00:05.383554Z","level":"info","event":"","logger":"task.stdout"}
{"timestamp":"2026-02-06T03:00:05.383622Z","level":"info","event":"============================================================","logger":"task.stdout"}
{"timestamp":"2026-02-06T03:00:05.383689Z","level":"info","event":"✓ Total records inserted: 42","logger":"task.stdout"}
{"timestamp":"2026-02-06T03:00:05.383737Z","level":"info","event":"============================================================","logger":"task.stdout"}
{"timestamp":"2026-02-06T03:00:05.383453Z","level":"info","event":"Done. Returned value was: 42","logger":"airflow.task.operators.airflow.providers.standard.operators.python.PythonOperator","filename":"python.py","lineno":215}
{"timestamp":"2026-02-06T03:00:05.384751Z","level":"info","event":"Pushing xcom","ti":"RuntimeTaskInstance(id=UUID('019c30e4-65bf-71d0-acb4-f652368050fe'), task_id='fetch_bmkg_weather', dag_id='weather_data_fetch', run_id='scheduled__2026-02-06T03:00:00+00:00', try_number=1, dag_version_id=UUID('019c30a7-9bdc-792f-9a7e-cc8270c2efbb'), map_index=-1, hostname='OM-RAFIE.localdomain', context_carrier={}, task=<Task(PythonOperator): fetch_bmkg_weather>, bundle_instance=LocalDagBundle(name=dags-folder), max_tries=2, start_date=datetime.datetime(2026, 2, 6, 3, 0, 1, 82325, tzinfo=datetime.timezone.utc), end_date=None, state=<TaskInstanceState.RUNNING: 'running'>, is_mapped=False, rendered_map_index=None)","logger":"task","filename":"task_runner.py","lineno":1360}
