{"timestamp":"2026-02-03T09:35:07.255914Z","level":"info","event":"DAG bundles loaded: dags-folder","logger":"airflow.dag_processing.bundles.manager.DagBundlesManager","filename":"manager.py","lineno":179}
{"timestamp":"2026-02-03T09:35:07.257193Z","level":"info","event":"Filling up the DagBag from /opt/airflow/dags/weather_data_fetch.py","logger":"airflow.models.dagbag.DagBag","filename":"dagbag.py","lineno":593}
{"timestamp":"2026-02-03T09:35:07.275780Z","level":"warning","event":"The `airflow.operators.python.PythonOperator` attribute is deprecated. Please use `'airflow.providers.standard.operators.python.PythonOperator'`.","category":"DeprecatedImportWarning","filename":"/opt/airflow/dags/weather_data_fetch.py","lineno":8,"logger":"py.warnings"}
{"timestamp":"2026-02-03T09:35:07.275958Z","level":"warning","event":"The `airflow.operators.bash.BashOperator` attribute is deprecated. Please use `'airflow.providers.standard.operators.bash.BashOperator'`.","category":"DeprecatedImportWarning","filename":"/opt/airflow/dags/weather_data_fetch.py","lineno":9,"logger":"py.warnings"}
{"timestamp":"2026-02-03T09:35:07.741819Z","level":"info","event":"","logger":"task.stdout"}
{"timestamp":"2026-02-03T09:35:07.742022Z","level":"info","event":"============================================================","logger":"task.stdout"}
{"timestamp":"2026-02-03T09:35:07.742074Z","level":"info","event":"🌦️ Fetching BMKG Weather Data","logger":"task.stdout"}
{"timestamp":"2026-02-03T09:35:07.742119Z","level":"info","event":"============================================================","logger":"task.stdout"}
{"timestamp":"2026-02-03T09:35:07.821838Z","level":"info","event":"","logger":"task.stdout"}
{"timestamp":"2026-02-03T09:35:07.822014Z","level":"info","event":"📍 Fetching weather for ADM4: 35.78.21.1004","logger":"task.stdout"}
{"timestamp":"2026-02-03T09:35:08.506836Z","level":"info","event":"   Parsed 19 weather records","logger":"task.stdout"}
{"timestamp":"2026-02-03T09:35:08.528604Z","level":"info","event":"","logger":"task.stdout"}
{"timestamp":"2026-02-03T09:35:08.528796Z","level":"info","event":"⚠️  Found 46 expired weather records to delete","logger":"task.stdout"}
{"timestamp":"2026-02-03T09:35:08.528855Z","level":"info","event":"   Time range: 2026-02-02 18:00:00 to 2026-02-03 16:00:00","logger":"task.stdout"}
{"timestamp":"2026-02-03T09:35:08.528954Z","level":"info","event":"   (waktu < NOW at 2026-02-03 16:35:08 WIB)","logger":"task.stdout"}
{"timestamp":"2026-02-03T09:35:08.531385Z","level":"info","event":"✓ No expired records to delete","logger":"task.stdout"}
{"timestamp":"2026-02-03T09:35:08.549921Z","level":"info","event":"✓ Inserted 19 weather records","logger":"task.stdout"}
{"timestamp":"2026-02-03T09:35:08.550108Z","level":"info","event":"","logger":"task.stdout"}
{"timestamp":"2026-02-03T09:35:08.550163Z","level":"info","event":"📍 Fetching weather for ADM4: 35.25.14.1010","logger":"task.stdout"}
{"timestamp":"2026-02-03T09:35:09.191930Z","level":"info","event":"   Parsed 19 weather records","logger":"task.stdout"}
{"timestamp":"2026-02-03T09:35:09.203173Z","level":"info","event":"","logger":"task.stdout"}
{"timestamp":"2026-02-03T09:35:09.203303Z","level":"info","event":"⚠️  Found 3 expired weather records to delete","logger":"task.stdout"}
{"timestamp":"2026-02-03T09:35:09.203365Z","level":"info","event":"   Time range: 2026-02-03 10:00:00 to 2026-02-03 16:00:00","logger":"task.stdout"}
{"timestamp":"2026-02-03T09:35:09.203464Z","level":"info","event":"   (waktu < NOW at 2026-02-03 16:35:09 WIB)","logger":"task.stdout"}
{"timestamp":"2026-02-03T09:35:09.204260Z","level":"info","event":"✓ No expired records to delete","logger":"task.stdout"}
{"timestamp":"2026-02-03T09:35:09.214927Z","level":"info","event":"✓ Inserted 19 weather records","logger":"task.stdout"}
{"timestamp":"2026-02-03T09:35:09.215122Z","level":"info","event":"","logger":"task.stdout"}
{"timestamp":"2026-02-03T09:35:09.215179Z","level":"info","event":"============================================================","logger":"task.stdout"}
{"timestamp":"2026-02-03T09:35:09.215240Z","level":"info","event":"✓ Total records inserted: 38","logger":"task.stdout"}
{"timestamp":"2026-02-03T09:35:09.215280Z","level":"info","event":"============================================================","logger":"task.stdout"}
{"timestamp":"2026-02-03T09:35:09.214989Z","level":"info","event":"Done. Returned value was: 38","logger":"airflow.task.operators.airflow.providers.standard.operators.python.PythonOperator","filename":"python.py","lineno":215}
{"timestamp":"2026-02-03T09:35:09.215280Z","level":"info","event":"Pushing xcom","ti":"RuntimeTaskInstance(id=UUID('019c22da-ff0e-72c6-a811-013987b21d45'), task_id='fetch_bmkg_weather', dag_id='weather_data_fetch', run_id='scheduled__2026-02-03T09:00:00+00:00', try_number=1, dag_version_id=UUID('019c0dd4-58cf-774a-9f83-a68201e36c2d'), map_index=-1, hostname='OM-RAFIE.localdomain', context_carrier={}, task=<Task(PythonOperator): fetch_bmkg_weather>, bundle_instance=LocalDagBundle(name=dags-folder), max_tries=2, start_date=datetime.datetime(2026, 2, 3, 9, 35, 3, 723067, tzinfo=datetime.timezone.utc), end_date=None, state=<TaskInstanceState.RUNNING: 'running'>, is_mapped=False, rendered_map_index=None)","logger":"task","filename":"task_runner.py","lineno":1360}
