{"timestamp":"2026-01-30T06:00:01.028069Z","level":"info","event":"DAG bundles loaded: dags-folder","logger":"airflow.dag_processing.bundles.manager.DagBundlesManager","filename":"manager.py","lineno":179}
{"timestamp":"2026-01-30T06:00:01.029662Z","level":"info","event":"Filling up the DagBag from /opt/airflow/dags/weather_data_fetch.py","logger":"airflow.models.dagbag.DagBag","filename":"dagbag.py","lineno":593}
{"timestamp":"2026-01-30T06:00:01.057147Z","level":"warning","event":"The `airflow.operators.python.PythonOperator` attribute is deprecated. Please use `'airflow.providers.standard.operators.python.PythonOperator'`.","category":"DeprecatedImportWarning","filename":"/opt/airflow/dags/weather_data_fetch.py","lineno":8,"logger":"py.warnings"}
{"timestamp":"2026-01-30T06:00:01.057280Z","level":"warning","event":"The `airflow.operators.bash.BashOperator` attribute is deprecated. Please use `'airflow.providers.standard.operators.bash.BashOperator'`.","category":"DeprecatedImportWarning","filename":"/opt/airflow/dags/weather_data_fetch.py","lineno":9,"logger":"py.warnings"}
{"timestamp":"2026-01-30T06:00:01.227128Z","level":"info","event":"","logger":"task.stdout"}
{"timestamp":"2026-01-30T06:00:01.227282Z","level":"info","event":"============================================================","logger":"task.stdout"}
{"timestamp":"2026-01-30T06:00:01.227334Z","level":"info","event":"🌦️ Fetching BMKG Weather Data","logger":"task.stdout"}
{"timestamp":"2026-01-30T06:00:01.227440Z","level":"info","event":"============================================================","logger":"task.stdout"}
{"timestamp":"2026-01-30T06:00:01.273099Z","level":"info","event":"","logger":"task.stdout"}
{"timestamp":"2026-01-30T06:00:01.273294Z","level":"info","event":"📍 Fetching weather for ADM4: 35.78.21.1004","logger":"task.stdout"}
{"timestamp":"2026-01-30T06:00:01.512286Z","level":"info","event":"   Parsed 20 weather records","logger":"task.stdout"}
{"timestamp":"2026-01-30T06:00:01.525735Z","level":"info","event":"","logger":"task.stdout"}
{"timestamp":"2026-01-30T06:00:01.525891Z","level":"info","event":"⚠️  Found 2 expired weather records to delete","logger":"task.stdout"}
{"timestamp":"2026-01-30T06:00:01.525983Z","level":"info","event":"   Time range: 2026-01-30 13:00:00 to 2026-01-30 13:00:00","logger":"task.stdout"}
{"timestamp":"2026-01-30T06:00:01.526077Z","level":"info","event":"   (waktu < NOW at 2026-01-30 13:00:01 WIB)","logger":"task.stdout"}
{"timestamp":"2026-01-30T06:00:01.526832Z","level":"info","event":"✅ Deleted 2 expired weather records","logger":"task.stdout"}
{"timestamp":"2026-01-30T06:00:01.535289Z","level":"info","event":"✓ Inserted 20 weather records","logger":"task.stdout"}
{"timestamp":"2026-01-30T06:00:01.535437Z","level":"info","event":"","logger":"task.stdout"}
{"timestamp":"2026-01-30T06:00:01.535501Z","level":"info","event":"📍 Fetching weather for ADM4: 35.25.14.1010","logger":"task.stdout"}
{"timestamp":"2026-01-30T06:00:01.713660Z","level":"info","event":"   Parsed 20 weather records","logger":"task.stdout"}
{"timestamp":"2026-01-30T06:00:01.725268Z","level":"info","event":"","logger":"task.stdout"}
{"timestamp":"2026-01-30T06:00:01.725424Z","level":"info","event":"⚠️  Found 3 expired weather records to delete","logger":"task.stdout"}
{"timestamp":"2026-01-30T06:00:01.725477Z","level":"info","event":"   Time range: 2026-01-30 06:00:00 to 2026-01-30 12:00:00","logger":"task.stdout"}
{"timestamp":"2026-01-30T06:00:01.725597Z","level":"info","event":"   (waktu < NOW at 2026-01-30 13:00:01 WIB)","logger":"task.stdout"}
{"timestamp":"2026-01-30T06:00:01.725825Z","level":"info","event":"✅ Deleted 3 expired weather records","logger":"task.stdout"}
{"timestamp":"2026-01-30T06:00:01.732444Z","level":"info","event":"✓ Inserted 20 weather records","logger":"task.stdout"}
{"timestamp":"2026-01-30T06:00:01.732603Z","level":"info","event":"","logger":"task.stdout"}
{"timestamp":"2026-01-30T06:00:01.732664Z","level":"info","event":"============================================================","logger":"task.stdout"}
{"timestamp":"2026-01-30T06:00:01.732743Z","level":"info","event":"✓ Total records inserted: 40","logger":"task.stdout"}
{"timestamp":"2026-01-30T06:00:01.732791Z","level":"info","event":"============================================================","logger":"task.stdout"}
{"timestamp":"2026-01-30T06:00:01.732576Z","level":"info","event":"Done. Returned value was: 40","logger":"airflow.task.operators.airflow.providers.standard.operators.python.PythonOperator","filename":"python.py","lineno":215}
{"timestamp":"2026-01-30T06:00:01.732961Z","level":"info","event":"Pushing xcom","ti":"RuntimeTaskInstance(id=UUID('019c0d7c-ad23-7402-9d9f-ffef11e4d9ad'), task_id='fetch_bmkg_weather', dag_id='weather_data_fetch', run_id='scheduled__2026-01-30T06:00:00+00:00', try_number=1, dag_version_id=UUID('019c0cff-146c-753b-8203-7b5cd109d3d0'), map_index=-1, hostname='OM-RAFIE.localdomain', context_carrier={}, task=<Task(PythonOperator): fetch_bmkg_weather>, bundle_instance=LocalDagBundle(name=dags-folder), max_tries=2, start_date=datetime.datetime(2026, 1, 30, 6, 0, 0, 874185, tzinfo=datetime.timezone.utc), end_date=None, state=<TaskInstanceState.RUNNING: 'running'>, is_mapped=False, rendered_map_index=None)","logger":"task","filename":"task_runner.py","lineno":1360}
