{"timestamp":"2026-01-26T02:43:49.153481Z","level":"info","event":"DAG bundles loaded: dags-folder","logger":"airflow.dag_processing.bundles.manager.DagBundlesManager","filename":"manager.py","lineno":179}
{"timestamp":"2026-01-26T02:43:49.155252Z","level":"info","event":"Filling up the DagBag from /opt/airflow/dags/weather_data_fetch.py","logger":"airflow.models.dagbag.DagBag","filename":"dagbag.py","lineno":593}
{"timestamp":"2026-01-26T02:43:49.196345Z","level":"warning","event":"The `airflow.operators.python.PythonOperator` attribute is deprecated. Please use `'airflow.providers.standard.operators.python.PythonOperator'`.","category":"DeprecatedImportWarning","filename":"/opt/airflow/dags/weather_data_fetch.py","lineno":8,"logger":"py.warnings"}
{"timestamp":"2026-01-26T02:43:49.196523Z","level":"warning","event":"The `airflow.operators.bash.BashOperator` attribute is deprecated. Please use `'airflow.providers.standard.operators.bash.BashOperator'`.","category":"DeprecatedImportWarning","filename":"/opt/airflow/dags/weather_data_fetch.py","lineno":9,"logger":"py.warnings"}
{"timestamp":"2026-01-26T02:43:49.265564Z","level":"info","event":"","logger":"task.stdout"}
{"timestamp":"2026-01-26T02:43:49.265792Z","level":"info","event":"============================================================","logger":"task.stdout"}
{"timestamp":"2026-01-26T02:43:49.265907Z","level":"info","event":"🌦️ Fetching BMKG Weather Data","logger":"task.stdout"}
{"timestamp":"2026-01-26T02:43:49.266070Z","level":"info","event":"============================================================","logger":"task.stdout"}
{"timestamp":"2026-01-26T02:43:49.452959Z","level":"info","event":"============================================================","logger":"task.stdout"}
{"timestamp":"2026-01-26T02:43:49.453208Z","level":"info","event":"BMKG Weather Data Fetch","logger":"task.stdout"}
{"timestamp":"2026-01-26T02:43:49.453295Z","level":"info","event":"============================================================","logger":"task.stdout"}
{"timestamp":"2026-01-26T02:43:49.490874Z","level":"info","event":"","logger":"task.stdout"}
{"timestamp":"2026-01-26T02:43:49.491105Z","level":"info","event":"📍 Fetching weather for ADM4: 35.78.21.1004","logger":"task.stdout"}
{"timestamp":"2026-01-26T02:43:49.491199Z","level":"info","event":"Fetching from: https://api.bmkg.go.id/publik/prakiraan-cuaca?adm4=35.78.21.1004","logger":"task.stdout"}
{"timestamp":"2026-01-26T02:43:49.760005Z","level":"info","event":"   Parsed 21 weather records","logger":"task.stdout"}
{"timestamp":"2026-01-26T02:43:49.778958Z","level":"info","event":"🗑️  Deleted 82 old weather records (waktu < NOW)","logger":"task.stdout"}
{"timestamp":"2026-01-26T02:43:49.793461Z","level":"info","event":"✓ Inserted 21 weather records","logger":"task.stdout"}
{"timestamp":"2026-01-26T02:43:49.793881Z","level":"info","event":"","logger":"task.stdout"}
{"timestamp":"2026-01-26T02:43:49.793994Z","level":"info","event":"📍 Fetching weather for ADM4: 35.25.14.1010","logger":"task.stdout"}
{"timestamp":"2026-01-26T02:43:49.794059Z","level":"info","event":"Fetching from: https://api.bmkg.go.id/publik/prakiraan-cuaca?adm4=35.25.14.1010","logger":"task.stdout"}
{"timestamp":"2026-01-26T02:43:50.052361Z","level":"info","event":"   Parsed 21 weather records","logger":"task.stdout"}
{"timestamp":"2026-01-26T02:43:50.063549Z","level":"info","event":"🗑️  Deleted 3 old weather records (waktu < NOW)","logger":"task.stdout"}
{"timestamp":"2026-01-26T02:43:50.072076Z","level":"info","event":"✓ Inserted 21 weather records","logger":"task.stdout"}
{"timestamp":"2026-01-26T02:43:50.072291Z","level":"info","event":"","logger":"task.stdout"}
{"timestamp":"2026-01-26T02:43:50.072350Z","level":"info","event":"============================================================","logger":"task.stdout"}
{"timestamp":"2026-01-26T02:43:50.072396Z","level":"info","event":"✓ Total records inserted: 42","logger":"task.stdout"}
{"timestamp":"2026-01-26T02:43:50.072438Z","level":"info","event":"============================================================","logger":"task.stdout"}
{"timestamp":"2026-01-26T02:43:50.072550Z","level":"info","event":"✓ Weather fetch completed: 42 records inserted","logger":"task.stdout"}
{"timestamp":"2026-01-26T02:43:50.072152Z","level":"info","event":"Done. Returned value was: 42","logger":"airflow.task.operators.airflow.providers.standard.operators.python.PythonOperator","filename":"python.py","lineno":215}
{"timestamp":"2026-01-26T02:43:50.072728Z","level":"info","event":"Pushing xcom","ti":"RuntimeTaskInstance(id=UUID('019bf82b-06de-7399-bbd3-b2b6321b5050'), task_id='fetch_bmkg_weather', dag_id='weather_data_fetch', run_id='manual__2026-01-26T02:33:43.386450+00:00', try_number=3, dag_version_id=UUID('019bf827-3ead-7e0e-b3a6-7e3ed7142331'), map_index=-1, hostname='OM-RAFIE.localdomain', context_carrier={}, task=<Task(PythonOperator): fetch_bmkg_weather>, bundle_instance=LocalDagBundle(name=dags-folder), max_tries=2, start_date=datetime.datetime(2026, 1, 26, 2, 43, 49, 34281, tzinfo=datetime.timezone.utc), end_date=None, state=<TaskInstanceState.RUNNING: 'running'>, is_mapped=False, rendered_map_index=None)","logger":"task","filename":"task_runner.py","lineno":1360}
