{"timestamp":"2026-01-22T00:38:37.516380Z","level":"info","event":"DAG bundles loaded: dags-folder","logger":"airflow.dag_processing.bundles.manager.DagBundlesManager","filename":"manager.py","lineno":179}
{"timestamp":"2026-01-22T00:38:37.526272Z","level":"info","event":"Filling up the DagBag from /opt/airflow/dags/daily_warehouse_sync.py","logger":"airflow.models.dagbag.DagBag","filename":"dagbag.py","lineno":593}
{"timestamp":"2026-01-22T00:38:37.763712Z","level":"warning","event":"The `airflow.operators.python.PythonOperator` attribute is deprecated. Please use `'airflow.providers.standard.operators.python.PythonOperator'`.","category":"DeprecatedImportWarning","filename":"/opt/airflow/dags/daily_warehouse_sync.py","lineno":8,"logger":"py.warnings"}
{"timestamp":"2026-01-22T00:38:37.763925Z","level":"warning","event":"The `airflow.operators.bash.BashOperator` attribute is deprecated. Please use `'airflow.providers.standard.operators.bash.BashOperator'`.","category":"DeprecatedImportWarning","filename":"/opt/airflow/dags/daily_warehouse_sync.py","lineno":9,"logger":"py.warnings"}
{"timestamp":"2026-01-22T00:38:59.422049Z","level":"info","event":"============================================================","logger":"task.stdout"}
{"timestamp":"2026-01-22T00:38:59.422463Z","level":"info","event":"Starting daily warehouse sync...","logger":"task.stdout"}
{"timestamp":"2026-01-22T00:38:59.422877Z","level":"info","event":"============================================================","logger":"task.stdout"}
{"timestamp":"2026-01-22T00:38:59.423258Z","level":"info","event":"","logger":"task.stdout"}
{"timestamp":"2026-01-22T00:38:59.423467Z","level":"info","event":"📍 PRIORITY: Syncing WEATHER data first...","logger":"task.stdout"}
{"timestamp":"2026-01-22T00:38:59.492989Z","level":"info","event":"ERROR syncing weather.fact_weather_hourly: could not translate host name \"devom.silog.co.id\" to address: Name or service not known","logger":"task.stdout"}
{"timestamp":"2026-01-22T00:38:59.493394Z","level":"info","event":"","logger":"task.stdout"}
{"timestamp":"2026-01-22T00:38:59.496833Z","level":"info","event":"","logger":"task.stdout"}
{"timestamp":"2026-01-22T00:38:59.497219Z","level":"info","event":"📊 Syncing other schemas...","logger":"task.stdout"}
{"timestamp":"2026-01-22T00:38:59.556848Z","level":"info","event":"ERROR syncing driver.daftar_user: could not translate host name \"devom.silog.co.id\" to address: Name or service not known","logger":"task.stdout"}
{"timestamp":"2026-01-22T00:38:59.557098Z","level":"info","event":"","logger":"task.stdout"}
{"timestamp":"2026-01-22T00:38:59.620083Z","level":"info","event":"ERROR syncing driver.attachment_driver: could not translate host name \"devom.silog.co.id\" to address: Name or service not known","logger":"task.stdout"}
{"timestamp":"2026-01-22T00:38:59.620498Z","level":"info","event":"","logger":"task.stdout"}
{"timestamp":"2026-01-22T00:38:59.667791Z","level":"info","event":"ERROR syncing driver.laporan_pengemudi: could not translate host name \"devom.silog.co.id\" to address: Name or service not known","logger":"task.stdout"}
{"timestamp":"2026-01-22T00:38:59.668092Z","level":"info","event":"","logger":"task.stdout"}
{"timestamp":"2026-01-22T00:39:00.534697Z","level":"info","event":"ERROR syncing driver.kontak_darurat: could not translate host name \"devom.silog.co.id\" to address: Name or service not known","logger":"task.stdout"}
{"timestamp":"2026-01-22T00:39:00.534994Z","level":"info","event":"","logger":"task.stdout"}
{"timestamp":"2026-01-22T00:39:01.568590Z","level":"info","event":"ERROR syncing armada.armada_tms: could not translate host name \"devom.silog.co.id\" to address: Name or service not known","logger":"task.stdout"}
{"timestamp":"2026-01-22T00:39:01.568868Z","level":"info","event":"","logger":"task.stdout"}
{"timestamp":"2026-01-22T00:39:02.063487Z","level":"info","event":"ERROR syncing armada.jenis_armada: could not translate host name \"devom.silog.co.id\" to address: Name or service not known","logger":"task.stdout"}
{"timestamp":"2026-01-22T00:39:02.063822Z","level":"info","event":"","logger":"task.stdout"}
{"timestamp":"2026-01-22T02:18:57.355131Z","level":"info","event":"ERROR syncing armada.driver_armada: could not translate host name \"devom.silog.co.id\" to address: Name or service not known","logger":"task.stdout"}
{"timestamp":"2026-01-22T02:18:57.355473Z","level":"info","event":"","logger":"task.stdout"}
{"timestamp":"2026-01-22T02:18:59.042288Z","level":"info","event":"ERROR syncing armada.armada_perangkat: could not translate host name \"devom.silog.co.id\" to address: Name or service not known","logger":"task.stdout"}
{"timestamp":"2026-01-22T02:18:59.042617Z","level":"info","event":"","logger":"task.stdout"}
{"timestamp":"2026-01-22T02:19:01.657051Z","level":"info","event":"ERROR syncing armada.attachment_armada: could not translate host name \"devom.silog.co.id\" to address: Name or service not known","logger":"task.stdout"}
{"timestamp":"2026-01-22T02:19:01.657274Z","level":"info","event":"","logger":"task.stdout"}
{"timestamp":"2026-01-22T02:19:02.757647Z","level":"info","event":"ERROR syncing delivery.delivery_order: could not translate host name \"devom.silog.co.id\" to address: Name or service not known","logger":"task.stdout"}
{"timestamp":"2026-01-22T02:19:02.757880Z","level":"info","event":"","logger":"task.stdout"}
{"timestamp":"2026-01-22T02:19:02.861187Z","level":"info","event":"ERROR syncing delivery.detail_do: could not translate host name \"devom.silog.co.id\" to address: Name or service not known","logger":"task.stdout"}
{"timestamp":"2026-01-22T02:19:02.861425Z","level":"info","event":"","logger":"task.stdout"}
{"timestamp":"2026-01-22T02:19:03.963451Z","level":"info","event":"ERROR syncing delivery.jenis_order: could not translate host name \"devom.silog.co.id\" to address: Name or service not known","logger":"task.stdout"}
{"timestamp":"2026-01-22T02:19:03.963752Z","level":"info","event":"","logger":"task.stdout"}
{"timestamp":"2026-01-22T02:19:04.071228Z","level":"info","event":"ERROR syncing delivery.attachment_gudang: could not translate host name \"devom.silog.co.id\" to address: Name or service not known","logger":"task.stdout"}
{"timestamp":"2026-01-22T02:19:04.071477Z","level":"info","event":"","logger":"task.stdout"}
{"timestamp":"2026-01-22T02:19:04.170075Z","level":"info","event":"ERROR syncing activity.log_perjalanan_armada: could not translate host name \"devom.silog.co.id\" to address: Name or service not known","logger":"task.stdout"}
{"timestamp":"2026-01-22T02:19:04.170249Z","level":"info","event":"","logger":"task.stdout"}
{"timestamp":"2026-01-22T02:19:04.273773Z","level":"info","event":"ERROR syncing activity.log_aktifitas_driver: could not translate host name \"devom.silog.co.id\" to address: Name or service not known","logger":"task.stdout"}
{"timestamp":"2026-01-22T02:19:04.274031Z","level":"info","event":"","logger":"task.stdout"}
{"timestamp":"2026-01-22T02:19:04.300704Z","level":"info","event":"ERROR syncing activity.log_perangkat: could not translate host name \"devom.silog.co.id\" to address: Name or service not known","logger":"task.stdout"}
{"timestamp":"2026-01-22T02:19:04.300910Z","level":"info","event":"","logger":"task.stdout"}
{"timestamp":"2026-01-22T02:19:04.333559Z","level":"info","event":"ERROR syncing activity.log_chat: could not translate host name \"devom.silog.co.id\" to address: Name or service not known","logger":"task.stdout"}
{"timestamp":"2026-01-22T02:19:04.333767Z","level":"info","event":"","logger":"task.stdout"}
{"timestamp":"2026-01-22T02:19:04.408596Z","level":"info","event":"ERROR syncing activity.log_panggilan: could not translate host name \"devom.silog.co.id\" to address: Name or service not known","logger":"task.stdout"}
{"timestamp":"2026-01-22T02:19:04.408944Z","level":"info","event":"","logger":"task.stdout"}
{"timestamp":"2026-01-22T02:19:04.584778Z","level":"info","event":"ERROR syncing activity.log_sensor: could not translate host name \"devom.silog.co.id\" to address: Name or service not known","logger":"task.stdout"}
{"timestamp":"2026-01-22T02:19:04.585100Z","level":"info","event":"","logger":"task.stdout"}
{"timestamp":"2026-01-22T02:19:04.905690Z","level":"info","event":"ERROR syncing activity.alert_geofence: could not translate host name \"devom.silog.co.id\" to address: Name or service not known","logger":"task.stdout"}
{"timestamp":"2026-01-22T02:19:04.906441Z","level":"info","event":"","logger":"task.stdout"}
{"timestamp":"2026-01-22T02:19:05.221446Z","level":"info","event":"ERROR syncing financial.orders: could not translate host name \"devom.silog.co.id\" to address: Name or service not known","logger":"task.stdout"}
{"timestamp":"2026-01-22T02:19:05.221734Z","level":"info","event":"","logger":"task.stdout"}
{"timestamp":"2026-01-22T02:19:05.382710Z","level":"info","event":"ERROR syncing financial.detail_po: could not translate host name \"devom.silog.co.id\" to address: Name or service not known","logger":"task.stdout"}
{"timestamp":"2026-01-22T02:19:05.383451Z","level":"info","event":"","logger":"task.stdout"}
{"timestamp":"2026-01-22T02:19:05.499349Z","level":"info","event":"ERROR syncing financial.jenis_transaksi: could not translate host name \"devom.silog.co.id\" to address: Name or service not known","logger":"task.stdout"}
{"timestamp":"2026-01-22T02:19:05.499606Z","level":"info","event":"","logger":"task.stdout"}
{"timestamp":"2026-01-22T02:19:05.805211Z","level":"info","event":"ERROR syncing financial.detail_qc: could not translate host name \"devom.silog.co.id\" to address: Name or service not known","logger":"task.stdout"}
{"timestamp":"2026-01-22T02:19:05.805477Z","level":"info","event":"","logger":"task.stdout"}
{"timestamp":"2026-01-22T02:19:05.956851Z","level":"info","event":"ERROR syncing financial.bank: could not translate host name \"devom.silog.co.id\" to address: Name or service not known","logger":"task.stdout"}
{"timestamp":"2026-01-22T02:19:05.957251Z","level":"info","event":"","logger":"task.stdout"}
{"timestamp":"2026-01-22T02:19:06.469527Z","level":"info","event":"ERROR syncing support.attachment: could not translate host name \"devom.silog.co.id\" to address: Name or service not known","logger":"task.stdout"}
{"timestamp":"2026-01-22T02:19:06.470016Z","level":"info","event":"","logger":"task.stdout"}
{"timestamp":"2026-01-22T02:19:06.620993Z","level":"info","event":"ERROR syncing support.jenis_file: could not translate host name \"devom.silog.co.id\" to address: Name or service not known","logger":"task.stdout"}
{"timestamp":"2026-01-22T02:19:06.621291Z","level":"info","event":"","logger":"task.stdout"}
{"timestamp":"2026-01-22T02:19:06.763635Z","level":"info","event":"ERROR syncing support.chat_room: could not translate host name \"devom.silog.co.id\" to address: Name or service not known","logger":"task.stdout"}
{"timestamp":"2026-01-22T02:19:06.763929Z","level":"info","event":"","logger":"task.stdout"}
{"timestamp":"2026-01-22T02:19:06.905416Z","level":"info","event":"ERROR syncing support.attachment_chat: could not translate host name \"devom.silog.co.id\" to address: Name or service not known","logger":"task.stdout"}
{"timestamp":"2026-01-22T02:19:06.905743Z","level":"info","event":"","logger":"task.stdout"}
{"timestamp":"2026-01-22T02:19:07.037054Z","level":"info","event":"ERROR syncing support.attachment_pengembalian: could not translate host name \"devom.silog.co.id\" to address: Name or service not known","logger":"task.stdout"}
{"timestamp":"2026-01-22T02:19:07.037542Z","level":"info","event":"","logger":"task.stdout"}
{"timestamp":"2026-01-22T02:19:07.233567Z","level":"info","event":"ERROR syncing support.attachment_perangkat: could not translate host name \"devom.silog.co.id\" to address: Name or service not known","logger":"task.stdout"}
{"timestamp":"2026-01-22T02:19:07.234005Z","level":"info","event":"","logger":"task.stdout"}
{"timestamp":"2026-01-22T02:19:07.562817Z","level":"info","event":"ERROR syncing support.attachment_qc: could not translate host name \"devom.silog.co.id\" to address: Name or service not known","logger":"task.stdout"}
{"timestamp":"2026-01-22T02:19:07.563057Z","level":"info","event":"","logger":"task.stdout"}
{"timestamp":"2026-01-22T02:19:07.713767Z","level":"info","event":"ERROR syncing master.gudang: could not translate host name \"devom.silog.co.id\" to address: Name or service not known","logger":"task.stdout"}
{"timestamp":"2026-01-22T02:19:07.713988Z","level":"info","event":"","logger":"task.stdout"}
{"timestamp":"2026-01-22T02:19:07.814208Z","level":"info","event":"ERROR syncing master.locations: could not translate host name \"devom.silog.co.id\" to address: Name or service not known","logger":"task.stdout"}
{"timestamp":"2026-01-22T02:19:07.814541Z","level":"info","event":"","logger":"task.stdout"}
{"timestamp":"2026-01-22T02:19:07.848136Z","level":"info","event":"ERROR syncing master.kategori_produk: could not translate host name \"devom.silog.co.id\" to address: Name or service not known","logger":"task.stdout"}
{"timestamp":"2026-01-22T02:19:07.848456Z","level":"info","event":"","logger":"task.stdout"}
{"timestamp":"2026-01-22T02:19:07.872629Z","level":"info","event":"ERROR syncing master.konversi: could not translate host name \"devom.silog.co.id\" to address: Name or service not known","logger":"task.stdout"}
{"timestamp":"2026-01-22T02:19:07.872838Z","level":"info","event":"","logger":"task.stdout"}
{"timestamp":"2026-01-22T02:19:07.897631Z","level":"info","event":"ERROR syncing master.jenis_satuan: could not translate host name \"devom.silog.co.id\" to address: Name or service not known","logger":"task.stdout"}
{"timestamp":"2026-01-22T02:19:07.897800Z","level":"info","event":"","logger":"task.stdout"}
{"timestamp":"2026-01-22T02:19:07.927206Z","level":"info","event":"ERROR syncing master.atribut: could not translate host name \"devom.silog.co.id\" to address: Name or service not known","logger":"task.stdout"}
{"timestamp":"2026-01-22T02:19:07.927423Z","level":"info","event":"","logger":"task.stdout"}
{"timestamp":"2026-01-22T02:19:07.962980Z","level":"info","event":"ERROR syncing master.atribut_produk: could not translate host name \"devom.silog.co.id\" to address: Name or service not known","logger":"task.stdout"}
{"timestamp":"2026-01-22T02:19:07.963322Z","level":"info","event":"","logger":"task.stdout"}
{"timestamp":"2026-01-22T02:19:07.983044Z","level":"info","event":"ERROR syncing master.kriteria_produk: could not translate host name \"devom.silog.co.id\" to address: Name or service not known","logger":"task.stdout"}
{"timestamp":"2026-01-22T02:19:07.983271Z","level":"info","event":"","logger":"task.stdout"}
{"timestamp":"2026-01-22T02:19:08.004105Z","level":"info","event":"ERROR syncing master.geofence: could not translate host name \"devom.silog.co.id\" to address: Name or service not known","logger":"task.stdout"}
{"timestamp":"2026-01-22T02:19:08.004346Z","level":"info","event":"","logger":"task.stdout"}
{"timestamp":"2026-01-22T02:19:08.026408Z","level":"info","event":"ERROR syncing master.jenis_insiden: could not translate host name \"devom.silog.co.id\" to address: Name or service not known","logger":"task.stdout"}
{"timestamp":"2026-01-22T02:19:08.026578Z","level":"info","event":"","logger":"task.stdout"}
{"timestamp":"2026-01-22T02:19:08.071760Z","level":"info","event":"ERROR syncing master.jenis_notifikasi: could not translate host name \"devom.silog.co.id\" to address: Name or service not known","logger":"task.stdout"}
{"timestamp":"2026-01-22T02:19:08.072054Z","level":"info","event":"","logger":"task.stdout"}
{"timestamp":"2026-01-22T02:19:08.103976Z","level":"info","event":"ERROR syncing master.laporan_darurat: could not translate host name \"devom.silog.co.id\" to address: Name or service not known","logger":"task.stdout"}
{"timestamp":"2026-01-22T02:19:08.104278Z","level":"info","event":"","logger":"task.stdout"}
{"timestamp":"2026-01-22T02:19:08.157681Z","level":"info","event":"ERROR syncing master.rating: could not translate host name \"devom.silog.co.id\" to address: Name or service not known","logger":"task.stdout"}
{"timestamp":"2026-01-22T02:19:08.157909Z","level":"info","event":"","logger":"task.stdout"}
{"timestamp":"2026-01-22T02:19:08.158008Z","level":"info","event":"","logger":"task.stdout"}
{"timestamp":"2026-01-22T02:19:08.158121Z","level":"info","event":"============================================================","logger":"task.stdout"}
{"timestamp":"2026-01-22T02:19:08.158414Z","level":"info","event":"SYNC SUMMARY","logger":"task.stdout"}
{"timestamp":"2026-01-22T02:19:08.158505Z","level":"info","event":"============================================================","logger":"task.stdout"}
{"timestamp":"2026-01-22T02:19:08.158603Z","level":"info","event":"✅ Success: 0 tables","logger":"task.stdout"}
{"timestamp":"2026-01-22T02:19:08.158687Z","level":"info","event":"❌ Failed: 46 tables","logger":"task.stdout"}
{"timestamp":"2026-01-22T02:19:08.158748Z","level":"info","event":"","logger":"task.stdout"}
{"timestamp":"2026-01-22T02:19:08.158823Z","level":"info","event":"Failed tables:","logger":"task.stdout"}
{"timestamp":"2026-01-22T02:19:08.158925Z","level":"info","event":"  - ERROR syncing weather.fact_weather_hourly: could not translate host name \"devom.silog.co.id\" to address: Name or service not known","logger":"task.stdout"}
{"timestamp":"2026-01-22T02:19:08.159022Z","level":"info","event":"","logger":"task.stdout"}
{"timestamp":"2026-01-22T02:19:08.159087Z","level":"info","event":"  - ERROR syncing driver.daftar_user: could not translate host name \"devom.silog.co.id\" to address: Name or service not known","logger":"task.stdout"}
{"timestamp":"2026-01-22T02:19:08.159158Z","level":"info","event":"","logger":"task.stdout"}
{"timestamp":"2026-01-22T02:19:08.159244Z","level":"info","event":"  - ERROR syncing driver.attachment_driver: could not translate host name \"devom.silog.co.id\" to address: Name or service not known","logger":"task.stdout"}
{"timestamp":"2026-01-22T02:19:08.159321Z","level":"info","event":"","logger":"task.stdout"}
{"timestamp":"2026-01-22T02:19:08.159380Z","level":"info","event":"  - ERROR syncing driver.laporan_pengemudi: could not translate host name \"devom.silog.co.id\" to address: Name or service not known","logger":"task.stdout"}
{"timestamp":"2026-01-22T02:19:08.159461Z","level":"info","event":"","logger":"task.stdout"}
{"timestamp":"2026-01-22T02:19:08.159524Z","level":"info","event":"  - ERROR syncing driver.kontak_darurat: could not translate host name \"devom.silog.co.id\" to address: Name or service not known","logger":"task.stdout"}
{"timestamp":"2026-01-22T02:19:08.159604Z","level":"info","event":"","logger":"task.stdout"}
{"timestamp":"2026-01-22T02:19:08.159667Z","level":"info","event":"  - ERROR syncing armada.armada_tms: could not translate host name \"devom.silog.co.id\" to address: Name or service not known","logger":"task.stdout"}
{"timestamp":"2026-01-22T02:19:08.159741Z","level":"info","event":"","logger":"task.stdout"}
{"timestamp":"2026-01-22T02:19:08.159812Z","level":"info","event":"  - ERROR syncing armada.jenis_armada: could not translate host name \"devom.silog.co.id\" to address: Name or service not known","logger":"task.stdout"}
{"timestamp":"2026-01-22T02:19:08.159890Z","level":"info","event":"","logger":"task.stdout"}
{"timestamp":"2026-01-22T02:19:08.159958Z","level":"info","event":"  - ERROR syncing armada.driver_armada: could not translate host name \"devom.silog.co.id\" to address: Name or service not known","logger":"task.stdout"}
{"timestamp":"2026-01-22T02:19:08.160054Z","level":"info","event":"","logger":"task.stdout"}
{"timestamp":"2026-01-22T02:19:08.160140Z","level":"info","event":"  - ERROR syncing armada.armada_perangkat: could not translate host name \"devom.silog.co.id\" to address: Name or service not known","logger":"task.stdout"}
{"timestamp":"2026-01-22T02:19:08.160277Z","level":"info","event":"","logger":"task.stdout"}
{"timestamp":"2026-01-22T02:19:08.160346Z","level":"info","event":"  - ERROR syncing armada.attachment_armada: could not translate host name \"devom.silog.co.id\" to address: Name or service not known","logger":"task.stdout"}
{"timestamp":"2026-01-22T02:19:08.160484Z","level":"info","event":"","logger":"task.stdout"}
{"timestamp":"2026-01-22T02:19:08.160598Z","level":"info","event":"  - ERROR syncing delivery.delivery_order: could not translate host name \"devom.silog.co.id\" to address: Name or service not known","logger":"task.stdout"}
{"timestamp":"2026-01-22T02:19:08.160774Z","level":"info","event":"","logger":"task.stdout"}
{"timestamp":"2026-01-22T02:19:08.160874Z","level":"info","event":"  - ERROR syncing delivery.detail_do: could not translate host name \"devom.silog.co.id\" to address: Name or service not known","logger":"task.stdout"}
{"timestamp":"2026-01-22T02:19:08.160950Z","level":"info","event":"","logger":"task.stdout"}
{"timestamp":"2026-01-22T02:19:08.161024Z","level":"info","event":"  - ERROR syncing delivery.jenis_order: could not translate host name \"devom.silog.co.id\" to address: Name or service not known","logger":"task.stdout"}
{"timestamp":"2026-01-22T02:19:08.161109Z","level":"info","event":"","logger":"task.stdout"}
{"timestamp":"2026-01-22T02:19:08.161192Z","level":"info","event":"  - ERROR syncing delivery.attachment_gudang: could not translate host name \"devom.silog.co.id\" to address: Name or service not known","logger":"task.stdout"}
{"timestamp":"2026-01-22T02:19:08.161276Z","level":"info","event":"","logger":"task.stdout"}
{"timestamp":"2026-01-22T02:19:08.161366Z","level":"info","event":"  - ERROR syncing activity.log_perjalanan_armada: could not translate host name \"devom.silog.co.id\" to address: Name or service not known","logger":"task.stdout"}
{"timestamp":"2026-01-22T02:19:08.161494Z","level":"info","event":"","logger":"task.stdout"}
{"timestamp":"2026-01-22T02:19:08.161634Z","level":"info","event":"  - ERROR syncing activity.log_aktifitas_driver: could not translate host name \"devom.silog.co.id\" to address: Name or service not known","logger":"task.stdout"}
{"timestamp":"2026-01-22T02:19:08.161730Z","level":"info","event":"","logger":"task.stdout"}
{"timestamp":"2026-01-22T02:19:08.161809Z","level":"info","event":"  - ERROR syncing activity.log_perangkat: could not translate host name \"devom.silog.co.id\" to address: Name or service not known","logger":"task.stdout"}
{"timestamp":"2026-01-22T02:19:08.161880Z","level":"info","event":"","logger":"task.stdout"}
{"timestamp":"2026-01-22T02:19:08.161948Z","level":"info","event":"  - ERROR syncing activity.log_chat: could not translate host name \"devom.silog.co.id\" to address: Name or service not known","logger":"task.stdout"}
{"timestamp":"2026-01-22T02:19:08.162031Z","level":"info","event":"","logger":"task.stdout"}
{"timestamp":"2026-01-22T02:19:08.162109Z","level":"info","event":"  - ERROR syncing activity.log_panggilan: could not translate host name \"devom.silog.co.id\" to address: Name or service not known","logger":"task.stdout"}
{"timestamp":"2026-01-22T02:19:08.162189Z","level":"info","event":"","logger":"task.stdout"}
{"timestamp":"2026-01-22T02:19:08.162264Z","level":"info","event":"  - ERROR syncing activity.log_sensor: could not translate host name \"devom.silog.co.id\" to address: Name or service not known","logger":"task.stdout"}
{"timestamp":"2026-01-22T02:19:08.162335Z","level":"info","event":"","logger":"task.stdout"}
{"timestamp":"2026-01-22T02:19:08.162390Z","level":"info","event":"  - ERROR syncing activity.alert_geofence: could not translate host name \"devom.silog.co.id\" to address: Name or service not known","logger":"task.stdout"}
{"timestamp":"2026-01-22T02:19:08.162528Z","level":"info","event":"","logger":"task.stdout"}
{"timestamp":"2026-01-22T02:19:08.162673Z","level":"info","event":"  - ERROR syncing financial.orders: could not translate host name \"devom.silog.co.id\" to address: Name or service not known","logger":"task.stdout"}
{"timestamp":"2026-01-22T02:19:08.162751Z","level":"info","event":"","logger":"task.stdout"}
{"timestamp":"2026-01-22T02:19:08.162817Z","level":"info","event":"  - ERROR syncing financial.detail_po: could not translate host name \"devom.silog.co.id\" to address: Name or service not known","logger":"task.stdout"}
{"timestamp":"2026-01-22T02:19:08.162900Z","level":"info","event":"","logger":"task.stdout"}
{"timestamp":"2026-01-22T02:19:08.162980Z","level":"info","event":"  - ERROR syncing financial.jenis_transaksi: could not translate host name \"devom.silog.co.id\" to address: Name or service not known","logger":"task.stdout"}
{"timestamp":"2026-01-22T02:19:08.163582Z","level":"info","event":"","logger":"task.stdout"}
{"timestamp":"2026-01-22T02:19:08.163702Z","level":"info","event":"  - ERROR syncing financial.detail_qc: could not translate host name \"devom.silog.co.id\" to address: Name or service not known","logger":"task.stdout"}
{"timestamp":"2026-01-22T02:19:08.163762Z","level":"info","event":"","logger":"task.stdout"}
{"timestamp":"2026-01-22T02:19:08.163809Z","level":"info","event":"  - ERROR syncing financial.bank: could not translate host name \"devom.silog.co.id\" to address: Name or service not known","logger":"task.stdout"}
{"timestamp":"2026-01-22T02:19:08.163954Z","level":"info","event":"","logger":"task.stdout"}
{"timestamp":"2026-01-22T02:19:08.164047Z","level":"info","event":"  - ERROR syncing support.attachment: could not translate host name \"devom.silog.co.id\" to address: Name or service not known","logger":"task.stdout"}
{"timestamp":"2026-01-22T02:19:08.164122Z","level":"info","event":"","logger":"task.stdout"}
{"timestamp":"2026-01-22T02:19:08.164217Z","level":"info","event":"  - ERROR syncing support.jenis_file: could not translate host name \"devom.silog.co.id\" to address: Name or service not known","logger":"task.stdout"}
{"timestamp":"2026-01-22T02:19:08.164318Z","level":"info","event":"","logger":"task.stdout"}
{"timestamp":"2026-01-22T02:19:08.164379Z","level":"info","event":"  - ERROR syncing support.chat_room: could not translate host name \"devom.silog.co.id\" to address: Name or service not known","logger":"task.stdout"}
{"timestamp":"2026-01-22T02:19:08.164423Z","level":"info","event":"","logger":"task.stdout"}
{"timestamp":"2026-01-22T02:19:08.164465Z","level":"info","event":"  - ERROR syncing support.attachment_chat: could not translate host name \"devom.silog.co.id\" to address: Name or service not known","logger":"task.stdout"}
{"timestamp":"2026-01-22T02:19:08.164503Z","level":"info","event":"","logger":"task.stdout"}
{"timestamp":"2026-01-22T02:19:08.164665Z","level":"info","event":"  - ERROR syncing support.attachment_pengembalian: could not translate host name \"devom.silog.co.id\" to address: Name or service not known","logger":"task.stdout"}
{"timestamp":"2026-01-22T02:19:08.164717Z","level":"info","event":"","logger":"task.stdout"}
{"timestamp":"2026-01-22T02:19:08.164760Z","level":"info","event":"  - ERROR syncing support.attachment_perangkat: could not translate host name \"devom.silog.co.id\" to address: Name or service not known","logger":"task.stdout"}
{"timestamp":"2026-01-22T02:19:08.164801Z","level":"info","event":"","logger":"task.stdout"}
{"timestamp":"2026-01-22T02:19:08.164861Z","level":"info","event":"  - ERROR syncing support.attachment_qc: could not translate host name \"devom.silog.co.id\" to address: Name or service not known","logger":"task.stdout"}
{"timestamp":"2026-01-22T02:19:08.164901Z","level":"info","event":"","logger":"task.stdout"}
{"timestamp":"2026-01-22T02:19:08.164939Z","level":"info","event":"  - ERROR syncing master.gudang: could not translate host name \"devom.silog.co.id\" to address: Name or service not known","logger":"task.stdout"}
{"timestamp":"2026-01-22T02:19:08.164978Z","level":"info","event":"","logger":"task.stdout"}
{"timestamp":"2026-01-22T02:19:08.165016Z","level":"info","event":"  - ERROR syncing master.locations: could not translate host name \"devom.silog.co.id\" to address: Name or service not known","logger":"task.stdout"}
{"timestamp":"2026-01-22T02:19:08.165065Z","level":"info","event":"","logger":"task.stdout"}
{"timestamp":"2026-01-22T02:19:08.165108Z","level":"info","event":"  - ERROR syncing master.kategori_produk: could not translate host name \"devom.silog.co.id\" to address: Name or service not known","logger":"task.stdout"}
{"timestamp":"2026-01-22T02:19:08.165152Z","level":"info","event":"","logger":"task.stdout"}
{"timestamp":"2026-01-22T02:19:08.165203Z","level":"info","event":"  - ERROR syncing master.konversi: could not translate host name \"devom.silog.co.id\" to address: Name or service not known","logger":"task.stdout"}
{"timestamp":"2026-01-22T02:19:08.165251Z","level":"info","event":"","logger":"task.stdout"}
{"timestamp":"2026-01-22T02:19:08.165309Z","level":"info","event":"  - ERROR syncing master.jenis_satuan: could not translate host name \"devom.silog.co.id\" to address: Name or service not known","logger":"task.stdout"}
{"timestamp":"2026-01-22T02:19:08.165375Z","level":"info","event":"","logger":"task.stdout"}
{"timestamp":"2026-01-22T02:19:08.165484Z","level":"info","event":"  - ERROR syncing master.atribut: could not translate host name \"devom.silog.co.id\" to address: Name or service not known","logger":"task.stdout"}
{"timestamp":"2026-01-22T02:19:08.165581Z","level":"info","event":"","logger":"task.stdout"}
{"timestamp":"2026-01-22T02:19:08.165625Z","level":"info","event":"  - ERROR syncing master.atribut_produk: could not translate host name \"devom.silog.co.id\" to address: Name or service not known","logger":"task.stdout"}
{"timestamp":"2026-01-22T02:19:08.165663Z","level":"info","event":"","logger":"task.stdout"}
{"timestamp":"2026-01-22T02:19:08.165765Z","level":"info","event":"  - ERROR syncing master.kriteria_produk: could not translate host name \"devom.silog.co.id\" to address: Name or service not known","logger":"task.stdout"}
{"timestamp":"2026-01-22T02:19:08.165830Z","level":"info","event":"","logger":"task.stdout"}
{"timestamp":"2026-01-22T02:19:08.165945Z","level":"info","event":"  - ERROR syncing master.geofence: could not translate host name \"devom.silog.co.id\" to address: Name or service not known","logger":"task.stdout"}
{"timestamp":"2026-01-22T02:19:08.166003Z","level":"info","event":"","logger":"task.stdout"}
{"timestamp":"2026-01-22T02:19:08.166064Z","level":"info","event":"  - ERROR syncing master.jenis_insiden: could not translate host name \"devom.silog.co.id\" to address: Name or service not known","logger":"task.stdout"}
{"timestamp":"2026-01-22T02:19:08.166103Z","level":"info","event":"","logger":"task.stdout"}
{"timestamp":"2026-01-22T02:19:08.166141Z","level":"info","event":"  - ERROR syncing master.jenis_notifikasi: could not translate host name \"devom.silog.co.id\" to address: Name or service not known","logger":"task.stdout"}
{"timestamp":"2026-01-22T02:19:08.166179Z","level":"info","event":"","logger":"task.stdout"}
{"timestamp":"2026-01-22T02:19:08.166216Z","level":"info","event":"  - ERROR syncing master.laporan_darurat: could not translate host name \"devom.silog.co.id\" to address: Name or service not known","logger":"task.stdout"}
{"timestamp":"2026-01-22T02:19:08.166253Z","level":"info","event":"","logger":"task.stdout"}
{"timestamp":"2026-01-22T02:19:08.166306Z","level":"info","event":"  - ERROR syncing master.rating: could not translate host name \"devom.silog.co.id\" to address: Name or service not known","logger":"task.stdout"}
{"timestamp":"2026-01-22T02:19:08.166342Z","level":"info","event":"","logger":"task.stdout"}
{"timestamp":"2026-01-22T02:19:08.166387Z","level":"info","event":"","logger":"task.stdout"}
{"timestamp":"2026-01-22T02:19:08.166438Z","level":"info","event":"Detailed results:","logger":"task.stdout"}
{"timestamp":"2026-01-22T02:19:08.160133Z","level":"info","event":"Done. Returned value was: {'success_count': 0, 'failed_count': 46}","logger":"airflow.task.operators.airflow.providers.standard.operators.python.PythonOperator","filename":"python.py","lineno":215}
{"timestamp":"2026-01-22T02:19:08.164724Z","level":"info","event":"Pushing xcom","ti":"RuntimeTaskInstance(id=UUID('019be323-839c-7c85-89ba-a6d460dded3a'), task_id='sync_warehouse_tables', dag_id='daily_warehouse_sync', run_id='scheduled__2026-01-22T00:00:00+00:00', try_number=1, dag_version_id=UUID('019bdfe0-4319-766f-b129-79216ca4e1aa'), map_index=-1, hostname='OM-RAFIE.localdomain', context_carrier={}, task=<Task(PythonOperator): sync_warehouse_tables>, bundle_instance=LocalDagBundle(name=dags-folder), max_tries=2, start_date=datetime.datetime(2026, 1, 22, 0, 38, 37, 301947, tzinfo=datetime.timezone.utc), end_date=None, state=<TaskInstanceState.RUNNING: 'running'>, is_mapped=False, rendered_map_index=None)","logger":"task","filename":"task_runner.py","lineno":1360}
{"timestamp":"2026-01-22T02:19:08.221065Z","level":"error","event":"Task failed with exception","logger":"task","filename":"task_runner.py","lineno":980,"error_detail":[{"exc_type":"AirflowRuntimeError","exc_value":"API_SERVER_ERROR: {'status_code': 403, 'message': 'Invalid auth token: Signature has expired', 'detail': {'detail': 'Invalid auth token: Signature has expired'}}","exc_notes":[],"syntax_error":null,"is_cause":false,"frames":[{"filename":"/home/airflow/.local/lib/python3.13/site-packages/airflow/sdk/execution_time/task_runner.py","lineno":939,"name":"run"},{"filename":"/home/airflow/.local/lib/python3.13/site-packages/airflow/sdk/execution_time/task_runner.py","lineno":1377,"name":"_push_xcom_if_needed"},{"filename":"/home/airflow/.local/lib/python3.13/site-packages/airflow/sdk/execution_time/task_runner.py","lineno":584,"name":"_xcom_push"},{"filename":"/home/airflow/.local/lib/python3.13/site-packages/airflow/sdk/bases/xcom.py","lineno":86,"name":"set"},{"filename":"/home/airflow/.local/lib/python3.13/site-packages/airflow/sdk/execution_time/comms.py","lineno":207,"name":"send"},{"filename":"/home/airflow/.local/lib/python3.13/site-packages/airflow/sdk/execution_time/comms.py","lineno":271,"name":"_get_response"},{"filename":"/home/airflow/.local/lib/python3.13/site-packages/airflow/sdk/execution_time/comms.py","lineno":258,"name":"_from_frame"}],"is_group":false,"exceptions":[]}]}
{"timestamp":"2026-01-22T02:19:08.233727Z","level":"error","event":"Top level error","logger":"task","filename":"task_runner.py","lineno":1465,"error_detail":[{"exc_type":"AirflowRuntimeError","exc_value":"API_SERVER_ERROR: {'status_code': 403, 'message': 'Invalid auth token: Signature has expired', 'detail': {'detail': 'Invalid auth token: Signature has expired'}}","exc_notes":[],"syntax_error":null,"is_cause":false,"frames":[{"filename":"/home/airflow/.local/lib/python3.13/site-packages/airflow/sdk/execution_time/task_runner.py","lineno":1458,"name":"main"},{"filename":"/home/airflow/.local/lib/python3.13/site-packages/airflow/sdk/execution_time/task_runner.py","lineno":1007,"name":"run"},{"filename":"/home/airflow/.local/lib/python3.13/site-packages/airflow/sdk/execution_time/comms.py","lineno":207,"name":"send"},{"filename":"/home/airflow/.local/lib/python3.13/site-packages/airflow/sdk/execution_time/comms.py","lineno":271,"name":"_get_response"},{"filename":"/home/airflow/.local/lib/python3.13/site-packages/airflow/sdk/execution_time/comms.py","lineno":258,"name":"_from_frame"}],"is_group":false,"exceptions":[]}]}
{"timestamp":"2026-01-22T02:19:08.251626Z","level":"warning","event":"Process exited abnormally","exit_code":1,"logger":"task"}
