{"timestamp":"2026-01-22T02:18:56.381927Z","level":"info","event":"DAG bundles loaded: dags-folder","logger":"airflow.dag_processing.bundles.manager.DagBundlesManager","filename":"manager.py","lineno":179}
{"timestamp":"2026-01-22T02:18:56.392741Z","level":"info","event":"Filling up the DagBag from /opt/airflow/dags/daily_warehouse_sync.py","logger":"airflow.models.dagbag.DagBag","filename":"dagbag.py","lineno":593}
{"timestamp":"2026-01-22T02:18:56.738240Z","level":"warning","event":"The `airflow.operators.python.PythonOperator` attribute is deprecated. Please use `'airflow.providers.standard.operators.python.PythonOperator'`.","category":"DeprecatedImportWarning","filename":"/opt/airflow/dags/daily_warehouse_sync.py","lineno":8,"logger":"py.warnings"}
{"timestamp":"2026-01-22T02:18:56.738589Z","level":"warning","event":"The `airflow.operators.bash.BashOperator` attribute is deprecated. Please use `'airflow.providers.standard.operators.bash.BashOperator'`.","category":"DeprecatedImportWarning","filename":"/opt/airflow/dags/daily_warehouse_sync.py","lineno":9,"logger":"py.warnings"}
{"timestamp":"2026-01-22T02:18:56.906423Z","level":"info","event":"============================================================","logger":"task.stdout"}
{"timestamp":"2026-01-22T02:18:56.906625Z","level":"info","event":"Starting daily warehouse sync...","logger":"task.stdout"}
{"timestamp":"2026-01-22T02:18:56.906768Z","level":"info","event":"============================================================","logger":"task.stdout"}
{"timestamp":"2026-01-22T02:18:56.906843Z","level":"info","event":"","logger":"task.stdout"}
{"timestamp":"2026-01-22T02:18:56.906903Z","level":"info","event":"📍 PRIORITY: Syncing WEATHER data first...","logger":"task.stdout"}
{"timestamp":"2026-01-22T02:18:57.359233Z","level":"info","event":"ERROR syncing weather.fact_weather_hourly: could not translate host name \"devom.silog.co.id\" to address: Name or service not known","logger":"task.stdout"}
{"timestamp":"2026-01-22T02:18:57.359550Z","level":"info","event":"","logger":"task.stdout"}
{"timestamp":"2026-01-22T02:18:57.361641Z","level":"info","event":"","logger":"task.stdout"}
{"timestamp":"2026-01-22T02:18:57.361891Z","level":"info","event":"📊 Syncing other schemas...","logger":"task.stdout"}
{"timestamp":"2026-01-22T02:18:59.041118Z","level":"info","event":"ERROR syncing driver.daftar_user: could not translate host name \"devom.silog.co.id\" to address: Name or service not known","logger":"task.stdout"}
{"timestamp":"2026-01-22T02:18:59.041375Z","level":"info","event":"","logger":"task.stdout"}
{"timestamp":"2026-01-22T02:19:01.659234Z","level":"info","event":"ERROR syncing driver.attachment_driver: could not translate host name \"devom.silog.co.id\" to address: Name or service not known","logger":"task.stdout"}
{"timestamp":"2026-01-22T02:19:01.659649Z","level":"info","event":"","logger":"task.stdout"}
{"timestamp":"2026-01-22T02:19:02.758347Z","level":"info","event":"ERROR syncing driver.laporan_pengemudi: could not translate host name \"devom.silog.co.id\" to address: Name or service not known","logger":"task.stdout"}
{"timestamp":"2026-01-22T02:19:02.758604Z","level":"info","event":"","logger":"task.stdout"}
{"timestamp":"2026-01-22T02:19:02.862442Z","level":"info","event":"ERROR syncing driver.kontak_darurat: could not translate host name \"devom.silog.co.id\" to address: Name or service not known","logger":"task.stdout"}
{"timestamp":"2026-01-22T02:19:02.862627Z","level":"info","event":"","logger":"task.stdout"}
{"timestamp":"2026-01-22T02:19:03.964285Z","level":"info","event":"ERROR syncing armada.armada_tms: could not translate host name \"devom.silog.co.id\" to address: Name or service not known","logger":"task.stdout"}
{"timestamp":"2026-01-22T02:19:03.964586Z","level":"info","event":"","logger":"task.stdout"}
{"timestamp":"2026-01-22T02:19:04.071958Z","level":"info","event":"ERROR syncing armada.jenis_armada: could not translate host name \"devom.silog.co.id\" to address: Name or service not known","logger":"task.stdout"}
{"timestamp":"2026-01-22T02:19:04.072234Z","level":"info","event":"","logger":"task.stdout"}
{"timestamp":"2026-01-22T02:19:04.169075Z","level":"info","event":"ERROR syncing armada.driver_armada: could not translate host name \"devom.silog.co.id\" to address: Name or service not known","logger":"task.stdout"}
{"timestamp":"2026-01-22T02:19:04.169299Z","level":"info","event":"","logger":"task.stdout"}
{"timestamp":"2026-01-22T02:19:04.270764Z","level":"info","event":"ERROR syncing armada.armada_perangkat: could not translate host name \"devom.silog.co.id\" to address: Name or service not known","logger":"task.stdout"}
{"timestamp":"2026-01-22T02:19:04.271033Z","level":"info","event":"","logger":"task.stdout"}
{"timestamp":"2026-01-22T02:19:04.300142Z","level":"info","event":"ERROR syncing armada.attachment_armada: could not translate host name \"devom.silog.co.id\" to address: Name or service not known","logger":"task.stdout"}
{"timestamp":"2026-01-22T02:19:04.300526Z","level":"info","event":"","logger":"task.stdout"}
{"timestamp":"2026-01-22T02:19:04.332322Z","level":"info","event":"ERROR syncing delivery.delivery_order: could not translate host name \"devom.silog.co.id\" to address: Name or service not known","logger":"task.stdout"}
{"timestamp":"2026-01-22T02:19:04.332615Z","level":"info","event":"","logger":"task.stdout"}
{"timestamp":"2026-01-22T02:19:04.406139Z","level":"info","event":"ERROR syncing delivery.detail_do: could not translate host name \"devom.silog.co.id\" to address: Name or service not known","logger":"task.stdout"}
{"timestamp":"2026-01-22T02:19:04.406472Z","level":"info","event":"","logger":"task.stdout"}
{"timestamp":"2026-01-22T02:19:04.584104Z","level":"info","event":"ERROR syncing delivery.jenis_order: could not translate host name \"devom.silog.co.id\" to address: Name or service not known","logger":"task.stdout"}
{"timestamp":"2026-01-22T02:19:04.584474Z","level":"info","event":"","logger":"task.stdout"}
{"timestamp":"2026-01-22T02:19:04.891513Z","level":"info","event":"ERROR syncing delivery.attachment_gudang: could not translate host name \"devom.silog.co.id\" to address: Name or service not known","logger":"task.stdout"}
{"timestamp":"2026-01-22T02:19:04.892000Z","level":"info","event":"","logger":"task.stdout"}
{"timestamp":"2026-01-22T02:19:05.220676Z","level":"info","event":"ERROR syncing activity.log_perjalanan_armada: could not translate host name \"devom.silog.co.id\" to address: Name or service not known","logger":"task.stdout"}
{"timestamp":"2026-01-22T02:19:05.221053Z","level":"info","event":"","logger":"task.stdout"}
{"timestamp":"2026-01-22T02:19:05.381438Z","level":"info","event":"ERROR syncing activity.log_aktifitas_driver: could not translate host name \"devom.silog.co.id\" to address: Name or service not known","logger":"task.stdout"}
{"timestamp":"2026-01-22T02:19:05.381899Z","level":"info","event":"","logger":"task.stdout"}
{"timestamp":"2026-01-22T02:19:05.497508Z","level":"info","event":"ERROR syncing activity.log_perangkat: could not translate host name \"devom.silog.co.id\" to address: Name or service not known","logger":"task.stdout"}
{"timestamp":"2026-01-22T02:19:05.498618Z","level":"info","event":"","logger":"task.stdout"}
{"timestamp":"2026-01-22T02:19:05.804347Z","level":"info","event":"ERROR syncing activity.log_chat: could not translate host name \"devom.silog.co.id\" to address: Name or service not known","logger":"task.stdout"}
{"timestamp":"2026-01-22T02:19:05.804713Z","level":"info","event":"","logger":"task.stdout"}
{"timestamp":"2026-01-22T02:19:05.957613Z","level":"info","event":"ERROR syncing activity.log_panggilan: could not translate host name \"devom.silog.co.id\" to address: Name or service not known","logger":"task.stdout"}
{"timestamp":"2026-01-22T02:19:05.957869Z","level":"info","event":"","logger":"task.stdout"}
{"timestamp":"2026-01-22T02:19:06.470204Z","level":"info","event":"ERROR syncing activity.log_sensor: could not translate host name \"devom.silog.co.id\" to address: Name or service not known","logger":"task.stdout"}
{"timestamp":"2026-01-22T02:19:06.470464Z","level":"info","event":"","logger":"task.stdout"}
{"timestamp":"2026-01-22T02:19:06.621670Z","level":"info","event":"ERROR syncing activity.alert_geofence: could not translate host name \"devom.silog.co.id\" to address: Name or service not known","logger":"task.stdout"}
{"timestamp":"2026-01-22T02:19:06.621904Z","level":"info","event":"","logger":"task.stdout"}
{"timestamp":"2026-01-22T02:19:06.765772Z","level":"info","event":"ERROR syncing financial.orders: could not translate host name \"devom.silog.co.id\" to address: Name or service not known","logger":"task.stdout"}
{"timestamp":"2026-01-22T02:19:06.766081Z","level":"info","event":"","logger":"task.stdout"}
{"timestamp":"2026-01-22T02:19:06.906090Z","level":"info","event":"ERROR syncing financial.detail_po: could not translate host name \"devom.silog.co.id\" to address: Name or service not known","logger":"task.stdout"}
{"timestamp":"2026-01-22T02:19:06.906312Z","level":"info","event":"","logger":"task.stdout"}
{"timestamp":"2026-01-22T02:19:07.037780Z","level":"info","event":"ERROR syncing financial.jenis_transaksi: could not translate host name \"devom.silog.co.id\" to address: Name or service not known","logger":"task.stdout"}
{"timestamp":"2026-01-22T02:19:07.038062Z","level":"info","event":"","logger":"task.stdout"}
{"timestamp":"2026-01-22T02:19:07.231549Z","level":"info","event":"ERROR syncing financial.detail_qc: could not translate host name \"devom.silog.co.id\" to address: Name or service not known","logger":"task.stdout"}
{"timestamp":"2026-01-22T02:19:07.231830Z","level":"info","event":"","logger":"task.stdout"}
{"timestamp":"2026-01-22T02:19:07.561037Z","level":"info","event":"ERROR syncing financial.bank: could not translate host name \"devom.silog.co.id\" to address: Name or service not known","logger":"task.stdout"}
{"timestamp":"2026-01-22T02:19:07.561347Z","level":"info","event":"","logger":"task.stdout"}
{"timestamp":"2026-01-22T02:19:07.713007Z","level":"info","event":"ERROR syncing support.attachment: could not translate host name \"devom.silog.co.id\" to address: Name or service not known","logger":"task.stdout"}
{"timestamp":"2026-01-22T02:19:07.713289Z","level":"info","event":"","logger":"task.stdout"}
{"timestamp":"2026-01-22T02:19:07.813369Z","level":"info","event":"ERROR syncing support.jenis_file: could not translate host name \"devom.silog.co.id\" to address: Name or service not known","logger":"task.stdout"}
{"timestamp":"2026-01-22T02:19:07.813677Z","level":"info","event":"","logger":"task.stdout"}
{"timestamp":"2026-01-22T02:19:07.847414Z","level":"info","event":"ERROR syncing support.chat_room: could not translate host name \"devom.silog.co.id\" to address: Name or service not known","logger":"task.stdout"}
{"timestamp":"2026-01-22T02:19:07.847707Z","level":"info","event":"","logger":"task.stdout"}
{"timestamp":"2026-01-22T02:19:07.871891Z","level":"info","event":"ERROR syncing support.attachment_chat: could not translate host name \"devom.silog.co.id\" to address: Name or service not known","logger":"task.stdout"}
{"timestamp":"2026-01-22T02:19:07.872249Z","level":"info","event":"","logger":"task.stdout"}
{"timestamp":"2026-01-22T02:19:07.897117Z","level":"info","event":"ERROR syncing support.attachment_pengembalian: could not translate host name \"devom.silog.co.id\" to address: Name or service not known","logger":"task.stdout"}
{"timestamp":"2026-01-22T02:19:07.897335Z","level":"info","event":"","logger":"task.stdout"}
{"timestamp":"2026-01-22T02:19:07.926673Z","level":"info","event":"ERROR syncing support.attachment_perangkat: could not translate host name \"devom.silog.co.id\" to address: Name or service not known","logger":"task.stdout"}
{"timestamp":"2026-01-22T02:19:07.926930Z","level":"info","event":"","logger":"task.stdout"}
{"timestamp":"2026-01-22T02:19:07.961386Z","level":"info","event":"ERROR syncing support.attachment_qc: could not translate host name \"devom.silog.co.id\" to address: Name or service not known","logger":"task.stdout"}
{"timestamp":"2026-01-22T02:19:07.961604Z","level":"info","event":"","logger":"task.stdout"}
{"timestamp":"2026-01-22T02:19:07.982115Z","level":"info","event":"ERROR syncing master.gudang: could not translate host name \"devom.silog.co.id\" to address: Name or service not known","logger":"task.stdout"}
{"timestamp":"2026-01-22T02:19:07.982406Z","level":"info","event":"","logger":"task.stdout"}
{"timestamp":"2026-01-22T02:19:08.003103Z","level":"info","event":"ERROR syncing master.locations: could not translate host name \"devom.silog.co.id\" to address: Name or service not known","logger":"task.stdout"}
{"timestamp":"2026-01-22T02:19:08.003367Z","level":"info","event":"","logger":"task.stdout"}
{"timestamp":"2026-01-22T02:19:08.024775Z","level":"info","event":"ERROR syncing master.kategori_produk: could not translate host name \"devom.silog.co.id\" to address: Name or service not known","logger":"task.stdout"}
{"timestamp":"2026-01-22T02:19:08.024973Z","level":"info","event":"","logger":"task.stdout"}
{"timestamp":"2026-01-22T02:19:08.072523Z","level":"info","event":"ERROR syncing master.konversi: could not translate host name \"devom.silog.co.id\" to address: Name or service not known","logger":"task.stdout"}
{"timestamp":"2026-01-22T02:19:08.072771Z","level":"info","event":"","logger":"task.stdout"}
{"timestamp":"2026-01-22T02:19:08.104626Z","level":"info","event":"ERROR syncing master.jenis_satuan: could not translate host name \"devom.silog.co.id\" to address: Name or service not known","logger":"task.stdout"}
{"timestamp":"2026-01-22T02:19:08.104826Z","level":"info","event":"","logger":"task.stdout"}
{"timestamp":"2026-01-22T02:19:08.158399Z","level":"info","event":"ERROR syncing master.atribut: could not translate host name \"devom.silog.co.id\" to address: Name or service not known","logger":"task.stdout"}
{"timestamp":"2026-01-22T02:19:08.158560Z","level":"info","event":"","logger":"task.stdout"}
{"timestamp":"2026-01-22T02:19:08.182153Z","level":"info","event":"ERROR syncing master.atribut_produk: could not translate host name \"devom.silog.co.id\" to address: Name or service not known","logger":"task.stdout"}
{"timestamp":"2026-01-22T02:19:08.182385Z","level":"info","event":"","logger":"task.stdout"}
{"timestamp":"2026-01-22T02:19:08.207092Z","level":"info","event":"ERROR syncing master.kriteria_produk: could not translate host name \"devom.silog.co.id\" to address: Name or service not known","logger":"task.stdout"}
{"timestamp":"2026-01-22T02:19:08.207339Z","level":"info","event":"","logger":"task.stdout"}
{"timestamp":"2026-01-22T02:19:08.234261Z","level":"info","event":"ERROR syncing master.geofence: could not translate host name \"devom.silog.co.id\" to address: Name or service not known","logger":"task.stdout"}
{"timestamp":"2026-01-22T02:19:08.234519Z","level":"info","event":"","logger":"task.stdout"}
{"timestamp":"2026-01-22T02:19:08.270588Z","level":"info","event":"ERROR syncing master.jenis_insiden: could not translate host name \"devom.silog.co.id\" to address: Name or service not known","logger":"task.stdout"}
{"timestamp":"2026-01-22T02:19:08.270888Z","level":"info","event":"","logger":"task.stdout"}
{"timestamp":"2026-01-22T02:19:08.307701Z","level":"info","event":"ERROR syncing master.jenis_notifikasi: could not translate host name \"devom.silog.co.id\" to address: Name or service not known","logger":"task.stdout"}
{"timestamp":"2026-01-22T02:19:08.307962Z","level":"info","event":"","logger":"task.stdout"}
{"timestamp":"2026-01-22T02:19:08.361469Z","level":"info","event":"ERROR syncing master.laporan_darurat: could not translate host name \"devom.silog.co.id\" to address: Name or service not known","logger":"task.stdout"}
{"timestamp":"2026-01-22T02:19:08.361716Z","level":"info","event":"","logger":"task.stdout"}
{"timestamp":"2026-01-22T02:19:08.462071Z","level":"info","event":"ERROR syncing master.rating: could not translate host name \"devom.silog.co.id\" to address: Name or service not known","logger":"task.stdout"}
{"timestamp":"2026-01-22T02:19:08.462413Z","level":"info","event":"","logger":"task.stdout"}
{"timestamp":"2026-01-22T02:19:08.462546Z","level":"info","event":"","logger":"task.stdout"}
{"timestamp":"2026-01-22T02:19:08.462706Z","level":"info","event":"============================================================","logger":"task.stdout"}
{"timestamp":"2026-01-22T02:19:08.462827Z","level":"info","event":"SYNC SUMMARY","logger":"task.stdout"}
{"timestamp":"2026-01-22T02:19:08.462937Z","level":"info","event":"============================================================","logger":"task.stdout"}
{"timestamp":"2026-01-22T02:19:08.463255Z","level":"info","event":"✅ Success: 0 tables","logger":"task.stdout"}
{"timestamp":"2026-01-22T02:19:08.463402Z","level":"info","event":"❌ Failed: 46 tables","logger":"task.stdout"}
{"timestamp":"2026-01-22T02:19:08.463515Z","level":"info","event":"","logger":"task.stdout"}
{"timestamp":"2026-01-22T02:19:08.463681Z","level":"info","event":"Failed tables:","logger":"task.stdout"}
{"timestamp":"2026-01-22T02:19:08.463799Z","level":"info","event":"  - ERROR syncing weather.fact_weather_hourly: could not translate host name \"devom.silog.co.id\" to address: Name or service not known","logger":"task.stdout"}
{"timestamp":"2026-01-22T02:19:08.463902Z","level":"info","event":"","logger":"task.stdout"}
{"timestamp":"2026-01-22T02:19:08.463975Z","level":"info","event":"  - ERROR syncing driver.daftar_user: could not translate host name \"devom.silog.co.id\" to address: Name or service not known","logger":"task.stdout"}
{"timestamp":"2026-01-22T02:19:08.464043Z","level":"info","event":"","logger":"task.stdout"}
{"timestamp":"2026-01-22T02:19:08.464123Z","level":"info","event":"  - ERROR syncing driver.attachment_driver: could not translate host name \"devom.silog.co.id\" to address: Name or service not known","logger":"task.stdout"}
{"timestamp":"2026-01-22T02:19:08.464344Z","level":"info","event":"","logger":"task.stdout"}
{"timestamp":"2026-01-22T02:19:08.464454Z","level":"info","event":"  - ERROR syncing driver.laporan_pengemudi: could not translate host name \"devom.silog.co.id\" to address: Name or service not known","logger":"task.stdout"}
{"timestamp":"2026-01-22T02:19:08.464549Z","level":"info","event":"","logger":"task.stdout"}
{"timestamp":"2026-01-22T02:19:08.464621Z","level":"info","event":"  - ERROR syncing driver.kontak_darurat: could not translate host name \"devom.silog.co.id\" to address: Name or service not known","logger":"task.stdout"}
{"timestamp":"2026-01-22T02:19:08.464691Z","level":"info","event":"","logger":"task.stdout"}
{"timestamp":"2026-01-22T02:19:08.464764Z","level":"info","event":"  - ERROR syncing armada.armada_tms: could not translate host name \"devom.silog.co.id\" to address: Name or service not known","logger":"task.stdout"}
{"timestamp":"2026-01-22T02:19:08.464841Z","level":"info","event":"","logger":"task.stdout"}
{"timestamp":"2026-01-22T02:19:08.464932Z","level":"info","event":"  - ERROR syncing armada.jenis_armada: could not translate host name \"devom.silog.co.id\" to address: Name or service not known","logger":"task.stdout"}
{"timestamp":"2026-01-22T02:19:08.465015Z","level":"info","event":"","logger":"task.stdout"}
{"timestamp":"2026-01-22T02:19:08.465100Z","level":"info","event":"  - ERROR syncing armada.driver_armada: could not translate host name \"devom.silog.co.id\" to address: Name or service not known","logger":"task.stdout"}
{"timestamp":"2026-01-22T02:19:08.465183Z","level":"info","event":"","logger":"task.stdout"}
{"timestamp":"2026-01-22T02:19:08.465292Z","level":"info","event":"  - ERROR syncing armada.armada_perangkat: could not translate host name \"devom.silog.co.id\" to address: Name or service not known","logger":"task.stdout"}
{"timestamp":"2026-01-22T02:19:08.465407Z","level":"info","event":"","logger":"task.stdout"}
{"timestamp":"2026-01-22T02:19:08.465516Z","level":"info","event":"  - ERROR syncing armada.attachment_armada: could not translate host name \"devom.silog.co.id\" to address: Name or service not known","logger":"task.stdout"}
{"timestamp":"2026-01-22T02:19:08.465699Z","level":"info","event":"","logger":"task.stdout"}
{"timestamp":"2026-01-22T02:19:08.465818Z","level":"info","event":"  - ERROR syncing delivery.delivery_order: could not translate host name \"devom.silog.co.id\" to address: Name or service not known","logger":"task.stdout"}
{"timestamp":"2026-01-22T02:19:08.465973Z","level":"info","event":"","logger":"task.stdout"}
{"timestamp":"2026-01-22T02:19:08.466066Z","level":"info","event":"  - ERROR syncing delivery.detail_do: could not translate host name \"devom.silog.co.id\" to address: Name or service not known","logger":"task.stdout"}
{"timestamp":"2026-01-22T02:19:08.466153Z","level":"info","event":"","logger":"task.stdout"}
{"timestamp":"2026-01-22T02:19:08.466227Z","level":"info","event":"  - ERROR syncing delivery.jenis_order: could not translate host name \"devom.silog.co.id\" to address: Name or service not known","logger":"task.stdout"}
{"timestamp":"2026-01-22T02:19:08.466289Z","level":"info","event":"","logger":"task.stdout"}
{"timestamp":"2026-01-22T02:19:08.466347Z","level":"info","event":"  - ERROR syncing delivery.attachment_gudang: could not translate host name \"devom.silog.co.id\" to address: Name or service not known","logger":"task.stdout"}
{"timestamp":"2026-01-22T02:19:08.466501Z","level":"info","event":"","logger":"task.stdout"}
{"timestamp":"2026-01-22T02:19:08.466586Z","level":"info","event":"  - ERROR syncing activity.log_perjalanan_armada: could not translate host name \"devom.silog.co.id\" to address: Name or service not known","logger":"task.stdout"}
{"timestamp":"2026-01-22T02:19:08.466677Z","level":"info","event":"","logger":"task.stdout"}
{"timestamp":"2026-01-22T02:19:08.466790Z","level":"info","event":"  - ERROR syncing activity.log_aktifitas_driver: could not translate host name \"devom.silog.co.id\" to address: Name or service not known","logger":"task.stdout"}
{"timestamp":"2026-01-22T02:19:08.468091Z","level":"info","event":"","logger":"task.stdout"}
{"timestamp":"2026-01-22T02:19:08.468430Z","level":"info","event":"  - ERROR syncing activity.log_perangkat: could not translate host name \"devom.silog.co.id\" to address: Name or service not known","logger":"task.stdout"}
{"timestamp":"2026-01-22T02:19:08.468549Z","level":"info","event":"","logger":"task.stdout"}
{"timestamp":"2026-01-22T02:19:08.468710Z","level":"info","event":"  - ERROR syncing activity.log_chat: could not translate host name \"devom.silog.co.id\" to address: Name or service not known","logger":"task.stdout"}
{"timestamp":"2026-01-22T02:19:08.468831Z","level":"info","event":"","logger":"task.stdout"}
{"timestamp":"2026-01-22T02:19:08.468939Z","level":"info","event":"  - ERROR syncing activity.log_panggilan: could not translate host name \"devom.silog.co.id\" to address: Name or service not known","logger":"task.stdout"}
{"timestamp":"2026-01-22T02:19:08.469045Z","level":"info","event":"","logger":"task.stdout"}
{"timestamp":"2026-01-22T02:19:08.469154Z","level":"info","event":"  - ERROR syncing activity.log_sensor: could not translate host name \"devom.silog.co.id\" to address: Name or service not known","logger":"task.stdout"}
{"timestamp":"2026-01-22T02:19:08.469255Z","level":"info","event":"","logger":"task.stdout"}
{"timestamp":"2026-01-22T02:19:08.469368Z","level":"info","event":"  - ERROR syncing activity.alert_geofence: could not translate host name \"devom.silog.co.id\" to address: Name or service not known","logger":"task.stdout"}
{"timestamp":"2026-01-22T02:19:08.469474Z","level":"info","event":"","logger":"task.stdout"}
{"timestamp":"2026-01-22T02:19:08.469942Z","level":"info","event":"  - ERROR syncing financial.orders: could not translate host name \"devom.silog.co.id\" to address: Name or service not known","logger":"task.stdout"}
{"timestamp":"2026-01-22T02:19:08.470059Z","level":"info","event":"","logger":"task.stdout"}
{"timestamp":"2026-01-22T02:19:08.470169Z","level":"info","event":"  - ERROR syncing financial.detail_po: could not translate host name \"devom.silog.co.id\" to address: Name or service not known","logger":"task.stdout"}
{"timestamp":"2026-01-22T02:19:08.470282Z","level":"info","event":"","logger":"task.stdout"}
{"timestamp":"2026-01-22T02:19:08.470389Z","level":"info","event":"  - ERROR syncing financial.jenis_transaksi: could not translate host name \"devom.silog.co.id\" to address: Name or service not known","logger":"task.stdout"}
{"timestamp":"2026-01-22T02:19:08.470547Z","level":"info","event":"","logger":"task.stdout"}
{"timestamp":"2026-01-22T02:19:08.470683Z","level":"info","event":"  - ERROR syncing financial.detail_qc: could not translate host name \"devom.silog.co.id\" to address: Name or service not known","logger":"task.stdout"}
{"timestamp":"2026-01-22T02:19:08.470798Z","level":"info","event":"","logger":"task.stdout"}
{"timestamp":"2026-01-22T02:19:08.470909Z","level":"info","event":"  - ERROR syncing financial.bank: could not translate host name \"devom.silog.co.id\" to address: Name or service not known","logger":"task.stdout"}
{"timestamp":"2026-01-22T02:19:08.470995Z","level":"info","event":"","logger":"task.stdout"}
{"timestamp":"2026-01-22T02:19:08.471061Z","level":"info","event":"  - ERROR syncing support.attachment: could not translate host name \"devom.silog.co.id\" to address: Name or service not known","logger":"task.stdout"}
{"timestamp":"2026-01-22T02:19:08.471128Z","level":"info","event":"","logger":"task.stdout"}
{"timestamp":"2026-01-22T02:19:08.471194Z","level":"info","event":"  - ERROR syncing support.jenis_file: could not translate host name \"devom.silog.co.id\" to address: Name or service not known","logger":"task.stdout"}
{"timestamp":"2026-01-22T02:19:08.471254Z","level":"info","event":"","logger":"task.stdout"}
{"timestamp":"2026-01-22T02:19:08.471313Z","level":"info","event":"  - ERROR syncing support.chat_room: could not translate host name \"devom.silog.co.id\" to address: Name or service not known","logger":"task.stdout"}
{"timestamp":"2026-01-22T02:19:08.471374Z","level":"info","event":"","logger":"task.stdout"}
{"timestamp":"2026-01-22T02:19:08.471460Z","level":"info","event":"  - ERROR syncing support.attachment_chat: could not translate host name \"devom.silog.co.id\" to address: Name or service not known","logger":"task.stdout"}
{"timestamp":"2026-01-22T02:19:08.471551Z","level":"info","event":"","logger":"task.stdout"}
{"timestamp":"2026-01-22T02:19:08.471664Z","level":"info","event":"  - ERROR syncing support.attachment_pengembalian: could not translate host name \"devom.silog.co.id\" to address: Name or service not known","logger":"task.stdout"}
{"timestamp":"2026-01-22T02:19:08.471774Z","level":"info","event":"","logger":"task.stdout"}
{"timestamp":"2026-01-22T02:19:08.471885Z","level":"info","event":"  - ERROR syncing support.attachment_perangkat: could not translate host name \"devom.silog.co.id\" to address: Name or service not known","logger":"task.stdout"}
{"timestamp":"2026-01-22T02:19:08.472002Z","level":"info","event":"","logger":"task.stdout"}
{"timestamp":"2026-01-22T02:19:08.472102Z","level":"info","event":"  - ERROR syncing support.attachment_qc: could not translate host name \"devom.silog.co.id\" to address: Name or service not known","logger":"task.stdout"}
{"timestamp":"2026-01-22T02:19:08.472320Z","level":"info","event":"","logger":"task.stdout"}
{"timestamp":"2026-01-22T02:19:08.472433Z","level":"info","event":"  - ERROR syncing master.gudang: could not translate host name \"devom.silog.co.id\" to address: Name or service not known","logger":"task.stdout"}
{"timestamp":"2026-01-22T02:19:08.472544Z","level":"info","event":"","logger":"task.stdout"}
{"timestamp":"2026-01-22T02:19:08.472691Z","level":"info","event":"  - ERROR syncing master.locations: could not translate host name \"devom.silog.co.id\" to address: Name or service not known","logger":"task.stdout"}
{"timestamp":"2026-01-22T02:19:08.472806Z","level":"info","event":"","logger":"task.stdout"}
{"timestamp":"2026-01-22T02:19:08.472917Z","level":"info","event":"  - ERROR syncing master.kategori_produk: could not translate host name \"devom.silog.co.id\" to address: Name or service not known","logger":"task.stdout"}
{"timestamp":"2026-01-22T02:19:08.473030Z","level":"info","event":"","logger":"task.stdout"}
{"timestamp":"2026-01-22T02:19:08.473141Z","level":"info","event":"  - ERROR syncing master.konversi: could not translate host name \"devom.silog.co.id\" to address: Name or service not known","logger":"task.stdout"}
{"timestamp":"2026-01-22T02:19:08.473286Z","level":"info","event":"","logger":"task.stdout"}
{"timestamp":"2026-01-22T02:19:08.473396Z","level":"info","event":"  - ERROR syncing master.jenis_satuan: could not translate host name \"devom.silog.co.id\" to address: Name or service not known","logger":"task.stdout"}
{"timestamp":"2026-01-22T02:19:08.473518Z","level":"info","event":"","logger":"task.stdout"}
{"timestamp":"2026-01-22T02:19:08.473631Z","level":"info","event":"  - ERROR syncing master.atribut: could not translate host name \"devom.silog.co.id\" to address: Name or service not known","logger":"task.stdout"}
{"timestamp":"2026-01-22T02:19:08.473746Z","level":"info","event":"","logger":"task.stdout"}
{"timestamp":"2026-01-22T02:19:08.473858Z","level":"info","event":"  - ERROR syncing master.atribut_produk: could not translate host name \"devom.silog.co.id\" to address: Name or service not known","logger":"task.stdout"}
{"timestamp":"2026-01-22T02:19:08.473972Z","level":"info","event":"","logger":"task.stdout"}
{"timestamp":"2026-01-22T02:19:08.474082Z","level":"info","event":"  - ERROR syncing master.kriteria_produk: could not translate host name \"devom.silog.co.id\" to address: Name or service not known","logger":"task.stdout"}
{"timestamp":"2026-01-22T02:19:08.474186Z","level":"info","event":"","logger":"task.stdout"}
{"timestamp":"2026-01-22T02:19:08.474260Z","level":"info","event":"  - ERROR syncing master.geofence: could not translate host name \"devom.silog.co.id\" to address: Name or service not known","logger":"task.stdout"}
{"timestamp":"2026-01-22T02:19:08.474328Z","level":"info","event":"","logger":"task.stdout"}
{"timestamp":"2026-01-22T02:19:08.474427Z","level":"info","event":"  - ERROR syncing master.jenis_insiden: could not translate host name \"devom.silog.co.id\" to address: Name or service not known","logger":"task.stdout"}
{"timestamp":"2026-01-22T02:19:08.474542Z","level":"info","event":"","logger":"task.stdout"}
{"timestamp":"2026-01-22T02:19:08.474699Z","level":"info","event":"  - ERROR syncing master.jenis_notifikasi: could not translate host name \"devom.silog.co.id\" to address: Name or service not known","logger":"task.stdout"}
{"timestamp":"2026-01-22T02:19:08.474818Z","level":"info","event":"","logger":"task.stdout"}
{"timestamp":"2026-01-22T02:19:08.474930Z","level":"info","event":"  - ERROR syncing master.laporan_darurat: could not translate host name \"devom.silog.co.id\" to address: Name or service not known","logger":"task.stdout"}
{"timestamp":"2026-01-22T02:19:08.475042Z","level":"info","event":"","logger":"task.stdout"}
{"timestamp":"2026-01-22T02:19:08.482980Z","level":"info","event":"  - ERROR syncing master.rating: could not translate host name \"devom.silog.co.id\" to address: Name or service not known","logger":"task.stdout"}
{"timestamp":"2026-01-22T02:19:08.483165Z","level":"info","event":"","logger":"task.stdout"}
{"timestamp":"2026-01-22T02:19:08.483257Z","level":"info","event":"","logger":"task.stdout"}
{"timestamp":"2026-01-22T02:19:08.483338Z","level":"info","event":"Detailed results:","logger":"task.stdout"}
{"timestamp":"2026-01-22T02:19:08.466125Z","level":"info","event":"Done. Returned value was: {'success_count': 0, 'failed_count': 46}","logger":"airflow.task.operators.airflow.providers.standard.operators.python.PythonOperator","filename":"python.py","lineno":215}
{"timestamp":"2026-01-22T02:19:08.469958Z","level":"info","event":"Pushing xcom","ti":"RuntimeTaskInstance(id=UUID('019be323-839c-7c85-89ba-a6d460dded3a'), task_id='sync_warehouse_tables', dag_id='daily_warehouse_sync', run_id='scheduled__2026-01-22T00:00:00+00:00', try_number=2, dag_version_id=UUID('019bdfe0-4319-766f-b129-79216ca4e1aa'), map_index=-1, hostname='OM-RAFIE.localdomain', context_carrier=None, task=<Task(PythonOperator): sync_warehouse_tables>, bundle_instance=LocalDagBundle(name=dags-folder), max_tries=2, start_date=datetime.datetime(2026, 1, 22, 2, 18, 55, 866758, tzinfo=datetime.timezone.utc), end_date=None, state=<TaskInstanceState.RUNNING: 'running'>, is_mapped=False, rendered_map_index=None)","logger":"task","filename":"task_runner.py","lineno":1360}
