{"timestamp":"2026-01-27T08:32:29.763071Z","level":"info","event":"DAG bundles loaded: dags-folder","logger":"airflow.dag_processing.bundles.manager.DagBundlesManager","filename":"manager.py","lineno":179}
{"timestamp":"2026-01-27T08:32:29.769226Z","level":"info","event":"Filling up the DagBag from /opt/airflow/dags/weather_data_fetch.py","logger":"airflow.models.dagbag.DagBag","filename":"dagbag.py","lineno":593}
{"timestamp":"2026-01-27T08:32:30.013309Z","level":"warning","event":"The `airflow.operators.python.PythonOperator` attribute is deprecated. Please use `'airflow.providers.standard.operators.python.PythonOperator'`.","category":"DeprecatedImportWarning","filename":"/opt/airflow/dags/weather_data_fetch.py","lineno":8,"logger":"py.warnings"}
{"timestamp":"2026-01-27T08:32:30.013601Z","level":"warning","event":"The `airflow.operators.bash.BashOperator` attribute is deprecated. Please use `'airflow.providers.standard.operators.bash.BashOperator'`.","category":"DeprecatedImportWarning","filename":"/opt/airflow/dags/weather_data_fetch.py","lineno":9,"logger":"py.warnings"}
{"timestamp":"2026-01-27T08:32:30.590187Z","level":"info","event":"","logger":"task.stdout"}
{"timestamp":"2026-01-27T08:32:30.590363Z","level":"info","event":"============================================================","logger":"task.stdout"}
{"timestamp":"2026-01-27T08:32:30.590432Z","level":"info","event":"🌦️ Fetching BMKG Weather Data","logger":"task.stdout"}
{"timestamp":"2026-01-27T08:32:30.590503Z","level":"info","event":"============================================================","logger":"task.stdout"}
{"timestamp":"2026-01-27T08:32:30.651597Z","level":"info","event":"","logger":"task.stdout"}
{"timestamp":"2026-01-27T08:32:30.651809Z","level":"info","event":"📍 Fetching weather for ADM4: 35.78.21.1004","logger":"task.stdout"}
{"timestamp":"2026-01-27T08:32:32.116687Z","level":"info","event":"   Parsed 19 weather records","logger":"task.stdout"}
{"timestamp":"2026-01-27T08:32:32.185839Z","level":"info","event":"","logger":"task.stdout"}
{"timestamp":"2026-01-27T08:32:32.186215Z","level":"info","event":"⚠️  Found 14 expired weather records to delete","logger":"task.stdout"}
{"timestamp":"2026-01-27T08:32:32.186648Z","level":"info","event":"   Time range: 2026-01-27 09:00:00 to 2026-01-27 15:00:00","logger":"task.stdout"}
{"timestamp":"2026-01-27T08:32:32.186821Z","level":"info","event":"   (waktu < NOW at 2026-01-27 15:32:32 WIB)","logger":"task.stdout"}
{"timestamp":"2026-01-27T08:32:32.190806Z","level":"info","event":"✅ Deleted 14 expired weather records","logger":"task.stdout"}
{"timestamp":"2026-01-27T08:32:32.226203Z","level":"info","event":"✓ Inserted 19 weather records","logger":"task.stdout"}
{"timestamp":"2026-01-27T08:32:32.226621Z","level":"info","event":"","logger":"task.stdout"}
{"timestamp":"2026-01-27T08:32:32.226826Z","level":"info","event":"📍 Fetching weather for ADM4: 35.25.14.1010","logger":"task.stdout"}
{"timestamp":"2026-01-27T08:32:32.939012Z","level":"info","event":"   Parsed 19 weather records","logger":"task.stdout"}
{"timestamp":"2026-01-27T08:32:32.966963Z","level":"info","event":"","logger":"task.stdout"}
{"timestamp":"2026-01-27T08:32:32.967222Z","level":"info","event":"⚠️  Found 3 expired weather records to delete","logger":"task.stdout"}
{"timestamp":"2026-01-27T08:32:32.967460Z","level":"info","event":"   Time range: 2026-01-27 09:00:00 to 2026-01-27 15:00:00","logger":"task.stdout"}
{"timestamp":"2026-01-27T08:32:32.967755Z","level":"info","event":"   (waktu < NOW at 2026-01-27 15:32:32 WIB)","logger":"task.stdout"}
{"timestamp":"2026-01-27T08:32:32.968460Z","level":"info","event":"✅ Deleted 3 expired weather records","logger":"task.stdout"}
{"timestamp":"2026-01-27T08:32:32.985993Z","level":"info","event":"✓ Inserted 19 weather records","logger":"task.stdout"}
{"timestamp":"2026-01-27T08:32:32.986333Z","level":"info","event":"","logger":"task.stdout"}
{"timestamp":"2026-01-27T08:32:32.986492Z","level":"info","event":"============================================================","logger":"task.stdout"}
{"timestamp":"2026-01-27T08:32:32.986764Z","level":"info","event":"✓ Total records inserted: 38","logger":"task.stdout"}
{"timestamp":"2026-01-27T08:32:32.986917Z","level":"info","event":"============================================================","logger":"task.stdout"}
{"timestamp":"2026-01-27T08:32:32.986641Z","level":"info","event":"Done. Returned value was: 38","logger":"airflow.task.operators.airflow.providers.standard.operators.python.PythonOperator","filename":"python.py","lineno":215}
{"timestamp":"2026-01-27T08:32:32.989310Z","level":"info","event":"Pushing xcom","ti":"RuntimeTaskInstance(id=UUID('019bfe95-2ba4-777a-ba65-b57422116b1a'), task_id='fetch_bmkg_weather', dag_id='weather_data_fetch', run_id='scheduled__2026-01-27T06:00:00+00:00', try_number=1, dag_version_id=UUID('019bf85e-bdaa-72d4-8530-24267eab6b2a'), map_index=-1, hostname='OM-RAFIE.localdomain', context_carrier={}, task=<Task(PythonOperator): fetch_bmkg_weather>, bundle_instance=LocalDagBundle(name=dags-folder), max_tries=2, start_date=datetime.datetime(2026, 1, 27, 8, 32, 29, 347805, tzinfo=datetime.timezone.utc), end_date=None, state=<TaskInstanceState.RUNNING: 'running'>, is_mapped=False, rendered_map_index=None)","logger":"task","filename":"task_runner.py","lineno":1360}
