{"timestamp":"2026-01-21T09:27:37.889546Z","level":"info","event":"DAG bundles loaded: dags-folder","logger":"airflow.dag_processing.bundles.manager.DagBundlesManager","filename":"manager.py","lineno":179}
{"timestamp":"2026-01-21T09:27:37.890422Z","level":"info","event":"Filling up the DagBag from /opt/airflow/dags/daily_warehouse_sync.py","logger":"airflow.models.dagbag.DagBag","filename":"dagbag.py","lineno":593}
{"timestamp":"2026-01-21T09:27:37.905893Z","level":"warning","event":"The `airflow.operators.python.PythonOperator` attribute is deprecated. Please use `'airflow.providers.standard.operators.python.PythonOperator'`.","category":"DeprecatedImportWarning","filename":"/opt/airflow/dags/daily_warehouse_sync.py","lineno":8,"logger":"py.warnings"}
{"timestamp":"2026-01-21T09:27:37.906031Z","level":"warning","event":"The `airflow.operators.bash.BashOperator` attribute is deprecated. Please use `'airflow.providers.standard.operators.bash.BashOperator'`.","category":"DeprecatedImportWarning","filename":"/opt/airflow/dags/daily_warehouse_sync.py","lineno":9,"logger":"py.warnings"}
{"timestamp":"2026-01-21T09:27:37.930236Z","level":"info","event":"============================================================","logger":"task.stdout"}
{"timestamp":"2026-01-21T09:27:37.930437Z","level":"info","event":"Starting daily warehouse sync...","logger":"task.stdout"}
{"timestamp":"2026-01-21T09:27:37.930493Z","level":"info","event":"============================================================","logger":"task.stdout"}
{"timestamp":"2026-01-21T09:27:37.930535Z","level":"info","event":"","logger":"task.stdout"}
{"timestamp":"2026-01-21T09:27:37.930574Z","level":"info","event":"📍 PRIORITY: Syncing WEATHER data first...","logger":"task.stdout"}
{"timestamp":"2026-01-21T09:27:37.986988Z","level":"info","event":"ERROR syncing weather.fact_weather_hourly: relation \"fact_weather_hourly\" does not exist","logger":"task.stdout"}
{"timestamp":"2026-01-21T09:27:37.987164Z","level":"info","event":"LINE 1: SELECT * FROM fact_weather_hourly LIMIT 0","logger":"task.stdout"}
{"timestamp":"2026-01-21T09:27:37.987223Z","level":"info","event":"                      ^","logger":"task.stdout"}
{"timestamp":"2026-01-21T09:27:37.987274Z","level":"info","event":"","logger":"task.stdout"}
{"timestamp":"2026-01-21T09:27:37.987381Z","level":"info","event":"","logger":"task.stdout"}
{"timestamp":"2026-01-21T09:27:37.987442Z","level":"info","event":"📊 Syncing other schemas...","logger":"task.stdout"}
{"timestamp":"2026-01-21T09:27:38.056839Z","level":"info","event":"✓ driver.daftar_user: 23 rows synced","logger":"task.stdout"}
{"timestamp":"2026-01-21T09:27:38.118796Z","level":"info","event":"✓ driver.attachment_driver: 6 rows synced","logger":"task.stdout"}
{"timestamp":"2026-01-21T09:27:38.180333Z","level":"info","event":"✓ driver.laporan_pengemudi: 0 rows (table empty in source)","logger":"task.stdout"}
{"timestamp":"2026-01-21T09:27:38.237946Z","level":"info","event":"ERROR syncing driver.kontak_darurat: relation \"kontak_darurat_pengemudi\" does not exist","logger":"task.stdout"}
{"timestamp":"2026-01-21T09:27:38.238179Z","level":"info","event":"LINE 1: SELECT * FROM kontak_darurat_pengemudi LIMIT 0","logger":"task.stdout"}
{"timestamp":"2026-01-21T09:27:38.238274Z","level":"info","event":"                      ^","logger":"task.stdout"}
{"timestamp":"2026-01-21T09:27:38.238352Z","level":"info","event":"","logger":"task.stdout"}
{"timestamp":"2026-01-21T09:27:38.311083Z","level":"info","event":"✓ armada.armada_tms: 3 rows synced","logger":"task.stdout"}
{"timestamp":"2026-01-21T09:27:38.382801Z","level":"info","event":"✓ armada.jenis_armada: 19 rows synced","logger":"task.stdout"}
{"timestamp":"2026-01-21T09:27:38.444100Z","level":"info","event":"✓ armada.driver_armada: 0 rows (table empty in source)","logger":"task.stdout"}
{"timestamp":"2026-01-21T09:27:38.503750Z","level":"info","event":"✓ armada.armada_perangkat: 0 rows (table empty in source)","logger":"task.stdout"}
{"timestamp":"2026-01-21T09:27:38.580045Z","level":"info","event":"✓ armada.attachment_armada: 0 rows (table empty in source)","logger":"task.stdout"}
{"timestamp":"2026-01-21T09:27:38.653775Z","level":"info","event":"✓ delivery.delivery_order: 15 rows synced","logger":"task.stdout"}
{"timestamp":"2026-01-21T09:27:38.724576Z","level":"info","event":"✓ delivery.detail_do: 3 rows synced","logger":"task.stdout"}
{"timestamp":"2026-01-21T09:27:38.792669Z","level":"info","event":"✓ delivery.jenis_order: 5 rows synced","logger":"task.stdout"}
{"timestamp":"2026-01-21T09:27:38.857546Z","level":"info","event":"✓ delivery.attachment_gudang: 0 rows (table empty in source)","logger":"task.stdout"}
{"timestamp":"2026-01-21T09:27:38.925802Z","level":"info","event":"✓ activity.log_perjalanan_armada: 0 rows (table empty in source)","logger":"task.stdout"}
{"timestamp":"2026-01-21T09:27:38.994008Z","level":"info","event":"✓ activity.log_aktifitas_driver: 0 rows (table empty in source)","logger":"task.stdout"}
{"timestamp":"2026-01-21T09:27:39.062422Z","level":"info","event":"✓ activity.log_perangkat: 0 rows (table empty in source)","logger":"task.stdout"}
{"timestamp":"2026-01-21T09:27:39.128369Z","level":"info","event":"✓ activity.log_chat: 0 rows (table empty in source)","logger":"task.stdout"}
{"timestamp":"2026-01-21T09:27:39.190932Z","level":"info","event":"✓ activity.log_panggilan: 0 rows (table empty in source)","logger":"task.stdout"}
{"timestamp":"2026-01-21T09:27:39.253762Z","level":"info","event":"✓ activity.log_sensor: 0 rows (table empty in source)","logger":"task.stdout"}
{"timestamp":"2026-01-21T09:27:39.312090Z","level":"info","event":"✓ activity.alert_geofence: 0 rows (table empty in source)","logger":"task.stdout"}
{"timestamp":"2026-01-21T09:27:39.378570Z","level":"info","event":"✓ financial.orders: 5 rows synced","logger":"task.stdout"}
{"timestamp":"2026-01-21T09:27:39.456165Z","level":"info","event":"✓ financial.detail_po: 4 rows synced","logger":"task.stdout"}
{"timestamp":"2026-01-21T09:27:39.538262Z","level":"info","event":"✓ financial.jenis_transaksi: 1 rows synced","logger":"task.stdout"}
{"timestamp":"2026-01-21T09:27:39.614454Z","level":"info","event":"✓ financial.detail_qc: 0 rows (table empty in source)","logger":"task.stdout"}
{"timestamp":"2026-01-21T09:27:39.682328Z","level":"info","event":"✓ financial.bank: 0 rows (table empty in source)","logger":"task.stdout"}
{"timestamp":"2026-01-21T09:27:39.764288Z","level":"info","event":"✓ support.attachment: 12 rows synced","logger":"task.stdout"}
{"timestamp":"2026-01-21T09:27:39.832581Z","level":"info","event":"✓ support.jenis_file: 4 rows synced","logger":"task.stdout"}
{"timestamp":"2026-01-21T09:27:39.902433Z","level":"info","event":"✓ support.chat_room: 0 rows (table empty in source)","logger":"task.stdout"}
{"timestamp":"2026-01-21T09:27:39.969768Z","level":"info","event":"✓ support.attachment_chat: 0 rows (table empty in source)","logger":"task.stdout"}
{"timestamp":"2026-01-21T09:27:40.038087Z","level":"info","event":"✓ support.attachment_pengembalian: 0 rows (table empty in source)","logger":"task.stdout"}
{"timestamp":"2026-01-21T09:27:40.099050Z","level":"info","event":"✓ support.attachment_perangkat: 0 rows (table empty in source)","logger":"task.stdout"}
{"timestamp":"2026-01-21T09:27:40.160465Z","level":"info","event":"✓ support.attachment_qc: 0 rows (table empty in source)","logger":"task.stdout"}
{"timestamp":"2026-01-21T09:27:40.237763Z","level":"info","event":"✓ master.gudang: 15 rows synced","logger":"task.stdout"}
{"timestamp":"2026-01-21T09:27:40.298317Z","level":"info","event":"✓ master.locations: 6 rows synced","logger":"task.stdout"}
{"timestamp":"2026-01-21T09:27:40.358558Z","level":"info","event":"✓ master.kategori_produk: 3 rows synced","logger":"task.stdout"}
{"timestamp":"2026-01-21T09:27:40.424526Z","level":"info","event":"✓ master.konversi: 13 rows synced","logger":"task.stdout"}
{"timestamp":"2026-01-21T09:27:40.501919Z","level":"info","event":"✓ master.jenis_satuan: 12 rows synced","logger":"task.stdout"}
{"timestamp":"2026-01-21T09:27:40.582068Z","level":"info","event":"✓ master.atribut: 0 rows (table empty in source)","logger":"task.stdout"}
{"timestamp":"2026-01-21T09:27:40.648935Z","level":"info","event":"✓ master.atribut_produk: 0 rows (table empty in source)","logger":"task.stdout"}
{"timestamp":"2026-01-21T09:27:40.716267Z","level":"info","event":"✓ master.kriteria_produk: 0 rows (table empty in source)","logger":"task.stdout"}
{"timestamp":"2026-01-21T09:27:40.781629Z","level":"info","event":"✓ master.geofence: 0 rows (table empty in source)","logger":"task.stdout"}
{"timestamp":"2026-01-21T09:27:40.843770Z","level":"info","event":"✓ master.jenis_insiden: 0 rows (table empty in source)","logger":"task.stdout"}
{"timestamp":"2026-01-21T09:27:40.912376Z","level":"info","event":"✓ master.jenis_notifikasi: 0 rows (table empty in source)","logger":"task.stdout"}
{"timestamp":"2026-01-21T09:27:40.982036Z","level":"info","event":"✓ master.laporan_darurat: 0 rows (table empty in source)","logger":"task.stdout"}
{"timestamp":"2026-01-21T09:27:41.041090Z","level":"info","event":"✓ master.rating: 0 rows (table empty in source)","logger":"task.stdout"}
{"timestamp":"2026-01-21T09:27:41.041382Z","level":"info","event":"","logger":"task.stdout"}
{"timestamp":"2026-01-21T09:27:41.041476Z","level":"info","event":"============================================================","logger":"task.stdout"}
{"timestamp":"2026-01-21T09:27:41.041526Z","level":"info","event":"SYNC SUMMARY","logger":"task.stdout"}
{"timestamp":"2026-01-21T09:27:41.041567Z","level":"info","event":"============================================================","logger":"task.stdout"}
{"timestamp":"2026-01-21T09:27:41.041608Z","level":"info","event":"✅ Success: 44 tables","logger":"task.stdout"}
{"timestamp":"2026-01-21T09:27:41.041644Z","level":"info","event":"❌ Failed: 2 tables","logger":"task.stdout"}
{"timestamp":"2026-01-21T09:27:41.041679Z","level":"info","event":"","logger":"task.stdout"}
{"timestamp":"2026-01-21T09:27:41.041730Z","level":"info","event":"Failed tables:","logger":"task.stdout"}
{"timestamp":"2026-01-21T09:27:41.041767Z","level":"info","event":"  - ERROR syncing weather.fact_weather_hourly: relation \"fact_weather_hourly\" does not exist","logger":"task.stdout"}
{"timestamp":"2026-01-21T09:27:41.041802Z","level":"info","event":"LINE 1: SELECT * FROM fact_weather_hourly LIMIT 0","logger":"task.stdout"}
{"timestamp":"2026-01-21T09:27:41.041837Z","level":"info","event":"                      ^","logger":"task.stdout"}
{"timestamp":"2026-01-21T09:27:41.041870Z","level":"info","event":"","logger":"task.stdout"}
{"timestamp":"2026-01-21T09:27:41.041904Z","level":"info","event":"  - ERROR syncing driver.kontak_darurat: relation \"kontak_darurat_pengemudi\" does not exist","logger":"task.stdout"}
{"timestamp":"2026-01-21T09:27:41.041937Z","level":"info","event":"LINE 1: SELECT * FROM kontak_darurat_pengemudi LIMIT 0","logger":"task.stdout"}
{"timestamp":"2026-01-21T09:27:41.041974Z","level":"info","event":"                      ^","logger":"task.stdout"}
{"timestamp":"2026-01-21T09:27:41.042011Z","level":"info","event":"","logger":"task.stdout"}
{"timestamp":"2026-01-21T09:27:41.042042Z","level":"info","event":"","logger":"task.stdout"}
{"timestamp":"2026-01-21T09:27:41.042073Z","level":"info","event":"Detailed results:","logger":"task.stdout"}
{"timestamp":"2026-01-21T09:27:41.042104Z","level":"info","event":"  ✓ driver.daftar_user: 23 rows","logger":"task.stdout"}
{"timestamp":"2026-01-21T09:27:41.042135Z","level":"info","event":"  ✓ driver.attachment_driver: 6 rows","logger":"task.stdout"}
{"timestamp":"2026-01-21T09:27:41.042168Z","level":"info","event":"  ✓ driver.laporan_pengemudi: 0 rows","logger":"task.stdout"}
{"timestamp":"2026-01-21T09:27:41.042200Z","level":"info","event":"  ✓ armada.armada_tms: 3 rows","logger":"task.stdout"}
{"timestamp":"2026-01-21T09:27:41.042231Z","level":"info","event":"  ✓ armada.jenis_armada: 19 rows","logger":"task.stdout"}
{"timestamp":"2026-01-21T09:27:41.042261Z","level":"info","event":"  ✓ armada.driver_armada: 0 rows","logger":"task.stdout"}
{"timestamp":"2026-01-21T09:27:41.042304Z","level":"info","event":"  ✓ armada.armada_perangkat: 0 rows","logger":"task.stdout"}
{"timestamp":"2026-01-21T09:27:41.042338Z","level":"info","event":"  ✓ armada.attachment_armada: 0 rows","logger":"task.stdout"}
{"timestamp":"2026-01-21T09:27:41.042369Z","level":"info","event":"  ✓ delivery.delivery_order: 15 rows","logger":"task.stdout"}
{"timestamp":"2026-01-21T09:27:41.042400Z","level":"info","event":"  ✓ delivery.detail_do: 3 rows","logger":"task.stdout"}
{"timestamp":"2026-01-21T09:27:41.042430Z","level":"info","event":"  ... and 34 more","logger":"task.stdout"}
{"timestamp":"2026-01-21T09:27:41.041445Z","level":"info","event":"Done. Returned value was: {'success_count': 44, 'failed_count': 2}","logger":"airflow.task.operators.airflow.providers.standard.operators.python.PythonOperator","filename":"python.py","lineno":215}
{"timestamp":"2026-01-21T09:27:41.041704Z","level":"info","event":"Pushing xcom","ti":"RuntimeTaskInstance(id=UUID('019bdfe1-8473-7b51-a14d-339b274d566f'), task_id='sync_warehouse_tables', dag_id='daily_warehouse_sync', run_id='manual__2026-01-21T09:27:35+00:00', try_number=1, dag_version_id=UUID('019bdfe0-4319-766f-b129-79216ca4e1aa'), map_index=-1, hostname='OM-RAFIE.localdomain', context_carrier={}, task=<Task(PythonOperator): sync_warehouse_tables>, bundle_instance=LocalDagBundle(name=dags-folder), max_tries=2, start_date=datetime.datetime(2026, 1, 21, 9, 27, 37, 865833, tzinfo=datetime.timezone.utc), end_date=None, state=<TaskInstanceState.RUNNING: 'running'>, is_mapped=False, rendered_map_index=None)","logger":"task","filename":"task_runner.py","lineno":1360}
