{"timestamp":"2026-02-06T04:00:01.774718Z","level":"info","event":"DAG bundles loaded: dags-folder","logger":"airflow.dag_processing.bundles.manager.DagBundlesManager","filename":"manager.py","lineno":179}
{"timestamp":"2026-02-06T04:00:01.780204Z","level":"info","event":"Filling up the DagBag from /opt/airflow/dags/weather_data_fetch.py","logger":"airflow.models.dagbag.DagBag","filename":"dagbag.py","lineno":593}
{"timestamp":"2026-02-06T04:00:01.905077Z","level":"warning","event":"The `airflow.operators.python.PythonOperator` attribute is deprecated. Please use `'airflow.providers.standard.operators.python.PythonOperator'`.","category":"DeprecatedImportWarning","filename":"/opt/airflow/dags/weather_data_fetch.py","lineno":8,"logger":"py.warnings"}
{"timestamp":"2026-02-06T04:00:01.905270Z","level":"warning","event":"The `airflow.operators.bash.BashOperator` attribute is deprecated. Please use `'airflow.providers.standard.operators.bash.BashOperator'`.","category":"DeprecatedImportWarning","filename":"/opt/airflow/dags/weather_data_fetch.py","lineno":9,"logger":"py.warnings"}
{"timestamp":"2026-02-06T04:00:02.287216Z","level":"info","event":"","logger":"task.stdout"}
{"timestamp":"2026-02-06T04:00:02.287408Z","level":"info","event":"============================================================","logger":"task.stdout"}
{"timestamp":"2026-02-06T04:00:02.287457Z","level":"info","event":"🌦️ Fetching BMKG Weather Data","logger":"task.stdout"}
{"timestamp":"2026-02-06T04:00:02.287588Z","level":"info","event":"============================================================","logger":"task.stdout"}
{"timestamp":"2026-02-06T04:00:02.369099Z","level":"info","event":"","logger":"task.stdout"}
{"timestamp":"2026-02-06T04:00:02.369263Z","level":"info","event":"📍 Fetching weather for ADM4: 35.78.21.1004","logger":"task.stdout"}
{"timestamp":"2026-02-06T04:00:02.695033Z","level":"info","event":"   Parsed 21 weather records","logger":"task.stdout"}
{"timestamp":"2026-02-06T04:00:02.713653Z","level":"info","event":"","logger":"task.stdout"}
{"timestamp":"2026-02-06T04:00:02.713784Z","level":"info","event":"⚠️  Found 5 expired weather records to delete","logger":"task.stdout"}
{"timestamp":"2026-02-06T04:00:02.714236Z","level":"info","event":"   Time range: 2026-02-06 04:00:00 to 2026-02-06 11:00:00","logger":"task.stdout"}
{"timestamp":"2026-02-06T04:00:02.714331Z","level":"info","event":"   (waktu < NOW at 2026-02-06 11:00:02 WIB)","logger":"task.stdout"}
{"timestamp":"2026-02-06T04:00:02.716140Z","level":"info","event":"✅ Deleted 5 expired weather records","logger":"task.stdout"}
{"timestamp":"2026-02-06T04:00:02.729149Z","level":"info","event":"✓ Inserted 21 new weather records","logger":"task.stdout"}
{"timestamp":"2026-02-06T04:00:02.729281Z","level":"info","event":"✓ Updated 0 existing weather records","logger":"task.stdout"}
{"timestamp":"2026-02-06T04:00:02.729332Z","level":"info","event":"","logger":"task.stdout"}
{"timestamp":"2026-02-06T04:00:02.729376Z","level":"info","event":"📍 Fetching weather for ADM4: 35.25.14.1010","logger":"task.stdout"}
{"timestamp":"2026-02-06T04:00:02.886089Z","level":"info","event":"   Parsed 21 weather records","logger":"task.stdout"}
{"timestamp":"2026-02-06T04:00:02.897481Z","level":"info","event":"","logger":"task.stdout"}
{"timestamp":"2026-02-06T04:00:02.897623Z","level":"info","event":"⚠️  Found 3 expired weather records to delete","logger":"task.stdout"}
{"timestamp":"2026-02-06T04:00:02.897675Z","level":"info","event":"   Time range: 2026-02-06 04:00:00 to 2026-02-06 10:00:00","logger":"task.stdout"}
{"timestamp":"2026-02-06T04:00:02.897770Z","level":"info","event":"   (waktu < NOW at 2026-02-06 11:00:02 WIB)","logger":"task.stdout"}
{"timestamp":"2026-02-06T04:00:02.897929Z","level":"info","event":"✅ Deleted 3 expired weather records","logger":"task.stdout"}
{"timestamp":"2026-02-06T04:00:02.907290Z","level":"info","event":"✓ Inserted 21 new weather records","logger":"task.stdout"}
{"timestamp":"2026-02-06T04:00:02.907373Z","level":"info","event":"✓ Updated 0 existing weather records","logger":"task.stdout"}
{"timestamp":"2026-02-06T04:00:02.907425Z","level":"info","event":"","logger":"task.stdout"}
{"timestamp":"2026-02-06T04:00:02.907463Z","level":"info","event":"============================================================","logger":"task.stdout"}
{"timestamp":"2026-02-06T04:00:02.907496Z","level":"info","event":"✓ Total records inserted: 42","logger":"task.stdout"}
{"timestamp":"2026-02-06T04:00:02.907590Z","level":"info","event":"============================================================","logger":"task.stdout"}
{"timestamp":"2026-02-06T04:00:02.907358Z","level":"info","event":"Done. Returned value was: 42","logger":"airflow.task.operators.airflow.providers.standard.operators.python.PythonOperator","filename":"python.py","lineno":215}
{"timestamp":"2026-02-06T04:00:02.907838Z","level":"info","event":"Pushing xcom","ti":"RuntimeTaskInstance(id=UUID('019c311b-5472-7949-a1dc-a088fa209ac1'), task_id='fetch_bmkg_weather', dag_id='weather_data_fetch', run_id='scheduled__2026-02-06T04:00:00+00:00', try_number=1, dag_version_id=UUID('019c30a7-9bdc-792f-9a7e-cc8270c2efbb'), map_index=-1, hostname='OM-RAFIE.localdomain', context_carrier={}, task=<Task(PythonOperator): fetch_bmkg_weather>, bundle_instance=LocalDagBundle(name=dags-folder), max_tries=2, start_date=datetime.datetime(2026, 2, 6, 4, 0, 1, 94124, tzinfo=datetime.timezone.utc), end_date=None, state=<TaskInstanceState.RUNNING: 'running'>, is_mapped=False, rendered_map_index=None)","logger":"task","filename":"task_runner.py","lineno":1360}
