{"timestamp":"2026-02-04T04:02:20.994295Z","level":"info","event":"DAG bundles loaded: dags-folder","logger":"airflow.dag_processing.bundles.manager.DagBundlesManager","filename":"manager.py","lineno":179}
{"timestamp":"2026-02-04T04:02:21.055041Z","level":"info","event":"Filling up the DagBag from /opt/airflow/dags/weather_data_fetch.py","logger":"airflow.models.dagbag.DagBag","filename":"dagbag.py","lineno":593}
{"timestamp":"2026-02-04T04:02:23.948568Z","level":"warning","event":"The `airflow.operators.python.PythonOperator` attribute is deprecated. Please use `'airflow.providers.standard.operators.python.PythonOperator'`.","category":"DeprecatedImportWarning","filename":"/opt/airflow/dags/weather_data_fetch.py","lineno":8,"logger":"py.warnings"}
{"timestamp":"2026-02-04T04:02:23.951466Z","level":"warning","event":"The `airflow.operators.bash.BashOperator` attribute is deprecated. Please use `'airflow.providers.standard.operators.bash.BashOperator'`.","category":"DeprecatedImportWarning","filename":"/opt/airflow/dags/weather_data_fetch.py","lineno":9,"logger":"py.warnings"}
{"timestamp":"2026-02-04T04:02:29.861657Z","level":"info","event":"","logger":"task.stdout"}
{"timestamp":"2026-02-04T04:02:29.862733Z","level":"info","event":"============================================================","logger":"task.stdout"}
{"timestamp":"2026-02-04T04:02:29.862891Z","level":"info","event":"🌦️ Fetching BMKG Weather Data","logger":"task.stdout"}
{"timestamp":"2026-02-04T04:02:29.863099Z","level":"info","event":"============================================================","logger":"task.stdout"}
{"timestamp":"2026-02-04T04:02:29.978939Z","level":"info","event":"","logger":"task.stdout"}
{"timestamp":"2026-02-04T04:02:29.979641Z","level":"info","event":"📍 Fetching weather for ADM4: 35.78.21.1004","logger":"task.stdout"}
{"timestamp":"2026-02-04T04:02:32.460521Z","level":"info","event":"   Parsed 20 weather records","logger":"task.stdout"}
{"timestamp":"2026-02-04T04:02:32.603132Z","level":"info","event":"","logger":"task.stdout"}
{"timestamp":"2026-02-04T04:02:32.603352Z","level":"info","event":"⚠️  Found 22 expired weather records to delete","logger":"task.stdout"}
{"timestamp":"2026-02-04T04:02:32.603499Z","level":"info","event":"   Time range: 2026-02-04 01:00:00 to 2026-02-04 11:00:00","logger":"task.stdout"}
{"timestamp":"2026-02-04T04:02:32.603595Z","level":"info","event":"   (waktu < NOW at 2026-02-04 11:02:32 WIB)","logger":"task.stdout"}
{"timestamp":"2026-02-04T04:02:32.611620Z","level":"info","event":"✅ Deleted 22 expired weather records","logger":"task.stdout"}
{"timestamp":"2026-02-04T04:02:32.668870Z","level":"info","event":"✓ Inserted 20 weather records","logger":"task.stdout"}
{"timestamp":"2026-02-04T04:02:32.669197Z","level":"info","event":"","logger":"task.stdout"}
{"timestamp":"2026-02-04T04:02:32.669334Z","level":"info","event":"📍 Fetching weather for ADM4: 35.25.14.1010","logger":"task.stdout"}
{"timestamp":"2026-02-04T04:02:33.379631Z","level":"info","event":"   Parsed 20 weather records","logger":"task.stdout"}
{"timestamp":"2026-02-04T04:02:33.460295Z","level":"info","event":"","logger":"task.stdout"}
{"timestamp":"2026-02-04T04:02:33.460536Z","level":"info","event":"⚠️  Found 3 expired weather records to delete","logger":"task.stdout"}
{"timestamp":"2026-02-04T04:02:33.460715Z","level":"info","event":"   Time range: 2026-02-04 05:00:00 to 2026-02-04 11:00:00","logger":"task.stdout"}
{"timestamp":"2026-02-04T04:02:33.460935Z","level":"info","event":"   (waktu < NOW at 2026-02-04 11:02:33 WIB)","logger":"task.stdout"}
{"timestamp":"2026-02-04T04:02:33.461323Z","level":"info","event":"✅ Deleted 3 expired weather records","logger":"task.stdout"}
{"timestamp":"2026-02-04T04:02:33.481130Z","level":"info","event":"✓ Inserted 20 weather records","logger":"task.stdout"}
{"timestamp":"2026-02-04T04:02:33.481475Z","level":"info","event":"","logger":"task.stdout"}
{"timestamp":"2026-02-04T04:02:33.481603Z","level":"info","event":"============================================================","logger":"task.stdout"}
{"timestamp":"2026-02-04T04:02:33.482575Z","level":"info","event":"✓ Total records inserted: 40","logger":"task.stdout"}
{"timestamp":"2026-02-04T04:02:33.482716Z","level":"info","event":"============================================================","logger":"task.stdout"}
{"timestamp":"2026-02-04T04:02:33.481892Z","level":"info","event":"Done. Returned value was: 40","logger":"airflow.task.operators.airflow.providers.standard.operators.python.PythonOperator","filename":"python.py","lineno":215}
{"timestamp":"2026-02-04T04:02:33.488291Z","level":"info","event":"Pushing xcom","ti":"RuntimeTaskInstance(id=UUID('019c26d0-901a-77d5-bd60-3b1bdca06d39'), task_id='fetch_bmkg_weather', dag_id='weather_data_fetch', run_id='scheduled__2026-02-04T04:00:00+00:00', try_number=1, dag_version_id=UUID('019c0dd4-58cf-774a-9f83-a68201e36c2d'), map_index=-1, hostname='OM-RAFIE.localdomain', context_carrier={}, task=<Task(PythonOperator): fetch_bmkg_weather>, bundle_instance=LocalDagBundle(name=dags-folder), max_tries=2, start_date=datetime.datetime(2026, 2, 4, 4, 2, 17, 386685, tzinfo=datetime.timezone.utc), end_date=None, state=<TaskInstanceState.RUNNING: 'running'>, is_mapped=False, rendered_map_index=None)","logger":"task","filename":"task_runner.py","lineno":1360}
