{"timestamp":"2026-01-20T01:13:20.843413Z","level":"info","event":"DAG bundles loaded: dags-folder","logger":"airflow.dag_processing.bundles.manager.DagBundlesManager","filename":"manager.py","lineno":179}
{"timestamp":"2026-01-20T01:13:20.872108Z","level":"info","event":"Filling up the DagBag from /opt/airflow/dags/daily_database_sync.py","logger":"airflow.models.dagbag.DagBag","filename":"dagbag.py","lineno":593}
{"timestamp":"2026-01-20T01:13:21.093516Z","level":"warning","event":"The `airflow.operators.python.PythonOperator` attribute is deprecated. Please use `'airflow.providers.standard.operators.python.PythonOperator'`.","category":"DeprecatedImportWarning","filename":"/opt/airflow/dags/daily_database_sync.py","lineno":6,"logger":"py.warnings"}
{"timestamp":"2026-01-20T01:13:21.754738Z","level":"info","event":"","logger":"task.stdout"}
{"timestamp":"2026-01-20T01:13:21.754983Z","level":"info","event":"================================================================================","logger":"task.stdout"}
{"timestamp":"2026-01-20T01:13:21.755189Z","level":"info","event":"🔄 DAILY DATABASE SYNC - 2026-01-20 01:13:21","logger":"task.stdout"}
{"timestamp":"2026-01-20T01:13:21.755936Z","level":"info","event":"================================================================================","logger":"task.stdout"}
{"timestamp":"2026-01-20T01:13:21.905854Z","level":"info","event":"","logger":"task.stdout"}
{"timestamp":"2026-01-20T01:13:21.906134Z","level":"info","event":"📊 TOP 20 LARGEST TABLES:","logger":"task.stdout"}
{"timestamp":"2026-01-20T01:13:21.906348Z","level":"info","event":"--------------------------------------------------------------------------------","logger":"task.stdout"}
{"timestamp":"2026-01-20T01:13:21.906465Z","level":"info","event":"Schema               Table                          Size            Rows","logger":"task.stdout"}
{"timestamp":"2026-01-20T01:13:21.906592Z","level":"info","event":"--------------------------------------------------------------------------------","logger":"task.stdout"}
{"timestamp":"2026-01-20T01:13:21.906787Z","level":"info","event":"public               task_instance                  192 kB          16","logger":"task.stdout"}
{"timestamp":"2026-01-20T01:13:21.906910Z","level":"info","event":"public               dag_run                        144 kB          9","logger":"task.stdout"}
{"timestamp":"2026-01-20T01:13:21.907016Z","level":"info","event":"public               dag_code                       128 kB          13","logger":"task.stdout"}
{"timestamp":"2026-01-20T01:13:21.907091Z","level":"info","event":"public               job                            112 kB          21","logger":"task.stdout"}
{"timestamp":"2026-01-20T01:13:21.907260Z","level":"info","event":"public               serialized_dag                 112 kB          13","logger":"task.stdout"}
{"timestamp":"2026-01-20T01:13:21.907401Z","level":"info","event":"public               log                            112 kB          65","logger":"task.stdout"}
{"timestamp":"2026-01-20T01:13:21.907508Z","level":"info","event":"public               dag                            80 kB           6","logger":"task.stdout"}
{"timestamp":"2026-01-20T01:13:21.907595Z","level":"info","event":"public               dag_bundle                     64 kB           1","logger":"task.stdout"}
{"timestamp":"2026-01-20T01:13:21.907691Z","level":"info","event":"public               task_instance_history          64 kB           0","logger":"task.stdout"}
{"timestamp":"2026-01-20T01:13:21.907785Z","level":"info","event":"public               xcom                           64 kB           13","logger":"task.stdout"}
{"timestamp":"2026-01-20T01:13:21.907907Z","level":"info","event":"public               connection                     48 kB           1","logger":"task.stdout"}
{"timestamp":"2026-01-20T01:13:21.908011Z","level":"info","event":"public               dag_version                    48 kB           13","logger":"task.stdout"}
{"timestamp":"2026-01-20T01:13:21.908208Z","level":"info","event":"public               slot_pool                      48 kB           1","logger":"task.stdout"}
{"timestamp":"2026-01-20T01:13:21.908416Z","level":"info","event":"public               dag_tag                        40 kB           10","logger":"task.stdout"}
{"timestamp":"2026-01-20T01:13:21.908556Z","level":"info","event":"public               import_error                   32 kB           0","logger":"task.stdout"}
{"timestamp":"2026-01-20T01:13:21.908697Z","level":"info","event":"public               asset_active                   32 kB           0","logger":"task.stdout"}
{"timestamp":"2026-01-20T01:13:21.908780Z","level":"info","event":"public               log_template                   32 kB           2","logger":"task.stdout"}
{"timestamp":"2026-01-20T01:13:21.908836Z","level":"info","event":"public               rendered_task_instance_fields  32 kB           10","logger":"task.stdout"}
{"timestamp":"2026-01-20T01:13:21.908919Z","level":"info","event":"public               dag_schedule_asset_name_reference 24 kB           0","logger":"task.stdout"}
{"timestamp":"2026-01-20T01:13:21.909003Z","level":"info","event":"public               asset_alias_asset_event        24 kB           0","logger":"task.stdout"}
{"timestamp":"2026-01-20T01:13:21.909103Z","level":"info","event":"--------------------------------------------------------------------------------","logger":"task.stdout"}
{"timestamp":"2026-01-20T01:13:21.930079Z","level":"info","event":"","logger":"task.stdout"}
{"timestamp":"2026-01-20T01:13:21.930256Z","level":"info","event":"📈 DATABASE SUMMARY:","logger":"task.stdout"}
{"timestamp":"2026-01-20T01:13:21.930416Z","level":"info","event":"  Total Database Size: 10 MB","logger":"task.stdout"}
{"timestamp":"2026-01-20T01:13:21.930544Z","level":"info","event":"  Sync Timestamp: 2026-01-20T01:13:21.929980","logger":"task.stdout"}
{"timestamp":"2026-01-20T01:13:21.930759Z","level":"info","event":"","logger":"task.stdout"}
{"timestamp":"2026-01-20T01:13:21.930914Z","level":"info","event":"================================================================================","logger":"task.stdout"}
{"timestamp":"2026-01-20T01:13:21.931106Z","level":"info","event":"✅ Sync completed successfully!","logger":"task.stdout"}
{"timestamp":"2026-01-20T01:13:21.931828Z","level":"info","event":"================================================================================","logger":"task.stdout"}
{"timestamp":"2026-01-20T01:13:21.931981Z","level":"info","event":"","logger":"task.stdout"}
{"timestamp":"2026-01-20T01:13:22.122052Z","level":"info","event":"Done. Returned value was: {'status': 'success', 'timestamp': '2026-01-20T01:13:22.121861', 'db_size': '10 MB', 'rows': 194, 'tables': 20}","logger":"airflow.task.operators.airflow.providers.standard.operators.python.PythonOperator","filename":"python.py","lineno":215}
{"timestamp":"2026-01-20T01:13:22.122964Z","level":"info","event":"Pushing xcom","ti":"RuntimeTaskInstance(id=UUID('019bd8d5-8946-72e8-9780-8eff78fcf727'), task_id='sync_tables_task', dag_id='daily_database_sync', run_id='scheduled__2026-01-20T00:00:00+00:00', try_number=2, dag_version_id=UUID('019bd4f9-0eda-7e15-84f3-f8387d877ada'), map_index=-1, hostname='OM-RAFIE.localdomain', context_carrier={}, task=<Task(PythonOperator): sync_tables_task>, bundle_instance=LocalDagBundle(name=dags-folder), max_tries=2, start_date=datetime.datetime(2026, 1, 20, 1, 13, 19, 848648, tzinfo=datetime.timezone.utc), end_date=None, state=<TaskInstanceState.RUNNING: 'running'>, is_mapped=False, rendered_map_index=None)","logger":"task","filename":"task_runner.py","lineno":1360}
