{"timestamp":"2026-02-02T02:15:19.493819Z","level":"info","event":"DAG bundles loaded: dags-folder","logger":"airflow.dag_processing.bundles.manager.DagBundlesManager","filename":"manager.py","lineno":179}
{"timestamp":"2026-02-02T02:15:19.495641Z","level":"info","event":"Filling up the DagBag from /opt/airflow/dags/weather_data_fetch.py","logger":"airflow.models.dagbag.DagBag","filename":"dagbag.py","lineno":593}
{"timestamp":"2026-02-02T02:15:19.548195Z","level":"warning","event":"The `airflow.operators.python.PythonOperator` attribute is deprecated. Please use `'airflow.providers.standard.operators.python.PythonOperator'`.","category":"DeprecatedImportWarning","filename":"/opt/airflow/dags/weather_data_fetch.py","lineno":8,"logger":"py.warnings"}
{"timestamp":"2026-02-02T02:15:19.548383Z","level":"warning","event":"The `airflow.operators.bash.BashOperator` attribute is deprecated. Please use `'airflow.providers.standard.operators.bash.BashOperator'`.","category":"DeprecatedImportWarning","filename":"/opt/airflow/dags/weather_data_fetch.py","lineno":9,"logger":"py.warnings"}
{"timestamp":"2026-02-02T02:15:19.860804Z","level":"info","event":"","logger":"task.stdout"}
{"timestamp":"2026-02-02T02:15:19.860983Z","level":"info","event":"============================================================","logger":"task.stdout"}
{"timestamp":"2026-02-02T02:15:19.861047Z","level":"info","event":"🌦️ Fetching BMKG Weather Data","logger":"task.stdout"}
{"timestamp":"2026-02-02T02:15:19.861158Z","level":"info","event":"============================================================","logger":"task.stdout"}
{"timestamp":"2026-02-02T02:15:19.883318Z","level":"info","event":"","logger":"task.stdout"}
{"timestamp":"2026-02-02T02:15:19.883517Z","level":"info","event":"📍 Fetching weather for ADM4: 35.78.21.1004","logger":"task.stdout"}
{"timestamp":"2026-02-02T02:15:20.104565Z","level":"info","event":"   Parsed 21 weather records","logger":"task.stdout"}
{"timestamp":"2026-02-02T02:15:20.116009Z","level":"info","event":"✓ No expired records to delete","logger":"task.stdout"}
{"timestamp":"2026-02-02T02:15:20.123964Z","level":"info","event":"✓ Inserted 21 weather records","logger":"task.stdout"}
{"timestamp":"2026-02-02T02:15:20.124193Z","level":"info","event":"","logger":"task.stdout"}
{"timestamp":"2026-02-02T02:15:20.124256Z","level":"info","event":"📍 Fetching weather for ADM4: 35.25.14.1010","logger":"task.stdout"}
{"timestamp":"2026-02-02T02:15:20.309475Z","level":"info","event":"   Parsed 21 weather records","logger":"task.stdout"}
{"timestamp":"2026-02-02T02:15:20.321627Z","level":"info","event":"","logger":"task.stdout"}
{"timestamp":"2026-02-02T02:15:20.321863Z","level":"info","event":"⚠️  Found 3 expired weather records to delete","logger":"task.stdout"}
{"timestamp":"2026-02-02T02:15:20.321940Z","level":"info","event":"   Time range: 2026-02-02 02:00:00 to 2026-02-02 08:00:00","logger":"task.stdout"}
{"timestamp":"2026-02-02T02:15:20.322084Z","level":"info","event":"   (waktu < NOW at 2026-02-02 09:15:20 WIB)","logger":"task.stdout"}
{"timestamp":"2026-02-02T02:15:20.322233Z","level":"info","event":"✅ Deleted 3 expired weather records","logger":"task.stdout"}
{"timestamp":"2026-02-02T02:15:20.332234Z","level":"info","event":"✓ Inserted 21 weather records","logger":"task.stdout"}
{"timestamp":"2026-02-02T02:15:20.332441Z","level":"info","event":"","logger":"task.stdout"}
{"timestamp":"2026-02-02T02:15:20.332535Z","level":"info","event":"============================================================","logger":"task.stdout"}
{"timestamp":"2026-02-02T02:15:20.332591Z","level":"info","event":"✓ Total records inserted: 42","logger":"task.stdout"}
{"timestamp":"2026-02-02T02:15:20.332634Z","level":"info","event":"============================================================","logger":"task.stdout"}
{"timestamp":"2026-02-02T02:15:20.332408Z","level":"info","event":"Done. Returned value was: 42","logger":"airflow.task.operators.airflow.providers.standard.operators.python.PythonOperator","filename":"python.py","lineno":215}
{"timestamp":"2026-02-02T02:15:20.332812Z","level":"info","event":"Pushing xcom","ti":"RuntimeTaskInstance(id=UUID('019c1c22-08ab-7c31-a655-95b647a0b466'), task_id='fetch_bmkg_weather', dag_id='weather_data_fetch', run_id='manual__2026-02-02T02:15:17+00:00', try_number=1, dag_version_id=UUID('019c0dd4-58cf-774a-9f83-a68201e36c2d'), map_index=-1, hostname='OM-RAFIE.localdomain', context_carrier={}, task=<Task(PythonOperator): fetch_bmkg_weather>, bundle_instance=LocalDagBundle(name=dags-folder), max_tries=2, start_date=datetime.datetime(2026, 2, 2, 2, 15, 19, 357738, tzinfo=datetime.timezone.utc), end_date=None, state=<TaskInstanceState.RUNNING: 'running'>, is_mapped=False, rendered_map_index=None)","logger":"task","filename":"task_runner.py","lineno":1360}
