{"timestamp":"2026-02-02T01:46:46.358323Z","level":"info","event":"DAG bundles loaded: dags-folder","logger":"airflow.dag_processing.bundles.manager.DagBundlesManager","filename":"manager.py","lineno":179}
{"timestamp":"2026-02-02T01:46:46.359195Z","level":"info","event":"Filling up the DagBag from /opt/airflow/dags/weather_data_fetch.py","logger":"airflow.models.dagbag.DagBag","filename":"dagbag.py","lineno":593}
{"timestamp":"2026-02-02T01:46:46.375796Z","level":"warning","event":"The `airflow.operators.python.PythonOperator` attribute is deprecated. Please use `'airflow.providers.standard.operators.python.PythonOperator'`.","category":"DeprecatedImportWarning","filename":"/opt/airflow/dags/weather_data_fetch.py","lineno":8,"logger":"py.warnings"}
{"timestamp":"2026-02-02T01:46:46.375952Z","level":"warning","event":"The `airflow.operators.bash.BashOperator` attribute is deprecated. Please use `'airflow.providers.standard.operators.bash.BashOperator'`.","category":"DeprecatedImportWarning","filename":"/opt/airflow/dags/weather_data_fetch.py","lineno":9,"logger":"py.warnings"}
{"timestamp":"2026-02-02T01:46:46.476184Z","level":"info","event":"","logger":"task.stdout"}
{"timestamp":"2026-02-02T01:46:46.476395Z","level":"info","event":"============================================================","logger":"task.stdout"}
{"timestamp":"2026-02-02T01:46:46.476473Z","level":"info","event":"🌦️ Fetching BMKG Weather Data","logger":"task.stdout"}
{"timestamp":"2026-02-02T01:46:46.476538Z","level":"info","event":"============================================================","logger":"task.stdout"}
{"timestamp":"2026-02-02T01:46:46.492600Z","level":"info","event":"","logger":"task.stdout"}
{"timestamp":"2026-02-02T01:46:46.492789Z","level":"info","event":"📍 Fetching weather for ADM4: 35.78.21.1004","logger":"task.stdout"}
{"timestamp":"2026-02-02T01:46:46.675927Z","level":"info","event":"   Parsed 21 weather records","logger":"task.stdout"}
{"timestamp":"2026-02-02T01:46:46.687845Z","level":"info","event":"✓ No expired records to delete","logger":"task.stdout"}
{"timestamp":"2026-02-02T01:46:46.695377Z","level":"info","event":"✓ Inserted 21 weather records","logger":"task.stdout"}
{"timestamp":"2026-02-02T01:46:46.695525Z","level":"info","event":"","logger":"task.stdout"}
{"timestamp":"2026-02-02T01:46:46.695577Z","level":"info","event":"📍 Fetching weather for ADM4: 35.25.14.1010","logger":"task.stdout"}
{"timestamp":"2026-02-02T01:46:46.843825Z","level":"info","event":"   Parsed 21 weather records","logger":"task.stdout"}
{"timestamp":"2026-02-02T01:46:46.855299Z","level":"info","event":"","logger":"task.stdout"}
{"timestamp":"2026-02-02T01:46:46.855488Z","level":"info","event":"⚠️  Found 3 expired weather records to delete","logger":"task.stdout"}
{"timestamp":"2026-02-02T01:46:46.855551Z","level":"info","event":"   Time range: 2026-02-02 02:00:00 to 2026-02-02 08:00:00","logger":"task.stdout"}
{"timestamp":"2026-02-02T01:46:46.855652Z","level":"info","event":"   (waktu < NOW at 2026-02-02 08:46:46 WIB)","logger":"task.stdout"}
{"timestamp":"2026-02-02T01:46:46.855729Z","level":"info","event":"✅ Deleted 3 expired weather records","logger":"task.stdout"}
{"timestamp":"2026-02-02T01:46:46.863311Z","level":"info","event":"✓ Inserted 21 weather records","logger":"task.stdout"}
{"timestamp":"2026-02-02T01:46:46.863451Z","level":"info","event":"","logger":"task.stdout"}
{"timestamp":"2026-02-02T01:46:46.863513Z","level":"info","event":"============================================================","logger":"task.stdout"}
{"timestamp":"2026-02-02T01:46:46.863558Z","level":"info","event":"✓ Total records inserted: 42","logger":"task.stdout"}
{"timestamp":"2026-02-02T01:46:46.863598Z","level":"info","event":"============================================================","logger":"task.stdout"}
{"timestamp":"2026-02-02T01:46:46.863413Z","level":"info","event":"Done. Returned value was: 42","logger":"airflow.task.operators.airflow.providers.standard.operators.python.PythonOperator","filename":"python.py","lineno":215}
{"timestamp":"2026-02-02T01:46:46.863627Z","level":"info","event":"Pushing xcom","ti":"RuntimeTaskInstance(id=UUID('019c1c07-e558-7bdc-9518-25ef6a458733'), task_id='fetch_bmkg_weather', dag_id='weather_data_fetch', run_id='manual__2026-02-02T01:46:43+00:00', try_number=1, dag_version_id=UUID('019c0dd4-58cf-774a-9f83-a68201e36c2d'), map_index=-1, hostname='OM-RAFIE.localdomain', context_carrier={}, task=<Task(PythonOperator): fetch_bmkg_weather>, bundle_instance=LocalDagBundle(name=dags-folder), max_tries=2, start_date=datetime.datetime(2026, 2, 2, 1, 46, 46, 330223, tzinfo=datetime.timezone.utc), end_date=None, state=<TaskInstanceState.RUNNING: 'running'>, is_mapped=False, rendered_map_index=None)","logger":"task","filename":"task_runner.py","lineno":1360}
