{"timestamp":"2026-02-05T18:00:01.657543Z","level":"info","event":"DAG bundles loaded: dags-folder","logger":"airflow.dag_processing.bundles.manager.DagBundlesManager","filename":"manager.py","lineno":179}
{"timestamp":"2026-02-05T18:00:01.660992Z","level":"info","event":"Filling up the DagBag from /opt/airflow/dags/weather_data_fetch.py","logger":"airflow.models.dagbag.DagBag","filename":"dagbag.py","lineno":593}
{"timestamp":"2026-02-05T18:00:01.722347Z","level":"warning","event":"The `airflow.operators.python.PythonOperator` attribute is deprecated. Please use `'airflow.providers.standard.operators.python.PythonOperator'`.","category":"DeprecatedImportWarning","filename":"/opt/airflow/dags/weather_data_fetch.py","lineno":8,"logger":"py.warnings"}
{"timestamp":"2026-02-05T18:00:01.722678Z","level":"warning","event":"The `airflow.operators.bash.BashOperator` attribute is deprecated. Please use `'airflow.providers.standard.operators.bash.BashOperator'`.","category":"DeprecatedImportWarning","filename":"/opt/airflow/dags/weather_data_fetch.py","lineno":9,"logger":"py.warnings"}
{"timestamp":"2026-02-05T18:00:02.116902Z","level":"info","event":"","logger":"task.stdout"}
{"timestamp":"2026-02-05T18:00:02.117348Z","level":"info","event":"============================================================","logger":"task.stdout"}
{"timestamp":"2026-02-05T18:00:02.117482Z","level":"info","event":"🌦️ Fetching BMKG Weather Data","logger":"task.stdout"}
{"timestamp":"2026-02-05T18:00:02.117698Z","level":"info","event":"============================================================","logger":"task.stdout"}
{"timestamp":"2026-02-05T18:00:02.174195Z","level":"info","event":"","logger":"task.stdout"}
{"timestamp":"2026-02-05T18:00:02.174468Z","level":"info","event":"📍 Fetching weather for ADM4: 35.78.21.1004","logger":"task.stdout"}
{"timestamp":"2026-02-05T18:00:02.417194Z","level":"info","event":"   Parsed 18 weather records","logger":"task.stdout"}
{"timestamp":"2026-02-05T18:00:02.436793Z","level":"info","event":"","logger":"task.stdout"}
{"timestamp":"2026-02-05T18:00:02.437023Z","level":"info","event":"⚠️  Found 2 expired weather records to delete","logger":"task.stdout"}
{"timestamp":"2026-02-05T18:00:02.437112Z","level":"info","event":"   Time range: 2026-02-06 01:00:00 to 2026-02-06 01:00:00","logger":"task.stdout"}
{"timestamp":"2026-02-05T18:00:02.437281Z","level":"info","event":"   (waktu < NOW at 2026-02-06 01:00:02 WIB)","logger":"task.stdout"}
{"timestamp":"2026-02-05T18:00:02.438781Z","level":"info","event":"✅ Deleted 2 expired weather records","logger":"task.stdout"}
{"timestamp":"2026-02-05T18:00:02.456484Z","level":"info","event":"✓ Inserted 18 weather records","logger":"task.stdout"}
{"timestamp":"2026-02-05T18:00:02.456733Z","level":"info","event":"","logger":"task.stdout"}
{"timestamp":"2026-02-05T18:00:02.456839Z","level":"info","event":"📍 Fetching weather for ADM4: 35.25.14.1010","logger":"task.stdout"}
{"timestamp":"2026-02-05T18:00:02.637962Z","level":"info","event":"   Parsed 18 weather records","logger":"task.stdout"}
{"timestamp":"2026-02-05T18:00:02.664281Z","level":"info","event":"","logger":"task.stdout"}
{"timestamp":"2026-02-05T18:00:02.664550Z","level":"info","event":"⚠️  Found 3 expired weather records to delete","logger":"task.stdout"}
{"timestamp":"2026-02-05T18:00:02.664707Z","level":"info","event":"   Time range: 2026-02-05 18:00:00 to 2026-02-06 00:00:00","logger":"task.stdout"}
{"timestamp":"2026-02-05T18:00:02.664874Z","level":"info","event":"   (waktu < NOW at 2026-02-06 01:00:02 WIB)","logger":"task.stdout"}
{"timestamp":"2026-02-05T18:00:02.665161Z","level":"info","event":"✅ Deleted 3 expired weather records","logger":"task.stdout"}
{"timestamp":"2026-02-05T18:00:02.679275Z","level":"info","event":"✓ Inserted 18 weather records","logger":"task.stdout"}
{"timestamp":"2026-02-05T18:00:02.679598Z","level":"info","event":"","logger":"task.stdout"}
{"timestamp":"2026-02-05T18:00:02.679712Z","level":"info","event":"============================================================","logger":"task.stdout"}
{"timestamp":"2026-02-05T18:00:02.679807Z","level":"info","event":"✓ Total records inserted: 36","logger":"task.stdout"}
{"timestamp":"2026-02-05T18:00:02.679877Z","level":"info","event":"============================================================","logger":"task.stdout"}
{"timestamp":"2026-02-05T18:00:02.679470Z","level":"info","event":"Done. Returned value was: 36","logger":"airflow.task.operators.airflow.providers.standard.operators.python.PythonOperator","filename":"python.py","lineno":215}
{"timestamp":"2026-02-05T18:00:02.680068Z","level":"info","event":"Pushing xcom","ti":"RuntimeTaskInstance(id=UUID('019c2ef6-041a-7ab9-9003-fe206e2617f9'), task_id='fetch_bmkg_weather', dag_id='weather_data_fetch', run_id='scheduled__2026-02-05T18:00:00+00:00', try_number=1, dag_version_id=UUID('019c0dd4-58cf-774a-9f83-a68201e36c2d'), map_index=-1, hostname='OM-RAFIE.localdomain', context_carrier={}, task=<Task(PythonOperator): fetch_bmkg_weather>, bundle_instance=LocalDagBundle(name=dags-folder), max_tries=2, start_date=datetime.datetime(2026, 2, 5, 18, 0, 1, 575379, tzinfo=datetime.timezone.utc), end_date=None, state=<TaskInstanceState.RUNNING: 'running'>, is_mapped=False, rendered_map_index=None)","logger":"task","filename":"task_runner.py","lineno":1360}
