{"timestamp":"2026-02-04T04:07:10.510268Z","level":"info","event":"DAG bundles loaded: dags-folder","logger":"airflow.dag_processing.bundles.manager.DagBundlesManager","filename":"manager.py","lineno":179}
{"timestamp":"2026-02-04T04:07:10.515439Z","level":"info","event":"Filling up the DagBag from /opt/airflow/dags/weather_data_fetch.py","logger":"airflow.models.dagbag.DagBag","filename":"dagbag.py","lineno":593}
{"timestamp":"2026-02-04T04:07:10.722682Z","level":"warning","event":"The `airflow.operators.python.PythonOperator` attribute is deprecated. Please use `'airflow.providers.standard.operators.python.PythonOperator'`.","category":"DeprecatedImportWarning","filename":"/opt/airflow/dags/weather_data_fetch.py","lineno":8,"logger":"py.warnings"}
{"timestamp":"2026-02-04T04:07:10.723074Z","level":"warning","event":"The `airflow.operators.bash.BashOperator` attribute is deprecated. Please use `'airflow.providers.standard.operators.bash.BashOperator'`.","category":"DeprecatedImportWarning","filename":"/opt/airflow/dags/weather_data_fetch.py","lineno":9,"logger":"py.warnings"}
{"timestamp":"2026-02-04T04:07:11.313843Z","level":"info","event":"","logger":"task.stdout"}
{"timestamp":"2026-02-04T04:07:11.314061Z","level":"info","event":"============================================================","logger":"task.stdout"}
{"timestamp":"2026-02-04T04:07:11.314152Z","level":"info","event":"🌦️ Fetching BMKG Weather Data","logger":"task.stdout"}
{"timestamp":"2026-02-04T04:07:11.314303Z","level":"info","event":"============================================================","logger":"task.stdout"}
{"timestamp":"2026-02-04T04:07:11.353243Z","level":"info","event":"","logger":"task.stdout"}
{"timestamp":"2026-02-04T04:07:11.353521Z","level":"info","event":"📍 Fetching weather for ADM4: 35.78.21.1004","logger":"task.stdout"}
{"timestamp":"2026-02-04T04:07:11.721112Z","level":"info","event":"   Parsed 20 weather records","logger":"task.stdout"}
{"timestamp":"2026-02-04T04:07:11.741452Z","level":"info","event":"✓ No expired records to delete","logger":"task.stdout"}
{"timestamp":"2026-02-04T04:07:11.756404Z","level":"info","event":"✓ Inserted 20 weather records","logger":"task.stdout"}
{"timestamp":"2026-02-04T04:07:11.756602Z","level":"info","event":"","logger":"task.stdout"}
{"timestamp":"2026-02-04T04:07:11.756694Z","level":"info","event":"📍 Fetching weather for ADM4: 35.25.14.1010","logger":"task.stdout"}
{"timestamp":"2026-02-04T04:07:11.947475Z","level":"info","event":"   Parsed 20 weather records","logger":"task.stdout"}
{"timestamp":"2026-02-04T04:07:11.965108Z","level":"info","event":"","logger":"task.stdout"}
{"timestamp":"2026-02-04T04:07:11.965293Z","level":"info","event":"⚠️  Found 3 expired weather records to delete","logger":"task.stdout"}
{"timestamp":"2026-02-04T04:07:11.965364Z","level":"info","event":"   Time range: 2026-02-04 05:00:00 to 2026-02-04 11:00:00","logger":"task.stdout"}
{"timestamp":"2026-02-04T04:07:11.965491Z","level":"info","event":"   (waktu < NOW at 2026-02-04 11:07:11 WIB)","logger":"task.stdout"}
{"timestamp":"2026-02-04T04:07:11.965820Z","level":"info","event":"✅ Deleted 3 expired weather records","logger":"task.stdout"}
{"timestamp":"2026-02-04T04:07:11.980150Z","level":"info","event":"✓ Inserted 20 weather records","logger":"task.stdout"}
{"timestamp":"2026-02-04T04:07:11.980378Z","level":"info","event":"","logger":"task.stdout"}
{"timestamp":"2026-02-04T04:07:11.980510Z","level":"info","event":"============================================================","logger":"task.stdout"}
{"timestamp":"2026-02-04T04:07:11.980651Z","level":"info","event":"✓ Total records inserted: 40","logger":"task.stdout"}
{"timestamp":"2026-02-04T04:07:11.980765Z","level":"info","event":"============================================================","logger":"task.stdout"}
{"timestamp":"2026-02-04T04:07:11.980192Z","level":"info","event":"Done. Returned value was: 40","logger":"airflow.task.operators.airflow.providers.standard.operators.python.PythonOperator","filename":"python.py","lineno":215}
{"timestamp":"2026-02-04T04:07:11.981357Z","level":"info","event":"Pushing xcom","ti":"RuntimeTaskInstance(id=UUID('019c26d0-9429-7946-ae32-3a97bf1006b3'), task_id='fetch_bmkg_weather', dag_id='weather_data_fetch', run_id='scheduled__2026-02-03T18:00:00+00:00', try_number=2, dag_version_id=UUID('019c0dd4-58cf-774a-9f83-a68201e36c2d'), map_index=-1, hostname='OM-RAFIE.localdomain', context_carrier={}, task=<Task(PythonOperator): fetch_bmkg_weather>, bundle_instance=LocalDagBundle(name=dags-folder), max_tries=2, start_date=datetime.datetime(2026, 2, 4, 4, 7, 10, 285424, tzinfo=datetime.timezone.utc), end_date=None, state=<TaskInstanceState.RUNNING: 'running'>, is_mapped=False, rendered_map_index=None)","logger":"task","filename":"task_runner.py","lineno":1360}
