{"timestamp":"2026-01-30T01:19:48.093920Z","level":"info","event":"DAG bundles loaded: dags-folder","logger":"airflow.dag_processing.bundles.manager.DagBundlesManager","filename":"manager.py","lineno":179}
{"timestamp":"2026-01-30T01:19:48.095666Z","level":"info","event":"Filling up the DagBag from /opt/airflow/dags/weather_data_fetch.py","logger":"airflow.models.dagbag.DagBag","filename":"dagbag.py","lineno":593}
{"timestamp":"2026-01-30T01:19:48.122674Z","level":"warning","event":"The `airflow.operators.python.PythonOperator` attribute is deprecated. Please use `'airflow.providers.standard.operators.python.PythonOperator'`.","category":"DeprecatedImportWarning","filename":"/opt/airflow/dags/weather_data_fetch.py","lineno":8,"logger":"py.warnings"}
{"timestamp":"2026-01-30T01:19:48.122918Z","level":"warning","event":"The `airflow.operators.bash.BashOperator` attribute is deprecated. Please use `'airflow.providers.standard.operators.bash.BashOperator'`.","category":"DeprecatedImportWarning","filename":"/opt/airflow/dags/weather_data_fetch.py","lineno":9,"logger":"py.warnings"}
{"timestamp":"2026-01-30T01:19:48.332078Z","level":"info","event":"","logger":"task.stdout"}
{"timestamp":"2026-01-30T01:19:48.332310Z","level":"info","event":"============================================================","logger":"task.stdout"}
{"timestamp":"2026-01-30T01:19:48.332418Z","level":"info","event":"🌦️ Fetching BMKG Weather Data","logger":"task.stdout"}
{"timestamp":"2026-01-30T01:19:48.332504Z","level":"info","event":"============================================================","logger":"task.stdout"}
{"timestamp":"2026-01-30T01:19:48.377301Z","level":"info","event":"","logger":"task.stdout"}
{"timestamp":"2026-01-30T01:19:48.377631Z","level":"info","event":"📍 Fetching weather for ADM4: 35.78.21.1004","logger":"task.stdout"}
{"timestamp":"2026-01-30T01:19:48.573981Z","level":"info","event":"   Parsed 22 weather records","logger":"task.stdout"}
{"timestamp":"2026-01-30T01:19:48.594688Z","level":"info","event":"✓ No expired records to delete","logger":"task.stdout"}
{"timestamp":"2026-01-30T01:19:48.610913Z","level":"info","event":"✓ Inserted 22 weather records","logger":"task.stdout"}
{"timestamp":"2026-01-30T01:19:48.611173Z","level":"info","event":"","logger":"task.stdout"}
{"timestamp":"2026-01-30T01:19:48.611279Z","level":"info","event":"📍 Fetching weather for ADM4: 35.25.14.1010","logger":"task.stdout"}
{"timestamp":"2026-01-30T01:19:48.860890Z","level":"info","event":"   Parsed 22 weather records","logger":"task.stdout"}
{"timestamp":"2026-01-30T01:19:48.880346Z","level":"info","event":"","logger":"task.stdout"}
{"timestamp":"2026-01-30T01:19:48.880676Z","level":"info","event":"⚠️  Found 3 expired weather records to delete","logger":"task.stdout"}
{"timestamp":"2026-01-30T01:19:48.880800Z","level":"info","event":"   Time range: 2026-01-30 01:00:00 to 2026-01-30 07:00:00","logger":"task.stdout"}
{"timestamp":"2026-01-30T01:19:48.880999Z","level":"info","event":"   (waktu < NOW at 2026-01-30 08:19:48 WIB)","logger":"task.stdout"}
{"timestamp":"2026-01-30T01:19:48.881132Z","level":"info","event":"✅ Deleted 3 expired weather records","logger":"task.stdout"}
{"timestamp":"2026-01-30T01:19:48.903864Z","level":"info","event":"✓ Inserted 22 weather records","logger":"task.stdout"}
{"timestamp":"2026-01-30T01:19:48.904114Z","level":"info","event":"","logger":"task.stdout"}
{"timestamp":"2026-01-30T01:19:48.904220Z","level":"info","event":"============================================================","logger":"task.stdout"}
{"timestamp":"2026-01-30T01:19:48.904303Z","level":"info","event":"✓ Total records inserted: 44","logger":"task.stdout"}
{"timestamp":"2026-01-30T01:19:48.904378Z","level":"info","event":"============================================================","logger":"task.stdout"}
{"timestamp":"2026-01-30T01:19:48.903881Z","level":"info","event":"Done. Returned value was: 44","logger":"airflow.task.operators.airflow.providers.standard.operators.python.PythonOperator","filename":"python.py","lineno":215}
{"timestamp":"2026-01-30T01:19:48.904214Z","level":"info","event":"Pushing xcom","ti":"RuntimeTaskInstance(id=UUID('019c0c7c-1237-7700-b84d-e206b292d7dd'), task_id='fetch_bmkg_weather', dag_id='weather_data_fetch', run_id='manual__2026-01-30T01:19:41+00:00', try_number=1, dag_version_id=UUID('019c0c75-efc1-7699-8559-c87a02abf876'), map_index=-1, hostname='OM-RAFIE.localdomain', context_carrier={}, task=<Task(PythonOperator): fetch_bmkg_weather>, bundle_instance=LocalDagBundle(name=dags-folder), max_tries=2, start_date=datetime.datetime(2026, 1, 30, 1, 19, 44, 727930, tzinfo=datetime.timezone.utc), end_date=None, state=<TaskInstanceState.RUNNING: 'running'>, is_mapped=False, rendered_map_index=None)","logger":"task","filename":"task_runner.py","lineno":1360}
