{"timestamp":"2026-02-02T10:26:20.562885Z","level":"info","event":"DAG bundles loaded: dags-folder","logger":"airflow.dag_processing.bundles.manager.DagBundlesManager","filename":"manager.py","lineno":179}
{"timestamp":"2026-02-02T10:26:20.566474Z","level":"info","event":"Filling up the DagBag from /opt/airflow/dags/weather_data_fetch.py","logger":"airflow.models.dagbag.DagBag","filename":"dagbag.py","lineno":593}
{"timestamp":"2026-02-02T10:26:20.816032Z","level":"warning","event":"The `airflow.operators.python.PythonOperator` attribute is deprecated. Please use `'airflow.providers.standard.operators.python.PythonOperator'`.","category":"DeprecatedImportWarning","filename":"/opt/airflow/dags/weather_data_fetch.py","lineno":8,"logger":"py.warnings"}
{"timestamp":"2026-02-02T10:26:20.816369Z","level":"warning","event":"The `airflow.operators.bash.BashOperator` attribute is deprecated. Please use `'airflow.providers.standard.operators.bash.BashOperator'`.","category":"DeprecatedImportWarning","filename":"/opt/airflow/dags/weather_data_fetch.py","lineno":9,"logger":"py.warnings"}
{"timestamp":"2026-02-02T10:26:21.484964Z","level":"info","event":"","logger":"task.stdout"}
{"timestamp":"2026-02-02T10:26:21.485231Z","level":"info","event":"============================================================","logger":"task.stdout"}
{"timestamp":"2026-02-02T10:26:21.485411Z","level":"info","event":"🌦️ Fetching BMKG Weather Data","logger":"task.stdout"}
{"timestamp":"2026-02-02T10:26:21.485546Z","level":"info","event":"============================================================","logger":"task.stdout"}
{"timestamp":"2026-02-02T10:26:21.534214Z","level":"info","event":"","logger":"task.stdout"}
{"timestamp":"2026-02-02T10:26:21.534453Z","level":"info","event":"📍 Fetching weather for ADM4: 35.78.21.1004","logger":"task.stdout"}
{"timestamp":"2026-02-02T10:26:31.203430Z","level":"info","event":"   Parsed 18 weather records","logger":"task.stdout"}
{"timestamp":"2026-02-02T10:26:31.231730Z","level":"info","event":"","logger":"task.stdout"}
{"timestamp":"2026-02-02T10:26:31.232008Z","level":"info","event":"⚠️  Found 2 expired weather records to delete","logger":"task.stdout"}
{"timestamp":"2026-02-02T10:26:31.232105Z","level":"info","event":"   Time range: 2026-02-02 17:00:00 to 2026-02-02 17:00:00","logger":"task.stdout"}
{"timestamp":"2026-02-02T10:26:31.232285Z","level":"info","event":"   (waktu < NOW at 2026-02-02 17:26:31 WIB)","logger":"task.stdout"}
{"timestamp":"2026-02-02T10:26:31.234872Z","level":"info","event":"✅ Deleted 2 expired weather records","logger":"task.stdout"}
{"timestamp":"2026-02-02T10:26:31.250664Z","level":"info","event":"✓ Inserted 18 weather records","logger":"task.stdout"}
{"timestamp":"2026-02-02T10:26:31.250870Z","level":"info","event":"","logger":"task.stdout"}
{"timestamp":"2026-02-02T10:26:31.250950Z","level":"info","event":"📍 Fetching weather for ADM4: 35.25.14.1010","logger":"task.stdout"}
{"timestamp":"2026-02-02T10:26:33.628788Z","level":"info","event":"   Parsed 18 weather records","logger":"task.stdout"}
{"timestamp":"2026-02-02T10:26:33.652282Z","level":"info","event":"","logger":"task.stdout"}
{"timestamp":"2026-02-02T10:26:33.652504Z","level":"info","event":"⚠️  Found 3 expired weather records to delete","logger":"task.stdout"}
{"timestamp":"2026-02-02T10:26:33.652602Z","level":"info","event":"   Time range: 2026-02-02 11:00:00 to 2026-02-02 17:00:00","logger":"task.stdout"}
{"timestamp":"2026-02-02T10:26:33.652678Z","level":"info","event":"   (waktu < NOW at 2026-02-02 17:26:33 WIB)","logger":"task.stdout"}
{"timestamp":"2026-02-02T10:26:33.652742Z","level":"info","event":"✅ Deleted 3 expired weather records","logger":"task.stdout"}
{"timestamp":"2026-02-02T10:26:33.661548Z","level":"info","event":"✓ Inserted 18 weather records","logger":"task.stdout"}
{"timestamp":"2026-02-02T10:26:33.661821Z","level":"info","event":"","logger":"task.stdout"}
{"timestamp":"2026-02-02T10:26:33.661894Z","level":"info","event":"============================================================","logger":"task.stdout"}
{"timestamp":"2026-02-02T10:26:33.662023Z","level":"info","event":"✓ Total records inserted: 36","logger":"task.stdout"}
{"timestamp":"2026-02-02T10:26:33.662118Z","level":"info","event":"============================================================","logger":"task.stdout"}
{"timestamp":"2026-02-02T10:26:33.661767Z","level":"info","event":"Done. Returned value was: 36","logger":"airflow.task.operators.airflow.providers.standard.operators.python.PythonOperator","filename":"python.py","lineno":215}
{"timestamp":"2026-02-02T10:26:33.662320Z","level":"info","event":"Pushing xcom","ti":"RuntimeTaskInstance(id=UUID('019c1de3-9478-7379-8ec8-4661d4deee1c'), task_id='fetch_bmkg_weather', dag_id='weather_data_fetch', run_id='scheduled__2026-02-02T10:00:00+00:00', try_number=1, dag_version_id=UUID('019c0dd4-58cf-774a-9f83-a68201e36c2d'), map_index=-1, hostname='OM-RAFIE.localdomain', context_carrier={}, task=<Task(PythonOperator): fetch_bmkg_weather>, bundle_instance=LocalDagBundle(name=dags-folder), max_tries=2, start_date=datetime.datetime(2026, 2, 2, 10, 26, 20, 296294, tzinfo=datetime.timezone.utc), end_date=None, state=<TaskInstanceState.RUNNING: 'running'>, is_mapped=False, rendered_map_index=None)","logger":"task","filename":"task_runner.py","lineno":1360}
