{"timestamp":"2026-02-03T11:42:53.144340Z","level":"info","event":"DAG bundles loaded: dags-folder","logger":"airflow.dag_processing.bundles.manager.DagBundlesManager","filename":"manager.py","lineno":179}
{"timestamp":"2026-02-03T11:42:53.162544Z","level":"info","event":"Filling up the DagBag from /opt/airflow/dags/weather_data_fetch.py","logger":"airflow.models.dagbag.DagBag","filename":"dagbag.py","lineno":593}
{"timestamp":"2026-02-03T11:42:53.562941Z","level":"warning","event":"The `airflow.operators.python.PythonOperator` attribute is deprecated. Please use `'airflow.providers.standard.operators.python.PythonOperator'`.","category":"DeprecatedImportWarning","filename":"/opt/airflow/dags/weather_data_fetch.py","lineno":8,"logger":"py.warnings"}
{"timestamp":"2026-02-03T11:42:53.563203Z","level":"warning","event":"The `airflow.operators.bash.BashOperator` attribute is deprecated. Please use `'airflow.providers.standard.operators.bash.BashOperator'`.","category":"DeprecatedImportWarning","filename":"/opt/airflow/dags/weather_data_fetch.py","lineno":9,"logger":"py.warnings"}
{"timestamp":"2026-02-03T11:42:54.477883Z","level":"info","event":"","logger":"task.stdout"}
{"timestamp":"2026-02-03T11:42:54.478242Z","level":"info","event":"============================================================","logger":"task.stdout"}
{"timestamp":"2026-02-03T11:42:54.478415Z","level":"info","event":"🌦️ Fetching BMKG Weather Data","logger":"task.stdout"}
{"timestamp":"2026-02-03T11:42:54.478539Z","level":"info","event":"============================================================","logger":"task.stdout"}
{"timestamp":"2026-02-03T11:42:54.525709Z","level":"info","event":"","logger":"task.stdout"}
{"timestamp":"2026-02-03T11:42:54.525991Z","level":"info","event":"📍 Fetching weather for ADM4: 35.78.21.1004","logger":"task.stdout"}
{"timestamp":"2026-02-03T11:42:54.843795Z","level":"info","event":"   Parsed 18 weather records","logger":"task.stdout"}
{"timestamp":"2026-02-03T11:42:54.879226Z","level":"info","event":"","logger":"task.stdout"}
{"timestamp":"2026-02-03T11:42:54.879549Z","level":"info","event":"⚠️  Found 2 expired weather records to delete","logger":"task.stdout"}
{"timestamp":"2026-02-03T11:42:54.879786Z","level":"info","event":"   Time range: 2026-02-03 18:00:00 to 2026-02-03 18:00:00","logger":"task.stdout"}
{"timestamp":"2026-02-03T11:42:54.880063Z","level":"info","event":"   (waktu < NOW at 2026-02-03 18:42:54 WIB)","logger":"task.stdout"}
{"timestamp":"2026-02-03T11:42:54.880330Z","level":"info","event":"✅ Deleted 2 expired weather records","logger":"task.stdout"}
{"timestamp":"2026-02-03T11:42:54.900651Z","level":"info","event":"✓ Inserted 18 weather records","logger":"task.stdout"}
{"timestamp":"2026-02-03T11:42:54.901011Z","level":"info","event":"","logger":"task.stdout"}
{"timestamp":"2026-02-03T11:42:54.901167Z","level":"info","event":"📍 Fetching weather for ADM4: 35.25.14.1010","logger":"task.stdout"}
{"timestamp":"2026-02-03T11:42:55.083607Z","level":"info","event":"   Parsed 18 weather records","logger":"task.stdout"}
{"timestamp":"2026-02-03T11:42:55.101794Z","level":"info","event":"","logger":"task.stdout"}
{"timestamp":"2026-02-03T11:42:55.102065Z","level":"info","event":"⚠️  Found 3 expired weather records to delete","logger":"task.stdout"}
{"timestamp":"2026-02-03T11:42:55.102154Z","level":"info","event":"   Time range: 2026-02-03 11:00:00 to 2026-02-03 17:00:00","logger":"task.stdout"}
{"timestamp":"2026-02-03T11:42:55.102306Z","level":"info","event":"   (waktu < NOW at 2026-02-03 18:42:55 WIB)","logger":"task.stdout"}
{"timestamp":"2026-02-03T11:42:55.102504Z","level":"info","event":"✅ Deleted 3 expired weather records","logger":"task.stdout"}
{"timestamp":"2026-02-03T11:42:55.118011Z","level":"info","event":"✓ Inserted 18 weather records","logger":"task.stdout"}
{"timestamp":"2026-02-03T11:42:55.118288Z","level":"info","event":"","logger":"task.stdout"}
{"timestamp":"2026-02-03T11:42:55.118375Z","level":"info","event":"============================================================","logger":"task.stdout"}
{"timestamp":"2026-02-03T11:42:55.118464Z","level":"info","event":"✓ Total records inserted: 36","logger":"task.stdout"}
{"timestamp":"2026-02-03T11:42:55.118529Z","level":"info","event":"============================================================","logger":"task.stdout"}
{"timestamp":"2026-02-03T11:42:55.118052Z","level":"info","event":"Done. Returned value was: 36","logger":"airflow.task.operators.airflow.providers.standard.operators.python.PythonOperator","filename":"python.py","lineno":215}
{"timestamp":"2026-02-03T11:42:55.118671Z","level":"info","event":"Pushing xcom","ti":"RuntimeTaskInstance(id=UUID('019c234f-ffcd-7a2a-a6ee-c39667a4756b'), task_id='fetch_bmkg_weather', dag_id='weather_data_fetch', run_id='scheduled__2026-02-03T11:00:00+00:00', try_number=1, dag_version_id=UUID('019c0dd4-58cf-774a-9f83-a68201e36c2d'), map_index=-1, hostname='OM-RAFIE.localdomain', context_carrier={}, task=<Task(PythonOperator): fetch_bmkg_weather>, bundle_instance=LocalDagBundle(name=dags-folder), max_tries=2, start_date=datetime.datetime(2026, 2, 3, 11, 42, 52, 204022, tzinfo=datetime.timezone.utc), end_date=None, state=<TaskInstanceState.RUNNING: 'running'>, is_mapped=False, rendered_map_index=None)","logger":"task","filename":"task_runner.py","lineno":1360}
