{"timestamp":"2026-02-02T09:12:27.557161Z","level":"info","event":"DAG bundles loaded: dags-folder","logger":"airflow.dag_processing.bundles.manager.DagBundlesManager","filename":"manager.py","lineno":179}
{"timestamp":"2026-02-02T09:12:27.557987Z","level":"info","event":"Filling up the DagBag from /opt/airflow/dags/daily_warehouse_sync_upd.py","logger":"airflow.models.dagbag.DagBag","filename":"dagbag.py","lineno":593}
{"timestamp":"2026-02-02T09:12:27.580207Z","level":"warning","event":"The `airflow.operators.python.PythonOperator` attribute is deprecated. Please use `'airflow.providers.standard.operators.python.PythonOperator'`.","category":"DeprecatedImportWarning","filename":"/opt/airflow/dags/daily_warehouse_sync_upd.py","lineno":8,"logger":"py.warnings"}
{"timestamp":"2026-02-02T09:12:27.580381Z","level":"warning","event":"The `airflow.operators.bash.BashOperator` attribute is deprecated. Please use `'airflow.providers.standard.operators.bash.BashOperator'`.","category":"DeprecatedImportWarning","filename":"/opt/airflow/dags/daily_warehouse_sync_upd.py","lineno":9,"logger":"py.warnings"}
{"timestamp":"2026-02-02T09:12:27.610103Z","level":"info","event":"============================================================","logger":"task.stdout"}
{"timestamp":"2026-02-02T09:12:27.610323Z","level":"info","event":"Starting daily warehouse sync...","logger":"task.stdout"}
{"timestamp":"2026-02-02T09:12:27.610426Z","level":"info","event":"============================================================","logger":"task.stdout"}
{"timestamp":"2026-02-02T09:12:27.610514Z","level":"info","event":"","logger":"task.stdout"}
{"timestamp":"2026-02-02T09:12:27.610611Z","level":"info","event":"📍 PRIORITY: Syncing WEATHER data first...","logger":"task.stdout"}
{"timestamp":"2026-02-02T09:12:27.805846Z","level":"info","event":"ERROR syncing weather.fact_weather_hourly: relation \"fact_weather_hourly\" does not exist","logger":"task.stdout"}
{"timestamp":"2026-02-02T09:12:27.806235Z","level":"info","event":"LINE 1: SELECT * FROM fact_weather_hourly LIMIT 0","logger":"task.stdout"}
{"timestamp":"2026-02-02T09:12:27.806361Z","level":"info","event":"                      ^","logger":"task.stdout"}
{"timestamp":"2026-02-02T09:12:27.806439Z","level":"info","event":"","logger":"task.stdout"}
{"timestamp":"2026-02-02T09:12:27.806616Z","level":"info","event":"","logger":"task.stdout"}
{"timestamp":"2026-02-02T09:12:27.806742Z","level":"info","event":"📊 Syncing other schemas...","logger":"task.stdout"}
{"timestamp":"2026-02-02T09:12:28.039102Z","level":"info","event":"✓ driver.daftar_user: 25 rows synced","logger":"task.stdout"}
{"timestamp":"2026-02-02T09:12:28.244250Z","level":"info","event":"✓ driver.attachment_driver: 6 rows synced","logger":"task.stdout"}
{"timestamp":"2026-02-02T09:12:28.487530Z","level":"info","event":"✓ driver.laporan_pengemudi: 0 rows (table empty in source)","logger":"task.stdout"}
{"timestamp":"2026-02-02T09:12:28.653379Z","level":"info","event":"ERROR syncing driver.kontak_darurat: relation \"kontak_darurat_pengemudi\" does not exist","logger":"task.stdout"}
{"timestamp":"2026-02-02T09:12:28.653655Z","level":"info","event":"LINE 1: SELECT * FROM kontak_darurat_pengemudi LIMIT 0","logger":"task.stdout"}
{"timestamp":"2026-02-02T09:12:28.653772Z","level":"info","event":"                      ^","logger":"task.stdout"}
{"timestamp":"2026-02-02T09:12:28.653850Z","level":"info","event":"","logger":"task.stdout"}
{"timestamp":"2026-02-02T09:12:28.851425Z","level":"info","event":"✓ armada.armada_tms: 3 rows synced","logger":"task.stdout"}
{"timestamp":"2026-02-02T09:12:29.113134Z","level":"info","event":"✓ armada.jenis_armada: 19 rows synced","logger":"task.stdout"}
{"timestamp":"2026-02-02T09:12:29.358603Z","level":"info","event":"✓ armada.driver_armada: 0 rows (table empty in source)","logger":"task.stdout"}
{"timestamp":"2026-02-02T09:12:29.605367Z","level":"info","event":"✓ armada.armada_perangkat: 0 rows (table empty in source)","logger":"task.stdout"}
{"timestamp":"2026-02-02T09:12:29.790067Z","level":"info","event":"✓ armada.attachment_armada: 0 rows (table empty in source)","logger":"task.stdout"}
{"timestamp":"2026-02-02T09:12:29.983514Z","level":"info","event":"✓ delivery.delivery_order: 15 rows synced","logger":"task.stdout"}
{"timestamp":"2026-02-02T09:12:30.242603Z","level":"info","event":"✓ delivery.detail_do: 3 rows synced","logger":"task.stdout"}
{"timestamp":"2026-02-02T09:12:30.435132Z","level":"info","event":"✓ delivery.jenis_order: 5 rows synced","logger":"task.stdout"}
{"timestamp":"2026-02-02T09:12:30.631306Z","level":"info","event":"✓ delivery.attachment_gudang: 0 rows (table empty in source)","logger":"task.stdout"}
{"timestamp":"2026-02-02T09:12:30.819446Z","level":"info","event":"✓ activity.log_perjalanan_armada: 0 rows (table empty in source)","logger":"task.stdout"}
{"timestamp":"2026-02-02T09:12:31.034053Z","level":"info","event":"✓ activity.log_aktifitas_driver: 0 rows (table empty in source)","logger":"task.stdout"}
{"timestamp":"2026-02-02T09:12:31.259916Z","level":"info","event":"✓ activity.log_perangkat: 0 rows (table empty in source)","logger":"task.stdout"}
{"timestamp":"2026-02-02T09:12:31.459334Z","level":"info","event":"✓ activity.log_chat: 0 rows (table empty in source)","logger":"task.stdout"}
{"timestamp":"2026-02-02T09:12:31.646828Z","level":"info","event":"✓ activity.log_panggilan: 0 rows (table empty in source)","logger":"task.stdout"}
{"timestamp":"2026-02-02T09:12:31.852368Z","level":"info","event":"✓ activity.log_sensor: 0 rows (table empty in source)","logger":"task.stdout"}
{"timestamp":"2026-02-02T09:12:32.037023Z","level":"info","event":"✓ activity.alert_geofence: 0 rows (table empty in source)","logger":"task.stdout"}
{"timestamp":"2026-02-02T09:12:32.280487Z","level":"info","event":"✓ financial.orders: 5 rows synced","logger":"task.stdout"}
{"timestamp":"2026-02-02T09:12:32.572134Z","level":"info","event":"✓ financial.detail_po: 4 rows synced","logger":"task.stdout"}
{"timestamp":"2026-02-02T09:12:32.743800Z","level":"info","event":"✓ financial.jenis_transaksi: 1 rows synced","logger":"task.stdout"}
{"timestamp":"2026-02-02T09:12:32.915439Z","level":"info","event":"✓ financial.detail_qc: 0 rows (table empty in source)","logger":"task.stdout"}
{"timestamp":"2026-02-02T09:12:33.100678Z","level":"info","event":"✓ financial.bank: 0 rows (table empty in source)","logger":"task.stdout"}
{"timestamp":"2026-02-02T09:12:33.290166Z","level":"info","event":"✓ support.attachment: 12 rows synced","logger":"task.stdout"}
{"timestamp":"2026-02-02T09:12:33.495463Z","level":"info","event":"✓ support.jenis_file: 4 rows synced","logger":"task.stdout"}
{"timestamp":"2026-02-02T09:12:33.704031Z","level":"info","event":"✓ support.chat_room: 0 rows (table empty in source)","logger":"task.stdout"}
{"timestamp":"2026-02-02T09:12:33.930141Z","level":"info","event":"✓ support.attachment_chat: 0 rows (table empty in source)","logger":"task.stdout"}
{"timestamp":"2026-02-02T09:12:34.126092Z","level":"info","event":"✓ support.attachment_pengembalian: 0 rows (table empty in source)","logger":"task.stdout"}
{"timestamp":"2026-02-02T09:12:34.365206Z","level":"info","event":"✓ support.attachment_perangkat: 0 rows (table empty in source)","logger":"task.stdout"}
{"timestamp":"2026-02-02T09:12:34.583332Z","level":"info","event":"✓ support.attachment_qc: 0 rows (table empty in source)","logger":"task.stdout"}
{"timestamp":"2026-02-02T09:12:37.766058Z","level":"info","event":"ERROR syncing master.gudang: column \"uuid_tenant\" of relation \"gudang\" does not exist","logger":"task.stdout"}
{"timestamp":"2026-02-02T09:12:37.766371Z","level":"info","event":"LINE 1: ...a, diubah_oleh, diubah_pada, id_tenant, lat, lng, uuid_tenan...","logger":"task.stdout"}
{"timestamp":"2026-02-02T09:12:37.766479Z","level":"info","event":"                                                             ^","logger":"task.stdout"}
{"timestamp":"2026-02-02T09:12:37.766582Z","level":"info","event":"","logger":"task.stdout"}
{"timestamp":"2026-02-02T09:12:40.240745Z","level":"info","event":"✓ master.locations: 6 rows synced","logger":"task.stdout"}
{"timestamp":"2026-02-02T09:12:40.649177Z","level":"info","event":"✓ master.kategori_produk: 3 rows synced","logger":"task.stdout"}
{"timestamp":"2026-02-02T09:12:40.969359Z","level":"info","event":"✓ master.konversi: 13 rows synced","logger":"task.stdout"}
{"timestamp":"2026-02-02T09:12:41.521229Z","level":"info","event":"✓ master.jenis_satuan: 12 rows synced","logger":"task.stdout"}
{"timestamp":"2026-02-02T09:12:41.656753Z","level":"info","event":"✓ master.atribut: 0 rows (table empty in source)","logger":"task.stdout"}
{"timestamp":"2026-02-02T09:12:41.821157Z","level":"info","event":"✓ master.atribut_produk: 0 rows (table empty in source)","logger":"task.stdout"}
{"timestamp":"2026-02-02T09:12:42.013074Z","level":"info","event":"✓ master.kriteria_produk: 0 rows (table empty in source)","logger":"task.stdout"}
{"timestamp":"2026-02-02T09:12:42.117577Z","level":"info","event":"✓ master.geofence: 0 rows (table empty in source)","logger":"task.stdout"}
{"timestamp":"2026-02-02T09:12:42.224583Z","level":"info","event":"✓ master.jenis_insiden: 0 rows (table empty in source)","logger":"task.stdout"}
{"timestamp":"2026-02-02T09:12:42.383506Z","level":"info","event":"✓ master.jenis_notifikasi: 0 rows (table empty in source)","logger":"task.stdout"}
{"timestamp":"2026-02-02T09:12:42.510742Z","level":"info","event":"✓ master.laporan_darurat: 0 rows (table empty in source)","logger":"task.stdout"}
{"timestamp":"2026-02-02T09:12:42.685865Z","level":"info","event":"✓ master.rating: 0 rows (table empty in source)","logger":"task.stdout"}
{"timestamp":"2026-02-02T09:12:42.686504Z","level":"info","event":"","logger":"task.stdout"}
{"timestamp":"2026-02-02T09:12:42.686694Z","level":"info","event":"============================================================","logger":"task.stdout"}
{"timestamp":"2026-02-02T09:12:42.686789Z","level":"info","event":"SYNC SUMMARY","logger":"task.stdout"}
{"timestamp":"2026-02-02T09:12:42.686870Z","level":"info","event":"============================================================","logger":"task.stdout"}
{"timestamp":"2026-02-02T09:12:42.686963Z","level":"info","event":"✅ Success: 43 tables","logger":"task.stdout"}
{"timestamp":"2026-02-02T09:12:42.687063Z","level":"info","event":"❌ Failed: 3 tables","logger":"task.stdout"}
{"timestamp":"2026-02-02T09:12:42.687183Z","level":"info","event":"","logger":"task.stdout"}
{"timestamp":"2026-02-02T09:12:42.687309Z","level":"info","event":"Failed tables:","logger":"task.stdout"}
{"timestamp":"2026-02-02T09:12:42.687398Z","level":"info","event":"  - ERROR syncing weather.fact_weather_hourly: relation \"fact_weather_hourly\" does not exist","logger":"task.stdout"}
{"timestamp":"2026-02-02T09:12:42.687487Z","level":"info","event":"LINE 1: SELECT * FROM fact_weather_hourly LIMIT 0","logger":"task.stdout"}
{"timestamp":"2026-02-02T09:12:42.687569Z","level":"info","event":"                      ^","logger":"task.stdout"}
{"timestamp":"2026-02-02T09:12:42.687649Z","level":"info","event":"","logger":"task.stdout"}
{"timestamp":"2026-02-02T09:12:42.687731Z","level":"info","event":"  - ERROR syncing driver.kontak_darurat: relation \"kontak_darurat_pengemudi\" does not exist","logger":"task.stdout"}
{"timestamp":"2026-02-02T09:12:42.687817Z","level":"info","event":"LINE 1: SELECT * FROM kontak_darurat_pengemudi LIMIT 0","logger":"task.stdout"}
{"timestamp":"2026-02-02T09:12:42.687896Z","level":"info","event":"                      ^","logger":"task.stdout"}
{"timestamp":"2026-02-02T09:12:42.687990Z","level":"info","event":"","logger":"task.stdout"}
{"timestamp":"2026-02-02T09:12:42.688091Z","level":"info","event":"  - ERROR syncing master.gudang: column \"uuid_tenant\" of relation \"gudang\" does not exist","logger":"task.stdout"}
{"timestamp":"2026-02-02T09:12:42.688187Z","level":"info","event":"LINE 1: ...a, diubah_oleh, diubah_pada, id_tenant, lat, lng, uuid_tenan...","logger":"task.stdout"}
{"timestamp":"2026-02-02T09:12:42.688280Z","level":"info","event":"                                                             ^","logger":"task.stdout"}
{"timestamp":"2026-02-02T09:12:42.688388Z","level":"info","event":"","logger":"task.stdout"}
{"timestamp":"2026-02-02T09:12:42.688462Z","level":"info","event":"","logger":"task.stdout"}
{"timestamp":"2026-02-02T09:12:42.688529Z","level":"info","event":"Detailed results:","logger":"task.stdout"}
{"timestamp":"2026-02-02T09:12:42.688706Z","level":"info","event":"  ✓ driver.daftar_user: 25 rows","logger":"task.stdout"}
{"timestamp":"2026-02-02T09:12:42.688868Z","level":"info","event":"  ✓ driver.attachment_driver: 6 rows","logger":"task.stdout"}
{"timestamp":"2026-02-02T09:12:42.688975Z","level":"info","event":"  ✓ driver.laporan_pengemudi: 0 rows","logger":"task.stdout"}
{"timestamp":"2026-02-02T09:12:42.689051Z","level":"info","event":"  ✓ armada.armada_tms: 3 rows","logger":"task.stdout"}
{"timestamp":"2026-02-02T09:12:42.689114Z","level":"info","event":"  ✓ armada.jenis_armada: 19 rows","logger":"task.stdout"}
{"timestamp":"2026-02-02T09:12:42.689208Z","level":"info","event":"  ✓ armada.driver_armada: 0 rows","logger":"task.stdout"}
{"timestamp":"2026-02-02T09:12:42.689271Z","level":"info","event":"  ✓ armada.armada_perangkat: 0 rows","logger":"task.stdout"}
{"timestamp":"2026-02-02T09:12:42.689330Z","level":"info","event":"  ✓ armada.attachment_armada: 0 rows","logger":"task.stdout"}
{"timestamp":"2026-02-02T09:12:42.689386Z","level":"info","event":"  ✓ delivery.delivery_order: 15 rows","logger":"task.stdout"}
{"timestamp":"2026-02-02T09:12:42.689441Z","level":"info","event":"  ✓ delivery.detail_do: 3 rows","logger":"task.stdout"}
{"timestamp":"2026-02-02T09:12:42.689497Z","level":"info","event":"  ... and 33 more","logger":"task.stdout"}
{"timestamp":"2026-02-02T09:12:42.686768Z","level":"info","event":"Done. Returned value was: {'success_count': 43, 'failed_count': 3}","logger":"airflow.task.operators.airflow.providers.standard.operators.python.PythonOperator","filename":"python.py","lineno":215}
{"timestamp":"2026-02-02T09:12:42.687412Z","level":"info","event":"Pushing xcom","ti":"RuntimeTaskInstance(id=UUID('019c1d9f-f247-7948-a66c-8b5305dd785f'), task_id='sync_warehouse_tables', dag_id='daily_warehouse_sync', run_id='scheduled__2026-02-02T09:12:26.404295+00:00', try_number=1, dag_version_id=UUID('019c1d9f-5cd4-706a-9370-edf36fff5b31'), map_index=-1, hostname='OM-RAFIE.localdomain', context_carrier={}, task=<Task(PythonOperator): sync_warehouse_tables>, bundle_instance=LocalDagBundle(name=dags-folder), max_tries=2, start_date=datetime.datetime(2026, 2, 2, 9, 12, 27, 530706, tzinfo=datetime.timezone.utc), end_date=None, state=<TaskInstanceState.RUNNING: 'running'>, is_mapped=False, rendered_map_index=None)","logger":"task","filename":"task_runner.py","lineno":1360}
