{"timestamp":"2026-02-05T17:00:01.496106Z","level":"info","event":"DAG bundles loaded: dags-folder","logger":"airflow.dag_processing.bundles.manager.DagBundlesManager","filename":"manager.py","lineno":179}
{"timestamp":"2026-02-05T17:00:01.501633Z","level":"info","event":"Filling up the DagBag from /opt/airflow/dags/weather_data_fetch.py","logger":"airflow.models.dagbag.DagBag","filename":"dagbag.py","lineno":593}
{"timestamp":"2026-02-05T17:00:01.662489Z","level":"warning","event":"The `airflow.operators.python.PythonOperator` attribute is deprecated. Please use `'airflow.providers.standard.operators.python.PythonOperator'`.","category":"DeprecatedImportWarning","filename":"/opt/airflow/dags/weather_data_fetch.py","lineno":8,"logger":"py.warnings"}
{"timestamp":"2026-02-05T17:00:01.662740Z","level":"warning","event":"The `airflow.operators.bash.BashOperator` attribute is deprecated. Please use `'airflow.providers.standard.operators.bash.BashOperator'`.","category":"DeprecatedImportWarning","filename":"/opt/airflow/dags/weather_data_fetch.py","lineno":9,"logger":"py.warnings"}
{"timestamp":"2026-02-05T17:00:02.451582Z","level":"info","event":"","logger":"task.stdout"}
{"timestamp":"2026-02-05T17:00:02.451926Z","level":"info","event":"============================================================","logger":"task.stdout"}
{"timestamp":"2026-02-05T17:00:02.452245Z","level":"info","event":"🌦️ Fetching BMKG Weather Data","logger":"task.stdout"}
{"timestamp":"2026-02-05T17:00:02.452987Z","level":"info","event":"============================================================","logger":"task.stdout"}
{"timestamp":"2026-02-05T17:00:02.624086Z","level":"info","event":"","logger":"task.stdout"}
{"timestamp":"2026-02-05T17:00:02.624359Z","level":"info","event":"📍 Fetching weather for ADM4: 35.78.21.1004","logger":"task.stdout"}
{"timestamp":"2026-02-05T17:00:03.963458Z","level":"info","event":"   Parsed 18 weather records","logger":"task.stdout"}
{"timestamp":"2026-02-05T17:00:04.002570Z","level":"info","event":"✓ No expired records to delete","logger":"task.stdout"}
{"timestamp":"2026-02-05T17:00:04.026506Z","level":"info","event":"✓ Inserted 18 weather records","logger":"task.stdout"}
{"timestamp":"2026-02-05T17:00:04.026799Z","level":"info","event":"","logger":"task.stdout"}
{"timestamp":"2026-02-05T17:00:04.026888Z","level":"info","event":"📍 Fetching weather for ADM4: 35.25.14.1010","logger":"task.stdout"}
{"timestamp":"2026-02-05T17:00:04.821183Z","level":"info","event":"   Parsed 18 weather records","logger":"task.stdout"}
{"timestamp":"2026-02-05T17:00:04.842490Z","level":"info","event":"","logger":"task.stdout"}
{"timestamp":"2026-02-05T17:00:04.842812Z","level":"info","event":"⚠️  Found 3 expired weather records to delete","logger":"task.stdout"}
{"timestamp":"2026-02-05T17:00:04.842950Z","level":"info","event":"   Time range: 2026-02-05 18:00:00 to 2026-02-06 00:00:00","logger":"task.stdout"}
{"timestamp":"2026-02-05T17:00:04.843251Z","level":"info","event":"   (waktu < NOW at 2026-02-06 00:00:04 WIB)","logger":"task.stdout"}
{"timestamp":"2026-02-05T17:00:04.843745Z","level":"info","event":"✅ Deleted 3 expired weather records","logger":"task.stdout"}
{"timestamp":"2026-02-05T17:00:04.869447Z","level":"info","event":"✓ Inserted 18 weather records","logger":"task.stdout"}
{"timestamp":"2026-02-05T17:00:04.869757Z","level":"info","event":"","logger":"task.stdout"}
{"timestamp":"2026-02-05T17:00:04.869878Z","level":"info","event":"============================================================","logger":"task.stdout"}
{"timestamp":"2026-02-05T17:00:04.869982Z","level":"info","event":"✓ Total records inserted: 36","logger":"task.stdout"}
{"timestamp":"2026-02-05T17:00:04.870101Z","level":"info","event":"============================================================","logger":"task.stdout"}
{"timestamp":"2026-02-05T17:00:04.869589Z","level":"info","event":"Done. Returned value was: 36","logger":"airflow.task.operators.airflow.providers.standard.operators.python.PythonOperator","filename":"python.py","lineno":215}
{"timestamp":"2026-02-05T17:00:04.870923Z","level":"info","event":"Pushing xcom","ti":"RuntimeTaskInstance(id=UUID('019c2ebf-1514-7e2c-b14f-e6b95388dd56'), task_id='fetch_bmkg_weather', dag_id='weather_data_fetch', run_id='scheduled__2026-02-05T17:00:00+00:00', try_number=1, dag_version_id=UUID('019c0dd4-58cf-774a-9f83-a68201e36c2d'), map_index=-1, hostname='OM-RAFIE.localdomain', context_carrier={}, task=<Task(PythonOperator): fetch_bmkg_weather>, bundle_instance=LocalDagBundle(name=dags-folder), max_tries=2, start_date=datetime.datetime(2026, 2, 5, 17, 0, 1, 221503, tzinfo=datetime.timezone.utc), end_date=None, state=<TaskInstanceState.RUNNING: 'running'>, is_mapped=False, rendered_map_index=None)","logger":"task","filename":"task_runner.py","lineno":1360}
