{"timestamp":"2026-02-02T06:00:02.589394Z","level":"info","event":"DAG bundles loaded: dags-folder","logger":"airflow.dag_processing.bundles.manager.DagBundlesManager","filename":"manager.py","lineno":179}
{"timestamp":"2026-02-02T06:00:02.596613Z","level":"info","event":"Filling up the DagBag from /opt/airflow/dags/weather_data_fetch.py","logger":"airflow.models.dagbag.DagBag","filename":"dagbag.py","lineno":593}
{"timestamp":"2026-02-02T06:00:02.681170Z","level":"warning","event":"The `airflow.operators.python.PythonOperator` attribute is deprecated. Please use `'airflow.providers.standard.operators.python.PythonOperator'`.","category":"DeprecatedImportWarning","filename":"/opt/airflow/dags/weather_data_fetch.py","lineno":8,"logger":"py.warnings"}
{"timestamp":"2026-02-02T06:00:02.681415Z","level":"warning","event":"The `airflow.operators.bash.BashOperator` attribute is deprecated. Please use `'airflow.providers.standard.operators.bash.BashOperator'`.","category":"DeprecatedImportWarning","filename":"/opt/airflow/dags/weather_data_fetch.py","lineno":9,"logger":"py.warnings"}
{"timestamp":"2026-02-02T06:00:03.099150Z","level":"info","event":"","logger":"task.stdout"}
{"timestamp":"2026-02-02T06:00:03.099529Z","level":"info","event":"============================================================","logger":"task.stdout"}
{"timestamp":"2026-02-02T06:00:03.099720Z","level":"info","event":"🌦️ Fetching BMKG Weather Data","logger":"task.stdout"}
{"timestamp":"2026-02-02T06:00:03.100131Z","level":"info","event":"============================================================","logger":"task.stdout"}
{"timestamp":"2026-02-02T06:00:03.186068Z","level":"info","event":"","logger":"task.stdout"}
{"timestamp":"2026-02-02T06:00:03.186291Z","level":"info","event":"📍 Fetching weather for ADM4: 35.78.21.1004","logger":"task.stdout"}
{"timestamp":"2026-02-02T06:00:04.759568Z","level":"info","event":"   Parsed 20 weather records","logger":"task.stdout"}
{"timestamp":"2026-02-02T06:00:04.779626Z","level":"info","event":"","logger":"task.stdout"}
{"timestamp":"2026-02-02T06:00:04.779805Z","level":"info","event":"⚠️  Found 1 expired weather records to delete","logger":"task.stdout"}
{"timestamp":"2026-02-02T06:00:04.780098Z","level":"info","event":"   Time range: 2026-02-02 13:00:00 to 2026-02-02 13:00:00","logger":"task.stdout"}
{"timestamp":"2026-02-02T06:00:04.780236Z","level":"info","event":"   (waktu < NOW at 2026-02-02 13:00:04 WIB)","logger":"task.stdout"}
{"timestamp":"2026-02-02T06:00:04.782948Z","level":"info","event":"✅ Deleted 1 expired weather records","logger":"task.stdout"}
{"timestamp":"2026-02-02T06:00:04.797442Z","level":"info","event":"✓ Inserted 20 weather records","logger":"task.stdout"}
{"timestamp":"2026-02-02T06:00:04.797639Z","level":"info","event":"","logger":"task.stdout"}
{"timestamp":"2026-02-02T06:00:04.797711Z","level":"info","event":"📍 Fetching weather for ADM4: 35.25.14.1010","logger":"task.stdout"}
{"timestamp":"2026-02-02T06:00:05.458761Z","level":"info","event":"   Parsed 20 weather records","logger":"task.stdout"}
{"timestamp":"2026-02-02T06:00:05.469708Z","level":"info","event":"","logger":"task.stdout"}
{"timestamp":"2026-02-02T06:00:05.469888Z","level":"info","event":"⚠️  Found 3 expired weather records to delete","logger":"task.stdout"}
{"timestamp":"2026-02-02T06:00:05.469947Z","level":"info","event":"   Time range: 2026-02-02 07:00:00 to 2026-02-02 13:00:00","logger":"task.stdout"}
{"timestamp":"2026-02-02T06:00:05.470043Z","level":"info","event":"   (waktu < NOW at 2026-02-02 13:00:05 WIB)","logger":"task.stdout"}
{"timestamp":"2026-02-02T06:00:05.470120Z","level":"info","event":"✅ Deleted 3 expired weather records","logger":"task.stdout"}
{"timestamp":"2026-02-02T06:00:05.478085Z","level":"info","event":"✓ Inserted 20 weather records","logger":"task.stdout"}
{"timestamp":"2026-02-02T06:00:05.478249Z","level":"info","event":"","logger":"task.stdout"}
{"timestamp":"2026-02-02T06:00:05.478304Z","level":"info","event":"============================================================","logger":"task.stdout"}
{"timestamp":"2026-02-02T06:00:05.478393Z","level":"info","event":"✓ Total records inserted: 40","logger":"task.stdout"}
{"timestamp":"2026-02-02T06:00:05.478446Z","level":"info","event":"============================================================","logger":"task.stdout"}
{"timestamp":"2026-02-02T06:00:05.478149Z","level":"info","event":"Done. Returned value was: 40","logger":"airflow.task.operators.airflow.providers.standard.operators.python.PythonOperator","filename":"python.py","lineno":215}
{"timestamp":"2026-02-02T06:00:05.478837Z","level":"info","event":"Pushing xcom","ti":"RuntimeTaskInstance(id=UUID('019c1cef-c126-7f6e-89b5-395a19b9c877'), task_id='fetch_bmkg_weather', dag_id='weather_data_fetch', run_id='scheduled__2026-02-02T06:00:00+00:00', try_number=1, dag_version_id=UUID('019c0dd4-58cf-774a-9f83-a68201e36c2d'), map_index=-1, hostname='OM-RAFIE.localdomain', context_carrier={}, task=<Task(PythonOperator): fetch_bmkg_weather>, bundle_instance=LocalDagBundle(name=dags-folder), max_tries=2, start_date=datetime.datetime(2026, 2, 2, 6, 0, 1, 961814, tzinfo=datetime.timezone.utc), end_date=None, state=<TaskInstanceState.RUNNING: 'running'>, is_mapped=False, rendered_map_index=None)","logger":"task","filename":"task_runner.py","lineno":1360}
