{"timestamp":"2026-02-03T09:35:07.254658Z","level":"info","event":"DAG bundles loaded: dags-folder","logger":"airflow.dag_processing.bundles.manager.DagBundlesManager","filename":"manager.py","lineno":179}
{"timestamp":"2026-02-03T09:35:07.255962Z","level":"info","event":"Filling up the DagBag from /opt/airflow/dags/weather_data_fetch.py","logger":"airflow.models.dagbag.DagBag","filename":"dagbag.py","lineno":593}
{"timestamp":"2026-02-03T09:35:07.278141Z","level":"warning","event":"The `airflow.operators.python.PythonOperator` attribute is deprecated. Please use `'airflow.providers.standard.operators.python.PythonOperator'`.","category":"DeprecatedImportWarning","filename":"/opt/airflow/dags/weather_data_fetch.py","lineno":8,"logger":"py.warnings"}
{"timestamp":"2026-02-03T09:35:07.278301Z","level":"warning","event":"The `airflow.operators.bash.BashOperator` attribute is deprecated. Please use `'airflow.providers.standard.operators.bash.BashOperator'`.","category":"DeprecatedImportWarning","filename":"/opt/airflow/dags/weather_data_fetch.py","lineno":9,"logger":"py.warnings"}
{"timestamp":"2026-02-03T09:35:07.741821Z","level":"info","event":"","logger":"task.stdout"}
{"timestamp":"2026-02-03T09:35:07.742026Z","level":"info","event":"============================================================","logger":"task.stdout"}
{"timestamp":"2026-02-03T09:35:07.742088Z","level":"info","event":"🌦️ Fetching BMKG Weather Data","logger":"task.stdout"}
{"timestamp":"2026-02-03T09:35:07.742134Z","level":"info","event":"============================================================","logger":"task.stdout"}
{"timestamp":"2026-02-03T09:35:07.821804Z","level":"info","event":"","logger":"task.stdout"}
{"timestamp":"2026-02-03T09:35:07.822013Z","level":"info","event":"📍 Fetching weather for ADM4: 35.78.21.1004","logger":"task.stdout"}
{"timestamp":"2026-02-03T09:35:08.506082Z","level":"info","event":"   Parsed 19 weather records","logger":"task.stdout"}
{"timestamp":"2026-02-03T09:35:08.528604Z","level":"info","event":"","logger":"task.stdout"}
{"timestamp":"2026-02-03T09:35:08.528797Z","level":"info","event":"⚠️  Found 46 expired weather records to delete","logger":"task.stdout"}
{"timestamp":"2026-02-03T09:35:08.528854Z","level":"info","event":"   Time range: 2026-02-02 18:00:00 to 2026-02-03 16:00:00","logger":"task.stdout"}
{"timestamp":"2026-02-03T09:35:08.528952Z","level":"info","event":"   (waktu < NOW at 2026-02-03 16:35:08 WIB)","logger":"task.stdout"}
{"timestamp":"2026-02-03T09:35:08.530391Z","level":"info","event":"✅ Deleted 46 expired weather records","logger":"task.stdout"}
{"timestamp":"2026-02-03T09:35:08.543830Z","level":"info","event":"✓ Inserted 19 weather records","logger":"task.stdout"}
{"timestamp":"2026-02-03T09:35:08.543994Z","level":"info","event":"","logger":"task.stdout"}
{"timestamp":"2026-02-03T09:35:08.544049Z","level":"info","event":"📍 Fetching weather for ADM4: 35.25.14.1010","logger":"task.stdout"}
{"timestamp":"2026-02-03T09:35:09.191255Z","level":"info","event":"   Parsed 19 weather records","logger":"task.stdout"}
{"timestamp":"2026-02-03T09:35:09.202833Z","level":"info","event":"","logger":"task.stdout"}
{"timestamp":"2026-02-03T09:35:09.203006Z","level":"info","event":"⚠️  Found 3 expired weather records to delete","logger":"task.stdout"}
{"timestamp":"2026-02-03T09:35:09.203071Z","level":"info","event":"   Time range: 2026-02-03 10:00:00 to 2026-02-03 16:00:00","logger":"task.stdout"}
{"timestamp":"2026-02-03T09:35:09.203175Z","level":"info","event":"   (waktu < NOW at 2026-02-03 16:35:09 WIB)","logger":"task.stdout"}
{"timestamp":"2026-02-03T09:35:09.203257Z","level":"info","event":"✅ Deleted 3 expired weather records","logger":"task.stdout"}
{"timestamp":"2026-02-03T09:35:09.209667Z","level":"info","event":"✓ Inserted 19 weather records","logger":"task.stdout"}
{"timestamp":"2026-02-03T09:35:09.209784Z","level":"info","event":"","logger":"task.stdout"}
{"timestamp":"2026-02-03T09:35:09.209836Z","level":"info","event":"============================================================","logger":"task.stdout"}
{"timestamp":"2026-02-03T09:35:09.209892Z","level":"info","event":"✓ Total records inserted: 38","logger":"task.stdout"}
{"timestamp":"2026-02-03T09:35:09.209931Z","level":"info","event":"============================================================","logger":"task.stdout"}
{"timestamp":"2026-02-03T09:35:09.209752Z","level":"info","event":"Done. Returned value was: 38","logger":"airflow.task.operators.airflow.providers.standard.operators.python.PythonOperator","filename":"python.py","lineno":215}
{"timestamp":"2026-02-03T09:35:09.210054Z","level":"info","event":"Pushing xcom","ti":"RuntimeTaskInstance(id=UUID('019c22da-fe41-723c-b86a-dbc5426db4db'), task_id='fetch_bmkg_weather', dag_id='weather_data_fetch', run_id='scheduled__2026-02-02T11:00:00+00:00', try_number=1, dag_version_id=UUID('019c0dd4-58cf-774a-9f83-a68201e36c2d'), map_index=-1, hostname='OM-RAFIE.localdomain', context_carrier={}, task=<Task(PythonOperator): fetch_bmkg_weather>, bundle_instance=LocalDagBundle(name=dags-folder), max_tries=2, start_date=datetime.datetime(2026, 2, 3, 9, 35, 3, 460513, tzinfo=datetime.timezone.utc), end_date=None, state=<TaskInstanceState.RUNNING: 'running'>, is_mapped=False, rendered_map_index=None)","logger":"task","filename":"task_runner.py","lineno":1360}
