{"timestamp":"2026-01-23T02:36:52.731940Z","level":"info","event":"DAG bundles loaded: dags-folder","logger":"airflow.dag_processing.bundles.manager.DagBundlesManager","filename":"manager.py","lineno":179}
{"timestamp":"2026-01-23T02:36:52.741226Z","level":"info","event":"Filling up the DagBag from /opt/airflow/dags/weather_data_fetch.py","logger":"airflow.models.dagbag.DagBag","filename":"dagbag.py","lineno":593}
{"timestamp":"2026-01-23T02:36:52.913329Z","level":"warning","event":"The `airflow.operators.python.PythonOperator` attribute is deprecated. Please use `'airflow.providers.standard.operators.python.PythonOperator'`.","category":"DeprecatedImportWarning","filename":"/opt/airflow/dags/weather_data_fetch.py","lineno":8,"logger":"py.warnings"}
{"timestamp":"2026-01-23T02:36:52.913492Z","level":"warning","event":"The `airflow.operators.bash.BashOperator` attribute is deprecated. Please use `'airflow.providers.standard.operators.bash.BashOperator'`.","category":"DeprecatedImportWarning","filename":"/opt/airflow/dags/weather_data_fetch.py","lineno":9,"logger":"py.warnings"}
{"timestamp":"2026-01-23T02:36:53.036304Z","level":"info","event":"","logger":"task.stdout"}
{"timestamp":"2026-01-23T02:36:53.036479Z","level":"info","event":"============================================================","logger":"task.stdout"}
{"timestamp":"2026-01-23T02:36:53.036534Z","level":"info","event":"🌦️ Fetching BMKG Weather Data","logger":"task.stdout"}
{"timestamp":"2026-01-23T02:36:53.036666Z","level":"info","event":"============================================================","logger":"task.stdout"}
{"timestamp":"2026-01-23T02:36:53.494278Z","level":"info","event":"============================================================","logger":"task.stdout"}
{"timestamp":"2026-01-23T02:36:53.494481Z","level":"info","event":"BMKG Weather Data Fetch","logger":"task.stdout"}
{"timestamp":"2026-01-23T02:36:53.494538Z","level":"info","event":"============================================================","logger":"task.stdout"}
{"timestamp":"2026-01-23T02:36:53.541296Z","level":"info","event":"","logger":"task.stdout"}
{"timestamp":"2026-01-23T02:36:53.541496Z","level":"info","event":"📍 Fetching weather for ADM4: 35.78.21.1004","logger":"task.stdout"}
{"timestamp":"2026-01-23T02:36:53.541554Z","level":"info","event":"Fetching from: https://api.bmkg.go.id/publik/prakiraan-cuaca?adm4=35.78.21.1004","logger":"task.stdout"}
{"timestamp":"2026-01-23T02:36:53.861224Z","level":"info","event":"   Parsed 21 weather records","logger":"task.stdout"}
{"timestamp":"2026-01-23T02:36:53.881778Z","level":"info","event":"✓ Inserted 21 weather records","logger":"task.stdout"}
{"timestamp":"2026-01-23T02:36:53.881995Z","level":"info","event":"","logger":"task.stdout"}
{"timestamp":"2026-01-23T02:36:53.882055Z","level":"info","event":"📍 Fetching weather for ADM4: 35.25.14.1010","logger":"task.stdout"}
{"timestamp":"2026-01-23T02:36:53.882100Z","level":"info","event":"Fetching from: https://api.bmkg.go.id/publik/prakiraan-cuaca?adm4=35.25.14.1010","logger":"task.stdout"}
{"timestamp":"2026-01-23T02:36:54.085419Z","level":"info","event":"   Parsed 21 weather records","logger":"task.stdout"}
{"timestamp":"2026-01-23T02:36:54.103570Z","level":"info","event":"✓ Inserted 21 weather records","logger":"task.stdout"}
{"timestamp":"2026-01-23T02:36:54.103732Z","level":"info","event":"","logger":"task.stdout"}
{"timestamp":"2026-01-23T02:36:54.103788Z","level":"info","event":"============================================================","logger":"task.stdout"}
{"timestamp":"2026-01-23T02:36:54.103876Z","level":"info","event":"✓ Total records inserted: 42","logger":"task.stdout"}
{"timestamp":"2026-01-23T02:36:54.103919Z","level":"info","event":"============================================================","logger":"task.stdout"}
{"timestamp":"2026-01-23T02:36:54.103997Z","level":"info","event":"✓ Weather fetch completed: 42 records inserted","logger":"task.stdout"}
{"timestamp":"2026-01-23T02:36:54.104009Z","level":"info","event":"Done. Returned value was: 42","logger":"airflow.task.operators.airflow.providers.standard.operators.python.PythonOperator","filename":"python.py","lineno":215}
{"timestamp":"2026-01-23T02:36:54.106010Z","level":"info","event":"Pushing xcom","ti":"RuntimeTaskInstance(id=UUID('019be8b6-2d2d-71dd-9f27-c53358f17714'), task_id='fetch_bmkg_weather', dag_id='weather_data_fetch', run_id='manual__2026-01-23T02:36:50+00:00', try_number=1, dag_version_id=UUID('019bdfe0-4262-767b-ba5a-adfe7358e353'), map_index=-1, hostname='OM-RAFIE.localdomain', context_carrier={}, task=<Task(PythonOperator): fetch_bmkg_weather>, bundle_instance=LocalDagBundle(name=dags-folder), max_tries=2, start_date=datetime.datetime(2026, 1, 23, 2, 36, 52, 482752, tzinfo=datetime.timezone.utc), end_date=None, state=<TaskInstanceState.RUNNING: 'running'>, is_mapped=False, rendered_map_index=None)","logger":"task","filename":"task_runner.py","lineno":1360}
