{"timestamp":"2026-02-03T16:00:01.197112Z","level":"info","event":"DAG bundles loaded: dags-folder","logger":"airflow.dag_processing.bundles.manager.DagBundlesManager","filename":"manager.py","lineno":179}
{"timestamp":"2026-02-03T16:00:01.203832Z","level":"info","event":"Filling up the DagBag from /opt/airflow/dags/weather_data_fetch.py","logger":"airflow.models.dagbag.DagBag","filename":"dagbag.py","lineno":593}
{"timestamp":"2026-02-03T16:00:01.418658Z","level":"warning","event":"The `airflow.operators.python.PythonOperator` attribute is deprecated. Please use `'airflow.providers.standard.operators.python.PythonOperator'`.","category":"DeprecatedImportWarning","filename":"/opt/airflow/dags/weather_data_fetch.py","lineno":8,"logger":"py.warnings"}
{"timestamp":"2026-02-03T16:00:01.418928Z","level":"warning","event":"The `airflow.operators.bash.BashOperator` attribute is deprecated. Please use `'airflow.providers.standard.operators.bash.BashOperator'`.","category":"DeprecatedImportWarning","filename":"/opt/airflow/dags/weather_data_fetch.py","lineno":9,"logger":"py.warnings"}
{"timestamp":"2026-02-03T16:00:02.027464Z","level":"info","event":"","logger":"task.stdout"}
{"timestamp":"2026-02-03T16:00:02.027606Z","level":"info","event":"============================================================","logger":"task.stdout"}
{"timestamp":"2026-02-03T16:00:02.027790Z","level":"info","event":"🌦️ Fetching BMKG Weather Data","logger":"task.stdout"}
{"timestamp":"2026-02-03T16:00:02.028449Z","level":"info","event":"============================================================","logger":"task.stdout"}
{"timestamp":"2026-02-03T16:00:02.147678Z","level":"info","event":"","logger":"task.stdout"}
{"timestamp":"2026-02-03T16:00:02.147819Z","level":"info","event":"📍 Fetching weather for ADM4: 35.78.21.1004","logger":"task.stdout"}
{"timestamp":"2026-02-03T16:00:03.258755Z","level":"info","event":"   Parsed 19 weather records","logger":"task.stdout"}
{"timestamp":"2026-02-03T16:00:03.280253Z","level":"info","event":"","logger":"task.stdout"}
{"timestamp":"2026-02-03T16:00:03.280386Z","level":"info","event":"⚠️  Found 2 expired weather records to delete","logger":"task.stdout"}
{"timestamp":"2026-02-03T16:00:03.280498Z","level":"info","event":"   Time range: 2026-02-03 23:00:00 to 2026-02-03 23:00:00","logger":"task.stdout"}
{"timestamp":"2026-02-03T16:00:03.280639Z","level":"info","event":"   (waktu < NOW at 2026-02-03 23:00:03 WIB)","logger":"task.stdout"}
{"timestamp":"2026-02-03T16:00:03.283948Z","level":"info","event":"✅ Deleted 2 expired weather records","logger":"task.stdout"}
{"timestamp":"2026-02-03T16:00:03.298385Z","level":"info","event":"✓ Inserted 19 weather records","logger":"task.stdout"}
{"timestamp":"2026-02-03T16:00:03.298543Z","level":"info","event":"","logger":"task.stdout"}
{"timestamp":"2026-02-03T16:00:03.298594Z","level":"info","event":"📍 Fetching weather for ADM4: 35.25.14.1010","logger":"task.stdout"}
{"timestamp":"2026-02-03T16:00:04.086095Z","level":"info","event":"   Parsed 19 weather records","logger":"task.stdout"}
{"timestamp":"2026-02-03T16:00:04.096082Z","level":"info","event":"","logger":"task.stdout"}
{"timestamp":"2026-02-03T16:00:04.096222Z","level":"info","event":"⚠️  Found 3 expired weather records to delete","logger":"task.stdout"}
{"timestamp":"2026-02-03T16:00:04.096275Z","level":"info","event":"   Time range: 2026-02-03 17:00:00 to 2026-02-03 23:00:00","logger":"task.stdout"}
{"timestamp":"2026-02-03T16:00:04.096373Z","level":"info","event":"   (waktu < NOW at 2026-02-03 23:00:04 WIB)","logger":"task.stdout"}
{"timestamp":"2026-02-03T16:00:04.096423Z","level":"info","event":"✅ Deleted 3 expired weather records","logger":"task.stdout"}
{"timestamp":"2026-02-03T16:00:04.154841Z","level":"info","event":"✓ Inserted 19 weather records","logger":"task.stdout"}
{"timestamp":"2026-02-03T16:00:04.155014Z","level":"info","event":"","logger":"task.stdout"}
{"timestamp":"2026-02-03T16:00:04.155086Z","level":"info","event":"============================================================","logger":"task.stdout"}
{"timestamp":"2026-02-03T16:00:04.155169Z","level":"info","event":"✓ Total records inserted: 38","logger":"task.stdout"}
{"timestamp":"2026-02-03T16:00:04.155231Z","level":"info","event":"============================================================","logger":"task.stdout"}
{"timestamp":"2026-02-03T16:00:04.155231Z","level":"info","event":"Done. Returned value was: 38","logger":"airflow.task.operators.airflow.providers.standard.operators.python.PythonOperator","filename":"python.py","lineno":215}
{"timestamp":"2026-02-03T16:00:04.156657Z","level":"info","event":"Pushing xcom","ti":"RuntimeTaskInstance(id=UUID('019c243b-6c91-796d-819c-6847efc74949'), task_id='fetch_bmkg_weather', dag_id='weather_data_fetch', run_id='scheduled__2026-02-03T16:00:00+00:00', try_number=1, dag_version_id=UUID('019c0dd4-58cf-774a-9f83-a68201e36c2d'), map_index=-1, hostname='OM-RAFIE.localdomain', context_carrier={}, task=<Task(PythonOperator): fetch_bmkg_weather>, bundle_instance=LocalDagBundle(name=dags-folder), max_tries=2, start_date=datetime.datetime(2026, 2, 3, 16, 0, 0, 886406, tzinfo=datetime.timezone.utc), end_date=None, state=<TaskInstanceState.RUNNING: 'running'>, is_mapped=False, rendered_map_index=None)","logger":"task","filename":"task_runner.py","lineno":1360}
