{"timestamp":"2026-01-23T06:09:04.867971Z","level":"info","event":"DAG bundles loaded: dags-folder","logger":"airflow.dag_processing.bundles.manager.DagBundlesManager","filename":"manager.py","lineno":179}
{"timestamp":"2026-01-23T06:09:04.872709Z","level":"info","event":"Filling up the DagBag from /opt/airflow/dags/weather_data_fetch.py","logger":"airflow.models.dagbag.DagBag","filename":"dagbag.py","lineno":593}
{"timestamp":"2026-01-23T06:09:05.008922Z","level":"warning","event":"The `airflow.operators.python.PythonOperator` attribute is deprecated. Please use `'airflow.providers.standard.operators.python.PythonOperator'`.","category":"DeprecatedImportWarning","filename":"/opt/airflow/dags/weather_data_fetch.py","lineno":8,"logger":"py.warnings"}
{"timestamp":"2026-01-23T06:09:05.009170Z","level":"warning","event":"The `airflow.operators.bash.BashOperator` attribute is deprecated. Please use `'airflow.providers.standard.operators.bash.BashOperator'`.","category":"DeprecatedImportWarning","filename":"/opt/airflow/dags/weather_data_fetch.py","lineno":9,"logger":"py.warnings"}
{"timestamp":"2026-01-23T06:09:05.159180Z","level":"info","event":"","logger":"task.stdout"}
{"timestamp":"2026-01-23T06:09:05.159356Z","level":"info","event":"============================================================","logger":"task.stdout"}
{"timestamp":"2026-01-23T06:09:05.159467Z","level":"info","event":"🌦️ Fetching BMKG Weather Data","logger":"task.stdout"}
{"timestamp":"2026-01-23T06:09:05.159951Z","level":"info","event":"============================================================","logger":"task.stdout"}
{"timestamp":"2026-01-23T06:09:05.654166Z","level":"info","event":"============================================================","logger":"task.stdout"}
{"timestamp":"2026-01-23T06:09:05.654408Z","level":"info","event":"BMKG Weather Data Fetch","logger":"task.stdout"}
{"timestamp":"2026-01-23T06:09:05.654479Z","level":"info","event":"============================================================","logger":"task.stdout"}
{"timestamp":"2026-01-23T06:09:05.775850Z","level":"info","event":"","logger":"task.stdout"}
{"timestamp":"2026-01-23T06:09:05.776015Z","level":"info","event":"📍 Fetching weather for ADM4: 35.78.21.1004","logger":"task.stdout"}
{"timestamp":"2026-01-23T06:09:05.776181Z","level":"info","event":"Fetching from: https://api.bmkg.go.id/publik/prakiraan-cuaca?adm4=35.78.21.1004","logger":"task.stdout"}
{"timestamp":"2026-01-23T06:09:08.403437Z","level":"info","event":"   Parsed 20 weather records","logger":"task.stdout"}
{"timestamp":"2026-01-23T06:09:08.496708Z","level":"info","event":"✓ Inserted 20 weather records","logger":"task.stdout"}
{"timestamp":"2026-01-23T06:09:08.497043Z","level":"info","event":"","logger":"task.stdout"}
{"timestamp":"2026-01-23T06:09:08.497154Z","level":"info","event":"📍 Fetching weather for ADM4: 35.25.14.1010","logger":"task.stdout"}
{"timestamp":"2026-01-23T06:09:08.497205Z","level":"info","event":"Fetching from: https://api.bmkg.go.id/publik/prakiraan-cuaca?adm4=35.25.14.1010","logger":"task.stdout"}
{"timestamp":"2026-01-23T06:09:09.230851Z","level":"info","event":"   Parsed 20 weather records","logger":"task.stdout"}
{"timestamp":"2026-01-23T06:09:10.177708Z","level":"info","event":"✓ Inserted 20 weather records","logger":"task.stdout"}
{"timestamp":"2026-01-23T06:09:10.177970Z","level":"info","event":"","logger":"task.stdout"}
{"timestamp":"2026-01-23T06:09:10.178070Z","level":"info","event":"============================================================","logger":"task.stdout"}
{"timestamp":"2026-01-23T06:09:10.178153Z","level":"info","event":"✓ Total records inserted: 40","logger":"task.stdout"}
{"timestamp":"2026-01-23T06:09:10.178232Z","level":"info","event":"============================================================","logger":"task.stdout"}
{"timestamp":"2026-01-23T06:09:10.213959Z","level":"info","event":"✓ Weather fetch completed: 40 records inserted","logger":"task.stdout"}
{"timestamp":"2026-01-23T06:09:10.177847Z","level":"info","event":"Done. Returned value was: 40","logger":"airflow.task.operators.airflow.providers.standard.operators.python.PythonOperator","filename":"python.py","lineno":215}
{"timestamp":"2026-01-23T06:09:10.192552Z","level":"info","event":"Pushing xcom","ti":"RuntimeTaskInstance(id=UUID('019be978-4bb1-7323-a495-4e0506d594b0'), task_id='fetch_bmkg_weather', dag_id='weather_data_fetch', run_id='scheduled__2026-01-23T06:00:00+00:00', try_number=1, dag_version_id=UUID('019be8bb-ea2b-7136-9fbe-a0a8d728c8a2'), map_index=-1, hostname='OM-RAFIE.localdomain', context_carrier={}, task=<Task(PythonOperator): fetch_bmkg_weather>, bundle_instance=LocalDagBundle(name=dags-folder), max_tries=2, start_date=datetime.datetime(2026, 1, 23, 6, 8, 57, 223636, tzinfo=datetime.timezone.utc), end_date=None, state=<TaskInstanceState.RUNNING: 'running'>, is_mapped=False, rendered_map_index=None)","logger":"task","filename":"task_runner.py","lineno":1360}
