{"timestamp":"2026-02-06T00:44:07.544914Z","level":"info","event":"DAG bundles loaded: dags-folder","logger":"airflow.dag_processing.bundles.manager.DagBundlesManager","filename":"manager.py","lineno":179}
{"timestamp":"2026-02-06T00:44:07.557832Z","level":"info","event":"Filling up the DagBag from /opt/airflow/dags/weather_data_fetch.py","logger":"airflow.models.dagbag.DagBag","filename":"dagbag.py","lineno":593}
{"timestamp":"2026-02-06T00:44:07.743020Z","level":"warning","event":"The `airflow.operators.python.PythonOperator` attribute is deprecated. Please use `'airflow.providers.standard.operators.python.PythonOperator'`.","category":"DeprecatedImportWarning","filename":"/opt/airflow/dags/weather_data_fetch.py","lineno":8,"logger":"py.warnings"}
{"timestamp":"2026-02-06T00:44:07.743292Z","level":"warning","event":"The `airflow.operators.bash.BashOperator` attribute is deprecated. Please use `'airflow.providers.standard.operators.bash.BashOperator'`.","category":"DeprecatedImportWarning","filename":"/opt/airflow/dags/weather_data_fetch.py","lineno":9,"logger":"py.warnings"}
{"timestamp":"2026-02-06T00:44:08.554065Z","level":"info","event":"","logger":"task.stdout"}
{"timestamp":"2026-02-06T00:44:08.554352Z","level":"info","event":"============================================================","logger":"task.stdout"}
{"timestamp":"2026-02-06T00:44:08.554581Z","level":"info","event":"🌦️ Fetching BMKG Weather Data","logger":"task.stdout"}
{"timestamp":"2026-02-06T00:44:08.555267Z","level":"info","event":"============================================================","logger":"task.stdout"}
{"timestamp":"2026-02-06T00:44:08.778258Z","level":"info","event":"","logger":"task.stdout"}
{"timestamp":"2026-02-06T00:44:08.778580Z","level":"info","event":"📍 Fetching weather for ADM4: 35.78.21.1004","logger":"task.stdout"}
{"timestamp":"2026-02-06T00:44:09.493637Z","level":"info","event":"   Parsed 22 weather records","logger":"task.stdout"}
{"timestamp":"2026-02-06T00:44:09.524966Z","level":"info","event":"","logger":"task.stdout"}
{"timestamp":"2026-02-06T00:44:09.525269Z","level":"info","event":"⚠️  Found 2 expired weather records to delete","logger":"task.stdout"}
{"timestamp":"2026-02-06T00:44:09.525471Z","level":"info","event":"   Time range: 2026-02-06 07:00:00 to 2026-02-06 07:00:00","logger":"task.stdout"}
{"timestamp":"2026-02-06T00:44:09.525652Z","level":"info","event":"   (waktu < NOW at 2026-02-06 07:44:09 WIB)","logger":"task.stdout"}
{"timestamp":"2026-02-06T00:44:09.528128Z","level":"info","event":"✅ Deleted 2 expired weather records","logger":"task.stdout"}
{"timestamp":"2026-02-06T00:44:09.565838Z","level":"info","event":"✓ Inserted 22 weather records","logger":"task.stdout"}
{"timestamp":"2026-02-06T00:44:09.566172Z","level":"info","event":"","logger":"task.stdout"}
{"timestamp":"2026-02-06T00:44:09.566340Z","level":"info","event":"📍 Fetching weather for ADM4: 35.25.14.1010","logger":"task.stdout"}
{"timestamp":"2026-02-06T00:44:13.263557Z","level":"info","event":"   Parsed 22 weather records","logger":"task.stdout"}
{"timestamp":"2026-02-06T00:44:13.281451Z","level":"info","event":"","logger":"task.stdout"}
{"timestamp":"2026-02-06T00:44:13.281722Z","level":"info","event":"⚠️  Found 3 expired weather records to delete","logger":"task.stdout"}
{"timestamp":"2026-02-06T00:44:13.281864Z","level":"info","event":"   Time range: 2026-02-06 01:00:00 to 2026-02-06 07:00:00","logger":"task.stdout"}
{"timestamp":"2026-02-06T00:44:13.282000Z","level":"info","event":"   (waktu < NOW at 2026-02-06 07:44:13 WIB)","logger":"task.stdout"}
{"timestamp":"2026-02-06T00:44:13.282243Z","level":"info","event":"✅ Deleted 3 expired weather records","logger":"task.stdout"}
{"timestamp":"2026-02-06T00:44:13.301908Z","level":"info","event":"✓ Inserted 22 weather records","logger":"task.stdout"}
{"timestamp":"2026-02-06T00:44:13.302176Z","level":"info","event":"","logger":"task.stdout"}
{"timestamp":"2026-02-06T00:44:13.302319Z","level":"info","event":"============================================================","logger":"task.stdout"}
{"timestamp":"2026-02-06T00:44:13.302460Z","level":"info","event":"✓ Total records inserted: 44","logger":"task.stdout"}
{"timestamp":"2026-02-06T00:44:13.302556Z","level":"info","event":"============================================================","logger":"task.stdout"}
{"timestamp":"2026-02-06T00:44:13.301945Z","level":"info","event":"Done. Returned value was: 44","logger":"airflow.task.operators.airflow.providers.standard.operators.python.PythonOperator","filename":"python.py","lineno":215}
{"timestamp":"2026-02-06T00:44:13.302240Z","level":"info","event":"Pushing xcom","ti":"RuntimeTaskInstance(id=UUID('019c3063-5b42-749a-ac94-c1d57ef12db3'), task_id='fetch_bmkg_weather', dag_id='weather_data_fetch', run_id='scheduled__2026-02-06T00:00:00+00:00', try_number=2, dag_version_id=UUID('019c0dd4-58cf-774a-9f83-a68201e36c2d'), map_index=-1, hostname='OM-RAFIE.localdomain', context_carrier={}, task=<Task(PythonOperator): fetch_bmkg_weather>, bundle_instance=LocalDagBundle(name=dags-folder), max_tries=2, start_date=datetime.datetime(2026, 2, 6, 0, 44, 7, 126571, tzinfo=datetime.timezone.utc), end_date=None, state=<TaskInstanceState.RUNNING: 'running'>, is_mapped=False, rendered_map_index=None)","logger":"task","filename":"task_runner.py","lineno":1360}
