{"timestamp":"2026-02-02T09:13:51.895660Z","level":"info","event":"DAG bundles loaded: dags-folder","logger":"airflow.dag_processing.bundles.manager.DagBundlesManager","filename":"manager.py","lineno":179}
{"timestamp":"2026-02-02T09:13:51.898374Z","level":"info","event":"Filling up the DagBag from /opt/airflow/dags/daily_warehouse_sync_upd.py","logger":"airflow.models.dagbag.DagBag","filename":"dagbag.py","lineno":593}
{"timestamp":"2026-02-02T09:13:51.934596Z","level":"warning","event":"The `airflow.operators.python.PythonOperator` attribute is deprecated. Please use `'airflow.providers.standard.operators.python.PythonOperator'`.","category":"DeprecatedImportWarning","filename":"/opt/airflow/dags/daily_warehouse_sync_upd.py","lineno":8,"logger":"py.warnings"}
{"timestamp":"2026-02-02T09:13:51.934982Z","level":"warning","event":"The `airflow.operators.bash.BashOperator` attribute is deprecated. Please use `'airflow.providers.standard.operators.bash.BashOperator'`.","category":"DeprecatedImportWarning","filename":"/opt/airflow/dags/daily_warehouse_sync_upd.py","lineno":9,"logger":"py.warnings"}
{"timestamp":"2026-02-02T09:13:51.982185Z","level":"info","event":"============================================================","logger":"task.stdout"}
{"timestamp":"2026-02-02T09:13:51.982496Z","level":"info","event":"Starting daily warehouse sync...","logger":"task.stdout"}
{"timestamp":"2026-02-02T09:13:51.982624Z","level":"info","event":"============================================================","logger":"task.stdout"}
{"timestamp":"2026-02-02T09:13:51.982756Z","level":"info","event":"","logger":"task.stdout"}
{"timestamp":"2026-02-02T09:13:51.982894Z","level":"info","event":"📍 PRIORITY: Syncing WEATHER data first...","logger":"task.stdout"}
{"timestamp":"2026-02-02T09:13:52.184964Z","level":"info","event":"ERROR syncing weather.fact_weather_hourly: relation \"fact_weather_hourly\" does not exist","logger":"task.stdout"}
{"timestamp":"2026-02-02T09:13:52.185289Z","level":"info","event":"LINE 1: SELECT * FROM fact_weather_hourly LIMIT 0","logger":"task.stdout"}
{"timestamp":"2026-02-02T09:13:52.185470Z","level":"info","event":"                      ^","logger":"task.stdout"}
{"timestamp":"2026-02-02T09:13:52.185634Z","level":"info","event":"","logger":"task.stdout"}
{"timestamp":"2026-02-02T09:13:52.185960Z","level":"info","event":"","logger":"task.stdout"}
{"timestamp":"2026-02-02T09:13:52.186163Z","level":"info","event":"📊 Syncing other schemas...","logger":"task.stdout"}
{"timestamp":"2026-02-02T09:13:52.492226Z","level":"info","event":"✓ driver.daftar_user: 25 rows synced","logger":"task.stdout"}
{"timestamp":"2026-02-02T09:13:52.759401Z","level":"info","event":"✓ driver.attachment_driver: 6 rows synced","logger":"task.stdout"}
{"timestamp":"2026-02-02T09:13:53.003423Z","level":"info","event":"✓ driver.laporan_pengemudi: 0 rows (table empty in source)","logger":"task.stdout"}
{"timestamp":"2026-02-02T09:13:53.203667Z","level":"info","event":"ERROR syncing driver.kontak_darurat: relation \"kontak_darurat_pengemudi\" does not exist","logger":"task.stdout"}
{"timestamp":"2026-02-02T09:13:53.203970Z","level":"info","event":"LINE 1: SELECT * FROM kontak_darurat_pengemudi LIMIT 0","logger":"task.stdout"}
{"timestamp":"2026-02-02T09:13:53.204126Z","level":"info","event":"                      ^","logger":"task.stdout"}
{"timestamp":"2026-02-02T09:13:53.204242Z","level":"info","event":"","logger":"task.stdout"}
{"timestamp":"2026-02-02T09:13:53.493723Z","level":"info","event":"✓ armada.armada_tms: 3 rows synced","logger":"task.stdout"}
{"timestamp":"2026-02-02T09:13:53.719905Z","level":"info","event":"✓ armada.jenis_armada: 19 rows synced","logger":"task.stdout"}
{"timestamp":"2026-02-02T09:13:54.003615Z","level":"info","event":"✓ armada.driver_armada: 0 rows (table empty in source)","logger":"task.stdout"}
{"timestamp":"2026-02-02T09:13:54.272518Z","level":"info","event":"✓ armada.armada_perangkat: 0 rows (table empty in source)","logger":"task.stdout"}
{"timestamp":"2026-02-02T09:13:54.460507Z","level":"info","event":"✓ armada.attachment_armada: 0 rows (table empty in source)","logger":"task.stdout"}
{"timestamp":"2026-02-02T09:13:54.716866Z","level":"info","event":"✓ delivery.delivery_order: 15 rows synced","logger":"task.stdout"}
{"timestamp":"2026-02-02T09:13:54.920650Z","level":"info","event":"✓ delivery.detail_do: 3 rows synced","logger":"task.stdout"}
{"timestamp":"2026-02-02T09:13:55.104624Z","level":"info","event":"✓ delivery.jenis_order: 5 rows synced","logger":"task.stdout"}
{"timestamp":"2026-02-02T09:13:55.332579Z","level":"info","event":"✓ delivery.attachment_gudang: 0 rows (table empty in source)","logger":"task.stdout"}
{"timestamp":"2026-02-02T09:13:55.533312Z","level":"info","event":"✓ activity.log_perjalanan_armada: 0 rows (table empty in source)","logger":"task.stdout"}
{"timestamp":"2026-02-02T09:13:55.696664Z","level":"info","event":"✓ activity.log_aktifitas_driver: 0 rows (table empty in source)","logger":"task.stdout"}
{"timestamp":"2026-02-02T09:13:55.922108Z","level":"info","event":"✓ activity.log_perangkat: 0 rows (table empty in source)","logger":"task.stdout"}
{"timestamp":"2026-02-02T09:13:56.117775Z","level":"info","event":"✓ activity.log_chat: 0 rows (table empty in source)","logger":"task.stdout"}
{"timestamp":"2026-02-02T09:13:56.354061Z","level":"info","event":"✓ activity.log_panggilan: 0 rows (table empty in source)","logger":"task.stdout"}
{"timestamp":"2026-02-02T09:13:56.552065Z","level":"info","event":"✓ activity.log_sensor: 0 rows (table empty in source)","logger":"task.stdout"}
{"timestamp":"2026-02-02T09:13:56.718905Z","level":"info","event":"✓ activity.alert_geofence: 0 rows (table empty in source)","logger":"task.stdout"}
{"timestamp":"2026-02-02T09:13:56.947851Z","level":"info","event":"✓ financial.orders: 5 rows synced","logger":"task.stdout"}
{"timestamp":"2026-02-02T09:13:57.157834Z","level":"info","event":"✓ financial.detail_po: 4 rows synced","logger":"task.stdout"}
{"timestamp":"2026-02-02T09:13:57.431795Z","level":"info","event":"✓ financial.jenis_transaksi: 1 rows synced","logger":"task.stdout"}
{"timestamp":"2026-02-02T09:13:57.676796Z","level":"info","event":"✓ financial.detail_qc: 0 rows (table empty in source)","logger":"task.stdout"}
{"timestamp":"2026-02-02T09:13:57.838822Z","level":"info","event":"✓ financial.bank: 0 rows (table empty in source)","logger":"task.stdout"}
{"timestamp":"2026-02-02T09:13:58.004729Z","level":"info","event":"✓ support.attachment: 12 rows synced","logger":"task.stdout"}
{"timestamp":"2026-02-02T09:13:58.216142Z","level":"info","event":"✓ support.jenis_file: 4 rows synced","logger":"task.stdout"}
{"timestamp":"2026-02-02T09:13:58.457944Z","level":"info","event":"✓ support.chat_room: 0 rows (table empty in source)","logger":"task.stdout"}
{"timestamp":"2026-02-02T09:13:58.681659Z","level":"info","event":"✓ support.attachment_chat: 0 rows (table empty in source)","logger":"task.stdout"}
{"timestamp":"2026-02-02T09:13:59.027950Z","level":"info","event":"✓ support.attachment_pengembalian: 0 rows (table empty in source)","logger":"task.stdout"}
{"timestamp":"2026-02-02T09:13:59.442052Z","level":"info","event":"✓ support.attachment_perangkat: 0 rows (table empty in source)","logger":"task.stdout"}
{"timestamp":"2026-02-02T09:13:59.950247Z","level":"info","event":"✓ support.attachment_qc: 0 rows (table empty in source)","logger":"task.stdout"}
{"timestamp":"2026-02-02T09:14:00.221287Z","level":"info","event":"ERROR syncing master.gudang: column \"uuid_tenant\" of relation \"gudang\" does not exist","logger":"task.stdout"}
{"timestamp":"2026-02-02T09:14:00.221537Z","level":"info","event":"LINE 1: ...a, diubah_oleh, diubah_pada, id_tenant, lat, lng, uuid_tenan...","logger":"task.stdout"}
{"timestamp":"2026-02-02T09:14:00.221673Z","level":"info","event":"                                                             ^","logger":"task.stdout"}
{"timestamp":"2026-02-02T09:14:00.221786Z","level":"info","event":"","logger":"task.stdout"}
{"timestamp":"2026-02-02T09:14:00.531009Z","level":"info","event":"✓ master.locations: 6 rows synced","logger":"task.stdout"}
{"timestamp":"2026-02-02T09:14:00.864642Z","level":"info","event":"✓ master.kategori_produk: 3 rows synced","logger":"task.stdout"}
{"timestamp":"2026-02-02T09:14:01.105062Z","level":"info","event":"✓ master.konversi: 13 rows synced","logger":"task.stdout"}
{"timestamp":"2026-02-02T09:14:01.256197Z","level":"info","event":"✓ master.jenis_satuan: 12 rows synced","logger":"task.stdout"}
{"timestamp":"2026-02-02T09:14:01.426435Z","level":"info","event":"✓ master.atribut: 0 rows (table empty in source)","logger":"task.stdout"}
{"timestamp":"2026-02-02T09:14:01.602751Z","level":"info","event":"✓ master.atribut_produk: 0 rows (table empty in source)","logger":"task.stdout"}
{"timestamp":"2026-02-02T09:14:01.802414Z","level":"info","event":"✓ master.kriteria_produk: 0 rows (table empty in source)","logger":"task.stdout"}
{"timestamp":"2026-02-02T09:14:01.965567Z","level":"info","event":"✓ master.geofence: 0 rows (table empty in source)","logger":"task.stdout"}
{"timestamp":"2026-02-02T09:14:02.107761Z","level":"info","event":"✓ master.jenis_insiden: 0 rows (table empty in source)","logger":"task.stdout"}
{"timestamp":"2026-02-02T09:14:02.276425Z","level":"info","event":"✓ master.jenis_notifikasi: 0 rows (table empty in source)","logger":"task.stdout"}
{"timestamp":"2026-02-02T09:14:02.485331Z","level":"info","event":"✓ master.laporan_darurat: 0 rows (table empty in source)","logger":"task.stdout"}
{"timestamp":"2026-02-02T09:14:02.640795Z","level":"info","event":"✓ master.rating: 0 rows (table empty in source)","logger":"task.stdout"}
{"timestamp":"2026-02-02T09:14:02.641213Z","level":"info","event":"","logger":"task.stdout"}
{"timestamp":"2026-02-02T09:14:02.641339Z","level":"info","event":"============================================================","logger":"task.stdout"}
{"timestamp":"2026-02-02T09:14:02.641433Z","level":"info","event":"SYNC SUMMARY","logger":"task.stdout"}
{"timestamp":"2026-02-02T09:14:02.641508Z","level":"info","event":"============================================================","logger":"task.stdout"}
{"timestamp":"2026-02-02T09:14:02.641569Z","level":"info","event":"✅ Success: 43 tables","logger":"task.stdout"}
{"timestamp":"2026-02-02T09:14:02.641646Z","level":"info","event":"❌ Failed: 3 tables","logger":"task.stdout"}
{"timestamp":"2026-02-02T09:14:02.641722Z","level":"info","event":"","logger":"task.stdout"}
{"timestamp":"2026-02-02T09:14:02.641807Z","level":"info","event":"Failed tables:","logger":"task.stdout"}
{"timestamp":"2026-02-02T09:14:02.641871Z","level":"info","event":"  - ERROR syncing weather.fact_weather_hourly: relation \"fact_weather_hourly\" does not exist","logger":"task.stdout"}
{"timestamp":"2026-02-02T09:14:02.641939Z","level":"info","event":"LINE 1: SELECT * FROM fact_weather_hourly LIMIT 0","logger":"task.stdout"}
{"timestamp":"2026-02-02T09:14:02.641996Z","level":"info","event":"                      ^","logger":"task.stdout"}
{"timestamp":"2026-02-02T09:14:02.642054Z","level":"info","event":"","logger":"task.stdout"}
{"timestamp":"2026-02-02T09:14:02.642133Z","level":"info","event":"  - ERROR syncing driver.kontak_darurat: relation \"kontak_darurat_pengemudi\" does not exist","logger":"task.stdout"}
{"timestamp":"2026-02-02T09:14:02.642232Z","level":"info","event":"LINE 1: SELECT * FROM kontak_darurat_pengemudi LIMIT 0","logger":"task.stdout"}
{"timestamp":"2026-02-02T09:14:02.642321Z","level":"info","event":"                      ^","logger":"task.stdout"}
{"timestamp":"2026-02-02T09:14:02.642397Z","level":"info","event":"","logger":"task.stdout"}
{"timestamp":"2026-02-02T09:14:02.642505Z","level":"info","event":"  - ERROR syncing master.gudang: column \"uuid_tenant\" of relation \"gudang\" does not exist","logger":"task.stdout"}
{"timestamp":"2026-02-02T09:14:02.642582Z","level":"info","event":"LINE 1: ...a, diubah_oleh, diubah_pada, id_tenant, lat, lng, uuid_tenan...","logger":"task.stdout"}
{"timestamp":"2026-02-02T09:14:02.642663Z","level":"info","event":"                                                             ^","logger":"task.stdout"}
{"timestamp":"2026-02-02T09:14:02.642754Z","level":"info","event":"","logger":"task.stdout"}
{"timestamp":"2026-02-02T09:14:02.642822Z","level":"info","event":"","logger":"task.stdout"}
{"timestamp":"2026-02-02T09:14:02.642884Z","level":"info","event":"Detailed results:","logger":"task.stdout"}
{"timestamp":"2026-02-02T09:14:02.642953Z","level":"info","event":"  ✓ driver.daftar_user: 25 rows","logger":"task.stdout"}
{"timestamp":"2026-02-02T09:14:02.643027Z","level":"info","event":"  ✓ driver.attachment_driver: 6 rows","logger":"task.stdout"}
{"timestamp":"2026-02-02T09:14:02.643094Z","level":"info","event":"  ✓ driver.laporan_pengemudi: 0 rows","logger":"task.stdout"}
{"timestamp":"2026-02-02T09:14:02.643160Z","level":"info","event":"  ✓ armada.armada_tms: 3 rows","logger":"task.stdout"}
{"timestamp":"2026-02-02T09:14:02.643229Z","level":"info","event":"  ✓ armada.jenis_armada: 19 rows","logger":"task.stdout"}
{"timestamp":"2026-02-02T09:14:02.643359Z","level":"info","event":"  ✓ armada.driver_armada: 0 rows","logger":"task.stdout"}
{"timestamp":"2026-02-02T09:14:02.643444Z","level":"info","event":"  ✓ armada.armada_perangkat: 0 rows","logger":"task.stdout"}
{"timestamp":"2026-02-02T09:14:02.643548Z","level":"info","event":"  ✓ armada.attachment_armada: 0 rows","logger":"task.stdout"}
{"timestamp":"2026-02-02T09:14:02.643637Z","level":"info","event":"  ✓ delivery.delivery_order: 15 rows","logger":"task.stdout"}
{"timestamp":"2026-02-02T09:14:02.643724Z","level":"info","event":"  ✓ delivery.detail_do: 3 rows","logger":"task.stdout"}
{"timestamp":"2026-02-02T09:14:02.643826Z","level":"info","event":"  ... and 33 more","logger":"task.stdout"}
{"timestamp":"2026-02-02T09:14:02.641308Z","level":"info","event":"Done. Returned value was: {'success_count': 43, 'failed_count': 3}","logger":"airflow.task.operators.airflow.providers.standard.operators.python.PythonOperator","filename":"python.py","lineno":215}
{"timestamp":"2026-02-02T09:14:02.641693Z","level":"info","event":"Pushing xcom","ti":"RuntimeTaskInstance(id=UUID('019c1da1-1c5b-7fbd-8e50-2d05db984445'), task_id='sync_warehouse_tables', dag_id='daily_warehouse_sync', run_id='scheduled__2026-02-02T09:13:42.272883+00:00', try_number=1, dag_version_id=UUID('019c1da0-c2df-7c0c-8158-5d76c08f08a4'), map_index=-1, hostname='OM-RAFIE.localdomain', context_carrier={}, task=<Task(PythonOperator): sync_warehouse_tables>, bundle_instance=LocalDagBundle(name=dags-folder), max_tries=2, start_date=datetime.datetime(2026, 2, 2, 9, 13, 51, 833719, tzinfo=datetime.timezone.utc), end_date=None, state=<TaskInstanceState.RUNNING: 'running'>, is_mapped=False, rendered_map_index=None)","logger":"task","filename":"task_runner.py","lineno":1360}
