{"timestamp":"2026-02-03T12:00:02.035224Z","level":"info","event":"DAG bundles loaded: dags-folder","logger":"airflow.dag_processing.bundles.manager.DagBundlesManager","filename":"manager.py","lineno":179}
{"timestamp":"2026-02-03T12:00:02.048998Z","level":"info","event":"Filling up the DagBag from /opt/airflow/dags/weather_data_fetch.py","logger":"airflow.models.dagbag.DagBag","filename":"dagbag.py","lineno":593}
{"timestamp":"2026-02-03T12:00:02.458851Z","level":"warning","event":"The `airflow.operators.python.PythonOperator` attribute is deprecated. Please use `'airflow.providers.standard.operators.python.PythonOperator'`.","category":"DeprecatedImportWarning","filename":"/opt/airflow/dags/weather_data_fetch.py","lineno":8,"logger":"py.warnings"}
{"timestamp":"2026-02-03T12:00:02.459092Z","level":"warning","event":"The `airflow.operators.bash.BashOperator` attribute is deprecated. Please use `'airflow.providers.standard.operators.bash.BashOperator'`.","category":"DeprecatedImportWarning","filename":"/opt/airflow/dags/weather_data_fetch.py","lineno":9,"logger":"py.warnings"}
{"timestamp":"2026-02-03T12:00:03.892148Z","level":"info","event":"","logger":"task.stdout"}
{"timestamp":"2026-02-03T12:00:03.892381Z","level":"info","event":"============================================================","logger":"task.stdout"}
{"timestamp":"2026-02-03T12:00:03.892487Z","level":"info","event":"🌦️ Fetching BMKG Weather Data","logger":"task.stdout"}
{"timestamp":"2026-02-03T12:00:03.892685Z","level":"info","event":"============================================================","logger":"task.stdout"}
{"timestamp":"2026-02-03T12:00:04.187092Z","level":"info","event":"","logger":"task.stdout"}
{"timestamp":"2026-02-03T12:00:04.187352Z","level":"info","event":"📍 Fetching weather for ADM4: 35.78.21.1004","logger":"task.stdout"}
{"timestamp":"2026-02-03T12:00:05.281359Z","level":"info","event":"   Parsed 18 weather records","logger":"task.stdout"}
{"timestamp":"2026-02-03T12:00:05.322445Z","level":"info","event":"","logger":"task.stdout"}
{"timestamp":"2026-02-03T12:00:05.322756Z","level":"info","event":"⚠️  Found 2 expired weather records to delete","logger":"task.stdout"}
{"timestamp":"2026-02-03T12:00:05.322992Z","level":"info","event":"   Time range: 2026-02-03 19:00:00 to 2026-02-03 19:00:00","logger":"task.stdout"}
{"timestamp":"2026-02-03T12:00:05.323198Z","level":"info","event":"   (waktu < NOW at 2026-02-03 19:00:05 WIB)","logger":"task.stdout"}
{"timestamp":"2026-02-03T12:00:05.328562Z","level":"info","event":"✅ Deleted 2 expired weather records","logger":"task.stdout"}
{"timestamp":"2026-02-03T12:00:05.354927Z","level":"info","event":"✓ Inserted 18 weather records","logger":"task.stdout"}
{"timestamp":"2026-02-03T12:00:05.355163Z","level":"info","event":"","logger":"task.stdout"}
{"timestamp":"2026-02-03T12:00:05.355304Z","level":"info","event":"📍 Fetching weather for ADM4: 35.25.14.1010","logger":"task.stdout"}
{"timestamp":"2026-02-03T12:00:06.121056Z","level":"info","event":"   Parsed 18 weather records","logger":"task.stdout"}
{"timestamp":"2026-02-03T12:00:06.140663Z","level":"info","event":"","logger":"task.stdout"}
{"timestamp":"2026-02-03T12:00:06.140893Z","level":"info","event":"⚠️  Found 3 expired weather records to delete","logger":"task.stdout"}
{"timestamp":"2026-02-03T12:00:06.141105Z","level":"info","event":"   Time range: 2026-02-03 13:00:00 to 2026-02-03 19:00:00","logger":"task.stdout"}
{"timestamp":"2026-02-03T12:00:06.141414Z","level":"info","event":"   (waktu < NOW at 2026-02-03 19:00:06 WIB)","logger":"task.stdout"}
{"timestamp":"2026-02-03T12:00:06.141602Z","level":"info","event":"✅ Deleted 3 expired weather records","logger":"task.stdout"}
{"timestamp":"2026-02-03T12:00:06.156455Z","level":"info","event":"✓ Inserted 18 weather records","logger":"task.stdout"}
{"timestamp":"2026-02-03T12:00:06.156691Z","level":"info","event":"","logger":"task.stdout"}
{"timestamp":"2026-02-03T12:00:06.156826Z","level":"info","event":"============================================================","logger":"task.stdout"}
{"timestamp":"2026-02-03T12:00:06.156996Z","level":"info","event":"✓ Total records inserted: 36","logger":"task.stdout"}
{"timestamp":"2026-02-03T12:00:06.157157Z","level":"info","event":"============================================================","logger":"task.stdout"}
{"timestamp":"2026-02-03T12:00:06.156542Z","level":"info","event":"Done. Returned value was: 36","logger":"airflow.task.operators.airflow.providers.standard.operators.python.PythonOperator","filename":"python.py","lineno":215}
{"timestamp":"2026-02-03T12:00:06.158744Z","level":"info","event":"Pushing xcom","ti":"RuntimeTaskInstance(id=UUID('019c235f-b3e0-74cb-8828-00714432f02b'), task_id='fetch_bmkg_weather', dag_id='weather_data_fetch', run_id='scheduled__2026-02-03T12:00:00+00:00', try_number=1, dag_version_id=UUID('019c0dd4-58cf-774a-9f83-a68201e36c2d'), map_index=-1, hostname='OM-RAFIE.localdomain', context_carrier={}, task=<Task(PythonOperator): fetch_bmkg_weather>, bundle_instance=LocalDagBundle(name=dags-folder), max_tries=2, start_date=datetime.datetime(2026, 2, 3, 12, 0, 1, 395373, tzinfo=datetime.timezone.utc), end_date=None, state=<TaskInstanceState.RUNNING: 'running'>, is_mapped=False, rendered_map_index=None)","logger":"task","filename":"task_runner.py","lineno":1360}
