{"timestamp":"2026-01-27T04:47:13.244166Z","level":"info","event":"DAG bundles loaded: dags-folder","logger":"airflow.dag_processing.bundles.manager.DagBundlesManager","filename":"manager.py","lineno":179}
{"timestamp":"2026-01-27T04:47:13.253005Z","level":"info","event":"Filling up the DagBag from /opt/airflow/dags/daily_warehouse_sync.py","logger":"airflow.models.dagbag.DagBag","filename":"dagbag.py","lineno":593}
{"timestamp":"2026-01-27T04:47:13.437723Z","level":"warning","event":"The `airflow.operators.python.PythonOperator` attribute is deprecated. Please use `'airflow.providers.standard.operators.python.PythonOperator'`.","category":"DeprecatedImportWarning","filename":"/opt/airflow/dags/daily_warehouse_sync.py","lineno":8,"logger":"py.warnings"}
{"timestamp":"2026-01-27T04:47:13.438696Z","level":"warning","event":"The `airflow.operators.bash.BashOperator` attribute is deprecated. Please use `'airflow.providers.standard.operators.bash.BashOperator'`.","category":"DeprecatedImportWarning","filename":"/opt/airflow/dags/daily_warehouse_sync.py","lineno":9,"logger":"py.warnings"}
{"timestamp":"2026-01-27T04:47:13.673388Z","level":"info","event":"============================================================","logger":"task.stdout"}
{"timestamp":"2026-01-27T04:47:13.673833Z","level":"info","event":"Starting daily warehouse sync...","logger":"task.stdout"}
{"timestamp":"2026-01-27T04:47:13.673949Z","level":"info","event":"============================================================","logger":"task.stdout"}
{"timestamp":"2026-01-27T04:47:13.674255Z","level":"info","event":"","logger":"task.stdout"}
{"timestamp":"2026-01-27T04:47:13.674370Z","level":"info","event":"📍 PRIORITY: Syncing WEATHER data first...","logger":"task.stdout"}
{"timestamp":"2026-01-27T04:51:43.120686Z","level":"info","event":"ERROR syncing weather.fact_weather_hourly: connection to server at \"devom.silog.co.id\" (103.154.145.235), port 5432 failed: Connection timed out","logger":"task.stdout"}
{"timestamp":"2026-01-27T04:51:43.122230Z","level":"info","event":"\tIs the server running on that host and accepting TCP/IP connections?","logger":"task.stdout"}
{"timestamp":"2026-01-27T04:51:43.122467Z","level":"info","event":"connection to server at \"devom.silog.co.id\" (103.165.247.83), port 5432 failed: Connection timed out","logger":"task.stdout"}
{"timestamp":"2026-01-27T04:51:43.122671Z","level":"info","event":"\tIs the server running on that host and accepting TCP/IP connections?","logger":"task.stdout"}
{"timestamp":"2026-01-27T04:51:43.122882Z","level":"info","event":"","logger":"task.stdout"}
{"timestamp":"2026-01-27T04:51:43.123270Z","level":"info","event":"","logger":"task.stdout"}
{"timestamp":"2026-01-27T04:51:43.123483Z","level":"info","event":"📊 Syncing other schemas...","logger":"task.stdout"}
{"timestamp":"2026-01-27T04:56:13.455655Z","level":"info","event":"ERROR syncing driver.daftar_user: connection to server at \"devom.silog.co.id\" (103.154.145.235), port 5432 failed: Connection timed out","logger":"task.stdout"}
{"timestamp":"2026-01-27T04:56:13.456427Z","level":"info","event":"\tIs the server running on that host and accepting TCP/IP connections?","logger":"task.stdout"}
{"timestamp":"2026-01-27T04:56:13.456578Z","level":"info","event":"connection to server at \"devom.silog.co.id\" (103.165.247.83), port 5432 failed: Connection timed out","logger":"task.stdout"}
{"timestamp":"2026-01-27T04:56:13.456704Z","level":"info","event":"\tIs the server running on that host and accepting TCP/IP connections?","logger":"task.stdout"}
{"timestamp":"2026-01-27T04:56:13.456792Z","level":"info","event":"","logger":"task.stdout"}
